[2025-04-19T08:37:49.424+0000] {processor.py:186} INFO - Started process (PID=92) to work on /home/airflow/.local/lib/python3.12/site-packages/airflow/example_dags/example_datasets.py
[2025-04-19T08:37:49.428+0000] {processor.py:914} INFO - Processing file /home/airflow/.local/lib/python3.12/site-packages/airflow/example_dags/example_datasets.py for tasks to queue
[2025-04-19T08:37:49.436+0000] {logging_mixin.py:190} INFO - [2025-04-19T08:37:49.434+0000] {dagbag.py:588} INFO - Filling up the DagBag from /home/airflow/.local/lib/python3.12/site-packages/airflow/example_dags/example_datasets.py
[2025-04-19T08:37:55.833+0000] {processor.py:925} INFO - DAG(s) 'consume_1_or_2_with_dataset_expressions', 'dataset_consumes_1', 'consume_1_or_both_2_and_3_with_dataset_expressions', 'dataset_produces_2', 'dataset_consumes_unknown_never_scheduled', 'conditional_dataset_and_time_based_timetable', 'dataset_consumes_1_never_scheduled', 'dataset_consumes_1_and_2', 'consume_1_and_2_with_dataset_expressions', 'dataset_produces_1' retrieved from /home/airflow/.local/lib/python3.12/site-packages/airflow/example_dags/example_datasets.py
[2025-04-19T08:37:56.263+0000] {logging_mixin.py:190} INFO - [2025-04-19T08:37:56.262+0000] {override.py:1911} INFO - Created Permission View: can delete on DAG:consume_1_or_2_with_dataset_expressions
[2025-04-19T08:37:56.307+0000] {logging_mixin.py:190} INFO - [2025-04-19T08:37:56.306+0000] {override.py:1911} INFO - Created Permission View: can read on DAG:consume_1_or_2_with_dataset_expressions
[2025-04-19T08:37:56.331+0000] {logging_mixin.py:190} INFO - [2025-04-19T08:37:56.330+0000] {override.py:1911} INFO - Created Permission View: can edit on DAG:consume_1_or_2_with_dataset_expressions
[2025-04-19T08:37:56.353+0000] {logging_mixin.py:190} INFO - [2025-04-19T08:37:56.352+0000] {override.py:1911} INFO - Created Permission View: can delete on DAG Run:consume_1_or_2_with_dataset_expressions
[2025-04-19T08:37:56.378+0000] {logging_mixin.py:190} INFO - [2025-04-19T08:37:56.377+0000] {override.py:1911} INFO - Created Permission View: can read on DAG Run:consume_1_or_2_with_dataset_expressions
[2025-04-19T08:37:56.407+0000] {logging_mixin.py:190} INFO - [2025-04-19T08:37:56.406+0000] {override.py:1911} INFO - Created Permission View: can create on DAG Run:consume_1_or_2_with_dataset_expressions
[2025-04-19T08:37:56.425+0000] {logging_mixin.py:190} INFO - [2025-04-19T08:37:56.425+0000] {override.py:1911} INFO - Created Permission View: menu access on DAG Run:consume_1_or_2_with_dataset_expressions
[2025-04-19T08:37:56.499+0000] {logging_mixin.py:190} INFO - [2025-04-19T08:37:56.496+0000] {override.py:1911} INFO - Created Permission View: can delete on DAG:dataset_consumes_1
[2025-04-19T08:37:56.528+0000] {logging_mixin.py:190} INFO - [2025-04-19T08:37:56.527+0000] {override.py:1911} INFO - Created Permission View: can read on DAG:dataset_consumes_1
[2025-04-19T08:37:56.556+0000] {logging_mixin.py:190} INFO - [2025-04-19T08:37:56.556+0000] {override.py:1911} INFO - Created Permission View: can edit on DAG:dataset_consumes_1
[2025-04-19T08:37:56.581+0000] {logging_mixin.py:190} INFO - [2025-04-19T08:37:56.581+0000] {override.py:1911} INFO - Created Permission View: can delete on DAG Run:dataset_consumes_1
[2025-04-19T08:37:56.597+0000] {logging_mixin.py:190} INFO - [2025-04-19T08:37:56.597+0000] {override.py:1911} INFO - Created Permission View: can read on DAG Run:dataset_consumes_1
[2025-04-19T08:37:56.613+0000] {logging_mixin.py:190} INFO - [2025-04-19T08:37:56.612+0000] {override.py:1911} INFO - Created Permission View: can create on DAG Run:dataset_consumes_1
[2025-04-19T08:37:56.625+0000] {logging_mixin.py:190} INFO - [2025-04-19T08:37:56.625+0000] {override.py:1911} INFO - Created Permission View: menu access on DAG Run:dataset_consumes_1
[2025-04-19T08:37:56.779+0000] {logging_mixin.py:190} INFO - [2025-04-19T08:37:56.778+0000] {override.py:1911} INFO - Created Permission View: can delete on DAG:consume_1_or_both_2_and_3_with_dataset_expressions
[2025-04-19T08:37:56.837+0000] {logging_mixin.py:190} INFO - [2025-04-19T08:37:56.832+0000] {override.py:1911} INFO - Created Permission View: can read on DAG:consume_1_or_both_2_and_3_with_dataset_expressions
[2025-04-19T08:37:56.878+0000] {logging_mixin.py:190} INFO - [2025-04-19T08:37:56.878+0000] {override.py:1911} INFO - Created Permission View: can edit on DAG:consume_1_or_both_2_and_3_with_dataset_expressions
[2025-04-19T08:37:56.908+0000] {logging_mixin.py:190} INFO - [2025-04-19T08:37:56.908+0000] {override.py:1911} INFO - Created Permission View: can delete on DAG Run:consume_1_or_both_2_and_3_with_dataset_expressions
[2025-04-19T08:37:56.935+0000] {logging_mixin.py:190} INFO - [2025-04-19T08:37:56.934+0000] {override.py:1911} INFO - Created Permission View: can read on DAG Run:consume_1_or_both_2_and_3_with_dataset_expressions
[2025-04-19T08:37:56.963+0000] {logging_mixin.py:190} INFO - [2025-04-19T08:37:56.961+0000] {override.py:1911} INFO - Created Permission View: can create on DAG Run:consume_1_or_both_2_and_3_with_dataset_expressions
[2025-04-19T08:37:56.986+0000] {logging_mixin.py:190} INFO - [2025-04-19T08:37:56.984+0000] {override.py:1911} INFO - Created Permission View: menu access on DAG Run:consume_1_or_both_2_and_3_with_dataset_expressions
[2025-04-19T08:37:57.055+0000] {logging_mixin.py:190} INFO - [2025-04-19T08:37:57.054+0000] {override.py:1911} INFO - Created Permission View: can delete on DAG:dataset_produces_2
[2025-04-19T08:37:57.131+0000] {logging_mixin.py:190} INFO - [2025-04-19T08:37:57.129+0000] {override.py:1911} INFO - Created Permission View: can read on DAG:dataset_produces_2
[2025-04-19T08:37:57.372+0000] {logging_mixin.py:190} INFO - [2025-04-19T08:37:57.372+0000] {override.py:1911} INFO - Created Permission View: can edit on DAG:dataset_produces_2
[2025-04-19T08:37:57.401+0000] {logging_mixin.py:190} INFO - [2025-04-19T08:37:57.400+0000] {override.py:1911} INFO - Created Permission View: can delete on DAG Run:dataset_produces_2
[2025-04-19T08:37:57.429+0000] {logging_mixin.py:190} INFO - [2025-04-19T08:37:57.426+0000] {override.py:1911} INFO - Created Permission View: can read on DAG Run:dataset_produces_2
[2025-04-19T08:37:57.456+0000] {logging_mixin.py:190} INFO - [2025-04-19T08:37:57.455+0000] {override.py:1911} INFO - Created Permission View: can create on DAG Run:dataset_produces_2
[2025-04-19T08:37:57.481+0000] {logging_mixin.py:190} INFO - [2025-04-19T08:37:57.481+0000] {override.py:1911} INFO - Created Permission View: menu access on DAG Run:dataset_produces_2
[2025-04-19T08:37:57.534+0000] {logging_mixin.py:190} INFO - [2025-04-19T08:37:57.532+0000] {override.py:1911} INFO - Created Permission View: can delete on DAG:dataset_consumes_unknown_never_scheduled
[2025-04-19T08:37:57.583+0000] {logging_mixin.py:190} INFO - [2025-04-19T08:37:57.582+0000] {override.py:1911} INFO - Created Permission View: can read on DAG:dataset_consumes_unknown_never_scheduled
[2025-04-19T08:37:57.612+0000] {logging_mixin.py:190} INFO - [2025-04-19T08:37:57.612+0000] {override.py:1911} INFO - Created Permission View: can edit on DAG:dataset_consumes_unknown_never_scheduled
[2025-04-19T08:37:57.662+0000] {logging_mixin.py:190} INFO - [2025-04-19T08:37:57.662+0000] {override.py:1911} INFO - Created Permission View: can delete on DAG Run:dataset_consumes_unknown_never_scheduled
[2025-04-19T08:37:57.854+0000] {logging_mixin.py:190} INFO - [2025-04-19T08:37:57.853+0000] {override.py:1911} INFO - Created Permission View: can read on DAG Run:dataset_consumes_unknown_never_scheduled
[2025-04-19T08:37:57.910+0000] {logging_mixin.py:190} INFO - [2025-04-19T08:37:57.910+0000] {override.py:1911} INFO - Created Permission View: can create on DAG Run:dataset_consumes_unknown_never_scheduled
[2025-04-19T08:37:57.933+0000] {logging_mixin.py:190} INFO - [2025-04-19T08:37:57.929+0000] {override.py:1911} INFO - Created Permission View: menu access on DAG Run:dataset_consumes_unknown_never_scheduled
[2025-04-19T08:37:58.000+0000] {logging_mixin.py:190} INFO - [2025-04-19T08:37:58.000+0000] {override.py:1911} INFO - Created Permission View: can delete on DAG:conditional_dataset_and_time_based_timetable
[2025-04-19T08:37:58.042+0000] {logging_mixin.py:190} INFO - [2025-04-19T08:37:58.035+0000] {override.py:1911} INFO - Created Permission View: can read on DAG:conditional_dataset_and_time_based_timetable
[2025-04-19T08:37:58.080+0000] {logging_mixin.py:190} INFO - [2025-04-19T08:37:58.079+0000] {override.py:1911} INFO - Created Permission View: can edit on DAG:conditional_dataset_and_time_based_timetable
[2025-04-19T08:37:58.100+0000] {logging_mixin.py:190} INFO - [2025-04-19T08:37:58.099+0000] {override.py:1911} INFO - Created Permission View: can delete on DAG Run:conditional_dataset_and_time_based_timetable
[2025-04-19T08:37:58.119+0000] {logging_mixin.py:190} INFO - [2025-04-19T08:37:58.118+0000] {override.py:1911} INFO - Created Permission View: can read on DAG Run:conditional_dataset_and_time_based_timetable
[2025-04-19T08:37:58.130+0000] {logging_mixin.py:190} INFO - [2025-04-19T08:37:58.129+0000] {override.py:1911} INFO - Created Permission View: can create on DAG Run:conditional_dataset_and_time_based_timetable
[2025-04-19T08:37:58.151+0000] {logging_mixin.py:190} INFO - [2025-04-19T08:37:58.151+0000] {override.py:1911} INFO - Created Permission View: menu access on DAG Run:conditional_dataset_and_time_based_timetable
[2025-04-19T08:37:58.213+0000] {logging_mixin.py:190} INFO - [2025-04-19T08:37:58.213+0000] {override.py:1911} INFO - Created Permission View: can delete on DAG:dataset_consumes_1_never_scheduled
[2025-04-19T08:37:58.233+0000] {logging_mixin.py:190} INFO - [2025-04-19T08:37:58.233+0000] {override.py:1911} INFO - Created Permission View: can read on DAG:dataset_consumes_1_never_scheduled
[2025-04-19T08:37:58.250+0000] {logging_mixin.py:190} INFO - [2025-04-19T08:37:58.249+0000] {override.py:1911} INFO - Created Permission View: can edit on DAG:dataset_consumes_1_never_scheduled
[2025-04-19T08:37:58.268+0000] {logging_mixin.py:190} INFO - [2025-04-19T08:37:58.267+0000] {override.py:1911} INFO - Created Permission View: can delete on DAG Run:dataset_consumes_1_never_scheduled
[2025-04-19T08:37:58.293+0000] {logging_mixin.py:190} INFO - [2025-04-19T08:37:58.293+0000] {override.py:1911} INFO - Created Permission View: can read on DAG Run:dataset_consumes_1_never_scheduled
[2025-04-19T08:37:58.316+0000] {logging_mixin.py:190} INFO - [2025-04-19T08:37:58.316+0000] {override.py:1911} INFO - Created Permission View: can create on DAG Run:dataset_consumes_1_never_scheduled
[2025-04-19T08:37:58.349+0000] {logging_mixin.py:190} INFO - [2025-04-19T08:37:58.348+0000] {override.py:1911} INFO - Created Permission View: menu access on DAG Run:dataset_consumes_1_never_scheduled
[2025-04-19T08:37:58.395+0000] {logging_mixin.py:190} INFO - [2025-04-19T08:37:58.394+0000] {override.py:1911} INFO - Created Permission View: can delete on DAG:dataset_consumes_1_and_2
[2025-04-19T08:37:58.415+0000] {logging_mixin.py:190} INFO - [2025-04-19T08:37:58.414+0000] {override.py:1911} INFO - Created Permission View: can read on DAG:dataset_consumes_1_and_2
[2025-04-19T08:37:58.452+0000] {logging_mixin.py:190} INFO - [2025-04-19T08:37:58.452+0000] {override.py:1911} INFO - Created Permission View: can edit on DAG:dataset_consumes_1_and_2
[2025-04-19T08:37:58.471+0000] {logging_mixin.py:190} INFO - [2025-04-19T08:37:58.471+0000] {override.py:1911} INFO - Created Permission View: can delete on DAG Run:dataset_consumes_1_and_2
[2025-04-19T08:37:58.492+0000] {logging_mixin.py:190} INFO - [2025-04-19T08:37:58.492+0000] {override.py:1911} INFO - Created Permission View: can read on DAG Run:dataset_consumes_1_and_2
[2025-04-19T08:37:58.511+0000] {logging_mixin.py:190} INFO - [2025-04-19T08:37:58.511+0000] {override.py:1911} INFO - Created Permission View: can create on DAG Run:dataset_consumes_1_and_2
[2025-04-19T08:37:58.535+0000] {logging_mixin.py:190} INFO - [2025-04-19T08:37:58.535+0000] {override.py:1911} INFO - Created Permission View: menu access on DAG Run:dataset_consumes_1_and_2
[2025-04-19T08:37:58.587+0000] {logging_mixin.py:190} INFO - [2025-04-19T08:37:58.586+0000] {override.py:1911} INFO - Created Permission View: can delete on DAG:consume_1_and_2_with_dataset_expressions
[2025-04-19T08:37:58.608+0000] {logging_mixin.py:190} INFO - [2025-04-19T08:37:58.608+0000] {override.py:1911} INFO - Created Permission View: can read on DAG:consume_1_and_2_with_dataset_expressions
[2025-04-19T08:37:58.624+0000] {logging_mixin.py:190} INFO - [2025-04-19T08:37:58.623+0000] {override.py:1911} INFO - Created Permission View: can edit on DAG:consume_1_and_2_with_dataset_expressions
[2025-04-19T08:37:58.635+0000] {logging_mixin.py:190} INFO - [2025-04-19T08:37:58.633+0000] {override.py:1911} INFO - Created Permission View: can delete on DAG Run:consume_1_and_2_with_dataset_expressions
[2025-04-19T08:37:58.646+0000] {logging_mixin.py:190} INFO - [2025-04-19T08:37:58.645+0000] {override.py:1911} INFO - Created Permission View: can read on DAG Run:consume_1_and_2_with_dataset_expressions
[2025-04-19T08:37:58.661+0000] {logging_mixin.py:190} INFO - [2025-04-19T08:37:58.660+0000] {override.py:1911} INFO - Created Permission View: can create on DAG Run:consume_1_and_2_with_dataset_expressions
[2025-04-19T08:37:58.672+0000] {logging_mixin.py:190} INFO - [2025-04-19T08:37:58.672+0000] {override.py:1911} INFO - Created Permission View: menu access on DAG Run:consume_1_and_2_with_dataset_expressions
[2025-04-19T08:37:58.698+0000] {logging_mixin.py:190} INFO - [2025-04-19T08:37:58.698+0000] {override.py:1911} INFO - Created Permission View: can delete on DAG:dataset_produces_1
[2025-04-19T08:37:58.715+0000] {logging_mixin.py:190} INFO - [2025-04-19T08:37:58.715+0000] {override.py:1911} INFO - Created Permission View: can read on DAG:dataset_produces_1
[2025-04-19T08:37:58.728+0000] {logging_mixin.py:190} INFO - [2025-04-19T08:37:58.728+0000] {override.py:1911} INFO - Created Permission View: can edit on DAG:dataset_produces_1
[2025-04-19T08:37:58.742+0000] {logging_mixin.py:190} INFO - [2025-04-19T08:37:58.741+0000] {override.py:1911} INFO - Created Permission View: can delete on DAG Run:dataset_produces_1
[2025-04-19T08:37:58.758+0000] {logging_mixin.py:190} INFO - [2025-04-19T08:37:58.758+0000] {override.py:1911} INFO - Created Permission View: can read on DAG Run:dataset_produces_1
[2025-04-19T08:37:58.771+0000] {logging_mixin.py:190} INFO - [2025-04-19T08:37:58.771+0000] {override.py:1911} INFO - Created Permission View: can create on DAG Run:dataset_produces_1
[2025-04-19T08:37:58.785+0000] {logging_mixin.py:190} INFO - [2025-04-19T08:37:58.785+0000] {override.py:1911} INFO - Created Permission View: menu access on DAG Run:dataset_produces_1
[2025-04-19T08:37:58.786+0000] {logging_mixin.py:190} INFO - [2025-04-19T08:37:58.785+0000] {dag.py:3239} INFO - Sync 10 DAGs
[2025-04-19T08:37:58.827+0000] {logging_mixin.py:190} INFO - [2025-04-19T08:37:58.824+0000] {dag.py:3262} INFO - Creating ORM DAG for consume_1_or_2_with_dataset_expressions
[2025-04-19T08:37:58.827+0000] {logging_mixin.py:190} INFO - [2025-04-19T08:37:58.827+0000] {dag.py:3262} INFO - Creating ORM DAG for dataset_consumes_1_never_scheduled
[2025-04-19T08:37:58.828+0000] {logging_mixin.py:190} INFO - [2025-04-19T08:37:58.828+0000] {dag.py:3262} INFO - Creating ORM DAG for dataset_produces_1
[2025-04-19T08:37:58.832+0000] {logging_mixin.py:190} INFO - [2025-04-19T08:37:58.831+0000] {dag.py:3262} INFO - Creating ORM DAG for dataset_consumes_1
[2025-04-19T08:37:58.835+0000] {logging_mixin.py:190} INFO - [2025-04-19T08:37:58.832+0000] {dag.py:3262} INFO - Creating ORM DAG for dataset_consumes_1_and_2
[2025-04-19T08:37:58.835+0000] {logging_mixin.py:190} INFO - [2025-04-19T08:37:58.835+0000] {dag.py:3262} INFO - Creating ORM DAG for consume_1_and_2_with_dataset_expressions
[2025-04-19T08:37:58.836+0000] {logging_mixin.py:190} INFO - [2025-04-19T08:37:58.836+0000] {dag.py:3262} INFO - Creating ORM DAG for dataset_consumes_unknown_never_scheduled
[2025-04-19T08:37:58.840+0000] {logging_mixin.py:190} INFO - [2025-04-19T08:37:58.840+0000] {dag.py:3262} INFO - Creating ORM DAG for conditional_dataset_and_time_based_timetable
[2025-04-19T08:37:58.841+0000] {logging_mixin.py:190} INFO - [2025-04-19T08:37:58.841+0000] {dag.py:3262} INFO - Creating ORM DAG for consume_1_or_both_2_and_3_with_dataset_expressions
[2025-04-19T08:37:58.842+0000] {logging_mixin.py:190} INFO - [2025-04-19T08:37:58.842+0000] {dag.py:3262} INFO - Creating ORM DAG for dataset_produces_2
[2025-04-19T08:37:58.856+0000] {logging_mixin.py:190} INFO - [2025-04-19T08:37:58.856+0000] {dag.py:4180} INFO - Setting next_dagrun for conditional_dataset_and_time_based_timetable to 2025-04-16 01:00:00+00:00, run_after=2025-04-16 01:00:00+00:00
[2025-04-19T08:37:58.857+0000] {logging_mixin.py:190} INFO - [2025-04-19T08:37:58.857+0000] {dag.py:4180} INFO - Setting next_dagrun for consume_1_and_2_with_dataset_expressions to None, run_after=None
[2025-04-19T08:37:58.858+0000] {logging_mixin.py:190} INFO - [2025-04-19T08:37:58.857+0000] {dag.py:4180} INFO - Setting next_dagrun for consume_1_or_2_with_dataset_expressions to None, run_after=None
[2025-04-19T08:37:58.858+0000] {logging_mixin.py:190} INFO - [2025-04-19T08:37:58.858+0000] {dag.py:4180} INFO - Setting next_dagrun for consume_1_or_both_2_and_3_with_dataset_expressions to None, run_after=None
[2025-04-19T08:37:58.859+0000] {logging_mixin.py:190} INFO - [2025-04-19T08:37:58.859+0000] {dag.py:4180} INFO - Setting next_dagrun for dataset_consumes_1 to None, run_after=None
[2025-04-19T08:37:58.860+0000] {logging_mixin.py:190} INFO - [2025-04-19T08:37:58.859+0000] {dag.py:4180} INFO - Setting next_dagrun for dataset_consumes_1_and_2 to None, run_after=None
[2025-04-19T08:37:58.860+0000] {logging_mixin.py:190} INFO - [2025-04-19T08:37:58.860+0000] {dag.py:4180} INFO - Setting next_dagrun for dataset_consumes_1_never_scheduled to None, run_after=None
[2025-04-19T08:37:58.861+0000] {logging_mixin.py:190} INFO - [2025-04-19T08:37:58.861+0000] {dag.py:4180} INFO - Setting next_dagrun for dataset_consumes_unknown_never_scheduled to None, run_after=None
[2025-04-19T08:37:58.864+0000] {logging_mixin.py:190} INFO - [2025-04-19T08:37:58.864+0000] {dag.py:4180} INFO - Setting next_dagrun for dataset_produces_1 to 2025-04-18 00:00:00+00:00, run_after=2025-04-19 00:00:00+00:00
[2025-04-19T08:37:58.865+0000] {logging_mixin.py:190} INFO - [2025-04-19T08:37:58.865+0000] {dag.py:4180} INFO - Setting next_dagrun for dataset_produces_2 to None, run_after=None
[2025-04-19T08:37:59.012+0000] {processor.py:208} INFO - Processing /home/airflow/.local/lib/python3.12/site-packages/airflow/example_dags/example_datasets.py took 9.615 seconds
[2025-04-19T08:38:30.008+0000] {processor.py:186} INFO - Started process (PID=169) to work on /home/airflow/.local/lib/python3.12/site-packages/airflow/example_dags/example_datasets.py
[2025-04-19T08:38:30.009+0000] {processor.py:914} INFO - Processing file /home/airflow/.local/lib/python3.12/site-packages/airflow/example_dags/example_datasets.py for tasks to queue
[2025-04-19T08:38:30.011+0000] {logging_mixin.py:190} INFO - [2025-04-19T08:38:30.011+0000] {dagbag.py:588} INFO - Filling up the DagBag from /home/airflow/.local/lib/python3.12/site-packages/airflow/example_dags/example_datasets.py
[2025-04-19T08:38:30.655+0000] {processor.py:925} INFO - DAG(s) 'conditional_dataset_and_time_based_timetable', 'dataset_produces_1', 'consume_1_or_both_2_and_3_with_dataset_expressions', 'dataset_produces_2', 'consume_1_and_2_with_dataset_expressions', 'dataset_consumes_1', 'dataset_consumes_1_and_2', 'consume_1_or_2_with_dataset_expressions', 'dataset_consumes_1_never_scheduled', 'dataset_consumes_unknown_never_scheduled' retrieved from /home/airflow/.local/lib/python3.12/site-packages/airflow/example_dags/example_datasets.py
[2025-04-19T08:38:30.698+0000] {logging_mixin.py:190} INFO - [2025-04-19T08:38:30.697+0000] {dag.py:3239} INFO - Sync 10 DAGs
[2025-04-19T08:38:30.730+0000] {logging_mixin.py:190} INFO - [2025-04-19T08:38:30.730+0000] {dag.py:4180} INFO - Setting next_dagrun for conditional_dataset_and_time_based_timetable to 2025-04-16 01:00:00+00:00, run_after=2025-04-16 01:00:00+00:00
[2025-04-19T08:38:30.733+0000] {logging_mixin.py:190} INFO - [2025-04-19T08:38:30.733+0000] {dag.py:4180} INFO - Setting next_dagrun for consume_1_and_2_with_dataset_expressions to None, run_after=None
[2025-04-19T08:38:30.734+0000] {logging_mixin.py:190} INFO - [2025-04-19T08:38:30.734+0000] {dag.py:4180} INFO - Setting next_dagrun for consume_1_or_2_with_dataset_expressions to None, run_after=None
[2025-04-19T08:38:30.735+0000] {logging_mixin.py:190} INFO - [2025-04-19T08:38:30.735+0000] {dag.py:4180} INFO - Setting next_dagrun for consume_1_or_both_2_and_3_with_dataset_expressions to None, run_after=None
[2025-04-19T08:38:30.736+0000] {logging_mixin.py:190} INFO - [2025-04-19T08:38:30.736+0000] {dag.py:4180} INFO - Setting next_dagrun for dataset_consumes_1 to None, run_after=None
[2025-04-19T08:38:30.737+0000] {logging_mixin.py:190} INFO - [2025-04-19T08:38:30.737+0000] {dag.py:4180} INFO - Setting next_dagrun for dataset_consumes_1_and_2 to None, run_after=None
[2025-04-19T08:38:30.738+0000] {logging_mixin.py:190} INFO - [2025-04-19T08:38:30.738+0000] {dag.py:4180} INFO - Setting next_dagrun for dataset_consumes_1_never_scheduled to None, run_after=None
[2025-04-19T08:38:30.739+0000] {logging_mixin.py:190} INFO - [2025-04-19T08:38:30.739+0000] {dag.py:4180} INFO - Setting next_dagrun for dataset_consumes_unknown_never_scheduled to None, run_after=None
[2025-04-19T08:38:30.741+0000] {logging_mixin.py:190} INFO - [2025-04-19T08:38:30.741+0000] {dag.py:4180} INFO - Setting next_dagrun for dataset_produces_1 to 2025-04-18 00:00:00+00:00, run_after=2025-04-19 00:00:00+00:00
[2025-04-19T08:38:30.742+0000] {logging_mixin.py:190} INFO - [2025-04-19T08:38:30.742+0000] {dag.py:4180} INFO - Setting next_dagrun for dataset_produces_2 to None, run_after=None
[2025-04-19T08:38:30.770+0000] {processor.py:208} INFO - Processing /home/airflow/.local/lib/python3.12/site-packages/airflow/example_dags/example_datasets.py took 0.767 seconds
[2025-04-19T08:39:01.514+0000] {processor.py:186} INFO - Started process (PID=233) to work on /home/airflow/.local/lib/python3.12/site-packages/airflow/example_dags/example_datasets.py
[2025-04-19T08:39:01.515+0000] {processor.py:914} INFO - Processing file /home/airflow/.local/lib/python3.12/site-packages/airflow/example_dags/example_datasets.py for tasks to queue
[2025-04-19T08:39:01.517+0000] {logging_mixin.py:190} INFO - [2025-04-19T08:39:01.516+0000] {dagbag.py:588} INFO - Filling up the DagBag from /home/airflow/.local/lib/python3.12/site-packages/airflow/example_dags/example_datasets.py
[2025-04-19T08:39:02.197+0000] {processor.py:925} INFO - DAG(s) 'consume_1_and_2_with_dataset_expressions', 'conditional_dataset_and_time_based_timetable', 'dataset_produces_1', 'consume_1_or_2_with_dataset_expressions', 'consume_1_or_both_2_and_3_with_dataset_expressions', 'dataset_consumes_1_and_2', 'dataset_consumes_unknown_never_scheduled', 'dataset_consumes_1_never_scheduled', 'dataset_produces_2', 'dataset_consumes_1' retrieved from /home/airflow/.local/lib/python3.12/site-packages/airflow/example_dags/example_datasets.py
[2025-04-19T08:39:02.231+0000] {logging_mixin.py:190} INFO - [2025-04-19T08:39:02.231+0000] {dag.py:3239} INFO - Sync 10 DAGs
[2025-04-19T08:39:02.251+0000] {logging_mixin.py:190} INFO - [2025-04-19T08:39:02.251+0000] {dag.py:4180} INFO - Setting next_dagrun for conditional_dataset_and_time_based_timetable to 2025-04-16 01:00:00+00:00, run_after=2025-04-16 01:00:00+00:00
[2025-04-19T08:39:02.254+0000] {logging_mixin.py:190} INFO - [2025-04-19T08:39:02.254+0000] {dag.py:4180} INFO - Setting next_dagrun for consume_1_and_2_with_dataset_expressions to None, run_after=None
[2025-04-19T08:39:02.255+0000] {logging_mixin.py:190} INFO - [2025-04-19T08:39:02.255+0000] {dag.py:4180} INFO - Setting next_dagrun for consume_1_or_2_with_dataset_expressions to None, run_after=None
[2025-04-19T08:39:02.256+0000] {logging_mixin.py:190} INFO - [2025-04-19T08:39:02.256+0000] {dag.py:4180} INFO - Setting next_dagrun for consume_1_or_both_2_and_3_with_dataset_expressions to None, run_after=None
[2025-04-19T08:39:02.257+0000] {logging_mixin.py:190} INFO - [2025-04-19T08:39:02.257+0000] {dag.py:4180} INFO - Setting next_dagrun for dataset_consumes_1 to None, run_after=None
[2025-04-19T08:39:02.258+0000] {logging_mixin.py:190} INFO - [2025-04-19T08:39:02.258+0000] {dag.py:4180} INFO - Setting next_dagrun for dataset_consumes_1_and_2 to None, run_after=None
[2025-04-19T08:39:02.259+0000] {logging_mixin.py:190} INFO - [2025-04-19T08:39:02.259+0000] {dag.py:4180} INFO - Setting next_dagrun for dataset_consumes_1_never_scheduled to None, run_after=None
[2025-04-19T08:39:02.260+0000] {logging_mixin.py:190} INFO - [2025-04-19T08:39:02.260+0000] {dag.py:4180} INFO - Setting next_dagrun for dataset_consumes_unknown_never_scheduled to None, run_after=None
[2025-04-19T08:39:02.262+0000] {logging_mixin.py:190} INFO - [2025-04-19T08:39:02.262+0000] {dag.py:4180} INFO - Setting next_dagrun for dataset_produces_1 to 2025-04-18 00:00:00+00:00, run_after=2025-04-19 00:00:00+00:00
[2025-04-19T08:39:02.263+0000] {logging_mixin.py:190} INFO - [2025-04-19T08:39:02.263+0000] {dag.py:4180} INFO - Setting next_dagrun for dataset_produces_2 to None, run_after=None
[2025-04-19T08:39:02.288+0000] {processor.py:208} INFO - Processing /home/airflow/.local/lib/python3.12/site-packages/airflow/example_dags/example_datasets.py took 0.780 seconds
[2025-04-19T08:39:33.079+0000] {processor.py:186} INFO - Started process (PID=298) to work on /home/airflow/.local/lib/python3.12/site-packages/airflow/example_dags/example_datasets.py
[2025-04-19T08:39:33.079+0000] {processor.py:914} INFO - Processing file /home/airflow/.local/lib/python3.12/site-packages/airflow/example_dags/example_datasets.py for tasks to queue
[2025-04-19T08:39:33.081+0000] {logging_mixin.py:190} INFO - [2025-04-19T08:39:33.081+0000] {dagbag.py:588} INFO - Filling up the DagBag from /home/airflow/.local/lib/python3.12/site-packages/airflow/example_dags/example_datasets.py
[2025-04-19T08:39:33.854+0000] {processor.py:925} INFO - DAG(s) 'dataset_consumes_unknown_never_scheduled', 'consume_1_and_2_with_dataset_expressions', 'conditional_dataset_and_time_based_timetable', 'dataset_consumes_1', 'consume_1_or_2_with_dataset_expressions', 'consume_1_or_both_2_and_3_with_dataset_expressions', 'dataset_consumes_1_and_2', 'dataset_produces_1', 'dataset_consumes_1_never_scheduled', 'dataset_produces_2' retrieved from /home/airflow/.local/lib/python3.12/site-packages/airflow/example_dags/example_datasets.py
[2025-04-19T08:39:33.889+0000] {logging_mixin.py:190} INFO - [2025-04-19T08:39:33.889+0000] {dag.py:3239} INFO - Sync 10 DAGs
[2025-04-19T08:39:33.909+0000] {logging_mixin.py:190} INFO - [2025-04-19T08:39:33.909+0000] {dag.py:4180} INFO - Setting next_dagrun for conditional_dataset_and_time_based_timetable to 2025-04-16 01:00:00+00:00, run_after=2025-04-16 01:00:00+00:00
[2025-04-19T08:39:33.912+0000] {logging_mixin.py:190} INFO - [2025-04-19T08:39:33.912+0000] {dag.py:4180} INFO - Setting next_dagrun for consume_1_and_2_with_dataset_expressions to None, run_after=None
[2025-04-19T08:39:33.913+0000] {logging_mixin.py:190} INFO - [2025-04-19T08:39:33.913+0000] {dag.py:4180} INFO - Setting next_dagrun for consume_1_or_2_with_dataset_expressions to None, run_after=None
[2025-04-19T08:39:33.914+0000] {logging_mixin.py:190} INFO - [2025-04-19T08:39:33.914+0000] {dag.py:4180} INFO - Setting next_dagrun for consume_1_or_both_2_and_3_with_dataset_expressions to None, run_after=None
[2025-04-19T08:39:33.915+0000] {logging_mixin.py:190} INFO - [2025-04-19T08:39:33.915+0000] {dag.py:4180} INFO - Setting next_dagrun for dataset_consumes_1 to None, run_after=None
[2025-04-19T08:39:33.916+0000] {logging_mixin.py:190} INFO - [2025-04-19T08:39:33.916+0000] {dag.py:4180} INFO - Setting next_dagrun for dataset_consumes_1_and_2 to None, run_after=None
[2025-04-19T08:39:33.917+0000] {logging_mixin.py:190} INFO - [2025-04-19T08:39:33.917+0000] {dag.py:4180} INFO - Setting next_dagrun for dataset_consumes_1_never_scheduled to None, run_after=None
[2025-04-19T08:39:33.918+0000] {logging_mixin.py:190} INFO - [2025-04-19T08:39:33.918+0000] {dag.py:4180} INFO - Setting next_dagrun for dataset_consumes_unknown_never_scheduled to None, run_after=None
[2025-04-19T08:39:33.920+0000] {logging_mixin.py:190} INFO - [2025-04-19T08:39:33.920+0000] {dag.py:4180} INFO - Setting next_dagrun for dataset_produces_1 to 2025-04-18 00:00:00+00:00, run_after=2025-04-19 00:00:00+00:00
[2025-04-19T08:39:33.921+0000] {logging_mixin.py:190} INFO - [2025-04-19T08:39:33.921+0000] {dag.py:4180} INFO - Setting next_dagrun for dataset_produces_2 to None, run_after=None
[2025-04-19T08:39:33.947+0000] {processor.py:208} INFO - Processing /home/airflow/.local/lib/python3.12/site-packages/airflow/example_dags/example_datasets.py took 0.874 seconds
[2025-04-19T08:40:04.284+0000] {processor.py:186} INFO - Started process (PID=364) to work on /home/airflow/.local/lib/python3.12/site-packages/airflow/example_dags/example_datasets.py
[2025-04-19T08:40:04.287+0000] {processor.py:914} INFO - Processing file /home/airflow/.local/lib/python3.12/site-packages/airflow/example_dags/example_datasets.py for tasks to queue
[2025-04-19T08:40:04.294+0000] {logging_mixin.py:190} INFO - [2025-04-19T08:40:04.292+0000] {dagbag.py:588} INFO - Filling up the DagBag from /home/airflow/.local/lib/python3.12/site-packages/airflow/example_dags/example_datasets.py
[2025-04-19T08:40:06.771+0000] {processor.py:925} INFO - DAG(s) 'dataset_consumes_1_and_2', 'consume_1_or_2_with_dataset_expressions', 'consume_1_and_2_with_dataset_expressions', 'conditional_dataset_and_time_based_timetable', 'dataset_produces_2', 'dataset_produces_1', 'dataset_consumes_unknown_never_scheduled', 'consume_1_or_both_2_and_3_with_dataset_expressions', 'dataset_consumes_1', 'dataset_consumes_1_never_scheduled' retrieved from /home/airflow/.local/lib/python3.12/site-packages/airflow/example_dags/example_datasets.py
[2025-04-19T08:40:06.833+0000] {logging_mixin.py:190} INFO - [2025-04-19T08:40:06.832+0000] {dag.py:3239} INFO - Sync 10 DAGs
[2025-04-19T08:40:06.892+0000] {logging_mixin.py:190} INFO - [2025-04-19T08:40:06.890+0000] {dag.py:4180} INFO - Setting next_dagrun for conditional_dataset_and_time_based_timetable to 2025-04-16 01:00:00+00:00, run_after=2025-04-16 01:00:00+00:00
[2025-04-19T08:40:06.902+0000] {logging_mixin.py:190} INFO - [2025-04-19T08:40:06.902+0000] {dag.py:4180} INFO - Setting next_dagrun for consume_1_and_2_with_dataset_expressions to None, run_after=None
[2025-04-19T08:40:06.906+0000] {logging_mixin.py:190} INFO - [2025-04-19T08:40:06.905+0000] {dag.py:4180} INFO - Setting next_dagrun for consume_1_or_2_with_dataset_expressions to None, run_after=None
[2025-04-19T08:40:06.909+0000] {logging_mixin.py:190} INFO - [2025-04-19T08:40:06.909+0000] {dag.py:4180} INFO - Setting next_dagrun for consume_1_or_both_2_and_3_with_dataset_expressions to None, run_after=None
[2025-04-19T08:40:06.912+0000] {logging_mixin.py:190} INFO - [2025-04-19T08:40:06.912+0000] {dag.py:4180} INFO - Setting next_dagrun for dataset_consumes_1 to None, run_after=None
[2025-04-19T08:40:06.913+0000] {logging_mixin.py:190} INFO - [2025-04-19T08:40:06.913+0000] {dag.py:4180} INFO - Setting next_dagrun for dataset_consumes_1_and_2 to None, run_after=None
[2025-04-19T08:40:06.916+0000] {logging_mixin.py:190} INFO - [2025-04-19T08:40:06.916+0000] {dag.py:4180} INFO - Setting next_dagrun for dataset_consumes_1_never_scheduled to None, run_after=None
[2025-04-19T08:40:06.919+0000] {logging_mixin.py:190} INFO - [2025-04-19T08:40:06.919+0000] {dag.py:4180} INFO - Setting next_dagrun for dataset_consumes_unknown_never_scheduled to None, run_after=None
[2025-04-19T08:40:06.926+0000] {logging_mixin.py:190} INFO - [2025-04-19T08:40:06.925+0000] {dag.py:4180} INFO - Setting next_dagrun for dataset_produces_1 to 2025-04-18 00:00:00+00:00, run_after=2025-04-19 00:00:00+00:00
[2025-04-19T08:40:06.929+0000] {logging_mixin.py:190} INFO - [2025-04-19T08:40:06.929+0000] {dag.py:4180} INFO - Setting next_dagrun for dataset_produces_2 to None, run_after=None
[2025-04-19T08:40:07.016+0000] {processor.py:208} INFO - Processing /home/airflow/.local/lib/python3.12/site-packages/airflow/example_dags/example_datasets.py took 2.751 seconds
[2025-04-19T08:40:37.372+0000] {processor.py:186} INFO - Started process (PID=430) to work on /home/airflow/.local/lib/python3.12/site-packages/airflow/example_dags/example_datasets.py
[2025-04-19T08:40:37.373+0000] {processor.py:914} INFO - Processing file /home/airflow/.local/lib/python3.12/site-packages/airflow/example_dags/example_datasets.py for tasks to queue
[2025-04-19T08:40:37.375+0000] {logging_mixin.py:190} INFO - [2025-04-19T08:40:37.375+0000] {dagbag.py:588} INFO - Filling up the DagBag from /home/airflow/.local/lib/python3.12/site-packages/airflow/example_dags/example_datasets.py
[2025-04-19T08:40:37.957+0000] {processor.py:925} INFO - DAG(s) 'dataset_consumes_1_and_2', 'dataset_consumes_unknown_never_scheduled', 'consume_1_and_2_with_dataset_expressions', 'dataset_produces_1', 'consume_1_or_2_with_dataset_expressions', 'consume_1_or_both_2_and_3_with_dataset_expressions', 'conditional_dataset_and_time_based_timetable', 'dataset_consumes_1_never_scheduled', 'dataset_consumes_1', 'dataset_produces_2' retrieved from /home/airflow/.local/lib/python3.12/site-packages/airflow/example_dags/example_datasets.py
[2025-04-19T08:40:37.991+0000] {logging_mixin.py:190} INFO - [2025-04-19T08:40:37.991+0000] {dag.py:3239} INFO - Sync 10 DAGs
[2025-04-19T08:40:38.013+0000] {logging_mixin.py:190} INFO - [2025-04-19T08:40:38.013+0000] {dag.py:4180} INFO - Setting next_dagrun for conditional_dataset_and_time_based_timetable to 2025-04-16 01:00:00+00:00, run_after=2025-04-16 01:00:00+00:00
[2025-04-19T08:40:38.016+0000] {logging_mixin.py:190} INFO - [2025-04-19T08:40:38.016+0000] {dag.py:4180} INFO - Setting next_dagrun for consume_1_and_2_with_dataset_expressions to None, run_after=None
[2025-04-19T08:40:38.017+0000] {logging_mixin.py:190} INFO - [2025-04-19T08:40:38.017+0000] {dag.py:4180} INFO - Setting next_dagrun for consume_1_or_2_with_dataset_expressions to None, run_after=None
[2025-04-19T08:40:38.018+0000] {logging_mixin.py:190} INFO - [2025-04-19T08:40:38.018+0000] {dag.py:4180} INFO - Setting next_dagrun for consume_1_or_both_2_and_3_with_dataset_expressions to None, run_after=None
[2025-04-19T08:40:38.019+0000] {logging_mixin.py:190} INFO - [2025-04-19T08:40:38.019+0000] {dag.py:4180} INFO - Setting next_dagrun for dataset_consumes_1 to None, run_after=None
[2025-04-19T08:40:38.020+0000] {logging_mixin.py:190} INFO - [2025-04-19T08:40:38.020+0000] {dag.py:4180} INFO - Setting next_dagrun for dataset_consumes_1_and_2 to None, run_after=None
[2025-04-19T08:40:38.021+0000] {logging_mixin.py:190} INFO - [2025-04-19T08:40:38.021+0000] {dag.py:4180} INFO - Setting next_dagrun for dataset_consumes_1_never_scheduled to None, run_after=None
[2025-04-19T08:40:38.022+0000] {logging_mixin.py:190} INFO - [2025-04-19T08:40:38.022+0000] {dag.py:4180} INFO - Setting next_dagrun for dataset_consumes_unknown_never_scheduled to None, run_after=None
[2025-04-19T08:40:38.024+0000] {logging_mixin.py:190} INFO - [2025-04-19T08:40:38.024+0000] {dag.py:4180} INFO - Setting next_dagrun for dataset_produces_1 to 2025-04-18 00:00:00+00:00, run_after=2025-04-19 00:00:00+00:00
[2025-04-19T08:40:38.025+0000] {logging_mixin.py:190} INFO - [2025-04-19T08:40:38.024+0000] {dag.py:4180} INFO - Setting next_dagrun for dataset_produces_2 to None, run_after=None
[2025-04-19T08:40:38.059+0000] {processor.py:208} INFO - Processing /home/airflow/.local/lib/python3.12/site-packages/airflow/example_dags/example_datasets.py took 0.693 seconds
[2025-04-19T08:41:08.775+0000] {processor.py:186} INFO - Started process (PID=493) to work on /home/airflow/.local/lib/python3.12/site-packages/airflow/example_dags/example_datasets.py
[2025-04-19T08:41:08.776+0000] {processor.py:914} INFO - Processing file /home/airflow/.local/lib/python3.12/site-packages/airflow/example_dags/example_datasets.py for tasks to queue
[2025-04-19T08:41:08.778+0000] {logging_mixin.py:190} INFO - [2025-04-19T08:41:08.778+0000] {dagbag.py:588} INFO - Filling up the DagBag from /home/airflow/.local/lib/python3.12/site-packages/airflow/example_dags/example_datasets.py
[2025-04-19T08:41:09.371+0000] {processor.py:925} INFO - DAG(s) 'dataset_produces_2', 'consume_1_or_2_with_dataset_expressions', 'conditional_dataset_and_time_based_timetable', 'consume_1_or_both_2_and_3_with_dataset_expressions', 'dataset_consumes_1_never_scheduled', 'dataset_produces_1', 'dataset_consumes_unknown_never_scheduled', 'dataset_consumes_1', 'dataset_consumes_1_and_2', 'consume_1_and_2_with_dataset_expressions' retrieved from /home/airflow/.local/lib/python3.12/site-packages/airflow/example_dags/example_datasets.py
[2025-04-19T08:41:09.405+0000] {logging_mixin.py:190} INFO - [2025-04-19T08:41:09.405+0000] {dag.py:3239} INFO - Sync 10 DAGs
[2025-04-19T08:41:09.426+0000] {logging_mixin.py:190} INFO - [2025-04-19T08:41:09.426+0000] {dag.py:4180} INFO - Setting next_dagrun for conditional_dataset_and_time_based_timetable to 2025-04-16 01:00:00+00:00, run_after=2025-04-16 01:00:00+00:00
[2025-04-19T08:41:09.429+0000] {logging_mixin.py:190} INFO - [2025-04-19T08:41:09.429+0000] {dag.py:4180} INFO - Setting next_dagrun for consume_1_and_2_with_dataset_expressions to None, run_after=None
[2025-04-19T08:41:09.430+0000] {logging_mixin.py:190} INFO - [2025-04-19T08:41:09.430+0000] {dag.py:4180} INFO - Setting next_dagrun for consume_1_or_2_with_dataset_expressions to None, run_after=None
[2025-04-19T08:41:09.431+0000] {logging_mixin.py:190} INFO - [2025-04-19T08:41:09.431+0000] {dag.py:4180} INFO - Setting next_dagrun for consume_1_or_both_2_and_3_with_dataset_expressions to None, run_after=None
[2025-04-19T08:41:09.432+0000] {logging_mixin.py:190} INFO - [2025-04-19T08:41:09.432+0000] {dag.py:4180} INFO - Setting next_dagrun for dataset_consumes_1 to None, run_after=None
[2025-04-19T08:41:09.433+0000] {logging_mixin.py:190} INFO - [2025-04-19T08:41:09.433+0000] {dag.py:4180} INFO - Setting next_dagrun for dataset_consumes_1_and_2 to None, run_after=None
[2025-04-19T08:41:09.434+0000] {logging_mixin.py:190} INFO - [2025-04-19T08:41:09.434+0000] {dag.py:4180} INFO - Setting next_dagrun for dataset_consumes_1_never_scheduled to None, run_after=None
[2025-04-19T08:41:09.435+0000] {logging_mixin.py:190} INFO - [2025-04-19T08:41:09.435+0000] {dag.py:4180} INFO - Setting next_dagrun for dataset_consumes_unknown_never_scheduled to None, run_after=None
[2025-04-19T08:41:09.437+0000] {logging_mixin.py:190} INFO - [2025-04-19T08:41:09.437+0000] {dag.py:4180} INFO - Setting next_dagrun for dataset_produces_1 to 2025-04-18 00:00:00+00:00, run_after=2025-04-19 00:00:00+00:00
[2025-04-19T08:41:09.438+0000] {logging_mixin.py:190} INFO - [2025-04-19T08:41:09.438+0000] {dag.py:4180} INFO - Setting next_dagrun for dataset_produces_2 to None, run_after=None
[2025-04-19T08:41:09.463+0000] {processor.py:208} INFO - Processing /home/airflow/.local/lib/python3.12/site-packages/airflow/example_dags/example_datasets.py took 0.694 seconds
[2025-04-19T08:41:39.956+0000] {processor.py:186} INFO - Started process (PID=556) to work on /home/airflow/.local/lib/python3.12/site-packages/airflow/example_dags/example_datasets.py
[2025-04-19T08:41:39.957+0000] {processor.py:914} INFO - Processing file /home/airflow/.local/lib/python3.12/site-packages/airflow/example_dags/example_datasets.py for tasks to queue
[2025-04-19T08:41:39.959+0000] {logging_mixin.py:190} INFO - [2025-04-19T08:41:39.959+0000] {dagbag.py:588} INFO - Filling up the DagBag from /home/airflow/.local/lib/python3.12/site-packages/airflow/example_dags/example_datasets.py
[2025-04-19T08:41:40.549+0000] {processor.py:925} INFO - DAG(s) 'dataset_produces_1', 'consume_1_and_2_with_dataset_expressions', 'dataset_consumes_1_and_2', 'consume_1_or_both_2_and_3_with_dataset_expressions', 'conditional_dataset_and_time_based_timetable', 'consume_1_or_2_with_dataset_expressions', 'dataset_consumes_1', 'dataset_consumes_1_never_scheduled', 'dataset_consumes_unknown_never_scheduled', 'dataset_produces_2' retrieved from /home/airflow/.local/lib/python3.12/site-packages/airflow/example_dags/example_datasets.py
[2025-04-19T08:41:40.583+0000] {logging_mixin.py:190} INFO - [2025-04-19T08:41:40.583+0000] {dag.py:3239} INFO - Sync 10 DAGs
[2025-04-19T08:41:40.605+0000] {logging_mixin.py:190} INFO - [2025-04-19T08:41:40.604+0000] {dag.py:4180} INFO - Setting next_dagrun for conditional_dataset_and_time_based_timetable to 2025-04-16 01:00:00+00:00, run_after=2025-04-16 01:00:00+00:00
[2025-04-19T08:41:40.608+0000] {logging_mixin.py:190} INFO - [2025-04-19T08:41:40.608+0000] {dag.py:4180} INFO - Setting next_dagrun for consume_1_and_2_with_dataset_expressions to None, run_after=None
[2025-04-19T08:41:40.609+0000] {logging_mixin.py:190} INFO - [2025-04-19T08:41:40.609+0000] {dag.py:4180} INFO - Setting next_dagrun for consume_1_or_2_with_dataset_expressions to None, run_after=None
[2025-04-19T08:41:40.610+0000] {logging_mixin.py:190} INFO - [2025-04-19T08:41:40.610+0000] {dag.py:4180} INFO - Setting next_dagrun for consume_1_or_both_2_and_3_with_dataset_expressions to None, run_after=None
[2025-04-19T08:41:40.611+0000] {logging_mixin.py:190} INFO - [2025-04-19T08:41:40.611+0000] {dag.py:4180} INFO - Setting next_dagrun for dataset_consumes_1 to None, run_after=None
[2025-04-19T08:41:40.612+0000] {logging_mixin.py:190} INFO - [2025-04-19T08:41:40.612+0000] {dag.py:4180} INFO - Setting next_dagrun for dataset_consumes_1_and_2 to None, run_after=None
[2025-04-19T08:41:40.613+0000] {logging_mixin.py:190} INFO - [2025-04-19T08:41:40.613+0000] {dag.py:4180} INFO - Setting next_dagrun for dataset_consumes_1_never_scheduled to None, run_after=None
[2025-04-19T08:41:40.614+0000] {logging_mixin.py:190} INFO - [2025-04-19T08:41:40.614+0000] {dag.py:4180} INFO - Setting next_dagrun for dataset_consumes_unknown_never_scheduled to None, run_after=None
[2025-04-19T08:41:40.616+0000] {logging_mixin.py:190} INFO - [2025-04-19T08:41:40.616+0000] {dag.py:4180} INFO - Setting next_dagrun for dataset_produces_1 to 2025-04-18 00:00:00+00:00, run_after=2025-04-19 00:00:00+00:00
[2025-04-19T08:41:40.617+0000] {logging_mixin.py:190} INFO - [2025-04-19T08:41:40.617+0000] {dag.py:4180} INFO - Setting next_dagrun for dataset_produces_2 to None, run_after=None
[2025-04-19T08:41:40.644+0000] {processor.py:208} INFO - Processing /home/airflow/.local/lib/python3.12/site-packages/airflow/example_dags/example_datasets.py took 0.694 seconds
[2025-04-19T08:42:10.741+0000] {processor.py:186} INFO - Started process (PID=620) to work on /home/airflow/.local/lib/python3.12/site-packages/airflow/example_dags/example_datasets.py
[2025-04-19T08:42:10.742+0000] {processor.py:914} INFO - Processing file /home/airflow/.local/lib/python3.12/site-packages/airflow/example_dags/example_datasets.py for tasks to queue
[2025-04-19T08:42:10.745+0000] {logging_mixin.py:190} INFO - [2025-04-19T08:42:10.745+0000] {dagbag.py:588} INFO - Filling up the DagBag from /home/airflow/.local/lib/python3.12/site-packages/airflow/example_dags/example_datasets.py
[2025-04-19T08:42:11.332+0000] {processor.py:925} INFO - DAG(s) 'dataset_consumes_unknown_never_scheduled', 'dataset_produces_1', 'consume_1_or_2_with_dataset_expressions', 'dataset_produces_2', 'consume_1_or_both_2_and_3_with_dataset_expressions', 'conditional_dataset_and_time_based_timetable', 'dataset_consumes_1_never_scheduled', 'consume_1_and_2_with_dataset_expressions', 'dataset_consumes_1_and_2', 'dataset_consumes_1' retrieved from /home/airflow/.local/lib/python3.12/site-packages/airflow/example_dags/example_datasets.py
[2025-04-19T08:42:11.366+0000] {logging_mixin.py:190} INFO - [2025-04-19T08:42:11.365+0000] {dag.py:3239} INFO - Sync 10 DAGs
[2025-04-19T08:42:11.387+0000] {logging_mixin.py:190} INFO - [2025-04-19T08:42:11.386+0000] {dag.py:4180} INFO - Setting next_dagrun for conditional_dataset_and_time_based_timetable to 2025-04-16 01:00:00+00:00, run_after=2025-04-16 01:00:00+00:00
[2025-04-19T08:42:11.390+0000] {logging_mixin.py:190} INFO - [2025-04-19T08:42:11.390+0000] {dag.py:4180} INFO - Setting next_dagrun for consume_1_and_2_with_dataset_expressions to None, run_after=None
[2025-04-19T08:42:11.391+0000] {logging_mixin.py:190} INFO - [2025-04-19T08:42:11.391+0000] {dag.py:4180} INFO - Setting next_dagrun for consume_1_or_2_with_dataset_expressions to None, run_after=None
[2025-04-19T08:42:11.392+0000] {logging_mixin.py:190} INFO - [2025-04-19T08:42:11.392+0000] {dag.py:4180} INFO - Setting next_dagrun for consume_1_or_both_2_and_3_with_dataset_expressions to None, run_after=None
[2025-04-19T08:42:11.393+0000] {logging_mixin.py:190} INFO - [2025-04-19T08:42:11.393+0000] {dag.py:4180} INFO - Setting next_dagrun for dataset_consumes_1 to None, run_after=None
[2025-04-19T08:42:11.394+0000] {logging_mixin.py:190} INFO - [2025-04-19T08:42:11.394+0000] {dag.py:4180} INFO - Setting next_dagrun for dataset_consumes_1_and_2 to None, run_after=None
[2025-04-19T08:42:11.396+0000] {logging_mixin.py:190} INFO - [2025-04-19T08:42:11.395+0000] {dag.py:4180} INFO - Setting next_dagrun for dataset_consumes_1_never_scheduled to None, run_after=None
[2025-04-19T08:42:11.397+0000] {logging_mixin.py:190} INFO - [2025-04-19T08:42:11.397+0000] {dag.py:4180} INFO - Setting next_dagrun for dataset_consumes_unknown_never_scheduled to None, run_after=None
[2025-04-19T08:42:11.400+0000] {logging_mixin.py:190} INFO - [2025-04-19T08:42:11.400+0000] {dag.py:4180} INFO - Setting next_dagrun for dataset_produces_1 to 2025-04-18 00:00:00+00:00, run_after=2025-04-19 00:00:00+00:00
[2025-04-19T08:42:11.402+0000] {logging_mixin.py:190} INFO - [2025-04-19T08:42:11.401+0000] {dag.py:4180} INFO - Setting next_dagrun for dataset_produces_2 to None, run_after=None
[2025-04-19T08:42:11.430+0000] {processor.py:208} INFO - Processing /home/airflow/.local/lib/python3.12/site-packages/airflow/example_dags/example_datasets.py took 0.694 seconds
[2025-04-19T08:42:41.780+0000] {processor.py:186} INFO - Started process (PID=684) to work on /home/airflow/.local/lib/python3.12/site-packages/airflow/example_dags/example_datasets.py
[2025-04-19T08:42:41.781+0000] {processor.py:914} INFO - Processing file /home/airflow/.local/lib/python3.12/site-packages/airflow/example_dags/example_datasets.py for tasks to queue
[2025-04-19T08:42:41.782+0000] {logging_mixin.py:190} INFO - [2025-04-19T08:42:41.782+0000] {dagbag.py:588} INFO - Filling up the DagBag from /home/airflow/.local/lib/python3.12/site-packages/airflow/example_dags/example_datasets.py
[2025-04-19T08:42:42.447+0000] {processor.py:925} INFO - DAG(s) 'consume_1_or_2_with_dataset_expressions', 'dataset_produces_1', 'consume_1_or_both_2_and_3_with_dataset_expressions', 'dataset_consumes_1_and_2', 'dataset_consumes_1_never_scheduled', 'dataset_produces_2', 'conditional_dataset_and_time_based_timetable', 'dataset_consumes_1', 'consume_1_and_2_with_dataset_expressions', 'dataset_consumes_unknown_never_scheduled' retrieved from /home/airflow/.local/lib/python3.12/site-packages/airflow/example_dags/example_datasets.py
[2025-04-19T08:42:42.500+0000] {logging_mixin.py:190} INFO - [2025-04-19T08:42:42.500+0000] {dag.py:3239} INFO - Sync 10 DAGs
[2025-04-19T08:42:42.539+0000] {logging_mixin.py:190} INFO - [2025-04-19T08:42:42.538+0000] {dag.py:4180} INFO - Setting next_dagrun for conditional_dataset_and_time_based_timetable to 2025-04-16 01:00:00+00:00, run_after=2025-04-16 01:00:00+00:00
[2025-04-19T08:42:42.545+0000] {logging_mixin.py:190} INFO - [2025-04-19T08:42:42.544+0000] {dag.py:4180} INFO - Setting next_dagrun for consume_1_and_2_with_dataset_expressions to None, run_after=None
[2025-04-19T08:42:42.546+0000] {logging_mixin.py:190} INFO - [2025-04-19T08:42:42.546+0000] {dag.py:4180} INFO - Setting next_dagrun for consume_1_or_2_with_dataset_expressions to None, run_after=None
[2025-04-19T08:42:42.548+0000] {logging_mixin.py:190} INFO - [2025-04-19T08:42:42.547+0000] {dag.py:4180} INFO - Setting next_dagrun for consume_1_or_both_2_and_3_with_dataset_expressions to None, run_after=None
[2025-04-19T08:42:42.549+0000] {logging_mixin.py:190} INFO - [2025-04-19T08:42:42.549+0000] {dag.py:4180} INFO - Setting next_dagrun for dataset_consumes_1 to None, run_after=None
[2025-04-19T08:42:42.550+0000] {logging_mixin.py:190} INFO - [2025-04-19T08:42:42.550+0000] {dag.py:4180} INFO - Setting next_dagrun for dataset_consumes_1_and_2 to None, run_after=None
[2025-04-19T08:42:42.552+0000] {logging_mixin.py:190} INFO - [2025-04-19T08:42:42.552+0000] {dag.py:4180} INFO - Setting next_dagrun for dataset_consumes_1_never_scheduled to None, run_after=None
[2025-04-19T08:42:42.553+0000] {logging_mixin.py:190} INFO - [2025-04-19T08:42:42.553+0000] {dag.py:4180} INFO - Setting next_dagrun for dataset_consumes_unknown_never_scheduled to None, run_after=None
[2025-04-19T08:42:42.556+0000] {logging_mixin.py:190} INFO - [2025-04-19T08:42:42.556+0000] {dag.py:4180} INFO - Setting next_dagrun for dataset_produces_1 to 2025-04-18 00:00:00+00:00, run_after=2025-04-19 00:00:00+00:00
[2025-04-19T08:42:42.558+0000] {logging_mixin.py:190} INFO - [2025-04-19T08:42:42.558+0000] {dag.py:4180} INFO - Setting next_dagrun for dataset_produces_2 to None, run_after=None
[2025-04-19T08:42:42.644+0000] {processor.py:208} INFO - Processing /home/airflow/.local/lib/python3.12/site-packages/airflow/example_dags/example_datasets.py took 0.869 seconds
