[2025-04-19T08:38:05.854+0000] {processor.py:186} INFO - Started process (PID=119) to work on /home/airflow/.local/lib/python3.12/site-packages/airflow/example_dags/example_task_group_decorator.py
[2025-04-19T08:38:05.856+0000] {processor.py:914} INFO - Processing file /home/airflow/.local/lib/python3.12/site-packages/airflow/example_dags/example_task_group_decorator.py for tasks to queue
[2025-04-19T08:38:05.863+0000] {logging_mixin.py:190} INFO - [2025-04-19T08:38:05.862+0000] {dagbag.py:588} INFO - Filling up the DagBag from /home/airflow/.local/lib/python3.12/site-packages/airflow/example_dags/example_task_group_decorator.py
[2025-04-19T08:38:05.930+0000] {processor.py:925} INFO - DAG(s) 'example_task_group_decorator' retrieved from /home/airflow/.local/lib/python3.12/site-packages/airflow/example_dags/example_task_group_decorator.py
[2025-04-19T08:38:06.392+0000] {logging_mixin.py:190} INFO - [2025-04-19T08:38:06.391+0000] {override.py:1911} INFO - Created Permission View: can delete on DAG:example_task_group_decorator
[2025-04-19T08:38:06.441+0000] {logging_mixin.py:190} INFO - [2025-04-19T08:38:06.441+0000] {override.py:1911} INFO - Created Permission View: can read on DAG:example_task_group_decorator
[2025-04-19T08:38:06.466+0000] {logging_mixin.py:190} INFO - [2025-04-19T08:38:06.466+0000] {override.py:1911} INFO - Created Permission View: can edit on DAG:example_task_group_decorator
[2025-04-19T08:38:06.510+0000] {logging_mixin.py:190} INFO - [2025-04-19T08:38:06.510+0000] {override.py:1911} INFO - Created Permission View: can delete on DAG Run:example_task_group_decorator
[2025-04-19T08:38:06.521+0000] {logging_mixin.py:190} INFO - [2025-04-19T08:38:06.521+0000] {override.py:1911} INFO - Created Permission View: can read on DAG Run:example_task_group_decorator
[2025-04-19T08:38:06.545+0000] {logging_mixin.py:190} INFO - [2025-04-19T08:38:06.545+0000] {override.py:1911} INFO - Created Permission View: can create on DAG Run:example_task_group_decorator
[2025-04-19T08:38:06.585+0000] {logging_mixin.py:190} INFO - [2025-04-19T08:38:06.585+0000] {override.py:1911} INFO - Created Permission View: menu access on DAG Run:example_task_group_decorator
[2025-04-19T08:38:06.586+0000] {logging_mixin.py:190} INFO - [2025-04-19T08:38:06.586+0000] {dag.py:3239} INFO - Sync 1 DAGs
[2025-04-19T08:38:06.639+0000] {logging_mixin.py:190} INFO - [2025-04-19T08:38:06.638+0000] {dag.py:3262} INFO - Creating ORM DAG for example_task_group_decorator
[2025-04-19T08:38:06.641+0000] {logging_mixin.py:190} INFO - [2025-04-19T08:38:06.640+0000] {dag.py:4180} INFO - Setting next_dagrun for example_task_group_decorator to None, run_after=None
[2025-04-19T08:38:06.677+0000] {processor.py:208} INFO - Processing /home/airflow/.local/lib/python3.12/site-packages/airflow/example_dags/example_task_group_decorator.py took 0.846 seconds
[2025-04-19T08:38:37.454+0000] {processor.py:186} INFO - Started process (PID=181) to work on /home/airflow/.local/lib/python3.12/site-packages/airflow/example_dags/example_task_group_decorator.py
[2025-04-19T08:38:37.455+0000] {processor.py:914} INFO - Processing file /home/airflow/.local/lib/python3.12/site-packages/airflow/example_dags/example_task_group_decorator.py for tasks to queue
[2025-04-19T08:38:37.457+0000] {logging_mixin.py:190} INFO - [2025-04-19T08:38:37.457+0000] {dagbag.py:588} INFO - Filling up the DagBag from /home/airflow/.local/lib/python3.12/site-packages/airflow/example_dags/example_task_group_decorator.py
[2025-04-19T08:38:37.470+0000] {processor.py:925} INFO - DAG(s) 'example_task_group_decorator' retrieved from /home/airflow/.local/lib/python3.12/site-packages/airflow/example_dags/example_task_group_decorator.py
[2025-04-19T08:38:37.490+0000] {logging_mixin.py:190} INFO - [2025-04-19T08:38:37.490+0000] {dag.py:3239} INFO - Sync 1 DAGs
[2025-04-19T08:38:37.501+0000] {logging_mixin.py:190} INFO - [2025-04-19T08:38:37.501+0000] {dag.py:4180} INFO - Setting next_dagrun for example_task_group_decorator to None, run_after=None
[2025-04-19T08:38:37.514+0000] {processor.py:208} INFO - Processing /home/airflow/.local/lib/python3.12/site-packages/airflow/example_dags/example_task_group_decorator.py took 0.067 seconds
[2025-04-19T08:39:07.955+0000] {processor.py:186} INFO - Started process (PID=244) to work on /home/airflow/.local/lib/python3.12/site-packages/airflow/example_dags/example_task_group_decorator.py
[2025-04-19T08:39:07.956+0000] {processor.py:914} INFO - Processing file /home/airflow/.local/lib/python3.12/site-packages/airflow/example_dags/example_task_group_decorator.py for tasks to queue
[2025-04-19T08:39:07.959+0000] {logging_mixin.py:190} INFO - [2025-04-19T08:39:07.958+0000] {dagbag.py:588} INFO - Filling up the DagBag from /home/airflow/.local/lib/python3.12/site-packages/airflow/example_dags/example_task_group_decorator.py
[2025-04-19T08:39:07.972+0000] {processor.py:925} INFO - DAG(s) 'example_task_group_decorator' retrieved from /home/airflow/.local/lib/python3.12/site-packages/airflow/example_dags/example_task_group_decorator.py
[2025-04-19T08:39:07.991+0000] {logging_mixin.py:190} INFO - [2025-04-19T08:39:07.991+0000] {dag.py:3239} INFO - Sync 1 DAGs
[2025-04-19T08:39:08.002+0000] {logging_mixin.py:190} INFO - [2025-04-19T08:39:08.002+0000] {dag.py:4180} INFO - Setting next_dagrun for example_task_group_decorator to None, run_after=None
[2025-04-19T08:39:08.015+0000] {processor.py:208} INFO - Processing /home/airflow/.local/lib/python3.12/site-packages/airflow/example_dags/example_task_group_decorator.py took 0.066 seconds
[2025-04-19T08:39:38.130+0000] {processor.py:186} INFO - Started process (PID=307) to work on /home/airflow/.local/lib/python3.12/site-packages/airflow/example_dags/example_task_group_decorator.py
[2025-04-19T08:39:38.131+0000] {processor.py:914} INFO - Processing file /home/airflow/.local/lib/python3.12/site-packages/airflow/example_dags/example_task_group_decorator.py for tasks to queue
[2025-04-19T08:39:38.134+0000] {logging_mixin.py:190} INFO - [2025-04-19T08:39:38.134+0000] {dagbag.py:588} INFO - Filling up the DagBag from /home/airflow/.local/lib/python3.12/site-packages/airflow/example_dags/example_task_group_decorator.py
[2025-04-19T08:39:38.146+0000] {processor.py:925} INFO - DAG(s) 'example_task_group_decorator' retrieved from /home/airflow/.local/lib/python3.12/site-packages/airflow/example_dags/example_task_group_decorator.py
[2025-04-19T08:39:38.167+0000] {logging_mixin.py:190} INFO - [2025-04-19T08:39:38.167+0000] {dag.py:3239} INFO - Sync 1 DAGs
[2025-04-19T08:39:38.178+0000] {logging_mixin.py:190} INFO - [2025-04-19T08:39:38.178+0000] {dag.py:4180} INFO - Setting next_dagrun for example_task_group_decorator to None, run_after=None
[2025-04-19T08:39:38.192+0000] {processor.py:208} INFO - Processing /home/airflow/.local/lib/python3.12/site-packages/airflow/example_dags/example_task_group_decorator.py took 0.068 seconds
[2025-04-19T08:40:08.764+0000] {processor.py:186} INFO - Started process (PID=370) to work on /home/airflow/.local/lib/python3.12/site-packages/airflow/example_dags/example_task_group_decorator.py
[2025-04-19T08:40:08.764+0000] {processor.py:914} INFO - Processing file /home/airflow/.local/lib/python3.12/site-packages/airflow/example_dags/example_task_group_decorator.py for tasks to queue
[2025-04-19T08:40:08.766+0000] {logging_mixin.py:190} INFO - [2025-04-19T08:40:08.766+0000] {dagbag.py:588} INFO - Filling up the DagBag from /home/airflow/.local/lib/python3.12/site-packages/airflow/example_dags/example_task_group_decorator.py
[2025-04-19T08:40:08.780+0000] {processor.py:925} INFO - DAG(s) 'example_task_group_decorator' retrieved from /home/airflow/.local/lib/python3.12/site-packages/airflow/example_dags/example_task_group_decorator.py
[2025-04-19T08:40:08.800+0000] {logging_mixin.py:190} INFO - [2025-04-19T08:40:08.799+0000] {dag.py:3239} INFO - Sync 1 DAGs
[2025-04-19T08:40:08.811+0000] {logging_mixin.py:190} INFO - [2025-04-19T08:40:08.810+0000] {dag.py:4180} INFO - Setting next_dagrun for example_task_group_decorator to None, run_after=None
[2025-04-19T08:40:08.823+0000] {processor.py:208} INFO - Processing /home/airflow/.local/lib/python3.12/site-packages/airflow/example_dags/example_task_group_decorator.py took 0.066 seconds
[2025-04-19T08:40:39.160+0000] {processor.py:186} INFO - Started process (PID=433) to work on /home/airflow/.local/lib/python3.12/site-packages/airflow/example_dags/example_task_group_decorator.py
[2025-04-19T08:40:39.167+0000] {processor.py:914} INFO - Processing file /home/airflow/.local/lib/python3.12/site-packages/airflow/example_dags/example_task_group_decorator.py for tasks to queue
[2025-04-19T08:40:39.176+0000] {logging_mixin.py:190} INFO - [2025-04-19T08:40:39.175+0000] {dagbag.py:588} INFO - Filling up the DagBag from /home/airflow/.local/lib/python3.12/site-packages/airflow/example_dags/example_task_group_decorator.py
[2025-04-19T08:40:39.231+0000] {processor.py:925} INFO - DAG(s) 'example_task_group_decorator' retrieved from /home/airflow/.local/lib/python3.12/site-packages/airflow/example_dags/example_task_group_decorator.py
[2025-04-19T08:40:39.319+0000] {logging_mixin.py:190} INFO - [2025-04-19T08:40:39.319+0000] {dag.py:3239} INFO - Sync 1 DAGs
[2025-04-19T08:40:39.359+0000] {logging_mixin.py:190} INFO - [2025-04-19T08:40:39.359+0000] {dag.py:4180} INFO - Setting next_dagrun for example_task_group_decorator to None, run_after=None
[2025-04-19T08:40:39.397+0000] {processor.py:208} INFO - Processing /home/airflow/.local/lib/python3.12/site-packages/airflow/example_dags/example_task_group_decorator.py took 0.267 seconds
[2025-04-19T08:41:09.506+0000] {processor.py:186} INFO - Started process (PID=495) to work on /home/airflow/.local/lib/python3.12/site-packages/airflow/example_dags/example_task_group_decorator.py
[2025-04-19T08:41:09.506+0000] {processor.py:914} INFO - Processing file /home/airflow/.local/lib/python3.12/site-packages/airflow/example_dags/example_task_group_decorator.py for tasks to queue
[2025-04-19T08:41:09.509+0000] {logging_mixin.py:190} INFO - [2025-04-19T08:41:09.508+0000] {dagbag.py:588} INFO - Filling up the DagBag from /home/airflow/.local/lib/python3.12/site-packages/airflow/example_dags/example_task_group_decorator.py
[2025-04-19T08:41:09.528+0000] {processor.py:925} INFO - DAG(s) 'example_task_group_decorator' retrieved from /home/airflow/.local/lib/python3.12/site-packages/airflow/example_dags/example_task_group_decorator.py
[2025-04-19T08:41:09.563+0000] {logging_mixin.py:190} INFO - [2025-04-19T08:41:09.562+0000] {dag.py:3239} INFO - Sync 1 DAGs
[2025-04-19T08:41:09.579+0000] {logging_mixin.py:190} INFO - [2025-04-19T08:41:09.579+0000] {dag.py:4180} INFO - Setting next_dagrun for example_task_group_decorator to None, run_after=None
[2025-04-19T08:41:09.599+0000] {processor.py:208} INFO - Processing /home/airflow/.local/lib/python3.12/site-packages/airflow/example_dags/example_task_group_decorator.py took 0.100 seconds
[2025-04-19T08:41:39.980+0000] {processor.py:186} INFO - Started process (PID=557) to work on /home/airflow/.local/lib/python3.12/site-packages/airflow/example_dags/example_task_group_decorator.py
[2025-04-19T08:41:39.981+0000] {processor.py:914} INFO - Processing file /home/airflow/.local/lib/python3.12/site-packages/airflow/example_dags/example_task_group_decorator.py for tasks to queue
[2025-04-19T08:41:39.986+0000] {logging_mixin.py:190} INFO - [2025-04-19T08:41:39.986+0000] {dagbag.py:588} INFO - Filling up the DagBag from /home/airflow/.local/lib/python3.12/site-packages/airflow/example_dags/example_task_group_decorator.py
[2025-04-19T08:41:40.008+0000] {processor.py:925} INFO - DAG(s) 'example_task_group_decorator' retrieved from /home/airflow/.local/lib/python3.12/site-packages/airflow/example_dags/example_task_group_decorator.py
[2025-04-19T08:41:40.047+0000] {logging_mixin.py:190} INFO - [2025-04-19T08:41:40.046+0000] {dag.py:3239} INFO - Sync 1 DAGs
[2025-04-19T08:41:40.064+0000] {logging_mixin.py:190} INFO - [2025-04-19T08:41:40.064+0000] {dag.py:4180} INFO - Setting next_dagrun for example_task_group_decorator to None, run_after=None
[2025-04-19T08:41:40.084+0000] {processor.py:208} INFO - Processing /home/airflow/.local/lib/python3.12/site-packages/airflow/example_dags/example_task_group_decorator.py took 0.119 seconds
[2025-04-19T08:42:10.631+0000] {processor.py:186} INFO - Started process (PID=619) to work on /home/airflow/.local/lib/python3.12/site-packages/airflow/example_dags/example_task_group_decorator.py
[2025-04-19T08:42:10.633+0000] {processor.py:914} INFO - Processing file /home/airflow/.local/lib/python3.12/site-packages/airflow/example_dags/example_task_group_decorator.py for tasks to queue
[2025-04-19T08:42:10.637+0000] {logging_mixin.py:190} INFO - [2025-04-19T08:42:10.637+0000] {dagbag.py:588} INFO - Filling up the DagBag from /home/airflow/.local/lib/python3.12/site-packages/airflow/example_dags/example_task_group_decorator.py
[2025-04-19T08:42:10.661+0000] {processor.py:925} INFO - DAG(s) 'example_task_group_decorator' retrieved from /home/airflow/.local/lib/python3.12/site-packages/airflow/example_dags/example_task_group_decorator.py
[2025-04-19T08:42:10.693+0000] {logging_mixin.py:190} INFO - [2025-04-19T08:42:10.692+0000] {dag.py:3239} INFO - Sync 1 DAGs
[2025-04-19T08:42:10.710+0000] {logging_mixin.py:190} INFO - [2025-04-19T08:42:10.709+0000] {dag.py:4180} INFO - Setting next_dagrun for example_task_group_decorator to None, run_after=None
[2025-04-19T08:42:10.727+0000] {processor.py:208} INFO - Processing /home/airflow/.local/lib/python3.12/site-packages/airflow/example_dags/example_task_group_decorator.py took 0.102 seconds
[2025-04-19T08:42:40.768+0000] {processor.py:186} INFO - Started process (PID=683) to work on /home/airflow/.local/lib/python3.12/site-packages/airflow/example_dags/example_task_group_decorator.py
[2025-04-19T08:42:40.769+0000] {processor.py:914} INFO - Processing file /home/airflow/.local/lib/python3.12/site-packages/airflow/example_dags/example_task_group_decorator.py for tasks to queue
[2025-04-19T08:42:40.770+0000] {logging_mixin.py:190} INFO - [2025-04-19T08:42:40.770+0000] {dagbag.py:588} INFO - Filling up the DagBag from /home/airflow/.local/lib/python3.12/site-packages/airflow/example_dags/example_task_group_decorator.py
[2025-04-19T08:42:40.783+0000] {processor.py:925} INFO - DAG(s) 'example_task_group_decorator' retrieved from /home/airflow/.local/lib/python3.12/site-packages/airflow/example_dags/example_task_group_decorator.py
[2025-04-19T08:42:40.806+0000] {logging_mixin.py:190} INFO - [2025-04-19T08:42:40.806+0000] {dag.py:3239} INFO - Sync 1 DAGs
[2025-04-19T08:42:40.818+0000] {logging_mixin.py:190} INFO - [2025-04-19T08:42:40.818+0000] {dag.py:4180} INFO - Setting next_dagrun for example_task_group_decorator to None, run_after=None
[2025-04-19T08:42:40.831+0000] {processor.py:208} INFO - Processing /home/airflow/.local/lib/python3.12/site-packages/airflow/example_dags/example_task_group_decorator.py took 0.068 seconds
[2025-04-19T08:43:11.644+0000] {processor.py:186} INFO - Started process (PID=747) to work on /home/airflow/.local/lib/python3.12/site-packages/airflow/example_dags/example_task_group_decorator.py
[2025-04-19T08:43:11.645+0000] {processor.py:914} INFO - Processing file /home/airflow/.local/lib/python3.12/site-packages/airflow/example_dags/example_task_group_decorator.py for tasks to queue
[2025-04-19T08:43:11.648+0000] {logging_mixin.py:190} INFO - [2025-04-19T08:43:11.647+0000] {dagbag.py:588} INFO - Filling up the DagBag from /home/airflow/.local/lib/python3.12/site-packages/airflow/example_dags/example_task_group_decorator.py
[2025-04-19T08:43:11.661+0000] {processor.py:925} INFO - DAG(s) 'example_task_group_decorator' retrieved from /home/airflow/.local/lib/python3.12/site-packages/airflow/example_dags/example_task_group_decorator.py
[2025-04-19T08:43:11.682+0000] {logging_mixin.py:190} INFO - [2025-04-19T08:43:11.681+0000] {dag.py:3239} INFO - Sync 1 DAGs
[2025-04-19T08:43:11.695+0000] {logging_mixin.py:190} INFO - [2025-04-19T08:43:11.695+0000] {dag.py:4180} INFO - Setting next_dagrun for example_task_group_decorator to None, run_after=None
[2025-04-19T08:43:11.712+0000] {processor.py:208} INFO - Processing /home/airflow/.local/lib/python3.12/site-packages/airflow/example_dags/example_task_group_decorator.py took 0.074 seconds
