[2025-04-19T08:38:09.264+0000] {processor.py:186} INFO - Started process (PID=122) to work on /home/airflow/.local/lib/python3.12/site-packages/airflow/example_dags/example_skip_dag.py
[2025-04-19T08:38:09.271+0000] {processor.py:914} INFO - Processing file /home/airflow/.local/lib/python3.12/site-packages/airflow/example_dags/example_skip_dag.py for tasks to queue
[2025-04-19T08:38:09.279+0000] {logging_mixin.py:190} INFO - [2025-04-19T08:38:09.279+0000] {dagbag.py:588} INFO - Filling up the DagBag from /home/airflow/.local/lib/python3.12/site-packages/airflow/example_dags/example_skip_dag.py
[2025-04-19T08:38:09.346+0000] {processor.py:925} INFO - DAG(s) 'example_skip_dag' retrieved from /home/airflow/.local/lib/python3.12/site-packages/airflow/example_dags/example_skip_dag.py
[2025-04-19T08:38:10.389+0000] {logging_mixin.py:190} INFO - [2025-04-19T08:38:10.384+0000] {override.py:1911} INFO - Created Permission View: can delete on DAG:example_skip_dag
[2025-04-19T08:38:10.423+0000] {logging_mixin.py:190} INFO - [2025-04-19T08:38:10.423+0000] {override.py:1911} INFO - Created Permission View: can read on DAG:example_skip_dag
[2025-04-19T08:38:10.440+0000] {logging_mixin.py:190} INFO - [2025-04-19T08:38:10.440+0000] {override.py:1911} INFO - Created Permission View: can edit on DAG:example_skip_dag
[2025-04-19T08:38:10.457+0000] {logging_mixin.py:190} INFO - [2025-04-19T08:38:10.457+0000] {override.py:1911} INFO - Created Permission View: can delete on DAG Run:example_skip_dag
[2025-04-19T08:38:10.480+0000] {logging_mixin.py:190} INFO - [2025-04-19T08:38:10.479+0000] {override.py:1911} INFO - Created Permission View: can read on DAG Run:example_skip_dag
[2025-04-19T08:38:10.520+0000] {logging_mixin.py:190} INFO - [2025-04-19T08:38:10.519+0000] {override.py:1911} INFO - Created Permission View: can create on DAG Run:example_skip_dag
[2025-04-19T08:38:10.559+0000] {logging_mixin.py:190} INFO - [2025-04-19T08:38:10.558+0000] {override.py:1911} INFO - Created Permission View: menu access on DAG Run:example_skip_dag
[2025-04-19T08:38:10.559+0000] {logging_mixin.py:190} INFO - [2025-04-19T08:38:10.559+0000] {dag.py:3239} INFO - Sync 1 DAGs
[2025-04-19T08:38:10.627+0000] {logging_mixin.py:190} INFO - [2025-04-19T08:38:10.626+0000] {dag.py:3262} INFO - Creating ORM DAG for example_skip_dag
[2025-04-19T08:38:10.695+0000] {logging_mixin.py:190} INFO - [2025-04-19T08:38:10.694+0000] {dag.py:4180} INFO - Setting next_dagrun for example_skip_dag to 2025-04-18 00:00:00+00:00, run_after=2025-04-19 00:00:00+00:00
[2025-04-19T08:38:10.792+0000] {processor.py:208} INFO - Processing /home/airflow/.local/lib/python3.12/site-packages/airflow/example_dags/example_skip_dag.py took 1.563 seconds
[2025-04-19T08:38:41.151+0000] {processor.py:186} INFO - Started process (PID=184) to work on /home/airflow/.local/lib/python3.12/site-packages/airflow/example_dags/example_skip_dag.py
[2025-04-19T08:38:41.151+0000] {processor.py:914} INFO - Processing file /home/airflow/.local/lib/python3.12/site-packages/airflow/example_dags/example_skip_dag.py for tasks to queue
[2025-04-19T08:38:41.154+0000] {logging_mixin.py:190} INFO - [2025-04-19T08:38:41.153+0000] {dagbag.py:588} INFO - Filling up the DagBag from /home/airflow/.local/lib/python3.12/site-packages/airflow/example_dags/example_skip_dag.py
[2025-04-19T08:38:41.163+0000] {processor.py:925} INFO - DAG(s) 'example_skip_dag' retrieved from /home/airflow/.local/lib/python3.12/site-packages/airflow/example_dags/example_skip_dag.py
[2025-04-19T08:38:41.183+0000] {logging_mixin.py:190} INFO - [2025-04-19T08:38:41.183+0000] {dag.py:3239} INFO - Sync 1 DAGs
[2025-04-19T08:38:41.205+0000] {logging_mixin.py:190} INFO - [2025-04-19T08:38:41.205+0000] {dag.py:4180} INFO - Setting next_dagrun for example_skip_dag to 2025-04-18 00:00:00+00:00, run_after=2025-04-19 00:00:00+00:00
[2025-04-19T08:38:41.219+0000] {processor.py:208} INFO - Processing /home/airflow/.local/lib/python3.12/site-packages/airflow/example_dags/example_skip_dag.py took 0.073 seconds
[2025-04-19T08:39:11.722+0000] {processor.py:186} INFO - Started process (PID=247) to work on /home/airflow/.local/lib/python3.12/site-packages/airflow/example_dags/example_skip_dag.py
[2025-04-19T08:39:11.723+0000] {processor.py:914} INFO - Processing file /home/airflow/.local/lib/python3.12/site-packages/airflow/example_dags/example_skip_dag.py for tasks to queue
[2025-04-19T08:39:11.725+0000] {logging_mixin.py:190} INFO - [2025-04-19T08:39:11.724+0000] {dagbag.py:588} INFO - Filling up the DagBag from /home/airflow/.local/lib/python3.12/site-packages/airflow/example_dags/example_skip_dag.py
[2025-04-19T08:39:11.731+0000] {processor.py:925} INFO - DAG(s) 'example_skip_dag' retrieved from /home/airflow/.local/lib/python3.12/site-packages/airflow/example_dags/example_skip_dag.py
[2025-04-19T08:39:11.747+0000] {logging_mixin.py:190} INFO - [2025-04-19T08:39:11.747+0000] {dag.py:3239} INFO - Sync 1 DAGs
[2025-04-19T08:39:11.765+0000] {logging_mixin.py:190} INFO - [2025-04-19T08:39:11.765+0000] {dag.py:4180} INFO - Setting next_dagrun for example_skip_dag to 2025-04-18 00:00:00+00:00, run_after=2025-04-19 00:00:00+00:00
[2025-04-19T08:39:11.778+0000] {processor.py:208} INFO - Processing /home/airflow/.local/lib/python3.12/site-packages/airflow/example_dags/example_skip_dag.py took 0.060 seconds
[2025-04-19T08:39:42.291+0000] {processor.py:186} INFO - Started process (PID=310) to work on /home/airflow/.local/lib/python3.12/site-packages/airflow/example_dags/example_skip_dag.py
[2025-04-19T08:39:42.291+0000] {processor.py:914} INFO - Processing file /home/airflow/.local/lib/python3.12/site-packages/airflow/example_dags/example_skip_dag.py for tasks to queue
[2025-04-19T08:39:42.294+0000] {logging_mixin.py:190} INFO - [2025-04-19T08:39:42.293+0000] {dagbag.py:588} INFO - Filling up the DagBag from /home/airflow/.local/lib/python3.12/site-packages/airflow/example_dags/example_skip_dag.py
[2025-04-19T08:39:42.304+0000] {processor.py:925} INFO - DAG(s) 'example_skip_dag' retrieved from /home/airflow/.local/lib/python3.12/site-packages/airflow/example_dags/example_skip_dag.py
[2025-04-19T08:39:42.331+0000] {logging_mixin.py:190} INFO - [2025-04-19T08:39:42.331+0000] {dag.py:3239} INFO - Sync 1 DAGs
[2025-04-19T08:39:42.358+0000] {logging_mixin.py:190} INFO - [2025-04-19T08:39:42.358+0000] {dag.py:4180} INFO - Setting next_dagrun for example_skip_dag to 2025-04-18 00:00:00+00:00, run_after=2025-04-19 00:00:00+00:00
[2025-04-19T08:39:42.376+0000] {processor.py:208} INFO - Processing /home/airflow/.local/lib/python3.12/site-packages/airflow/example_dags/example_skip_dag.py took 0.098 seconds
[2025-04-19T08:40:12.873+0000] {processor.py:186} INFO - Started process (PID=372) to work on /home/airflow/.local/lib/python3.12/site-packages/airflow/example_dags/example_skip_dag.py
[2025-04-19T08:40:12.875+0000] {processor.py:914} INFO - Processing file /home/airflow/.local/lib/python3.12/site-packages/airflow/example_dags/example_skip_dag.py for tasks to queue
[2025-04-19T08:40:12.878+0000] {logging_mixin.py:190} INFO - [2025-04-19T08:40:12.877+0000] {dagbag.py:588} INFO - Filling up the DagBag from /home/airflow/.local/lib/python3.12/site-packages/airflow/example_dags/example_skip_dag.py
[2025-04-19T08:40:12.884+0000] {processor.py:925} INFO - DAG(s) 'example_skip_dag' retrieved from /home/airflow/.local/lib/python3.12/site-packages/airflow/example_dags/example_skip_dag.py
[2025-04-19T08:40:12.901+0000] {logging_mixin.py:190} INFO - [2025-04-19T08:40:12.901+0000] {dag.py:3239} INFO - Sync 1 DAGs
[2025-04-19T08:40:12.920+0000] {logging_mixin.py:190} INFO - [2025-04-19T08:40:12.920+0000] {dag.py:4180} INFO - Setting next_dagrun for example_skip_dag to 2025-04-18 00:00:00+00:00, run_after=2025-04-19 00:00:00+00:00
[2025-04-19T08:40:12.934+0000] {processor.py:208} INFO - Processing /home/airflow/.local/lib/python3.12/site-packages/airflow/example_dags/example_skip_dag.py took 0.065 seconds
[2025-04-19T08:40:43.487+0000] {processor.py:186} INFO - Started process (PID=435) to work on /home/airflow/.local/lib/python3.12/site-packages/airflow/example_dags/example_skip_dag.py
[2025-04-19T08:40:43.487+0000] {processor.py:914} INFO - Processing file /home/airflow/.local/lib/python3.12/site-packages/airflow/example_dags/example_skip_dag.py for tasks to queue
[2025-04-19T08:40:43.489+0000] {logging_mixin.py:190} INFO - [2025-04-19T08:40:43.489+0000] {dagbag.py:588} INFO - Filling up the DagBag from /home/airflow/.local/lib/python3.12/site-packages/airflow/example_dags/example_skip_dag.py
[2025-04-19T08:40:43.495+0000] {processor.py:925} INFO - DAG(s) 'example_skip_dag' retrieved from /home/airflow/.local/lib/python3.12/site-packages/airflow/example_dags/example_skip_dag.py
[2025-04-19T08:40:43.512+0000] {logging_mixin.py:190} INFO - [2025-04-19T08:40:43.512+0000] {dag.py:3239} INFO - Sync 1 DAGs
[2025-04-19T08:40:43.530+0000] {logging_mixin.py:190} INFO - [2025-04-19T08:40:43.529+0000] {dag.py:4180} INFO - Setting next_dagrun for example_skip_dag to 2025-04-18 00:00:00+00:00, run_after=2025-04-19 00:00:00+00:00
[2025-04-19T08:40:43.543+0000] {processor.py:208} INFO - Processing /home/airflow/.local/lib/python3.12/site-packages/airflow/example_dags/example_skip_dag.py took 0.061 seconds
[2025-04-19T08:41:13.693+0000] {processor.py:186} INFO - Started process (PID=497) to work on /home/airflow/.local/lib/python3.12/site-packages/airflow/example_dags/example_skip_dag.py
[2025-04-19T08:41:13.694+0000] {processor.py:914} INFO - Processing file /home/airflow/.local/lib/python3.12/site-packages/airflow/example_dags/example_skip_dag.py for tasks to queue
[2025-04-19T08:41:13.701+0000] {logging_mixin.py:190} INFO - [2025-04-19T08:41:13.701+0000] {dagbag.py:588} INFO - Filling up the DagBag from /home/airflow/.local/lib/python3.12/site-packages/airflow/example_dags/example_skip_dag.py
[2025-04-19T08:41:13.712+0000] {processor.py:925} INFO - DAG(s) 'example_skip_dag' retrieved from /home/airflow/.local/lib/python3.12/site-packages/airflow/example_dags/example_skip_dag.py
[2025-04-19T08:41:13.760+0000] {logging_mixin.py:190} INFO - [2025-04-19T08:41:13.760+0000] {dag.py:3239} INFO - Sync 1 DAGs
[2025-04-19T08:41:13.822+0000] {logging_mixin.py:190} INFO - [2025-04-19T08:41:13.822+0000] {dag.py:4180} INFO - Setting next_dagrun for example_skip_dag to 2025-04-18 00:00:00+00:00, run_after=2025-04-19 00:00:00+00:00
[2025-04-19T08:41:13.873+0000] {processor.py:208} INFO - Processing /home/airflow/.local/lib/python3.12/site-packages/airflow/example_dags/example_skip_dag.py took 0.198 seconds
[2025-04-19T08:41:44.143+0000] {processor.py:186} INFO - Started process (PID=559) to work on /home/airflow/.local/lib/python3.12/site-packages/airflow/example_dags/example_skip_dag.py
[2025-04-19T08:41:44.143+0000] {processor.py:914} INFO - Processing file /home/airflow/.local/lib/python3.12/site-packages/airflow/example_dags/example_skip_dag.py for tasks to queue
[2025-04-19T08:41:44.145+0000] {logging_mixin.py:190} INFO - [2025-04-19T08:41:44.145+0000] {dagbag.py:588} INFO - Filling up the DagBag from /home/airflow/.local/lib/python3.12/site-packages/airflow/example_dags/example_skip_dag.py
[2025-04-19T08:41:44.152+0000] {processor.py:925} INFO - DAG(s) 'example_skip_dag' retrieved from /home/airflow/.local/lib/python3.12/site-packages/airflow/example_dags/example_skip_dag.py
[2025-04-19T08:41:44.169+0000] {logging_mixin.py:190} INFO - [2025-04-19T08:41:44.168+0000] {dag.py:3239} INFO - Sync 1 DAGs
[2025-04-19T08:41:44.187+0000] {logging_mixin.py:190} INFO - [2025-04-19T08:41:44.187+0000] {dag.py:4180} INFO - Setting next_dagrun for example_skip_dag to 2025-04-18 00:00:00+00:00, run_after=2025-04-19 00:00:00+00:00
[2025-04-19T08:41:44.201+0000] {processor.py:208} INFO - Processing /home/airflow/.local/lib/python3.12/site-packages/airflow/example_dags/example_skip_dag.py took 0.063 seconds
[2025-04-19T08:42:14.484+0000] {processor.py:186} INFO - Started process (PID=622) to work on /home/airflow/.local/lib/python3.12/site-packages/airflow/example_dags/example_skip_dag.py
[2025-04-19T08:42:14.485+0000] {processor.py:914} INFO - Processing file /home/airflow/.local/lib/python3.12/site-packages/airflow/example_dags/example_skip_dag.py for tasks to queue
[2025-04-19T08:42:14.487+0000] {logging_mixin.py:190} INFO - [2025-04-19T08:42:14.487+0000] {dagbag.py:588} INFO - Filling up the DagBag from /home/airflow/.local/lib/python3.12/site-packages/airflow/example_dags/example_skip_dag.py
[2025-04-19T08:42:14.493+0000] {processor.py:925} INFO - DAG(s) 'example_skip_dag' retrieved from /home/airflow/.local/lib/python3.12/site-packages/airflow/example_dags/example_skip_dag.py
[2025-04-19T08:42:14.510+0000] {logging_mixin.py:190} INFO - [2025-04-19T08:42:14.510+0000] {dag.py:3239} INFO - Sync 1 DAGs
[2025-04-19T08:42:14.528+0000] {logging_mixin.py:190} INFO - [2025-04-19T08:42:14.528+0000] {dag.py:4180} INFO - Setting next_dagrun for example_skip_dag to 2025-04-18 00:00:00+00:00, run_after=2025-04-19 00:00:00+00:00
[2025-04-19T08:42:14.540+0000] {processor.py:208} INFO - Processing /home/airflow/.local/lib/python3.12/site-packages/airflow/example_dags/example_skip_dag.py took 0.060 seconds
[2025-04-19T08:42:44.706+0000] {processor.py:186} INFO - Started process (PID=686) to work on /home/airflow/.local/lib/python3.12/site-packages/airflow/example_dags/example_skip_dag.py
[2025-04-19T08:42:44.707+0000] {processor.py:914} INFO - Processing file /home/airflow/.local/lib/python3.12/site-packages/airflow/example_dags/example_skip_dag.py for tasks to queue
[2025-04-19T08:42:44.709+0000] {logging_mixin.py:190} INFO - [2025-04-19T08:42:44.708+0000] {dagbag.py:588} INFO - Filling up the DagBag from /home/airflow/.local/lib/python3.12/site-packages/airflow/example_dags/example_skip_dag.py
[2025-04-19T08:42:44.715+0000] {processor.py:925} INFO - DAG(s) 'example_skip_dag' retrieved from /home/airflow/.local/lib/python3.12/site-packages/airflow/example_dags/example_skip_dag.py
[2025-04-19T08:42:44.732+0000] {logging_mixin.py:190} INFO - [2025-04-19T08:42:44.732+0000] {dag.py:3239} INFO - Sync 1 DAGs
[2025-04-19T08:42:44.749+0000] {logging_mixin.py:190} INFO - [2025-04-19T08:42:44.749+0000] {dag.py:4180} INFO - Setting next_dagrun for example_skip_dag to 2025-04-18 00:00:00+00:00, run_after=2025-04-19 00:00:00+00:00
[2025-04-19T08:42:44.762+0000] {processor.py:208} INFO - Processing /home/airflow/.local/lib/python3.12/site-packages/airflow/example_dags/example_skip_dag.py took 0.061 seconds
