[2025-04-19T08:38:06.899+0000] {processor.py:186} INFO - Started process (PID=120) to work on /home/airflow/.local/lib/python3.12/site-packages/airflow/example_dags/example_workday_timetable.py
[2025-04-19T08:38:06.903+0000] {processor.py:914} INFO - Processing file /home/airflow/.local/lib/python3.12/site-packages/airflow/example_dags/example_workday_timetable.py for tasks to queue
[2025-04-19T08:38:06.911+0000] {logging_mixin.py:190} INFO - [2025-04-19T08:38:06.910+0000] {dagbag.py:588} INFO - Filling up the DagBag from /home/airflow/.local/lib/python3.12/site-packages/airflow/example_dags/example_workday_timetable.py
[2025-04-19T08:38:06.985+0000] {processor.py:925} INFO - DAG(s) 'example_workday_timetable' retrieved from /home/airflow/.local/lib/python3.12/site-packages/airflow/example_dags/example_workday_timetable.py
[2025-04-19T08:38:07.818+0000] {logging_mixin.py:190} INFO - [2025-04-19T08:38:07.817+0000] {override.py:1911} INFO - Created Permission View: can delete on DAG:example_workday_timetable
[2025-04-19T08:38:07.900+0000] {logging_mixin.py:190} INFO - [2025-04-19T08:38:07.899+0000] {override.py:1911} INFO - Created Permission View: can read on DAG:example_workday_timetable
[2025-04-19T08:38:07.982+0000] {logging_mixin.py:190} INFO - [2025-04-19T08:38:07.982+0000] {override.py:1911} INFO - Created Permission View: can edit on DAG:example_workday_timetable
[2025-04-19T08:38:08.068+0000] {logging_mixin.py:190} INFO - [2025-04-19T08:38:08.062+0000] {override.py:1911} INFO - Created Permission View: can delete on DAG Run:example_workday_timetable
[2025-04-19T08:38:08.112+0000] {logging_mixin.py:190} INFO - [2025-04-19T08:38:08.112+0000] {override.py:1911} INFO - Created Permission View: can read on DAG Run:example_workday_timetable
[2025-04-19T08:38:08.209+0000] {logging_mixin.py:190} INFO - [2025-04-19T08:38:08.209+0000] {override.py:1911} INFO - Created Permission View: can create on DAG Run:example_workday_timetable
[2025-04-19T08:38:08.235+0000] {logging_mixin.py:190} INFO - [2025-04-19T08:38:08.234+0000] {override.py:1911} INFO - Created Permission View: menu access on DAG Run:example_workday_timetable
[2025-04-19T08:38:08.235+0000] {logging_mixin.py:190} INFO - [2025-04-19T08:38:08.235+0000] {dag.py:3239} INFO - Sync 1 DAGs
[2025-04-19T08:38:08.308+0000] {logging_mixin.py:190} INFO - [2025-04-19T08:38:08.308+0000] {dag.py:3262} INFO - Creating ORM DAG for example_workday_timetable
[2025-04-19T08:38:08.793+0000] {logging_mixin.py:190} INFO - [2025-04-19T08:38:08.790+0000] {dag.py:4180} INFO - Setting next_dagrun for example_workday_timetable to 2021-01-04 00:00:00+00:00, run_after=2021-01-05 00:00:00+00:00
[2025-04-19T08:38:08.974+0000] {processor.py:208} INFO - Processing /home/airflow/.local/lib/python3.12/site-packages/airflow/example_dags/example_workday_timetable.py took 2.091 seconds
[2025-04-19T08:38:39.495+0000] {processor.py:186} INFO - Started process (PID=183) to work on /home/airflow/.local/lib/python3.12/site-packages/airflow/example_dags/example_workday_timetable.py
[2025-04-19T08:38:39.496+0000] {processor.py:914} INFO - Processing file /home/airflow/.local/lib/python3.12/site-packages/airflow/example_dags/example_workday_timetable.py for tasks to queue
[2025-04-19T08:38:39.498+0000] {logging_mixin.py:190} INFO - [2025-04-19T08:38:39.498+0000] {dagbag.py:588} INFO - Filling up the DagBag from /home/airflow/.local/lib/python3.12/site-packages/airflow/example_dags/example_workday_timetable.py
[2025-04-19T08:38:39.504+0000] {processor.py:925} INFO - DAG(s) 'example_workday_timetable' retrieved from /home/airflow/.local/lib/python3.12/site-packages/airflow/example_dags/example_workday_timetable.py
[2025-04-19T08:38:39.524+0000] {logging_mixin.py:190} INFO - [2025-04-19T08:38:39.524+0000] {dag.py:3239} INFO - Sync 1 DAGs
[2025-04-19T08:38:39.610+0000] {logging_mixin.py:190} INFO - [2025-04-19T08:38:39.610+0000] {dag.py:4180} INFO - Setting next_dagrun for example_workday_timetable to 2021-01-04 00:00:00+00:00, run_after=2021-01-05 00:00:00+00:00
[2025-04-19T08:38:39.629+0000] {processor.py:208} INFO - Processing /home/airflow/.local/lib/python3.12/site-packages/airflow/example_dags/example_workday_timetable.py took 0.140 seconds
[2025-04-19T08:39:09.999+0000] {processor.py:186} INFO - Started process (PID=245) to work on /home/airflow/.local/lib/python3.12/site-packages/airflow/example_dags/example_workday_timetable.py
[2025-04-19T08:39:10.000+0000] {processor.py:914} INFO - Processing file /home/airflow/.local/lib/python3.12/site-packages/airflow/example_dags/example_workday_timetable.py for tasks to queue
[2025-04-19T08:39:10.002+0000] {logging_mixin.py:190} INFO - [2025-04-19T08:39:10.001+0000] {dagbag.py:588} INFO - Filling up the DagBag from /home/airflow/.local/lib/python3.12/site-packages/airflow/example_dags/example_workday_timetable.py
[2025-04-19T08:39:10.006+0000] {processor.py:925} INFO - DAG(s) 'example_workday_timetable' retrieved from /home/airflow/.local/lib/python3.12/site-packages/airflow/example_dags/example_workday_timetable.py
[2025-04-19T08:39:10.021+0000] {logging_mixin.py:190} INFO - [2025-04-19T08:39:10.021+0000] {dag.py:3239} INFO - Sync 1 DAGs
[2025-04-19T08:39:10.072+0000] {logging_mixin.py:190} INFO - [2025-04-19T08:39:10.072+0000] {dag.py:4180} INFO - Setting next_dagrun for example_workday_timetable to 2021-01-04 00:00:00+00:00, run_after=2021-01-05 00:00:00+00:00
[2025-04-19T08:39:10.087+0000] {processor.py:208} INFO - Processing /home/airflow/.local/lib/python3.12/site-packages/airflow/example_dags/example_workday_timetable.py took 0.092 seconds
[2025-04-19T08:39:40.190+0000] {processor.py:186} INFO - Started process (PID=308) to work on /home/airflow/.local/lib/python3.12/site-packages/airflow/example_dags/example_workday_timetable.py
[2025-04-19T08:39:40.191+0000] {processor.py:914} INFO - Processing file /home/airflow/.local/lib/python3.12/site-packages/airflow/example_dags/example_workday_timetable.py for tasks to queue
[2025-04-19T08:39:40.192+0000] {logging_mixin.py:190} INFO - [2025-04-19T08:39:40.192+0000] {dagbag.py:588} INFO - Filling up the DagBag from /home/airflow/.local/lib/python3.12/site-packages/airflow/example_dags/example_workday_timetable.py
[2025-04-19T08:39:40.197+0000] {processor.py:925} INFO - DAG(s) 'example_workday_timetable' retrieved from /home/airflow/.local/lib/python3.12/site-packages/airflow/example_dags/example_workday_timetable.py
[2025-04-19T08:39:40.216+0000] {logging_mixin.py:190} INFO - [2025-04-19T08:39:40.216+0000] {dag.py:3239} INFO - Sync 1 DAGs
[2025-04-19T08:39:40.266+0000] {logging_mixin.py:190} INFO - [2025-04-19T08:39:40.266+0000] {dag.py:4180} INFO - Setting next_dagrun for example_workday_timetable to 2021-01-04 00:00:00+00:00, run_after=2021-01-05 00:00:00+00:00
[2025-04-19T08:39:40.280+0000] {processor.py:208} INFO - Processing /home/airflow/.local/lib/python3.12/site-packages/airflow/example_dags/example_workday_timetable.py took 0.095 seconds
[2025-04-19T08:40:10.794+0000] {processor.py:186} INFO - Started process (PID=371) to work on /home/airflow/.local/lib/python3.12/site-packages/airflow/example_dags/example_workday_timetable.py
[2025-04-19T08:40:10.796+0000] {processor.py:914} INFO - Processing file /home/airflow/.local/lib/python3.12/site-packages/airflow/example_dags/example_workday_timetable.py for tasks to queue
[2025-04-19T08:40:10.798+0000] {logging_mixin.py:190} INFO - [2025-04-19T08:40:10.798+0000] {dagbag.py:588} INFO - Filling up the DagBag from /home/airflow/.local/lib/python3.12/site-packages/airflow/example_dags/example_workday_timetable.py
[2025-04-19T08:40:10.803+0000] {processor.py:925} INFO - DAG(s) 'example_workday_timetable' retrieved from /home/airflow/.local/lib/python3.12/site-packages/airflow/example_dags/example_workday_timetable.py
[2025-04-19T08:40:10.818+0000] {logging_mixin.py:190} INFO - [2025-04-19T08:40:10.818+0000] {dag.py:3239} INFO - Sync 1 DAGs
[2025-04-19T08:40:10.870+0000] {logging_mixin.py:190} INFO - [2025-04-19T08:40:10.870+0000] {dag.py:4180} INFO - Setting next_dagrun for example_workday_timetable to 2021-01-04 00:00:00+00:00, run_after=2021-01-05 00:00:00+00:00
[2025-04-19T08:40:10.884+0000] {processor.py:208} INFO - Processing /home/airflow/.local/lib/python3.12/site-packages/airflow/example_dags/example_workday_timetable.py took 0.095 seconds
[2025-04-19T08:40:41.283+0000] {processor.py:186} INFO - Started process (PID=434) to work on /home/airflow/.local/lib/python3.12/site-packages/airflow/example_dags/example_workday_timetable.py
[2025-04-19T08:40:41.286+0000] {processor.py:914} INFO - Processing file /home/airflow/.local/lib/python3.12/site-packages/airflow/example_dags/example_workday_timetable.py for tasks to queue
[2025-04-19T08:40:41.291+0000] {logging_mixin.py:190} INFO - [2025-04-19T08:40:41.291+0000] {dagbag.py:588} INFO - Filling up the DagBag from /home/airflow/.local/lib/python3.12/site-packages/airflow/example_dags/example_workday_timetable.py
[2025-04-19T08:40:41.302+0000] {processor.py:925} INFO - DAG(s) 'example_workday_timetable' retrieved from /home/airflow/.local/lib/python3.12/site-packages/airflow/example_dags/example_workday_timetable.py
[2025-04-19T08:40:41.345+0000] {logging_mixin.py:190} INFO - [2025-04-19T08:40:41.345+0000] {dag.py:3239} INFO - Sync 1 DAGs
[2025-04-19T08:40:41.548+0000] {logging_mixin.py:190} INFO - [2025-04-19T08:40:41.546+0000] {dag.py:4180} INFO - Setting next_dagrun for example_workday_timetable to 2021-01-04 00:00:00+00:00, run_after=2021-01-05 00:00:00+00:00
[2025-04-19T08:40:41.585+0000] {processor.py:208} INFO - Processing /home/airflow/.local/lib/python3.12/site-packages/airflow/example_dags/example_workday_timetable.py took 0.319 seconds
[2025-04-19T08:41:11.643+0000] {processor.py:186} INFO - Started process (PID=496) to work on /home/airflow/.local/lib/python3.12/site-packages/airflow/example_dags/example_workday_timetable.py
[2025-04-19T08:41:11.644+0000] {processor.py:914} INFO - Processing file /home/airflow/.local/lib/python3.12/site-packages/airflow/example_dags/example_workday_timetable.py for tasks to queue
[2025-04-19T08:41:11.646+0000] {logging_mixin.py:190} INFO - [2025-04-19T08:41:11.645+0000] {dagbag.py:588} INFO - Filling up the DagBag from /home/airflow/.local/lib/python3.12/site-packages/airflow/example_dags/example_workday_timetable.py
[2025-04-19T08:41:11.651+0000] {processor.py:925} INFO - DAG(s) 'example_workday_timetable' retrieved from /home/airflow/.local/lib/python3.12/site-packages/airflow/example_dags/example_workday_timetable.py
[2025-04-19T08:41:11.666+0000] {logging_mixin.py:190} INFO - [2025-04-19T08:41:11.666+0000] {dag.py:3239} INFO - Sync 1 DAGs
[2025-04-19T08:41:11.717+0000] {logging_mixin.py:190} INFO - [2025-04-19T08:41:11.717+0000] {dag.py:4180} INFO - Setting next_dagrun for example_workday_timetable to 2021-01-04 00:00:00+00:00, run_after=2021-01-05 00:00:00+00:00
[2025-04-19T08:41:11.732+0000] {processor.py:208} INFO - Processing /home/airflow/.local/lib/python3.12/site-packages/airflow/example_dags/example_workday_timetable.py took 0.093 seconds
[2025-04-19T08:41:42.126+0000] {processor.py:186} INFO - Started process (PID=558) to work on /home/airflow/.local/lib/python3.12/site-packages/airflow/example_dags/example_workday_timetable.py
[2025-04-19T08:41:42.127+0000] {processor.py:914} INFO - Processing file /home/airflow/.local/lib/python3.12/site-packages/airflow/example_dags/example_workday_timetable.py for tasks to queue
[2025-04-19T08:41:42.129+0000] {logging_mixin.py:190} INFO - [2025-04-19T08:41:42.129+0000] {dagbag.py:588} INFO - Filling up the DagBag from /home/airflow/.local/lib/python3.12/site-packages/airflow/example_dags/example_workday_timetable.py
[2025-04-19T08:41:42.134+0000] {processor.py:925} INFO - DAG(s) 'example_workday_timetable' retrieved from /home/airflow/.local/lib/python3.12/site-packages/airflow/example_dags/example_workday_timetable.py
[2025-04-19T08:41:42.149+0000] {logging_mixin.py:190} INFO - [2025-04-19T08:41:42.149+0000] {dag.py:3239} INFO - Sync 1 DAGs
[2025-04-19T08:41:42.198+0000] {logging_mixin.py:190} INFO - [2025-04-19T08:41:42.198+0000] {dag.py:4180} INFO - Setting next_dagrun for example_workday_timetable to 2021-01-04 00:00:00+00:00, run_after=2021-01-05 00:00:00+00:00
[2025-04-19T08:41:42.213+0000] {processor.py:208} INFO - Processing /home/airflow/.local/lib/python3.12/site-packages/airflow/example_dags/example_workday_timetable.py took 0.091 seconds
[2025-04-19T08:42:12.468+0000] {processor.py:186} INFO - Started process (PID=621) to work on /home/airflow/.local/lib/python3.12/site-packages/airflow/example_dags/example_workday_timetable.py
[2025-04-19T08:42:12.468+0000] {processor.py:914} INFO - Processing file /home/airflow/.local/lib/python3.12/site-packages/airflow/example_dags/example_workday_timetable.py for tasks to queue
[2025-04-19T08:42:12.470+0000] {logging_mixin.py:190} INFO - [2025-04-19T08:42:12.470+0000] {dagbag.py:588} INFO - Filling up the DagBag from /home/airflow/.local/lib/python3.12/site-packages/airflow/example_dags/example_workday_timetable.py
[2025-04-19T08:42:12.475+0000] {processor.py:925} INFO - DAG(s) 'example_workday_timetable' retrieved from /home/airflow/.local/lib/python3.12/site-packages/airflow/example_dags/example_workday_timetable.py
[2025-04-19T08:42:12.489+0000] {logging_mixin.py:190} INFO - [2025-04-19T08:42:12.489+0000] {dag.py:3239} INFO - Sync 1 DAGs
[2025-04-19T08:42:12.539+0000] {logging_mixin.py:190} INFO - [2025-04-19T08:42:12.539+0000] {dag.py:4180} INFO - Setting next_dagrun for example_workday_timetable to 2021-01-04 00:00:00+00:00, run_after=2021-01-05 00:00:00+00:00
[2025-04-19T08:42:12.554+0000] {processor.py:208} INFO - Processing /home/airflow/.local/lib/python3.12/site-packages/airflow/example_dags/example_workday_timetable.py took 0.091 seconds
[2025-04-19T08:42:42.691+0000] {processor.py:186} INFO - Started process (PID=685) to work on /home/airflow/.local/lib/python3.12/site-packages/airflow/example_dags/example_workday_timetable.py
[2025-04-19T08:42:42.692+0000] {processor.py:914} INFO - Processing file /home/airflow/.local/lib/python3.12/site-packages/airflow/example_dags/example_workday_timetable.py for tasks to queue
[2025-04-19T08:42:42.693+0000] {logging_mixin.py:190} INFO - [2025-04-19T08:42:42.693+0000] {dagbag.py:588} INFO - Filling up the DagBag from /home/airflow/.local/lib/python3.12/site-packages/airflow/example_dags/example_workday_timetable.py
[2025-04-19T08:42:42.698+0000] {processor.py:925} INFO - DAG(s) 'example_workday_timetable' retrieved from /home/airflow/.local/lib/python3.12/site-packages/airflow/example_dags/example_workday_timetable.py
[2025-04-19T08:42:42.713+0000] {logging_mixin.py:190} INFO - [2025-04-19T08:42:42.713+0000] {dag.py:3239} INFO - Sync 1 DAGs
[2025-04-19T08:42:42.763+0000] {logging_mixin.py:190} INFO - [2025-04-19T08:42:42.762+0000] {dag.py:4180} INFO - Setting next_dagrun for example_workday_timetable to 2021-01-04 00:00:00+00:00, run_after=2021-01-05 00:00:00+00:00
[2025-04-19T08:42:42.776+0000] {processor.py:208} INFO - Processing /home/airflow/.local/lib/python3.12/site-packages/airflow/example_dags/example_workday_timetable.py took 0.090 seconds
