[2025-04-19T08:38:08.711+0000] {processor.py:186} INFO - Started process (PID=121) to work on /home/airflow/.local/lib/python3.12/site-packages/airflow/example_dags/example_dataset_alias_with_no_taskflow.py
[2025-04-19T08:38:08.715+0000] {processor.py:914} INFO - Processing file /home/airflow/.local/lib/python3.12/site-packages/airflow/example_dags/example_dataset_alias_with_no_taskflow.py for tasks to queue
[2025-04-19T08:38:08.722+0000] {logging_mixin.py:190} INFO - [2025-04-19T08:38:08.722+0000] {dagbag.py:588} INFO - Filling up the DagBag from /home/airflow/.local/lib/python3.12/site-packages/airflow/example_dags/example_dataset_alias_with_no_taskflow.py
[2025-04-19T08:38:12.791+0000] {processor.py:925} INFO - DAG(s) 'dataset_alias_example_alias_consumer_with_no_taskflow', 'dataset_s3_bucket_producer_with_no_taskflow', 'dataset_s3_bucket_consumer_with_no_taskflow', 'dataset_alias_example_alias_producer_with_no_taskflow' retrieved from /home/airflow/.local/lib/python3.12/site-packages/airflow/example_dags/example_dataset_alias_with_no_taskflow.py
[2025-04-19T08:38:13.157+0000] {logging_mixin.py:190} INFO - [2025-04-19T08:38:13.155+0000] {override.py:1911} INFO - Created Permission View: can delete on DAG:dataset_alias_example_alias_consumer_with_no_taskflow
[2025-04-19T08:38:13.201+0000] {logging_mixin.py:190} INFO - [2025-04-19T08:38:13.200+0000] {override.py:1911} INFO - Created Permission View: can read on DAG:dataset_alias_example_alias_consumer_with_no_taskflow
[2025-04-19T08:38:13.222+0000] {logging_mixin.py:190} INFO - [2025-04-19T08:38:13.222+0000] {override.py:1911} INFO - Created Permission View: can edit on DAG:dataset_alias_example_alias_consumer_with_no_taskflow
[2025-04-19T08:38:13.252+0000] {logging_mixin.py:190} INFO - [2025-04-19T08:38:13.252+0000] {override.py:1911} INFO - Created Permission View: can delete on DAG Run:dataset_alias_example_alias_consumer_with_no_taskflow
[2025-04-19T08:38:13.270+0000] {logging_mixin.py:190} INFO - [2025-04-19T08:38:13.269+0000] {override.py:1911} INFO - Created Permission View: can read on DAG Run:dataset_alias_example_alias_consumer_with_no_taskflow
[2025-04-19T08:38:13.300+0000] {logging_mixin.py:190} INFO - [2025-04-19T08:38:13.299+0000] {override.py:1911} INFO - Created Permission View: can create on DAG Run:dataset_alias_example_alias_consumer_with_no_taskflow
[2025-04-19T08:38:13.340+0000] {logging_mixin.py:190} INFO - [2025-04-19T08:38:13.339+0000] {override.py:1911} INFO - Created Permission View: menu access on DAG Run:dataset_alias_example_alias_consumer_with_no_taskflow
[2025-04-19T08:38:13.435+0000] {logging_mixin.py:190} INFO - [2025-04-19T08:38:13.435+0000] {override.py:1911} INFO - Created Permission View: can delete on DAG:dataset_s3_bucket_producer_with_no_taskflow
[2025-04-19T08:38:13.479+0000] {logging_mixin.py:190} INFO - [2025-04-19T08:38:13.479+0000] {override.py:1911} INFO - Created Permission View: can read on DAG:dataset_s3_bucket_producer_with_no_taskflow
[2025-04-19T08:38:13.532+0000] {logging_mixin.py:190} INFO - [2025-04-19T08:38:13.529+0000] {override.py:1911} INFO - Created Permission View: can edit on DAG:dataset_s3_bucket_producer_with_no_taskflow
[2025-04-19T08:38:13.573+0000] {logging_mixin.py:190} INFO - [2025-04-19T08:38:13.573+0000] {override.py:1911} INFO - Created Permission View: can delete on DAG Run:dataset_s3_bucket_producer_with_no_taskflow
[2025-04-19T08:38:13.608+0000] {logging_mixin.py:190} INFO - [2025-04-19T08:38:13.608+0000] {override.py:1911} INFO - Created Permission View: can read on DAG Run:dataset_s3_bucket_producer_with_no_taskflow
[2025-04-19T08:38:13.647+0000] {logging_mixin.py:190} INFO - [2025-04-19T08:38:13.645+0000] {override.py:1911} INFO - Created Permission View: can create on DAG Run:dataset_s3_bucket_producer_with_no_taskflow
[2025-04-19T08:38:13.680+0000] {logging_mixin.py:190} INFO - [2025-04-19T08:38:13.679+0000] {override.py:1911} INFO - Created Permission View: menu access on DAG Run:dataset_s3_bucket_producer_with_no_taskflow
[2025-04-19T08:38:13.736+0000] {logging_mixin.py:190} INFO - [2025-04-19T08:38:13.735+0000] {override.py:1911} INFO - Created Permission View: can delete on DAG:dataset_s3_bucket_consumer_with_no_taskflow
[2025-04-19T08:38:13.763+0000] {logging_mixin.py:190} INFO - [2025-04-19T08:38:13.762+0000] {override.py:1911} INFO - Created Permission View: can read on DAG:dataset_s3_bucket_consumer_with_no_taskflow
[2025-04-19T08:38:13.810+0000] {logging_mixin.py:190} INFO - [2025-04-19T08:38:13.810+0000] {override.py:1911} INFO - Created Permission View: can edit on DAG:dataset_s3_bucket_consumer_with_no_taskflow
[2025-04-19T08:38:13.865+0000] {logging_mixin.py:190} INFO - [2025-04-19T08:38:13.865+0000] {override.py:1911} INFO - Created Permission View: can delete on DAG Run:dataset_s3_bucket_consumer_with_no_taskflow
[2025-04-19T08:38:13.905+0000] {logging_mixin.py:190} INFO - [2025-04-19T08:38:13.901+0000] {override.py:1911} INFO - Created Permission View: can read on DAG Run:dataset_s3_bucket_consumer_with_no_taskflow
[2025-04-19T08:38:13.931+0000] {logging_mixin.py:190} INFO - [2025-04-19T08:38:13.931+0000] {override.py:1911} INFO - Created Permission View: can create on DAG Run:dataset_s3_bucket_consumer_with_no_taskflow
[2025-04-19T08:38:13.960+0000] {logging_mixin.py:190} INFO - [2025-04-19T08:38:13.960+0000] {override.py:1911} INFO - Created Permission View: menu access on DAG Run:dataset_s3_bucket_consumer_with_no_taskflow
[2025-04-19T08:38:14.007+0000] {logging_mixin.py:190} INFO - [2025-04-19T08:38:14.007+0000] {override.py:1911} INFO - Created Permission View: can delete on DAG:dataset_alias_example_alias_producer_with_no_taskflow
[2025-04-19T08:38:14.059+0000] {logging_mixin.py:190} INFO - [2025-04-19T08:38:14.059+0000] {override.py:1911} INFO - Created Permission View: can read on DAG:dataset_alias_example_alias_producer_with_no_taskflow
[2025-04-19T08:38:14.097+0000] {logging_mixin.py:190} INFO - [2025-04-19T08:38:14.096+0000] {override.py:1911} INFO - Created Permission View: can edit on DAG:dataset_alias_example_alias_producer_with_no_taskflow
[2025-04-19T08:38:14.158+0000] {logging_mixin.py:190} INFO - [2025-04-19T08:38:14.157+0000] {override.py:1911} INFO - Created Permission View: can delete on DAG Run:dataset_alias_example_alias_producer_with_no_taskflow
[2025-04-19T08:38:14.172+0000] {logging_mixin.py:190} INFO - [2025-04-19T08:38:14.172+0000] {override.py:1911} INFO - Created Permission View: can read on DAG Run:dataset_alias_example_alias_producer_with_no_taskflow
[2025-04-19T08:38:14.184+0000] {logging_mixin.py:190} INFO - [2025-04-19T08:38:14.183+0000] {override.py:1911} INFO - Created Permission View: can create on DAG Run:dataset_alias_example_alias_producer_with_no_taskflow
[2025-04-19T08:38:14.209+0000] {logging_mixin.py:190} INFO - [2025-04-19T08:38:14.209+0000] {override.py:1911} INFO - Created Permission View: menu access on DAG Run:dataset_alias_example_alias_producer_with_no_taskflow
[2025-04-19T08:38:14.211+0000] {logging_mixin.py:190} INFO - [2025-04-19T08:38:14.210+0000] {dag.py:3239} INFO - Sync 4 DAGs
[2025-04-19T08:38:14.352+0000] {logging_mixin.py:190} INFO - [2025-04-19T08:38:14.351+0000] {dag.py:3262} INFO - Creating ORM DAG for dataset_alias_example_alias_producer_with_no_taskflow
[2025-04-19T08:38:14.354+0000] {logging_mixin.py:190} INFO - [2025-04-19T08:38:14.354+0000] {dag.py:3262} INFO - Creating ORM DAG for dataset_s3_bucket_consumer_with_no_taskflow
[2025-04-19T08:38:14.355+0000] {logging_mixin.py:190} INFO - [2025-04-19T08:38:14.355+0000] {dag.py:3262} INFO - Creating ORM DAG for dataset_alias_example_alias_consumer_with_no_taskflow
[2025-04-19T08:38:14.356+0000] {logging_mixin.py:190} INFO - [2025-04-19T08:38:14.355+0000] {dag.py:3262} INFO - Creating ORM DAG for dataset_s3_bucket_producer_with_no_taskflow
[2025-04-19T08:38:14.416+0000] {logging_mixin.py:190} INFO - [2025-04-19T08:38:14.416+0000] {dag.py:4180} INFO - Setting next_dagrun for dataset_alias_example_alias_consumer_with_no_taskflow to None, run_after=None
[2025-04-19T08:38:14.419+0000] {logging_mixin.py:190} INFO - [2025-04-19T08:38:14.419+0000] {dag.py:4180} INFO - Setting next_dagrun for dataset_alias_example_alias_producer_with_no_taskflow to None, run_after=None
[2025-04-19T08:38:14.425+0000] {logging_mixin.py:190} INFO - [2025-04-19T08:38:14.425+0000] {dag.py:4180} INFO - Setting next_dagrun for dataset_s3_bucket_consumer_with_no_taskflow to None, run_after=None
[2025-04-19T08:38:14.426+0000] {logging_mixin.py:190} INFO - [2025-04-19T08:38:14.426+0000] {dag.py:4180} INFO - Setting next_dagrun for dataset_s3_bucket_producer_with_no_taskflow to None, run_after=None
[2025-04-19T08:38:14.615+0000] {processor.py:208} INFO - Processing /home/airflow/.local/lib/python3.12/site-packages/airflow/example_dags/example_dataset_alias_with_no_taskflow.py took 5.955 seconds
[2025-04-19T08:38:45.300+0000] {processor.py:186} INFO - Started process (PID=188) to work on /home/airflow/.local/lib/python3.12/site-packages/airflow/example_dags/example_dataset_alias_with_no_taskflow.py
[2025-04-19T08:38:45.301+0000] {processor.py:914} INFO - Processing file /home/airflow/.local/lib/python3.12/site-packages/airflow/example_dags/example_dataset_alias_with_no_taskflow.py for tasks to queue
[2025-04-19T08:38:45.303+0000] {logging_mixin.py:190} INFO - [2025-04-19T08:38:45.303+0000] {dagbag.py:588} INFO - Filling up the DagBag from /home/airflow/.local/lib/python3.12/site-packages/airflow/example_dags/example_dataset_alias_with_no_taskflow.py
[2025-04-19T08:38:45.838+0000] {processor.py:925} INFO - DAG(s) 'dataset_alias_example_alias_consumer_with_no_taskflow', 'dataset_alias_example_alias_producer_with_no_taskflow', 'dataset_s3_bucket_consumer_with_no_taskflow', 'dataset_s3_bucket_producer_with_no_taskflow' retrieved from /home/airflow/.local/lib/python3.12/site-packages/airflow/example_dags/example_dataset_alias_with_no_taskflow.py
[2025-04-19T08:38:45.854+0000] {logging_mixin.py:190} INFO - [2025-04-19T08:38:45.854+0000] {dag.py:3239} INFO - Sync 4 DAGs
[2025-04-19T08:38:45.872+0000] {logging_mixin.py:190} INFO - [2025-04-19T08:38:45.871+0000] {dag.py:4180} INFO - Setting next_dagrun for dataset_alias_example_alias_consumer_with_no_taskflow to None, run_after=None
[2025-04-19T08:38:45.874+0000] {logging_mixin.py:190} INFO - [2025-04-19T08:38:45.873+0000] {dag.py:4180} INFO - Setting next_dagrun for dataset_alias_example_alias_producer_with_no_taskflow to None, run_after=None
[2025-04-19T08:38:45.876+0000] {logging_mixin.py:190} INFO - [2025-04-19T08:38:45.876+0000] {dag.py:4180} INFO - Setting next_dagrun for dataset_s3_bucket_consumer_with_no_taskflow to None, run_after=None
[2025-04-19T08:38:45.877+0000] {logging_mixin.py:190} INFO - [2025-04-19T08:38:45.877+0000] {dag.py:4180} INFO - Setting next_dagrun for dataset_s3_bucket_producer_with_no_taskflow to None, run_after=None
[2025-04-19T08:38:45.943+0000] {processor.py:208} INFO - Processing /home/airflow/.local/lib/python3.12/site-packages/airflow/example_dags/example_dataset_alias_with_no_taskflow.py took 0.650 seconds
[2025-04-19T08:39:16.034+0000] {processor.py:186} INFO - Started process (PID=251) to work on /home/airflow/.local/lib/python3.12/site-packages/airflow/example_dags/example_dataset_alias_with_no_taskflow.py
[2025-04-19T08:39:16.035+0000] {processor.py:914} INFO - Processing file /home/airflow/.local/lib/python3.12/site-packages/airflow/example_dags/example_dataset_alias_with_no_taskflow.py for tasks to queue
[2025-04-19T08:39:16.037+0000] {logging_mixin.py:190} INFO - [2025-04-19T08:39:16.036+0000] {dagbag.py:588} INFO - Filling up the DagBag from /home/airflow/.local/lib/python3.12/site-packages/airflow/example_dags/example_dataset_alias_with_no_taskflow.py
[2025-04-19T08:39:16.573+0000] {processor.py:925} INFO - DAG(s) 'dataset_s3_bucket_consumer_with_no_taskflow', 'dataset_alias_example_alias_producer_with_no_taskflow', 'dataset_alias_example_alias_consumer_with_no_taskflow', 'dataset_s3_bucket_producer_with_no_taskflow' retrieved from /home/airflow/.local/lib/python3.12/site-packages/airflow/example_dags/example_dataset_alias_with_no_taskflow.py
[2025-04-19T08:39:16.589+0000] {logging_mixin.py:190} INFO - [2025-04-19T08:39:16.588+0000] {dag.py:3239} INFO - Sync 4 DAGs
[2025-04-19T08:39:16.607+0000] {logging_mixin.py:190} INFO - [2025-04-19T08:39:16.607+0000] {dag.py:4180} INFO - Setting next_dagrun for dataset_alias_example_alias_consumer_with_no_taskflow to None, run_after=None
[2025-04-19T08:39:16.609+0000] {logging_mixin.py:190} INFO - [2025-04-19T08:39:16.609+0000] {dag.py:4180} INFO - Setting next_dagrun for dataset_alias_example_alias_producer_with_no_taskflow to None, run_after=None
[2025-04-19T08:39:16.610+0000] {logging_mixin.py:190} INFO - [2025-04-19T08:39:16.610+0000] {dag.py:4180} INFO - Setting next_dagrun for dataset_s3_bucket_consumer_with_no_taskflow to None, run_after=None
[2025-04-19T08:39:16.611+0000] {logging_mixin.py:190} INFO - [2025-04-19T08:39:16.611+0000] {dag.py:4180} INFO - Setting next_dagrun for dataset_s3_bucket_producer_with_no_taskflow to None, run_after=None
[2025-04-19T08:39:16.627+0000] {processor.py:208} INFO - Processing /home/airflow/.local/lib/python3.12/site-packages/airflow/example_dags/example_dataset_alias_with_no_taskflow.py took 0.599 seconds
[2025-04-19T08:39:47.098+0000] {processor.py:186} INFO - Started process (PID=314) to work on /home/airflow/.local/lib/python3.12/site-packages/airflow/example_dags/example_dataset_alias_with_no_taskflow.py
[2025-04-19T08:39:47.099+0000] {processor.py:914} INFO - Processing file /home/airflow/.local/lib/python3.12/site-packages/airflow/example_dags/example_dataset_alias_with_no_taskflow.py for tasks to queue
[2025-04-19T08:39:47.101+0000] {logging_mixin.py:190} INFO - [2025-04-19T08:39:47.101+0000] {dagbag.py:588} INFO - Filling up the DagBag from /home/airflow/.local/lib/python3.12/site-packages/airflow/example_dags/example_dataset_alias_with_no_taskflow.py
[2025-04-19T08:39:47.869+0000] {processor.py:925} INFO - DAG(s) 'dataset_s3_bucket_producer_with_no_taskflow', 'dataset_alias_example_alias_consumer_with_no_taskflow', 'dataset_alias_example_alias_producer_with_no_taskflow', 'dataset_s3_bucket_consumer_with_no_taskflow' retrieved from /home/airflow/.local/lib/python3.12/site-packages/airflow/example_dags/example_dataset_alias_with_no_taskflow.py
[2025-04-19T08:39:47.894+0000] {logging_mixin.py:190} INFO - [2025-04-19T08:39:47.893+0000] {dag.py:3239} INFO - Sync 4 DAGs
[2025-04-19T08:39:47.914+0000] {logging_mixin.py:190} INFO - [2025-04-19T08:39:47.914+0000] {dag.py:4180} INFO - Setting next_dagrun for dataset_alias_example_alias_consumer_with_no_taskflow to None, run_after=None
[2025-04-19T08:39:47.916+0000] {logging_mixin.py:190} INFO - [2025-04-19T08:39:47.916+0000] {dag.py:4180} INFO - Setting next_dagrun for dataset_alias_example_alias_producer_with_no_taskflow to None, run_after=None
[2025-04-19T08:39:47.917+0000] {logging_mixin.py:190} INFO - [2025-04-19T08:39:47.917+0000] {dag.py:4180} INFO - Setting next_dagrun for dataset_s3_bucket_consumer_with_no_taskflow to None, run_after=None
[2025-04-19T08:39:47.918+0000] {logging_mixin.py:190} INFO - [2025-04-19T08:39:47.918+0000] {dag.py:4180} INFO - Setting next_dagrun for dataset_s3_bucket_producer_with_no_taskflow to None, run_after=None
[2025-04-19T08:39:47.934+0000] {processor.py:208} INFO - Processing /home/airflow/.local/lib/python3.12/site-packages/airflow/example_dags/example_dataset_alias_with_no_taskflow.py took 0.842 seconds
[2025-04-19T08:40:18.898+0000] {processor.py:186} INFO - Started process (PID=379) to work on /home/airflow/.local/lib/python3.12/site-packages/airflow/example_dags/example_dataset_alias_with_no_taskflow.py
[2025-04-19T08:40:18.898+0000] {processor.py:914} INFO - Processing file /home/airflow/.local/lib/python3.12/site-packages/airflow/example_dags/example_dataset_alias_with_no_taskflow.py for tasks to queue
[2025-04-19T08:40:18.900+0000] {logging_mixin.py:190} INFO - [2025-04-19T08:40:18.900+0000] {dagbag.py:588} INFO - Filling up the DagBag from /home/airflow/.local/lib/python3.12/site-packages/airflow/example_dags/example_dataset_alias_with_no_taskflow.py
[2025-04-19T08:40:19.455+0000] {processor.py:925} INFO - DAG(s) 'dataset_alias_example_alias_producer_with_no_taskflow', 'dataset_s3_bucket_consumer_with_no_taskflow', 'dataset_alias_example_alias_consumer_with_no_taskflow', 'dataset_s3_bucket_producer_with_no_taskflow' retrieved from /home/airflow/.local/lib/python3.12/site-packages/airflow/example_dags/example_dataset_alias_with_no_taskflow.py
[2025-04-19T08:40:19.472+0000] {logging_mixin.py:190} INFO - [2025-04-19T08:40:19.472+0000] {dag.py:3239} INFO - Sync 4 DAGs
[2025-04-19T08:40:19.490+0000] {logging_mixin.py:190} INFO - [2025-04-19T08:40:19.490+0000] {dag.py:4180} INFO - Setting next_dagrun for dataset_alias_example_alias_consumer_with_no_taskflow to None, run_after=None
[2025-04-19T08:40:19.492+0000] {logging_mixin.py:190} INFO - [2025-04-19T08:40:19.492+0000] {dag.py:4180} INFO - Setting next_dagrun for dataset_alias_example_alias_producer_with_no_taskflow to None, run_after=None
[2025-04-19T08:40:19.493+0000] {logging_mixin.py:190} INFO - [2025-04-19T08:40:19.493+0000] {dag.py:4180} INFO - Setting next_dagrun for dataset_s3_bucket_consumer_with_no_taskflow to None, run_after=None
[2025-04-19T08:40:19.494+0000] {logging_mixin.py:190} INFO - [2025-04-19T08:40:19.494+0000] {dag.py:4180} INFO - Setting next_dagrun for dataset_s3_bucket_producer_with_no_taskflow to None, run_after=None
[2025-04-19T08:40:19.509+0000] {processor.py:208} INFO - Processing /home/airflow/.local/lib/python3.12/site-packages/airflow/example_dags/example_dataset_alias_with_no_taskflow.py took 0.617 seconds
[2025-04-19T08:40:49.570+0000] {processor.py:186} INFO - Started process (PID=442) to work on /home/airflow/.local/lib/python3.12/site-packages/airflow/example_dags/example_dataset_alias_with_no_taskflow.py
[2025-04-19T08:40:49.571+0000] {processor.py:914} INFO - Processing file /home/airflow/.local/lib/python3.12/site-packages/airflow/example_dags/example_dataset_alias_with_no_taskflow.py for tasks to queue
[2025-04-19T08:40:49.572+0000] {logging_mixin.py:190} INFO - [2025-04-19T08:40:49.572+0000] {dagbag.py:588} INFO - Filling up the DagBag from /home/airflow/.local/lib/python3.12/site-packages/airflow/example_dags/example_dataset_alias_with_no_taskflow.py
[2025-04-19T08:40:50.100+0000] {processor.py:925} INFO - DAG(s) 'dataset_alias_example_alias_consumer_with_no_taskflow', 'dataset_s3_bucket_consumer_with_no_taskflow', 'dataset_alias_example_alias_producer_with_no_taskflow', 'dataset_s3_bucket_producer_with_no_taskflow' retrieved from /home/airflow/.local/lib/python3.12/site-packages/airflow/example_dags/example_dataset_alias_with_no_taskflow.py
[2025-04-19T08:40:50.118+0000] {logging_mixin.py:190} INFO - [2025-04-19T08:40:50.117+0000] {dag.py:3239} INFO - Sync 4 DAGs
[2025-04-19T08:40:50.136+0000] {logging_mixin.py:190} INFO - [2025-04-19T08:40:50.136+0000] {dag.py:4180} INFO - Setting next_dagrun for dataset_alias_example_alias_consumer_with_no_taskflow to None, run_after=None
[2025-04-19T08:40:50.139+0000] {logging_mixin.py:190} INFO - [2025-04-19T08:40:50.138+0000] {dag.py:4180} INFO - Setting next_dagrun for dataset_alias_example_alias_producer_with_no_taskflow to None, run_after=None
[2025-04-19T08:40:50.140+0000] {logging_mixin.py:190} INFO - [2025-04-19T08:40:50.140+0000] {dag.py:4180} INFO - Setting next_dagrun for dataset_s3_bucket_consumer_with_no_taskflow to None, run_after=None
[2025-04-19T08:40:50.141+0000] {logging_mixin.py:190} INFO - [2025-04-19T08:40:50.140+0000] {dag.py:4180} INFO - Setting next_dagrun for dataset_s3_bucket_producer_with_no_taskflow to None, run_after=None
[2025-04-19T08:40:50.156+0000] {processor.py:208} INFO - Processing /home/airflow/.local/lib/python3.12/site-packages/airflow/example_dags/example_dataset_alias_with_no_taskflow.py took 0.591 seconds
[2025-04-19T08:41:20.191+0000] {processor.py:186} INFO - Started process (PID=504) to work on /home/airflow/.local/lib/python3.12/site-packages/airflow/example_dags/example_dataset_alias_with_no_taskflow.py
[2025-04-19T08:41:20.192+0000] {processor.py:914} INFO - Processing file /home/airflow/.local/lib/python3.12/site-packages/airflow/example_dags/example_dataset_alias_with_no_taskflow.py for tasks to queue
[2025-04-19T08:41:20.194+0000] {logging_mixin.py:190} INFO - [2025-04-19T08:41:20.193+0000] {dagbag.py:588} INFO - Filling up the DagBag from /home/airflow/.local/lib/python3.12/site-packages/airflow/example_dags/example_dataset_alias_with_no_taskflow.py
[2025-04-19T08:41:20.714+0000] {processor.py:925} INFO - DAG(s) 'dataset_alias_example_alias_producer_with_no_taskflow', 'dataset_alias_example_alias_consumer_with_no_taskflow', 'dataset_s3_bucket_consumer_with_no_taskflow', 'dataset_s3_bucket_producer_with_no_taskflow' retrieved from /home/airflow/.local/lib/python3.12/site-packages/airflow/example_dags/example_dataset_alias_with_no_taskflow.py
[2025-04-19T08:41:20.740+0000] {logging_mixin.py:190} INFO - [2025-04-19T08:41:20.739+0000] {dag.py:3239} INFO - Sync 4 DAGs
[2025-04-19T08:41:20.762+0000] {logging_mixin.py:190} INFO - [2025-04-19T08:41:20.762+0000] {dag.py:4180} INFO - Setting next_dagrun for dataset_alias_example_alias_consumer_with_no_taskflow to None, run_after=None
[2025-04-19T08:41:20.764+0000] {logging_mixin.py:190} INFO - [2025-04-19T08:41:20.764+0000] {dag.py:4180} INFO - Setting next_dagrun for dataset_alias_example_alias_producer_with_no_taskflow to None, run_after=None
[2025-04-19T08:41:20.766+0000] {logging_mixin.py:190} INFO - [2025-04-19T08:41:20.765+0000] {dag.py:4180} INFO - Setting next_dagrun for dataset_s3_bucket_consumer_with_no_taskflow to None, run_after=None
[2025-04-19T08:41:20.767+0000] {logging_mixin.py:190} INFO - [2025-04-19T08:41:20.766+0000] {dag.py:4180} INFO - Setting next_dagrun for dataset_s3_bucket_producer_with_no_taskflow to None, run_after=None
[2025-04-19T08:41:20.782+0000] {processor.py:208} INFO - Processing /home/airflow/.local/lib/python3.12/site-packages/airflow/example_dags/example_dataset_alias_with_no_taskflow.py took 0.596 seconds
[2025-04-19T08:41:51.171+0000] {processor.py:186} INFO - Started process (PID=566) to work on /home/airflow/.local/lib/python3.12/site-packages/airflow/example_dags/example_dataset_alias_with_no_taskflow.py
[2025-04-19T08:41:51.177+0000] {processor.py:914} INFO - Processing file /home/airflow/.local/lib/python3.12/site-packages/airflow/example_dags/example_dataset_alias_with_no_taskflow.py for tasks to queue
[2025-04-19T08:41:51.186+0000] {logging_mixin.py:190} INFO - [2025-04-19T08:41:51.186+0000] {dagbag.py:588} INFO - Filling up the DagBag from /home/airflow/.local/lib/python3.12/site-packages/airflow/example_dags/example_dataset_alias_with_no_taskflow.py
[2025-04-19T08:41:53.419+0000] {processor.py:925} INFO - DAG(s) 'dataset_s3_bucket_producer_with_no_taskflow', 'dataset_alias_example_alias_consumer_with_no_taskflow', 'dataset_s3_bucket_consumer_with_no_taskflow', 'dataset_alias_example_alias_producer_with_no_taskflow' retrieved from /home/airflow/.local/lib/python3.12/site-packages/airflow/example_dags/example_dataset_alias_with_no_taskflow.py
[2025-04-19T08:41:53.471+0000] {logging_mixin.py:190} INFO - [2025-04-19T08:41:53.470+0000] {dag.py:3239} INFO - Sync 4 DAGs
[2025-04-19T08:41:53.521+0000] {logging_mixin.py:190} INFO - [2025-04-19T08:41:53.520+0000] {dag.py:4180} INFO - Setting next_dagrun for dataset_alias_example_alias_consumer_with_no_taskflow to None, run_after=None
[2025-04-19T08:41:53.525+0000] {logging_mixin.py:190} INFO - [2025-04-19T08:41:53.524+0000] {dag.py:4180} INFO - Setting next_dagrun for dataset_alias_example_alias_producer_with_no_taskflow to None, run_after=None
[2025-04-19T08:41:53.526+0000] {logging_mixin.py:190} INFO - [2025-04-19T08:41:53.526+0000] {dag.py:4180} INFO - Setting next_dagrun for dataset_s3_bucket_consumer_with_no_taskflow to None, run_after=None
[2025-04-19T08:41:53.527+0000] {logging_mixin.py:190} INFO - [2025-04-19T08:41:53.527+0000] {dag.py:4180} INFO - Setting next_dagrun for dataset_s3_bucket_producer_with_no_taskflow to None, run_after=None
[2025-04-19T08:41:53.557+0000] {processor.py:208} INFO - Processing /home/airflow/.local/lib/python3.12/site-packages/airflow/example_dags/example_dataset_alias_with_no_taskflow.py took 2.409 seconds
[2025-04-19T08:42:24.516+0000] {processor.py:186} INFO - Started process (PID=630) to work on /home/airflow/.local/lib/python3.12/site-packages/airflow/example_dags/example_dataset_alias_with_no_taskflow.py
[2025-04-19T08:42:24.517+0000] {processor.py:914} INFO - Processing file /home/airflow/.local/lib/python3.12/site-packages/airflow/example_dags/example_dataset_alias_with_no_taskflow.py for tasks to queue
[2025-04-19T08:42:24.520+0000] {logging_mixin.py:190} INFO - [2025-04-19T08:42:24.519+0000] {dagbag.py:588} INFO - Filling up the DagBag from /home/airflow/.local/lib/python3.12/site-packages/airflow/example_dags/example_dataset_alias_with_no_taskflow.py
[2025-04-19T08:42:25.413+0000] {processor.py:925} INFO - DAG(s) 'dataset_alias_example_alias_producer_with_no_taskflow', 'dataset_s3_bucket_producer_with_no_taskflow', 'dataset_alias_example_alias_consumer_with_no_taskflow', 'dataset_s3_bucket_consumer_with_no_taskflow' retrieved from /home/airflow/.local/lib/python3.12/site-packages/airflow/example_dags/example_dataset_alias_with_no_taskflow.py
[2025-04-19T08:42:25.469+0000] {logging_mixin.py:190} INFO - [2025-04-19T08:42:25.468+0000] {dag.py:3239} INFO - Sync 4 DAGs
[2025-04-19T08:42:25.533+0000] {logging_mixin.py:190} INFO - [2025-04-19T08:42:25.533+0000] {dag.py:4180} INFO - Setting next_dagrun for dataset_alias_example_alias_consumer_with_no_taskflow to None, run_after=None
[2025-04-19T08:42:25.540+0000] {logging_mixin.py:190} INFO - [2025-04-19T08:42:25.540+0000] {dag.py:4180} INFO - Setting next_dagrun for dataset_alias_example_alias_producer_with_no_taskflow to None, run_after=None
[2025-04-19T08:42:25.543+0000] {logging_mixin.py:190} INFO - [2025-04-19T08:42:25.543+0000] {dag.py:4180} INFO - Setting next_dagrun for dataset_s3_bucket_consumer_with_no_taskflow to None, run_after=None
[2025-04-19T08:42:25.547+0000] {logging_mixin.py:190} INFO - [2025-04-19T08:42:25.547+0000] {dag.py:4180} INFO - Setting next_dagrun for dataset_s3_bucket_producer_with_no_taskflow to None, run_after=None
[2025-04-19T08:42:25.644+0000] {processor.py:208} INFO - Processing /home/airflow/.local/lib/python3.12/site-packages/airflow/example_dags/example_dataset_alias_with_no_taskflow.py took 1.136 seconds
[2025-04-19T08:42:55.833+0000] {processor.py:186} INFO - Started process (PID=694) to work on /home/airflow/.local/lib/python3.12/site-packages/airflow/example_dags/example_dataset_alias_with_no_taskflow.py
[2025-04-19T08:42:55.834+0000] {processor.py:914} INFO - Processing file /home/airflow/.local/lib/python3.12/site-packages/airflow/example_dags/example_dataset_alias_with_no_taskflow.py for tasks to queue
[2025-04-19T08:42:55.836+0000] {logging_mixin.py:190} INFO - [2025-04-19T08:42:55.836+0000] {dagbag.py:588} INFO - Filling up the DagBag from /home/airflow/.local/lib/python3.12/site-packages/airflow/example_dags/example_dataset_alias_with_no_taskflow.py
[2025-04-19T08:42:56.365+0000] {processor.py:925} INFO - DAG(s) 'dataset_s3_bucket_consumer_with_no_taskflow', 'dataset_s3_bucket_producer_with_no_taskflow', 'dataset_alias_example_alias_consumer_with_no_taskflow', 'dataset_alias_example_alias_producer_with_no_taskflow' retrieved from /home/airflow/.local/lib/python3.12/site-packages/airflow/example_dags/example_dataset_alias_with_no_taskflow.py
[2025-04-19T08:42:56.381+0000] {logging_mixin.py:190} INFO - [2025-04-19T08:42:56.381+0000] {dag.py:3239} INFO - Sync 4 DAGs
[2025-04-19T08:42:56.399+0000] {logging_mixin.py:190} INFO - [2025-04-19T08:42:56.399+0000] {dag.py:4180} INFO - Setting next_dagrun for dataset_alias_example_alias_consumer_with_no_taskflow to None, run_after=None
[2025-04-19T08:42:56.401+0000] {logging_mixin.py:190} INFO - [2025-04-19T08:42:56.401+0000] {dag.py:4180} INFO - Setting next_dagrun for dataset_alias_example_alias_producer_with_no_taskflow to None, run_after=None
[2025-04-19T08:42:56.402+0000] {logging_mixin.py:190} INFO - [2025-04-19T08:42:56.402+0000] {dag.py:4180} INFO - Setting next_dagrun for dataset_s3_bucket_consumer_with_no_taskflow to None, run_after=None
[2025-04-19T08:42:56.403+0000] {logging_mixin.py:190} INFO - [2025-04-19T08:42:56.403+0000] {dag.py:4180} INFO - Setting next_dagrun for dataset_s3_bucket_producer_with_no_taskflow to None, run_after=None
[2025-04-19T08:42:56.420+0000] {processor.py:208} INFO - Processing /home/airflow/.local/lib/python3.12/site-packages/airflow/example_dags/example_dataset_alias_with_no_taskflow.py took 0.593 seconds
