[2025-04-19T08:37:49.797+0000] {processor.py:186} INFO - Started process (PID=93) to work on /home/airflow/.local/lib/python3.12/site-packages/airflow/example_dags/example_branch_labels.py
[2025-04-19T08:37:49.798+0000] {processor.py:914} INFO - Processing file /home/airflow/.local/lib/python3.12/site-packages/airflow/example_dags/example_branch_labels.py for tasks to queue
[2025-04-19T08:37:49.800+0000] {logging_mixin.py:190} INFO - [2025-04-19T08:37:49.800+0000] {dagbag.py:588} INFO - Filling up the DagBag from /home/airflow/.local/lib/python3.12/site-packages/airflow/example_dags/example_branch_labels.py
[2025-04-19T08:37:49.813+0000] {processor.py:925} INFO - DAG(s) 'example_branch_labels' retrieved from /home/airflow/.local/lib/python3.12/site-packages/airflow/example_dags/example_branch_labels.py
[2025-04-19T08:37:50.122+0000] {logging_mixin.py:190} INFO - [2025-04-19T08:37:50.121+0000] {override.py:1911} INFO - Created Permission View: can delete on DAG:example_branch_labels
[2025-04-19T08:37:50.154+0000] {logging_mixin.py:190} INFO - [2025-04-19T08:37:50.153+0000] {override.py:1911} INFO - Created Permission View: can read on DAG:example_branch_labels
[2025-04-19T08:37:50.175+0000] {logging_mixin.py:190} INFO - [2025-04-19T08:37:50.174+0000] {override.py:1911} INFO - Created Permission View: can edit on DAG:example_branch_labels
[2025-04-19T08:37:50.192+0000] {logging_mixin.py:190} INFO - [2025-04-19T08:37:50.192+0000] {override.py:1911} INFO - Created Permission View: can delete on DAG Run:example_branch_labels
[2025-04-19T08:37:50.209+0000] {logging_mixin.py:190} INFO - [2025-04-19T08:37:50.209+0000] {override.py:1911} INFO - Created Permission View: can read on DAG Run:example_branch_labels
[2025-04-19T08:37:50.234+0000] {logging_mixin.py:190} INFO - [2025-04-19T08:37:50.233+0000] {override.py:1911} INFO - Created Permission View: can create on DAG Run:example_branch_labels
[2025-04-19T08:37:50.249+0000] {logging_mixin.py:190} INFO - [2025-04-19T08:37:50.249+0000] {override.py:1911} INFO - Created Permission View: menu access on DAG Run:example_branch_labels
[2025-04-19T08:37:50.251+0000] {logging_mixin.py:190} INFO - [2025-04-19T08:37:50.251+0000] {dag.py:3239} INFO - Sync 1 DAGs
[2025-04-19T08:37:50.285+0000] {logging_mixin.py:190} INFO - [2025-04-19T08:37:50.284+0000] {dag.py:3262} INFO - Creating ORM DAG for example_branch_labels
[2025-04-19T08:37:50.334+0000] {logging_mixin.py:190} INFO - [2025-04-19T08:37:50.333+0000] {dag.py:4180} INFO - Setting next_dagrun for example_branch_labels to 2025-04-18 00:00:00+00:00, run_after=2025-04-19 00:00:00+00:00
[2025-04-19T08:37:50.374+0000] {processor.py:208} INFO - Processing /home/airflow/.local/lib/python3.12/site-packages/airflow/example_dags/example_branch_labels.py took 0.584 seconds
[2025-04-19T08:38:21.351+0000] {processor.py:186} INFO - Started process (PID=155) to work on /home/airflow/.local/lib/python3.12/site-packages/airflow/example_dags/example_branch_labels.py
[2025-04-19T08:38:21.351+0000] {processor.py:914} INFO - Processing file /home/airflow/.local/lib/python3.12/site-packages/airflow/example_dags/example_branch_labels.py for tasks to queue
[2025-04-19T08:38:21.353+0000] {logging_mixin.py:190} INFO - [2025-04-19T08:38:21.353+0000] {dagbag.py:588} INFO - Filling up the DagBag from /home/airflow/.local/lib/python3.12/site-packages/airflow/example_dags/example_branch_labels.py
[2025-04-19T08:38:21.362+0000] {processor.py:925} INFO - DAG(s) 'example_branch_labels' retrieved from /home/airflow/.local/lib/python3.12/site-packages/airflow/example_dags/example_branch_labels.py
[2025-04-19T08:38:21.383+0000] {logging_mixin.py:190} INFO - [2025-04-19T08:38:21.383+0000] {dag.py:3239} INFO - Sync 1 DAGs
[2025-04-19T08:38:21.412+0000] {logging_mixin.py:190} INFO - [2025-04-19T08:38:21.412+0000] {dag.py:4180} INFO - Setting next_dagrun for example_branch_labels to 2025-04-18 00:00:00+00:00, run_after=2025-04-19 00:00:00+00:00
[2025-04-19T08:38:21.431+0000] {processor.py:208} INFO - Processing /home/airflow/.local/lib/python3.12/site-packages/airflow/example_dags/example_branch_labels.py took 0.084 seconds
[2025-04-19T08:38:56.043+0000] {processor.py:186} INFO - Started process (PID=218) to work on /home/airflow/.local/lib/python3.12/site-packages/airflow/example_dags/example_branch_labels.py
[2025-04-19T08:38:56.044+0000] {processor.py:914} INFO - Processing file /home/airflow/.local/lib/python3.12/site-packages/airflow/example_dags/example_branch_labels.py for tasks to queue
[2025-04-19T08:38:56.046+0000] {logging_mixin.py:190} INFO - [2025-04-19T08:38:56.046+0000] {dagbag.py:588} INFO - Filling up the DagBag from /home/airflow/.local/lib/python3.12/site-packages/airflow/example_dags/example_branch_labels.py
[2025-04-19T08:38:56.058+0000] {processor.py:925} INFO - DAG(s) 'example_branch_labels' retrieved from /home/airflow/.local/lib/python3.12/site-packages/airflow/example_dags/example_branch_labels.py
[2025-04-19T08:38:56.081+0000] {logging_mixin.py:190} INFO - [2025-04-19T08:38:56.081+0000] {dag.py:3239} INFO - Sync 1 DAGs
[2025-04-19T08:38:56.108+0000] {logging_mixin.py:190} INFO - [2025-04-19T08:38:56.108+0000] {dag.py:4180} INFO - Setting next_dagrun for example_branch_labels to 2025-04-18 00:00:00+00:00, run_after=2025-04-19 00:00:00+00:00
[2025-04-19T08:38:56.125+0000] {processor.py:208} INFO - Processing /home/airflow/.local/lib/python3.12/site-packages/airflow/example_dags/example_branch_labels.py took 0.090 seconds
[2025-04-19T08:39:28.365+0000] {processor.py:186} INFO - Started process (PID=281) to work on /home/airflow/.local/lib/python3.12/site-packages/airflow/example_dags/example_branch_labels.py
[2025-04-19T08:39:28.367+0000] {processor.py:914} INFO - Processing file /home/airflow/.local/lib/python3.12/site-packages/airflow/example_dags/example_branch_labels.py for tasks to queue
[2025-04-19T08:39:28.371+0000] {logging_mixin.py:190} INFO - [2025-04-19T08:39:28.371+0000] {dagbag.py:588} INFO - Filling up the DagBag from /home/airflow/.local/lib/python3.12/site-packages/airflow/example_dags/example_branch_labels.py
[2025-04-19T08:39:28.389+0000] {processor.py:925} INFO - DAG(s) 'example_branch_labels' retrieved from /home/airflow/.local/lib/python3.12/site-packages/airflow/example_dags/example_branch_labels.py
[2025-04-19T08:39:28.436+0000] {logging_mixin.py:190} INFO - [2025-04-19T08:39:28.436+0000] {dag.py:3239} INFO - Sync 1 DAGs
[2025-04-19T08:39:28.466+0000] {logging_mixin.py:190} INFO - [2025-04-19T08:39:28.466+0000] {dag.py:4180} INFO - Setting next_dagrun for example_branch_labels to 2025-04-18 00:00:00+00:00, run_after=2025-04-19 00:00:00+00:00
[2025-04-19T08:39:28.484+0000] {processor.py:208} INFO - Processing /home/airflow/.local/lib/python3.12/site-packages/airflow/example_dags/example_branch_labels.py took 0.129 seconds
[2025-04-19T08:39:58.597+0000] {processor.py:186} INFO - Started process (PID=344) to work on /home/airflow/.local/lib/python3.12/site-packages/airflow/example_dags/example_branch_labels.py
[2025-04-19T08:39:58.598+0000] {processor.py:914} INFO - Processing file /home/airflow/.local/lib/python3.12/site-packages/airflow/example_dags/example_branch_labels.py for tasks to queue
[2025-04-19T08:39:58.601+0000] {logging_mixin.py:190} INFO - [2025-04-19T08:39:58.600+0000] {dagbag.py:588} INFO - Filling up the DagBag from /home/airflow/.local/lib/python3.12/site-packages/airflow/example_dags/example_branch_labels.py
[2025-04-19T08:39:58.612+0000] {processor.py:925} INFO - DAG(s) 'example_branch_labels' retrieved from /home/airflow/.local/lib/python3.12/site-packages/airflow/example_dags/example_branch_labels.py
[2025-04-19T08:39:58.629+0000] {logging_mixin.py:190} INFO - [2025-04-19T08:39:58.629+0000] {dag.py:3239} INFO - Sync 1 DAGs
[2025-04-19T08:39:58.648+0000] {logging_mixin.py:190} INFO - [2025-04-19T08:39:58.647+0000] {dag.py:4180} INFO - Setting next_dagrun for example_branch_labels to 2025-04-18 00:00:00+00:00, run_after=2025-04-19 00:00:00+00:00
[2025-04-19T08:39:58.662+0000] {processor.py:208} INFO - Processing /home/airflow/.local/lib/python3.12/site-packages/airflow/example_dags/example_branch_labels.py took 0.074 seconds
[2025-04-19T08:40:29.104+0000] {processor.py:186} INFO - Started process (PID=407) to work on /home/airflow/.local/lib/python3.12/site-packages/airflow/example_dags/example_branch_labels.py
[2025-04-19T08:40:29.105+0000] {processor.py:914} INFO - Processing file /home/airflow/.local/lib/python3.12/site-packages/airflow/example_dags/example_branch_labels.py for tasks to queue
[2025-04-19T08:40:29.107+0000] {logging_mixin.py:190} INFO - [2025-04-19T08:40:29.106+0000] {dagbag.py:588} INFO - Filling up the DagBag from /home/airflow/.local/lib/python3.12/site-packages/airflow/example_dags/example_branch_labels.py
[2025-04-19T08:40:29.114+0000] {processor.py:925} INFO - DAG(s) 'example_branch_labels' retrieved from /home/airflow/.local/lib/python3.12/site-packages/airflow/example_dags/example_branch_labels.py
[2025-04-19T08:40:29.131+0000] {logging_mixin.py:190} INFO - [2025-04-19T08:40:29.131+0000] {dag.py:3239} INFO - Sync 1 DAGs
[2025-04-19T08:40:29.149+0000] {logging_mixin.py:190} INFO - [2025-04-19T08:40:29.149+0000] {dag.py:4180} INFO - Setting next_dagrun for example_branch_labels to 2025-04-18 00:00:00+00:00, run_after=2025-04-19 00:00:00+00:00
[2025-04-19T08:40:29.163+0000] {processor.py:208} INFO - Processing /home/airflow/.local/lib/python3.12/site-packages/airflow/example_dags/example_branch_labels.py took 0.063 seconds
[2025-04-19T08:41:00.449+0000] {processor.py:186} INFO - Started process (PID=470) to work on /home/airflow/.local/lib/python3.12/site-packages/airflow/example_dags/example_branch_labels.py
[2025-04-19T08:41:00.449+0000] {processor.py:914} INFO - Processing file /home/airflow/.local/lib/python3.12/site-packages/airflow/example_dags/example_branch_labels.py for tasks to queue
[2025-04-19T08:41:00.452+0000] {logging_mixin.py:190} INFO - [2025-04-19T08:41:00.452+0000] {dagbag.py:588} INFO - Filling up the DagBag from /home/airflow/.local/lib/python3.12/site-packages/airflow/example_dags/example_branch_labels.py
[2025-04-19T08:41:00.469+0000] {processor.py:925} INFO - DAG(s) 'example_branch_labels' retrieved from /home/airflow/.local/lib/python3.12/site-packages/airflow/example_dags/example_branch_labels.py
[2025-04-19T08:41:00.559+0000] {logging_mixin.py:190} INFO - [2025-04-19T08:41:00.559+0000] {dag.py:3239} INFO - Sync 1 DAGs
[2025-04-19T08:41:00.669+0000] {logging_mixin.py:190} INFO - [2025-04-19T08:41:00.667+0000] {dag.py:4180} INFO - Setting next_dagrun for example_branch_labels to 2025-04-18 00:00:00+00:00, run_after=2025-04-19 00:00:00+00:00
[2025-04-19T08:41:00.692+0000] {processor.py:208} INFO - Processing /home/airflow/.local/lib/python3.12/site-packages/airflow/example_dags/example_branch_labels.py took 0.251 seconds
[2025-04-19T08:41:31.363+0000] {processor.py:186} INFO - Started process (PID=537) to work on /home/airflow/.local/lib/python3.12/site-packages/airflow/example_dags/example_branch_labels.py
[2025-04-19T08:41:31.364+0000] {processor.py:914} INFO - Processing file /home/airflow/.local/lib/python3.12/site-packages/airflow/example_dags/example_branch_labels.py for tasks to queue
[2025-04-19T08:41:31.369+0000] {logging_mixin.py:190} INFO - [2025-04-19T08:41:31.369+0000] {dagbag.py:588} INFO - Filling up the DagBag from /home/airflow/.local/lib/python3.12/site-packages/airflow/example_dags/example_branch_labels.py
[2025-04-19T08:41:31.390+0000] {processor.py:925} INFO - DAG(s) 'example_branch_labels' retrieved from /home/airflow/.local/lib/python3.12/site-packages/airflow/example_dags/example_branch_labels.py
[2025-04-19T08:41:31.421+0000] {logging_mixin.py:190} INFO - [2025-04-19T08:41:31.421+0000] {dag.py:3239} INFO - Sync 1 DAGs
[2025-04-19T08:41:31.450+0000] {logging_mixin.py:190} INFO - [2025-04-19T08:41:31.450+0000] {dag.py:4180} INFO - Setting next_dagrun for example_branch_labels to 2025-04-18 00:00:00+00:00, run_after=2025-04-19 00:00:00+00:00
[2025-04-19T08:41:31.467+0000] {processor.py:208} INFO - Processing /home/airflow/.local/lib/python3.12/site-packages/airflow/example_dags/example_branch_labels.py took 0.113 seconds
[2025-04-19T08:42:02.804+0000] {processor.py:186} INFO - Started process (PID=599) to work on /home/airflow/.local/lib/python3.12/site-packages/airflow/example_dags/example_branch_labels.py
[2025-04-19T08:42:02.805+0000] {processor.py:914} INFO - Processing file /home/airflow/.local/lib/python3.12/site-packages/airflow/example_dags/example_branch_labels.py for tasks to queue
[2025-04-19T08:42:02.807+0000] {logging_mixin.py:190} INFO - [2025-04-19T08:42:02.807+0000] {dagbag.py:588} INFO - Filling up the DagBag from /home/airflow/.local/lib/python3.12/site-packages/airflow/example_dags/example_branch_labels.py
[2025-04-19T08:42:02.817+0000] {processor.py:925} INFO - DAG(s) 'example_branch_labels' retrieved from /home/airflow/.local/lib/python3.12/site-packages/airflow/example_dags/example_branch_labels.py
[2025-04-19T08:42:02.848+0000] {logging_mixin.py:190} INFO - [2025-04-19T08:42:02.848+0000] {dag.py:3239} INFO - Sync 1 DAGs
[2025-04-19T08:42:02.881+0000] {logging_mixin.py:190} INFO - [2025-04-19T08:42:02.880+0000] {dag.py:4180} INFO - Setting next_dagrun for example_branch_labels to 2025-04-18 00:00:00+00:00, run_after=2025-04-19 00:00:00+00:00
[2025-04-19T08:42:02.932+0000] {processor.py:208} INFO - Processing /home/airflow/.local/lib/python3.12/site-packages/airflow/example_dags/example_branch_labels.py took 0.135 seconds
[2025-04-19T08:42:34.409+0000] {processor.py:186} INFO - Started process (PID=662) to work on /home/airflow/.local/lib/python3.12/site-packages/airflow/example_dags/example_branch_labels.py
[2025-04-19T08:42:34.409+0000] {processor.py:914} INFO - Processing file /home/airflow/.local/lib/python3.12/site-packages/airflow/example_dags/example_branch_labels.py for tasks to queue
[2025-04-19T08:42:34.411+0000] {logging_mixin.py:190} INFO - [2025-04-19T08:42:34.411+0000] {dagbag.py:588} INFO - Filling up the DagBag from /home/airflow/.local/lib/python3.12/site-packages/airflow/example_dags/example_branch_labels.py
[2025-04-19T08:42:34.421+0000] {processor.py:925} INFO - DAG(s) 'example_branch_labels' retrieved from /home/airflow/.local/lib/python3.12/site-packages/airflow/example_dags/example_branch_labels.py
[2025-04-19T08:42:34.443+0000] {logging_mixin.py:190} INFO - [2025-04-19T08:42:34.442+0000] {dag.py:3239} INFO - Sync 1 DAGs
[2025-04-19T08:42:34.475+0000] {logging_mixin.py:190} INFO - [2025-04-19T08:42:34.475+0000] {dag.py:4180} INFO - Setting next_dagrun for example_branch_labels to 2025-04-18 00:00:00+00:00, run_after=2025-04-19 00:00:00+00:00
[2025-04-19T08:42:34.492+0000] {processor.py:208} INFO - Processing /home/airflow/.local/lib/python3.12/site-packages/airflow/example_dags/example_branch_labels.py took 0.090 seconds
[2025-04-19T08:43:05.005+0000] {processor.py:186} INFO - Started process (PID=721) to work on /home/airflow/.local/lib/python3.12/site-packages/airflow/example_dags/example_branch_labels.py
[2025-04-19T08:43:05.005+0000] {processor.py:914} INFO - Processing file /home/airflow/.local/lib/python3.12/site-packages/airflow/example_dags/example_branch_labels.py for tasks to queue
[2025-04-19T08:43:05.007+0000] {logging_mixin.py:190} INFO - [2025-04-19T08:43:05.007+0000] {dagbag.py:588} INFO - Filling up the DagBag from /home/airflow/.local/lib/python3.12/site-packages/airflow/example_dags/example_branch_labels.py
[2025-04-19T08:43:05.018+0000] {processor.py:925} INFO - DAG(s) 'example_branch_labels' retrieved from /home/airflow/.local/lib/python3.12/site-packages/airflow/example_dags/example_branch_labels.py
[2025-04-19T08:43:05.044+0000] {logging_mixin.py:190} INFO - [2025-04-19T08:43:05.043+0000] {dag.py:3239} INFO - Sync 1 DAGs
[2025-04-19T08:43:05.075+0000] {logging_mixin.py:190} INFO - [2025-04-19T08:43:05.074+0000] {dag.py:4180} INFO - Setting next_dagrun for example_branch_labels to 2025-04-18 00:00:00+00:00, run_after=2025-04-19 00:00:00+00:00
[2025-04-19T08:43:05.093+0000] {processor.py:208} INFO - Processing /home/airflow/.local/lib/python3.12/site-packages/airflow/example_dags/example_branch_labels.py took 0.094 seconds
