[2025-04-19T08:37:48.742+0000] {processor.py:186} INFO - Started process (PID=91) to work on /home/airflow/.local/lib/python3.12/site-packages/airflow/example_dags/example_bash_operator.py
[2025-04-19T08:37:48.749+0000] {processor.py:914} INFO - Processing file /home/airflow/.local/lib/python3.12/site-packages/airflow/example_dags/example_bash_operator.py for tasks to queue
[2025-04-19T08:37:48.756+0000] {logging_mixin.py:190} INFO - [2025-04-19T08:37:48.755+0000] {dagbag.py:588} INFO - Filling up the DagBag from /home/airflow/.local/lib/python3.12/site-packages/airflow/example_dags/example_bash_operator.py
[2025-04-19T08:37:48.832+0000] {processor.py:925} INFO - DAG(s) 'example_bash_operator' retrieved from /home/airflow/.local/lib/python3.12/site-packages/airflow/example_dags/example_bash_operator.py
[2025-04-19T08:37:49.296+0000] {logging_mixin.py:190} INFO - [2025-04-19T08:37:49.296+0000] {override.py:1911} INFO - Created Permission View: can delete on DAG:example_bash_operator
[2025-04-19T08:37:49.323+0000] {logging_mixin.py:190} INFO - [2025-04-19T08:37:49.322+0000] {override.py:1911} INFO - Created Permission View: can read on DAG:example_bash_operator
[2025-04-19T08:37:49.342+0000] {logging_mixin.py:190} INFO - [2025-04-19T08:37:49.341+0000] {override.py:1911} INFO - Created Permission View: can edit on DAG:example_bash_operator
[2025-04-19T08:37:49.365+0000] {logging_mixin.py:190} INFO - [2025-04-19T08:37:49.363+0000] {override.py:1911} INFO - Created Permission View: can delete on DAG Run:example_bash_operator
[2025-04-19T08:37:49.413+0000] {logging_mixin.py:190} INFO - [2025-04-19T08:37:49.412+0000] {override.py:1911} INFO - Created Permission View: can read on DAG Run:example_bash_operator
[2025-04-19T08:37:49.447+0000] {logging_mixin.py:190} INFO - [2025-04-19T08:37:49.447+0000] {override.py:1911} INFO - Created Permission View: can create on DAG Run:example_bash_operator
[2025-04-19T08:37:49.474+0000] {logging_mixin.py:190} INFO - [2025-04-19T08:37:49.474+0000] {override.py:1911} INFO - Created Permission View: menu access on DAG Run:example_bash_operator
[2025-04-19T08:37:49.480+0000] {logging_mixin.py:190} INFO - [2025-04-19T08:37:49.480+0000] {dag.py:3239} INFO - Sync 1 DAGs
[2025-04-19T08:37:49.522+0000] {logging_mixin.py:190} INFO - [2025-04-19T08:37:49.517+0000] {dag.py:3262} INFO - Creating ORM DAG for example_bash_operator
[2025-04-19T08:37:49.558+0000] {logging_mixin.py:190} INFO - [2025-04-19T08:37:49.558+0000] {dag.py:4180} INFO - Setting next_dagrun for example_bash_operator to 2025-04-18 00:00:00+00:00, run_after=2025-04-19 00:00:00+00:00
[2025-04-19T08:37:49.630+0000] {processor.py:208} INFO - Processing /home/airflow/.local/lib/python3.12/site-packages/airflow/example_dags/example_bash_operator.py took 0.907 seconds
[2025-04-19T08:38:21.254+0000] {processor.py:186} INFO - Started process (PID=154) to work on /home/airflow/.local/lib/python3.12/site-packages/airflow/example_dags/example_bash_operator.py
[2025-04-19T08:38:21.254+0000] {processor.py:914} INFO - Processing file /home/airflow/.local/lib/python3.12/site-packages/airflow/example_dags/example_bash_operator.py for tasks to queue
[2025-04-19T08:38:21.256+0000] {logging_mixin.py:190} INFO - [2025-04-19T08:38:21.256+0000] {dagbag.py:588} INFO - Filling up the DagBag from /home/airflow/.local/lib/python3.12/site-packages/airflow/example_dags/example_bash_operator.py
[2025-04-19T08:38:21.267+0000] {processor.py:925} INFO - DAG(s) 'example_bash_operator' retrieved from /home/airflow/.local/lib/python3.12/site-packages/airflow/example_dags/example_bash_operator.py
[2025-04-19T08:38:21.288+0000] {logging_mixin.py:190} INFO - [2025-04-19T08:38:21.287+0000] {dag.py:3239} INFO - Sync 1 DAGs
[2025-04-19T08:38:21.313+0000] {logging_mixin.py:190} INFO - [2025-04-19T08:38:21.312+0000] {dag.py:4180} INFO - Setting next_dagrun for example_bash_operator to 2025-04-18 00:00:00+00:00, run_after=2025-04-19 00:00:00+00:00
[2025-04-19T08:38:21.326+0000] {processor.py:208} INFO - Processing /home/airflow/.local/lib/python3.12/site-packages/airflow/example_dags/example_bash_operator.py took 0.077 seconds
[2025-04-19T08:38:55.956+0000] {processor.py:186} INFO - Started process (PID=217) to work on /home/airflow/.local/lib/python3.12/site-packages/airflow/example_dags/example_bash_operator.py
[2025-04-19T08:38:55.957+0000] {processor.py:914} INFO - Processing file /home/airflow/.local/lib/python3.12/site-packages/airflow/example_dags/example_bash_operator.py for tasks to queue
[2025-04-19T08:38:55.960+0000] {logging_mixin.py:190} INFO - [2025-04-19T08:38:55.959+0000] {dagbag.py:588} INFO - Filling up the DagBag from /home/airflow/.local/lib/python3.12/site-packages/airflow/example_dags/example_bash_operator.py
[2025-04-19T08:38:55.976+0000] {processor.py:925} INFO - DAG(s) 'example_bash_operator' retrieved from /home/airflow/.local/lib/python3.12/site-packages/airflow/example_dags/example_bash_operator.py
[2025-04-19T08:38:56.007+0000] {logging_mixin.py:190} INFO - [2025-04-19T08:38:56.007+0000] {dag.py:3239} INFO - Sync 1 DAGs
[2025-04-19T08:38:56.036+0000] {logging_mixin.py:190} INFO - [2025-04-19T08:38:56.035+0000] {dag.py:4180} INFO - Setting next_dagrun for example_bash_operator to 2025-04-18 00:00:00+00:00, run_after=2025-04-19 00:00:00+00:00
[2025-04-19T08:38:56.053+0000] {processor.py:208} INFO - Processing /home/airflow/.local/lib/python3.12/site-packages/airflow/example_dags/example_bash_operator.py took 0.104 seconds
[2025-04-19T08:39:27.988+0000] {processor.py:186} INFO - Started process (PID=280) to work on /home/airflow/.local/lib/python3.12/site-packages/airflow/example_dags/example_bash_operator.py
[2025-04-19T08:39:27.988+0000] {processor.py:914} INFO - Processing file /home/airflow/.local/lib/python3.12/site-packages/airflow/example_dags/example_bash_operator.py for tasks to queue
[2025-04-19T08:39:27.995+0000] {logging_mixin.py:190} INFO - [2025-04-19T08:39:27.995+0000] {dagbag.py:588} INFO - Filling up the DagBag from /home/airflow/.local/lib/python3.12/site-packages/airflow/example_dags/example_bash_operator.py
[2025-04-19T08:39:28.037+0000] {processor.py:925} INFO - DAG(s) 'example_bash_operator' retrieved from /home/airflow/.local/lib/python3.12/site-packages/airflow/example_dags/example_bash_operator.py
[2025-04-19T08:39:28.141+0000] {logging_mixin.py:190} INFO - [2025-04-19T08:39:28.141+0000] {dag.py:3239} INFO - Sync 1 DAGs
[2025-04-19T08:39:28.239+0000] {logging_mixin.py:190} INFO - [2025-04-19T08:39:28.239+0000] {dag.py:4180} INFO - Setting next_dagrun for example_bash_operator to 2025-04-18 00:00:00+00:00, run_after=2025-04-19 00:00:00+00:00
[2025-04-19T08:39:28.293+0000] {processor.py:208} INFO - Processing /home/airflow/.local/lib/python3.12/site-packages/airflow/example_dags/example_bash_operator.py took 0.329 seconds
[2025-04-19T08:39:58.482+0000] {processor.py:186} INFO - Started process (PID=343) to work on /home/airflow/.local/lib/python3.12/site-packages/airflow/example_dags/example_bash_operator.py
[2025-04-19T08:39:58.483+0000] {processor.py:914} INFO - Processing file /home/airflow/.local/lib/python3.12/site-packages/airflow/example_dags/example_bash_operator.py for tasks to queue
[2025-04-19T08:39:58.485+0000] {logging_mixin.py:190} INFO - [2025-04-19T08:39:58.484+0000] {dagbag.py:588} INFO - Filling up the DagBag from /home/airflow/.local/lib/python3.12/site-packages/airflow/example_dags/example_bash_operator.py
[2025-04-19T08:39:58.495+0000] {processor.py:925} INFO - DAG(s) 'example_bash_operator' retrieved from /home/airflow/.local/lib/python3.12/site-packages/airflow/example_dags/example_bash_operator.py
[2025-04-19T08:39:58.516+0000] {logging_mixin.py:190} INFO - [2025-04-19T08:39:58.516+0000] {dag.py:3239} INFO - Sync 1 DAGs
[2025-04-19T08:39:58.537+0000] {logging_mixin.py:190} INFO - [2025-04-19T08:39:58.537+0000] {dag.py:4180} INFO - Setting next_dagrun for example_bash_operator to 2025-04-18 00:00:00+00:00, run_after=2025-04-19 00:00:00+00:00
[2025-04-19T08:39:58.553+0000] {processor.py:208} INFO - Processing /home/airflow/.local/lib/python3.12/site-packages/airflow/example_dags/example_bash_operator.py took 0.075 seconds
[2025-04-19T08:40:28.977+0000] {processor.py:186} INFO - Started process (PID=406) to work on /home/airflow/.local/lib/python3.12/site-packages/airflow/example_dags/example_bash_operator.py
[2025-04-19T08:40:28.978+0000] {processor.py:914} INFO - Processing file /home/airflow/.local/lib/python3.12/site-packages/airflow/example_dags/example_bash_operator.py for tasks to queue
[2025-04-19T08:40:28.979+0000] {logging_mixin.py:190} INFO - [2025-04-19T08:40:28.979+0000] {dagbag.py:588} INFO - Filling up the DagBag from /home/airflow/.local/lib/python3.12/site-packages/airflow/example_dags/example_bash_operator.py
[2025-04-19T08:40:28.990+0000] {processor.py:925} INFO - DAG(s) 'example_bash_operator' retrieved from /home/airflow/.local/lib/python3.12/site-packages/airflow/example_dags/example_bash_operator.py
[2025-04-19T08:40:29.011+0000] {logging_mixin.py:190} INFO - [2025-04-19T08:40:29.010+0000] {dag.py:3239} INFO - Sync 1 DAGs
[2025-04-19T08:40:29.045+0000] {logging_mixin.py:190} INFO - [2025-04-19T08:40:29.045+0000] {dag.py:4180} INFO - Setting next_dagrun for example_bash_operator to 2025-04-18 00:00:00+00:00, run_after=2025-04-19 00:00:00+00:00
[2025-04-19T08:40:29.065+0000] {processor.py:208} INFO - Processing /home/airflow/.local/lib/python3.12/site-packages/airflow/example_dags/example_bash_operator.py took 0.093 seconds
[2025-04-19T08:41:00.389+0000] {processor.py:186} INFO - Started process (PID=469) to work on /home/airflow/.local/lib/python3.12/site-packages/airflow/example_dags/example_bash_operator.py
[2025-04-19T08:41:00.390+0000] {processor.py:914} INFO - Processing file /home/airflow/.local/lib/python3.12/site-packages/airflow/example_dags/example_bash_operator.py for tasks to queue
[2025-04-19T08:41:00.398+0000] {logging_mixin.py:190} INFO - [2025-04-19T08:41:00.397+0000] {dagbag.py:588} INFO - Filling up the DagBag from /home/airflow/.local/lib/python3.12/site-packages/airflow/example_dags/example_bash_operator.py
[2025-04-19T08:41:00.421+0000] {processor.py:925} INFO - DAG(s) 'example_bash_operator' retrieved from /home/airflow/.local/lib/python3.12/site-packages/airflow/example_dags/example_bash_operator.py
[2025-04-19T08:41:00.497+0000] {logging_mixin.py:190} INFO - [2025-04-19T08:41:00.497+0000] {dag.py:3239} INFO - Sync 1 DAGs
[2025-04-19T08:41:00.576+0000] {logging_mixin.py:190} INFO - [2025-04-19T08:41:00.576+0000] {dag.py:4180} INFO - Setting next_dagrun for example_bash_operator to 2025-04-18 00:00:00+00:00, run_after=2025-04-19 00:00:00+00:00
[2025-04-19T08:41:00.660+0000] {processor.py:208} INFO - Processing /home/airflow/.local/lib/python3.12/site-packages/airflow/example_dags/example_bash_operator.py took 0.281 seconds
[2025-04-19T08:41:31.159+0000] {processor.py:186} INFO - Started process (PID=536) to work on /home/airflow/.local/lib/python3.12/site-packages/airflow/example_dags/example_bash_operator.py
[2025-04-19T08:41:31.160+0000] {processor.py:914} INFO - Processing file /home/airflow/.local/lib/python3.12/site-packages/airflow/example_dags/example_bash_operator.py for tasks to queue
[2025-04-19T08:41:31.163+0000] {logging_mixin.py:190} INFO - [2025-04-19T08:41:31.162+0000] {dagbag.py:588} INFO - Filling up the DagBag from /home/airflow/.local/lib/python3.12/site-packages/airflow/example_dags/example_bash_operator.py
[2025-04-19T08:41:31.188+0000] {processor.py:925} INFO - DAG(s) 'example_bash_operator' retrieved from /home/airflow/.local/lib/python3.12/site-packages/airflow/example_dags/example_bash_operator.py
[2025-04-19T08:41:31.225+0000] {logging_mixin.py:190} INFO - [2025-04-19T08:41:31.225+0000] {dag.py:3239} INFO - Sync 1 DAGs
[2025-04-19T08:41:31.262+0000] {logging_mixin.py:190} INFO - [2025-04-19T08:41:31.261+0000] {dag.py:4180} INFO - Setting next_dagrun for example_bash_operator to 2025-04-18 00:00:00+00:00, run_after=2025-04-19 00:00:00+00:00
[2025-04-19T08:41:31.293+0000] {processor.py:208} INFO - Processing /home/airflow/.local/lib/python3.12/site-packages/airflow/example_dags/example_bash_operator.py took 0.141 seconds
[2025-04-19T08:42:02.702+0000] {processor.py:186} INFO - Started process (PID=598) to work on /home/airflow/.local/lib/python3.12/site-packages/airflow/example_dags/example_bash_operator.py
[2025-04-19T08:42:02.703+0000] {processor.py:914} INFO - Processing file /home/airflow/.local/lib/python3.12/site-packages/airflow/example_dags/example_bash_operator.py for tasks to queue
[2025-04-19T08:42:02.707+0000] {logging_mixin.py:190} INFO - [2025-04-19T08:42:02.706+0000] {dagbag.py:588} INFO - Filling up the DagBag from /home/airflow/.local/lib/python3.12/site-packages/airflow/example_dags/example_bash_operator.py
[2025-04-19T08:42:02.722+0000] {processor.py:925} INFO - DAG(s) 'example_bash_operator' retrieved from /home/airflow/.local/lib/python3.12/site-packages/airflow/example_dags/example_bash_operator.py
[2025-04-19T08:42:02.754+0000] {logging_mixin.py:190} INFO - [2025-04-19T08:42:02.754+0000] {dag.py:3239} INFO - Sync 1 DAGs
[2025-04-19T08:42:02.783+0000] {logging_mixin.py:190} INFO - [2025-04-19T08:42:02.783+0000] {dag.py:4180} INFO - Setting next_dagrun for example_bash_operator to 2025-04-18 00:00:00+00:00, run_after=2025-04-19 00:00:00+00:00
[2025-04-19T08:42:02.803+0000] {processor.py:208} INFO - Processing /home/airflow/.local/lib/python3.12/site-packages/airflow/example_dags/example_bash_operator.py took 0.107 seconds
[2025-04-19T08:42:33.341+0000] {processor.py:186} INFO - Started process (PID=656) to work on /home/airflow/.local/lib/python3.12/site-packages/airflow/example_dags/example_bash_operator.py
[2025-04-19T08:42:33.342+0000] {processor.py:914} INFO - Processing file /home/airflow/.local/lib/python3.12/site-packages/airflow/example_dags/example_bash_operator.py for tasks to queue
[2025-04-19T08:42:33.344+0000] {logging_mixin.py:190} INFO - [2025-04-19T08:42:33.344+0000] {dagbag.py:588} INFO - Filling up the DagBag from /home/airflow/.local/lib/python3.12/site-packages/airflow/example_dags/example_bash_operator.py
[2025-04-19T08:42:33.360+0000] {processor.py:925} INFO - DAG(s) 'example_bash_operator' retrieved from /home/airflow/.local/lib/python3.12/site-packages/airflow/example_dags/example_bash_operator.py
[2025-04-19T08:42:33.390+0000] {logging_mixin.py:190} INFO - [2025-04-19T08:42:33.390+0000] {dag.py:3239} INFO - Sync 1 DAGs
[2025-04-19T08:42:33.420+0000] {logging_mixin.py:190} INFO - [2025-04-19T08:42:33.420+0000] {dag.py:4180} INFO - Setting next_dagrun for example_bash_operator to 2025-04-18 00:00:00+00:00, run_after=2025-04-19 00:00:00+00:00
[2025-04-19T08:42:33.438+0000] {processor.py:208} INFO - Processing /home/airflow/.local/lib/python3.12/site-packages/airflow/example_dags/example_bash_operator.py took 0.104 seconds
[2025-04-19T08:43:03.885+0000] {processor.py:186} INFO - Started process (PID=720) to work on /home/airflow/.local/lib/python3.12/site-packages/airflow/example_dags/example_bash_operator.py
[2025-04-19T08:43:03.886+0000] {processor.py:914} INFO - Processing file /home/airflow/.local/lib/python3.12/site-packages/airflow/example_dags/example_bash_operator.py for tasks to queue
[2025-04-19T08:43:03.889+0000] {logging_mixin.py:190} INFO - [2025-04-19T08:43:03.889+0000] {dagbag.py:588} INFO - Filling up the DagBag from /home/airflow/.local/lib/python3.12/site-packages/airflow/example_dags/example_bash_operator.py
[2025-04-19T08:43:03.905+0000] {processor.py:925} INFO - DAG(s) 'example_bash_operator' retrieved from /home/airflow/.local/lib/python3.12/site-packages/airflow/example_dags/example_bash_operator.py
[2025-04-19T08:43:03.970+0000] {logging_mixin.py:190} INFO - [2025-04-19T08:43:03.969+0000] {dag.py:3239} INFO - Sync 1 DAGs
[2025-04-19T08:43:04.000+0000] {logging_mixin.py:190} INFO - [2025-04-19T08:43:03.999+0000] {dag.py:4180} INFO - Setting next_dagrun for example_bash_operator to 2025-04-18 00:00:00+00:00, run_after=2025-04-19 00:00:00+00:00
[2025-04-19T08:43:04.019+0000] {processor.py:208} INFO - Processing /home/airflow/.local/lib/python3.12/site-packages/airflow/example_dags/example_bash_operator.py took 0.148 seconds
