[2025-04-19T08:37:42.784+0000] {processor.py:186} INFO - Started process (PID=81) to work on /home/airflow/.local/lib/python3.12/site-packages/airflow/example_dags/example_xcomargs.py
[2025-04-19T08:37:42.785+0000] {processor.py:914} INFO - Processing file /home/airflow/.local/lib/python3.12/site-packages/airflow/example_dags/example_xcomargs.py for tasks to queue
[2025-04-19T08:37:42.794+0000] {logging_mixin.py:190} INFO - [2025-04-19T08:37:42.793+0000] {dagbag.py:588} INFO - Filling up the DagBag from /home/airflow/.local/lib/python3.12/site-packages/airflow/example_dags/example_xcomargs.py
[2025-04-19T08:37:42.840+0000] {processor.py:925} INFO - DAG(s) 'example_xcom_args_with_operators', 'example_xcom_args' retrieved from /home/airflow/.local/lib/python3.12/site-packages/airflow/example_dags/example_xcomargs.py
[2025-04-19T08:37:43.337+0000] {logging_mixin.py:190} INFO - [2025-04-19T08:37:43.337+0000] {override.py:1911} INFO - Created Permission View: can delete on DAG:example_xcom_args_with_operators
[2025-04-19T08:37:43.359+0000] {logging_mixin.py:190} INFO - [2025-04-19T08:37:43.359+0000] {override.py:1911} INFO - Created Permission View: can read on DAG:example_xcom_args_with_operators
[2025-04-19T08:37:43.371+0000] {logging_mixin.py:190} INFO - [2025-04-19T08:37:43.370+0000] {override.py:1911} INFO - Created Permission View: can edit on DAG:example_xcom_args_with_operators
[2025-04-19T08:37:43.378+0000] {logging_mixin.py:190} INFO - [2025-04-19T08:37:43.378+0000] {override.py:1911} INFO - Created Permission View: can delete on DAG Run:example_xcom_args_with_operators
[2025-04-19T08:37:43.401+0000] {logging_mixin.py:190} INFO - [2025-04-19T08:37:43.400+0000] {override.py:1911} INFO - Created Permission View: can read on DAG Run:example_xcom_args_with_operators
[2025-04-19T08:37:43.415+0000] {logging_mixin.py:190} INFO - [2025-04-19T08:37:43.415+0000] {override.py:1911} INFO - Created Permission View: can create on DAG Run:example_xcom_args_with_operators
[2025-04-19T08:37:43.434+0000] {logging_mixin.py:190} INFO - [2025-04-19T08:37:43.433+0000] {override.py:1911} INFO - Created Permission View: menu access on DAG Run:example_xcom_args_with_operators
[2025-04-19T08:37:43.464+0000] {logging_mixin.py:190} INFO - [2025-04-19T08:37:43.464+0000] {override.py:1911} INFO - Created Permission View: can delete on DAG:example_xcom_args
[2025-04-19T08:37:43.477+0000] {logging_mixin.py:190} INFO - [2025-04-19T08:37:43.477+0000] {override.py:1911} INFO - Created Permission View: can read on DAG:example_xcom_args
[2025-04-19T08:37:43.493+0000] {logging_mixin.py:190} INFO - [2025-04-19T08:37:43.492+0000] {override.py:1911} INFO - Created Permission View: can edit on DAG:example_xcom_args
[2025-04-19T08:37:43.508+0000] {logging_mixin.py:190} INFO - [2025-04-19T08:37:43.507+0000] {override.py:1911} INFO - Created Permission View: can delete on DAG Run:example_xcom_args
[2025-04-19T08:37:43.526+0000] {logging_mixin.py:190} INFO - [2025-04-19T08:37:43.526+0000] {override.py:1911} INFO - Created Permission View: can read on DAG Run:example_xcom_args
[2025-04-19T08:37:43.544+0000] {logging_mixin.py:190} INFO - [2025-04-19T08:37:43.544+0000] {override.py:1911} INFO - Created Permission View: can create on DAG Run:example_xcom_args
[2025-04-19T08:37:43.567+0000] {logging_mixin.py:190} INFO - [2025-04-19T08:37:43.566+0000] {override.py:1911} INFO - Created Permission View: menu access on DAG Run:example_xcom_args
[2025-04-19T08:37:43.567+0000] {logging_mixin.py:190} INFO - [2025-04-19T08:37:43.567+0000] {dag.py:3239} INFO - Sync 2 DAGs
[2025-04-19T08:37:43.623+0000] {logging_mixin.py:190} INFO - [2025-04-19T08:37:43.622+0000] {dag.py:3262} INFO - Creating ORM DAG for example_xcom_args_with_operators
[2025-04-19T08:37:43.623+0000] {logging_mixin.py:190} INFO - [2025-04-19T08:37:43.623+0000] {dag.py:3262} INFO - Creating ORM DAG for example_xcom_args
[2025-04-19T08:37:43.624+0000] {logging_mixin.py:190} INFO - [2025-04-19T08:37:43.624+0000] {dag.py:4180} INFO - Setting next_dagrun for example_xcom_args to None, run_after=None
[2025-04-19T08:37:43.632+0000] {logging_mixin.py:190} INFO - [2025-04-19T08:37:43.632+0000] {dag.py:4180} INFO - Setting next_dagrun for example_xcom_args_with_operators to None, run_after=None
[2025-04-19T08:37:43.733+0000] {processor.py:208} INFO - Processing /home/airflow/.local/lib/python3.12/site-packages/airflow/example_dags/example_xcomargs.py took 0.978 seconds
[2025-04-19T08:38:20.528+0000] {processor.py:186} INFO - Started process (PID=144) to work on /home/airflow/.local/lib/python3.12/site-packages/airflow/example_dags/example_xcomargs.py
[2025-04-19T08:38:20.529+0000] {processor.py:914} INFO - Processing file /home/airflow/.local/lib/python3.12/site-packages/airflow/example_dags/example_xcomargs.py for tasks to queue
[2025-04-19T08:38:20.532+0000] {logging_mixin.py:190} INFO - [2025-04-19T08:38:20.531+0000] {dagbag.py:588} INFO - Filling up the DagBag from /home/airflow/.local/lib/python3.12/site-packages/airflow/example_dags/example_xcomargs.py
[2025-04-19T08:38:20.543+0000] {processor.py:925} INFO - DAG(s) 'example_xcom_args_with_operators', 'example_xcom_args' retrieved from /home/airflow/.local/lib/python3.12/site-packages/airflow/example_dags/example_xcomargs.py
[2025-04-19T08:38:20.570+0000] {logging_mixin.py:190} INFO - [2025-04-19T08:38:20.570+0000] {dag.py:3239} INFO - Sync 2 DAGs
[2025-04-19T08:38:20.587+0000] {logging_mixin.py:190} INFO - [2025-04-19T08:38:20.587+0000] {dag.py:4180} INFO - Setting next_dagrun for example_xcom_args to None, run_after=None
[2025-04-19T08:38:20.592+0000] {logging_mixin.py:190} INFO - [2025-04-19T08:38:20.592+0000] {dag.py:4180} INFO - Setting next_dagrun for example_xcom_args_with_operators to None, run_after=None
[2025-04-19T08:38:20.606+0000] {processor.py:208} INFO - Processing /home/airflow/.local/lib/python3.12/site-packages/airflow/example_dags/example_xcomargs.py took 0.084 seconds
[2025-04-19T08:38:55.070+0000] {processor.py:186} INFO - Started process (PID=207) to work on /home/airflow/.local/lib/python3.12/site-packages/airflow/example_dags/example_xcomargs.py
[2025-04-19T08:38:55.074+0000] {processor.py:914} INFO - Processing file /home/airflow/.local/lib/python3.12/site-packages/airflow/example_dags/example_xcomargs.py for tasks to queue
[2025-04-19T08:38:55.083+0000] {logging_mixin.py:190} INFO - [2025-04-19T08:38:55.083+0000] {dagbag.py:588} INFO - Filling up the DagBag from /home/airflow/.local/lib/python3.12/site-packages/airflow/example_dags/example_xcomargs.py
[2025-04-19T08:38:55.140+0000] {processor.py:925} INFO - DAG(s) 'example_xcom_args_with_operators', 'example_xcom_args' retrieved from /home/airflow/.local/lib/python3.12/site-packages/airflow/example_dags/example_xcomargs.py
[2025-04-19T08:38:55.220+0000] {logging_mixin.py:190} INFO - [2025-04-19T08:38:55.219+0000] {dag.py:3239} INFO - Sync 2 DAGs
[2025-04-19T08:38:55.269+0000] {logging_mixin.py:190} INFO - [2025-04-19T08:38:55.269+0000] {dag.py:4180} INFO - Setting next_dagrun for example_xcom_args to None, run_after=None
[2025-04-19T08:38:55.280+0000] {logging_mixin.py:190} INFO - [2025-04-19T08:38:55.280+0000] {dag.py:4180} INFO - Setting next_dagrun for example_xcom_args_with_operators to None, run_after=None
[2025-04-19T08:38:55.325+0000] {processor.py:208} INFO - Processing /home/airflow/.local/lib/python3.12/site-packages/airflow/example_dags/example_xcomargs.py took 0.281 seconds
[2025-04-19T08:39:26.152+0000] {processor.py:186} INFO - Started process (PID=270) to work on /home/airflow/.local/lib/python3.12/site-packages/airflow/example_dags/example_xcomargs.py
[2025-04-19T08:39:26.159+0000] {processor.py:914} INFO - Processing file /home/airflow/.local/lib/python3.12/site-packages/airflow/example_dags/example_xcomargs.py for tasks to queue
[2025-04-19T08:39:26.166+0000] {logging_mixin.py:190} INFO - [2025-04-19T08:39:26.166+0000] {dagbag.py:588} INFO - Filling up the DagBag from /home/airflow/.local/lib/python3.12/site-packages/airflow/example_dags/example_xcomargs.py
[2025-04-19T08:39:26.217+0000] {processor.py:925} INFO - DAG(s) 'example_xcom_args', 'example_xcom_args_with_operators' retrieved from /home/airflow/.local/lib/python3.12/site-packages/airflow/example_dags/example_xcomargs.py
[2025-04-19T08:39:26.312+0000] {logging_mixin.py:190} INFO - [2025-04-19T08:39:26.312+0000] {dag.py:3239} INFO - Sync 2 DAGs
[2025-04-19T08:39:26.364+0000] {logging_mixin.py:190} INFO - [2025-04-19T08:39:26.364+0000] {dag.py:4180} INFO - Setting next_dagrun for example_xcom_args to None, run_after=None
[2025-04-19T08:39:26.374+0000] {logging_mixin.py:190} INFO - [2025-04-19T08:39:26.374+0000] {dag.py:4180} INFO - Setting next_dagrun for example_xcom_args_with_operators to None, run_after=None
[2025-04-19T08:39:26.425+0000] {processor.py:208} INFO - Processing /home/airflow/.local/lib/python3.12/site-packages/airflow/example_dags/example_xcomargs.py took 0.290 seconds
[2025-04-19T08:39:56.810+0000] {processor.py:186} INFO - Started process (PID=333) to work on /home/airflow/.local/lib/python3.12/site-packages/airflow/example_dags/example_xcomargs.py
[2025-04-19T08:39:56.811+0000] {processor.py:914} INFO - Processing file /home/airflow/.local/lib/python3.12/site-packages/airflow/example_dags/example_xcomargs.py for tasks to queue
[2025-04-19T08:39:56.813+0000] {logging_mixin.py:190} INFO - [2025-04-19T08:39:56.813+0000] {dagbag.py:588} INFO - Filling up the DagBag from /home/airflow/.local/lib/python3.12/site-packages/airflow/example_dags/example_xcomargs.py
[2025-04-19T08:39:56.824+0000] {processor.py:925} INFO - DAG(s) 'example_xcom_args', 'example_xcom_args_with_operators' retrieved from /home/airflow/.local/lib/python3.12/site-packages/airflow/example_dags/example_xcomargs.py
[2025-04-19T08:39:56.850+0000] {logging_mixin.py:190} INFO - [2025-04-19T08:39:56.850+0000] {dag.py:3239} INFO - Sync 2 DAGs
[2025-04-19T08:39:56.869+0000] {logging_mixin.py:190} INFO - [2025-04-19T08:39:56.869+0000] {dag.py:4180} INFO - Setting next_dagrun for example_xcom_args to None, run_after=None
[2025-04-19T08:39:56.873+0000] {logging_mixin.py:190} INFO - [2025-04-19T08:39:56.873+0000] {dag.py:4180} INFO - Setting next_dagrun for example_xcom_args_with_operators to None, run_after=None
[2025-04-19T08:39:56.904+0000] {processor.py:208} INFO - Processing /home/airflow/.local/lib/python3.12/site-packages/airflow/example_dags/example_xcomargs.py took 0.099 seconds
[2025-04-19T08:40:27.348+0000] {processor.py:186} INFO - Started process (PID=396) to work on /home/airflow/.local/lib/python3.12/site-packages/airflow/example_dags/example_xcomargs.py
[2025-04-19T08:40:27.349+0000] {processor.py:914} INFO - Processing file /home/airflow/.local/lib/python3.12/site-packages/airflow/example_dags/example_xcomargs.py for tasks to queue
[2025-04-19T08:40:27.351+0000] {logging_mixin.py:190} INFO - [2025-04-19T08:40:27.351+0000] {dagbag.py:588} INFO - Filling up the DagBag from /home/airflow/.local/lib/python3.12/site-packages/airflow/example_dags/example_xcomargs.py
[2025-04-19T08:40:27.361+0000] {processor.py:925} INFO - DAG(s) 'example_xcom_args', 'example_xcom_args_with_operators' retrieved from /home/airflow/.local/lib/python3.12/site-packages/airflow/example_dags/example_xcomargs.py
[2025-04-19T08:40:27.384+0000] {logging_mixin.py:190} INFO - [2025-04-19T08:40:27.384+0000] {dag.py:3239} INFO - Sync 2 DAGs
[2025-04-19T08:40:27.401+0000] {logging_mixin.py:190} INFO - [2025-04-19T08:40:27.401+0000] {dag.py:4180} INFO - Setting next_dagrun for example_xcom_args to None, run_after=None
[2025-04-19T08:40:27.405+0000] {logging_mixin.py:190} INFO - [2025-04-19T08:40:27.405+0000] {dag.py:4180} INFO - Setting next_dagrun for example_xcom_args_with_operators to None, run_after=None
[2025-04-19T08:40:27.421+0000] {processor.py:208} INFO - Processing /home/airflow/.local/lib/python3.12/site-packages/airflow/example_dags/example_xcomargs.py took 0.079 seconds
[2025-04-19T08:40:57.852+0000] {processor.py:186} INFO - Started process (PID=453) to work on /home/airflow/.local/lib/python3.12/site-packages/airflow/example_dags/example_xcomargs.py
[2025-04-19T08:40:57.856+0000] {processor.py:914} INFO - Processing file /home/airflow/.local/lib/python3.12/site-packages/airflow/example_dags/example_xcomargs.py for tasks to queue
[2025-04-19T08:40:57.859+0000] {logging_mixin.py:190} INFO - [2025-04-19T08:40:57.858+0000] {dagbag.py:588} INFO - Filling up the DagBag from /home/airflow/.local/lib/python3.12/site-packages/airflow/example_dags/example_xcomargs.py
[2025-04-19T08:40:57.875+0000] {processor.py:925} INFO - DAG(s) 'example_xcom_args', 'example_xcom_args_with_operators' retrieved from /home/airflow/.local/lib/python3.12/site-packages/airflow/example_dags/example_xcomargs.py
[2025-04-19T08:40:57.903+0000] {logging_mixin.py:190} INFO - [2025-04-19T08:40:57.902+0000] {dag.py:3239} INFO - Sync 2 DAGs
[2025-04-19T08:40:57.920+0000] {logging_mixin.py:190} INFO - [2025-04-19T08:40:57.919+0000] {dag.py:4180} INFO - Setting next_dagrun for example_xcom_args to None, run_after=None
[2025-04-19T08:40:57.924+0000] {logging_mixin.py:190} INFO - [2025-04-19T08:40:57.924+0000] {dag.py:4180} INFO - Setting next_dagrun for example_xcom_args_with_operators to None, run_after=None
[2025-04-19T08:40:57.941+0000] {processor.py:208} INFO - Processing /home/airflow/.local/lib/python3.12/site-packages/airflow/example_dags/example_xcomargs.py took 0.098 seconds
[2025-04-19T08:41:28.281+0000] {processor.py:186} INFO - Started process (PID=515) to work on /home/airflow/.local/lib/python3.12/site-packages/airflow/example_dags/example_xcomargs.py
[2025-04-19T08:41:28.282+0000] {processor.py:914} INFO - Processing file /home/airflow/.local/lib/python3.12/site-packages/airflow/example_dags/example_xcomargs.py for tasks to queue
[2025-04-19T08:41:28.284+0000] {logging_mixin.py:190} INFO - [2025-04-19T08:41:28.284+0000] {dagbag.py:588} INFO - Filling up the DagBag from /home/airflow/.local/lib/python3.12/site-packages/airflow/example_dags/example_xcomargs.py
[2025-04-19T08:41:28.295+0000] {processor.py:925} INFO - DAG(s) 'example_xcom_args', 'example_xcom_args_with_operators' retrieved from /home/airflow/.local/lib/python3.12/site-packages/airflow/example_dags/example_xcomargs.py
[2025-04-19T08:41:28.312+0000] {logging_mixin.py:190} INFO - [2025-04-19T08:41:28.312+0000] {dag.py:3239} INFO - Sync 2 DAGs
[2025-04-19T08:41:28.323+0000] {logging_mixin.py:190} INFO - [2025-04-19T08:41:28.323+0000] {dag.py:4180} INFO - Setting next_dagrun for example_xcom_args to None, run_after=None
[2025-04-19T08:41:28.326+0000] {logging_mixin.py:190} INFO - [2025-04-19T08:41:28.326+0000] {dag.py:4180} INFO - Setting next_dagrun for example_xcom_args_with_operators to None, run_after=None
[2025-04-19T08:41:28.338+0000] {processor.py:208} INFO - Processing /home/airflow/.local/lib/python3.12/site-packages/airflow/example_dags/example_xcomargs.py took 0.063 seconds
[2025-04-19T08:41:58.815+0000] {processor.py:186} INFO - Started process (PID=577) to work on /home/airflow/.local/lib/python3.12/site-packages/airflow/example_dags/example_xcomargs.py
[2025-04-19T08:41:58.816+0000] {processor.py:914} INFO - Processing file /home/airflow/.local/lib/python3.12/site-packages/airflow/example_dags/example_xcomargs.py for tasks to queue
[2025-04-19T08:41:58.818+0000] {logging_mixin.py:190} INFO - [2025-04-19T08:41:58.818+0000] {dagbag.py:588} INFO - Filling up the DagBag from /home/airflow/.local/lib/python3.12/site-packages/airflow/example_dags/example_xcomargs.py
[2025-04-19T08:41:58.829+0000] {processor.py:925} INFO - DAG(s) 'example_xcom_args_with_operators', 'example_xcom_args' retrieved from /home/airflow/.local/lib/python3.12/site-packages/airflow/example_dags/example_xcomargs.py
[2025-04-19T08:41:58.846+0000] {logging_mixin.py:190} INFO - [2025-04-19T08:41:58.846+0000] {dag.py:3239} INFO - Sync 2 DAGs
[2025-04-19T08:41:58.858+0000] {logging_mixin.py:190} INFO - [2025-04-19T08:41:58.858+0000] {dag.py:4180} INFO - Setting next_dagrun for example_xcom_args to None, run_after=None
[2025-04-19T08:41:58.861+0000] {logging_mixin.py:190} INFO - [2025-04-19T08:41:58.860+0000] {dag.py:4180} INFO - Setting next_dagrun for example_xcom_args_with_operators to None, run_after=None
[2025-04-19T08:41:58.872+0000] {processor.py:208} INFO - Processing /home/airflow/.local/lib/python3.12/site-packages/airflow/example_dags/example_xcomargs.py took 0.063 seconds
[2025-04-19T08:42:29.635+0000] {processor.py:186} INFO - Started process (PID=640) to work on /home/airflow/.local/lib/python3.12/site-packages/airflow/example_dags/example_xcomargs.py
[2025-04-19T08:42:29.636+0000] {processor.py:914} INFO - Processing file /home/airflow/.local/lib/python3.12/site-packages/airflow/example_dags/example_xcomargs.py for tasks to queue
[2025-04-19T08:42:29.643+0000] {logging_mixin.py:190} INFO - [2025-04-19T08:42:29.643+0000] {dagbag.py:588} INFO - Filling up the DagBag from /home/airflow/.local/lib/python3.12/site-packages/airflow/example_dags/example_xcomargs.py
[2025-04-19T08:42:29.680+0000] {processor.py:925} INFO - DAG(s) 'example_xcom_args', 'example_xcom_args_with_operators' retrieved from /home/airflow/.local/lib/python3.12/site-packages/airflow/example_dags/example_xcomargs.py
[2025-04-19T08:42:29.705+0000] {logging_mixin.py:190} INFO - [2025-04-19T08:42:29.705+0000] {dag.py:3239} INFO - Sync 2 DAGs
[2025-04-19T08:42:29.724+0000] {logging_mixin.py:190} INFO - [2025-04-19T08:42:29.723+0000] {dag.py:4180} INFO - Setting next_dagrun for example_xcom_args to None, run_after=None
[2025-04-19T08:42:29.728+0000] {logging_mixin.py:190} INFO - [2025-04-19T08:42:29.727+0000] {dag.py:4180} INFO - Setting next_dagrun for example_xcom_args_with_operators to None, run_after=None
[2025-04-19T08:42:29.739+0000] {processor.py:208} INFO - Processing /home/airflow/.local/lib/python3.12/site-packages/airflow/example_dags/example_xcomargs.py took 0.123 seconds
[2025-04-19T08:43:00.454+0000] {processor.py:186} INFO - Started process (PID=704) to work on /home/airflow/.local/lib/python3.12/site-packages/airflow/example_dags/example_xcomargs.py
[2025-04-19T08:43:00.461+0000] {processor.py:914} INFO - Processing file /home/airflow/.local/lib/python3.12/site-packages/airflow/example_dags/example_xcomargs.py for tasks to queue
[2025-04-19T08:43:00.467+0000] {logging_mixin.py:190} INFO - [2025-04-19T08:43:00.467+0000] {dagbag.py:588} INFO - Filling up the DagBag from /home/airflow/.local/lib/python3.12/site-packages/airflow/example_dags/example_xcomargs.py
[2025-04-19T08:43:00.518+0000] {processor.py:925} INFO - DAG(s) 'example_xcom_args_with_operators', 'example_xcom_args' retrieved from /home/airflow/.local/lib/python3.12/site-packages/airflow/example_dags/example_xcomargs.py
[2025-04-19T08:43:00.616+0000] {logging_mixin.py:190} INFO - [2025-04-19T08:43:00.613+0000] {dag.py:3239} INFO - Sync 2 DAGs
[2025-04-19T08:43:00.675+0000] {logging_mixin.py:190} INFO - [2025-04-19T08:43:00.675+0000] {dag.py:4180} INFO - Setting next_dagrun for example_xcom_args to None, run_after=None
[2025-04-19T08:43:00.685+0000] {logging_mixin.py:190} INFO - [2025-04-19T08:43:00.684+0000] {dag.py:4180} INFO - Setting next_dagrun for example_xcom_args_with_operators to None, run_after=None
[2025-04-19T08:43:00.721+0000] {processor.py:208} INFO - Processing /home/airflow/.local/lib/python3.12/site-packages/airflow/example_dags/example_xcomargs.py took 0.306 seconds
