[2025-04-19T08:37:35.763+0000] {processor.py:186} INFO - Started process (PID=73) to work on /home/airflow/.local/lib/python3.12/site-packages/airflow/example_dags/example_short_circuit_operator.py
[2025-04-19T08:37:35.764+0000] {processor.py:914} INFO - Processing file /home/airflow/.local/lib/python3.12/site-packages/airflow/example_dags/example_short_circuit_operator.py for tasks to queue
[2025-04-19T08:37:35.780+0000] {logging_mixin.py:190} INFO - [2025-04-19T08:37:35.774+0000] {dagbag.py:588} INFO - Filling up the DagBag from /home/airflow/.local/lib/python3.12/site-packages/airflow/example_dags/example_short_circuit_operator.py
[2025-04-19T08:37:35.840+0000] {processor.py:925} INFO - DAG(s) 'example_short_circuit_operator' retrieved from /home/airflow/.local/lib/python3.12/site-packages/airflow/example_dags/example_short_circuit_operator.py
[2025-04-19T08:37:37.181+0000] {logging_mixin.py:190} INFO - [2025-04-19T08:37:37.162+0000] {override.py:1911} INFO - Created Permission View: can delete on DAG:example_short_circuit_operator
[2025-04-19T08:37:37.338+0000] {logging_mixin.py:190} INFO - [2025-04-19T08:37:37.337+0000] {override.py:1911} INFO - Created Permission View: can read on DAG:example_short_circuit_operator
[2025-04-19T08:37:37.386+0000] {logging_mixin.py:190} INFO - [2025-04-19T08:37:37.385+0000] {override.py:1911} INFO - Created Permission View: can edit on DAG:example_short_circuit_operator
[2025-04-19T08:37:37.426+0000] {logging_mixin.py:190} INFO - [2025-04-19T08:37:37.425+0000] {override.py:1911} INFO - Created Permission View: can delete on DAG Run:example_short_circuit_operator
[2025-04-19T08:37:37.468+0000] {logging_mixin.py:190} INFO - [2025-04-19T08:37:37.464+0000] {override.py:1911} INFO - Created Permission View: can read on DAG Run:example_short_circuit_operator
[2025-04-19T08:37:37.493+0000] {logging_mixin.py:190} INFO - [2025-04-19T08:37:37.493+0000] {override.py:1911} INFO - Created Permission View: can create on DAG Run:example_short_circuit_operator
[2025-04-19T08:37:37.518+0000] {logging_mixin.py:190} INFO - [2025-04-19T08:37:37.518+0000] {override.py:1911} INFO - Created Permission View: menu access on DAG Run:example_short_circuit_operator
[2025-04-19T08:37:37.522+0000] {logging_mixin.py:190} INFO - [2025-04-19T08:37:37.522+0000] {dag.py:3239} INFO - Sync 1 DAGs
[2025-04-19T08:37:37.596+0000] {logging_mixin.py:190} INFO - [2025-04-19T08:37:37.596+0000] {dag.py:3262} INFO - Creating ORM DAG for example_short_circuit_operator
[2025-04-19T08:37:37.599+0000] {logging_mixin.py:190} INFO - [2025-04-19T08:37:37.599+0000] {dag.py:4180} INFO - Setting next_dagrun for example_short_circuit_operator to None, run_after=None
[2025-04-19T08:37:37.683+0000] {processor.py:208} INFO - Processing /home/airflow/.local/lib/python3.12/site-packages/airflow/example_dags/example_short_circuit_operator.py took 1.971 seconds
[2025-04-19T08:38:20.070+0000] {processor.py:186} INFO - Started process (PID=136) to work on /home/airflow/.local/lib/python3.12/site-packages/airflow/example_dags/example_short_circuit_operator.py
[2025-04-19T08:38:20.074+0000] {processor.py:914} INFO - Processing file /home/airflow/.local/lib/python3.12/site-packages/airflow/example_dags/example_short_circuit_operator.py for tasks to queue
[2025-04-19T08:38:20.076+0000] {logging_mixin.py:190} INFO - [2025-04-19T08:38:20.076+0000] {dagbag.py:588} INFO - Filling up the DagBag from /home/airflow/.local/lib/python3.12/site-packages/airflow/example_dags/example_short_circuit_operator.py
[2025-04-19T08:38:20.088+0000] {processor.py:925} INFO - DAG(s) 'example_short_circuit_operator' retrieved from /home/airflow/.local/lib/python3.12/site-packages/airflow/example_dags/example_short_circuit_operator.py
[2025-04-19T08:38:20.123+0000] {logging_mixin.py:190} INFO - [2025-04-19T08:38:20.122+0000] {dag.py:3239} INFO - Sync 1 DAGs
[2025-04-19T08:38:20.140+0000] {logging_mixin.py:190} INFO - [2025-04-19T08:38:20.140+0000] {dag.py:4180} INFO - Setting next_dagrun for example_short_circuit_operator to None, run_after=None
[2025-04-19T08:38:20.159+0000] {processor.py:208} INFO - Processing /home/airflow/.local/lib/python3.12/site-packages/airflow/example_dags/example_short_circuit_operator.py took 0.096 seconds
[2025-04-19T08:38:53.345+0000] {processor.py:186} INFO - Started process (PID=199) to work on /home/airflow/.local/lib/python3.12/site-packages/airflow/example_dags/example_short_circuit_operator.py
[2025-04-19T08:38:53.346+0000] {processor.py:914} INFO - Processing file /home/airflow/.local/lib/python3.12/site-packages/airflow/example_dags/example_short_circuit_operator.py for tasks to queue
[2025-04-19T08:38:53.348+0000] {logging_mixin.py:190} INFO - [2025-04-19T08:38:53.348+0000] {dagbag.py:588} INFO - Filling up the DagBag from /home/airflow/.local/lib/python3.12/site-packages/airflow/example_dags/example_short_circuit_operator.py
[2025-04-19T08:38:53.358+0000] {processor.py:925} INFO - DAG(s) 'example_short_circuit_operator' retrieved from /home/airflow/.local/lib/python3.12/site-packages/airflow/example_dags/example_short_circuit_operator.py
[2025-04-19T08:38:53.396+0000] {logging_mixin.py:190} INFO - [2025-04-19T08:38:53.395+0000] {dag.py:3239} INFO - Sync 1 DAGs
[2025-04-19T08:38:53.438+0000] {logging_mixin.py:190} INFO - [2025-04-19T08:38:53.437+0000] {dag.py:4180} INFO - Setting next_dagrun for example_short_circuit_operator to None, run_after=None
[2025-04-19T08:38:53.483+0000] {processor.py:208} INFO - Processing /home/airflow/.local/lib/python3.12/site-packages/airflow/example_dags/example_short_circuit_operator.py took 0.156 seconds
[2025-04-19T08:39:23.824+0000] {processor.py:186} INFO - Started process (PID=258) to work on /home/airflow/.local/lib/python3.12/site-packages/airflow/example_dags/example_short_circuit_operator.py
[2025-04-19T08:39:23.825+0000] {processor.py:914} INFO - Processing file /home/airflow/.local/lib/python3.12/site-packages/airflow/example_dags/example_short_circuit_operator.py for tasks to queue
[2025-04-19T08:39:23.828+0000] {logging_mixin.py:190} INFO - [2025-04-19T08:39:23.827+0000] {dagbag.py:588} INFO - Filling up the DagBag from /home/airflow/.local/lib/python3.12/site-packages/airflow/example_dags/example_short_circuit_operator.py
[2025-04-19T08:39:23.838+0000] {processor.py:925} INFO - DAG(s) 'example_short_circuit_operator' retrieved from /home/airflow/.local/lib/python3.12/site-packages/airflow/example_dags/example_short_circuit_operator.py
[2025-04-19T08:39:23.867+0000] {logging_mixin.py:190} INFO - [2025-04-19T08:39:23.867+0000] {dag.py:3239} INFO - Sync 1 DAGs
[2025-04-19T08:39:23.884+0000] {logging_mixin.py:190} INFO - [2025-04-19T08:39:23.884+0000] {dag.py:4180} INFO - Setting next_dagrun for example_short_circuit_operator to None, run_after=None
[2025-04-19T08:39:23.903+0000] {processor.py:208} INFO - Processing /home/airflow/.local/lib/python3.12/site-packages/airflow/example_dags/example_short_circuit_operator.py took 0.086 seconds
[2025-04-19T08:39:54.013+0000] {processor.py:186} INFO - Started process (PID=319) to work on /home/airflow/.local/lib/python3.12/site-packages/airflow/example_dags/example_short_circuit_operator.py
[2025-04-19T08:39:54.013+0000] {processor.py:914} INFO - Processing file /home/airflow/.local/lib/python3.12/site-packages/airflow/example_dags/example_short_circuit_operator.py for tasks to queue
[2025-04-19T08:39:54.016+0000] {logging_mixin.py:190} INFO - [2025-04-19T08:39:54.016+0000] {dagbag.py:588} INFO - Filling up the DagBag from /home/airflow/.local/lib/python3.12/site-packages/airflow/example_dags/example_short_circuit_operator.py
[2025-04-19T08:39:54.026+0000] {processor.py:925} INFO - DAG(s) 'example_short_circuit_operator' retrieved from /home/airflow/.local/lib/python3.12/site-packages/airflow/example_dags/example_short_circuit_operator.py
[2025-04-19T08:39:54.052+0000] {logging_mixin.py:190} INFO - [2025-04-19T08:39:54.052+0000] {dag.py:3239} INFO - Sync 1 DAGs
[2025-04-19T08:39:54.069+0000] {logging_mixin.py:190} INFO - [2025-04-19T08:39:54.069+0000] {dag.py:4180} INFO - Setting next_dagrun for example_short_circuit_operator to None, run_after=None
[2025-04-19T08:39:54.086+0000] {processor.py:208} INFO - Processing /home/airflow/.local/lib/python3.12/site-packages/airflow/example_dags/example_short_circuit_operator.py took 0.079 seconds
[2025-04-19T08:40:24.583+0000] {processor.py:186} INFO - Started process (PID=382) to work on /home/airflow/.local/lib/python3.12/site-packages/airflow/example_dags/example_short_circuit_operator.py
[2025-04-19T08:40:24.584+0000] {processor.py:914} INFO - Processing file /home/airflow/.local/lib/python3.12/site-packages/airflow/example_dags/example_short_circuit_operator.py for tasks to queue
[2025-04-19T08:40:24.585+0000] {logging_mixin.py:190} INFO - [2025-04-19T08:40:24.585+0000] {dagbag.py:588} INFO - Filling up the DagBag from /home/airflow/.local/lib/python3.12/site-packages/airflow/example_dags/example_short_circuit_operator.py
[2025-04-19T08:40:24.592+0000] {processor.py:925} INFO - DAG(s) 'example_short_circuit_operator' retrieved from /home/airflow/.local/lib/python3.12/site-packages/airflow/example_dags/example_short_circuit_operator.py
[2025-04-19T08:40:24.612+0000] {logging_mixin.py:190} INFO - [2025-04-19T08:40:24.612+0000] {dag.py:3239} INFO - Sync 1 DAGs
[2025-04-19T08:40:24.623+0000] {logging_mixin.py:190} INFO - [2025-04-19T08:40:24.622+0000] {dag.py:4180} INFO - Setting next_dagrun for example_short_circuit_operator to None, run_after=None
[2025-04-19T08:40:24.635+0000] {processor.py:208} INFO - Processing /home/airflow/.local/lib/python3.12/site-packages/airflow/example_dags/example_short_circuit_operator.py took 0.057 seconds
[2025-04-19T08:40:55.230+0000] {processor.py:186} INFO - Started process (PID=445) to work on /home/airflow/.local/lib/python3.12/site-packages/airflow/example_dags/example_short_circuit_operator.py
[2025-04-19T08:40:55.231+0000] {processor.py:914} INFO - Processing file /home/airflow/.local/lib/python3.12/site-packages/airflow/example_dags/example_short_circuit_operator.py for tasks to queue
[2025-04-19T08:40:55.233+0000] {logging_mixin.py:190} INFO - [2025-04-19T08:40:55.232+0000] {dagbag.py:588} INFO - Filling up the DagBag from /home/airflow/.local/lib/python3.12/site-packages/airflow/example_dags/example_short_circuit_operator.py
[2025-04-19T08:40:55.240+0000] {processor.py:925} INFO - DAG(s) 'example_short_circuit_operator' retrieved from /home/airflow/.local/lib/python3.12/site-packages/airflow/example_dags/example_short_circuit_operator.py
[2025-04-19T08:40:55.264+0000] {logging_mixin.py:190} INFO - [2025-04-19T08:40:55.264+0000] {dag.py:3239} INFO - Sync 1 DAGs
[2025-04-19T08:40:55.279+0000] {logging_mixin.py:190} INFO - [2025-04-19T08:40:55.278+0000] {dag.py:4180} INFO - Setting next_dagrun for example_short_circuit_operator to None, run_after=None
[2025-04-19T08:40:55.292+0000] {processor.py:208} INFO - Processing /home/airflow/.local/lib/python3.12/site-packages/airflow/example_dags/example_short_circuit_operator.py took 0.067 seconds
[2025-04-19T08:41:25.851+0000] {processor.py:186} INFO - Started process (PID=507) to work on /home/airflow/.local/lib/python3.12/site-packages/airflow/example_dags/example_short_circuit_operator.py
[2025-04-19T08:41:25.852+0000] {processor.py:914} INFO - Processing file /home/airflow/.local/lib/python3.12/site-packages/airflow/example_dags/example_short_circuit_operator.py for tasks to queue
[2025-04-19T08:41:25.853+0000] {logging_mixin.py:190} INFO - [2025-04-19T08:41:25.853+0000] {dagbag.py:588} INFO - Filling up the DagBag from /home/airflow/.local/lib/python3.12/site-packages/airflow/example_dags/example_short_circuit_operator.py
[2025-04-19T08:41:25.860+0000] {processor.py:925} INFO - DAG(s) 'example_short_circuit_operator' retrieved from /home/airflow/.local/lib/python3.12/site-packages/airflow/example_dags/example_short_circuit_operator.py
[2025-04-19T08:41:25.880+0000] {logging_mixin.py:190} INFO - [2025-04-19T08:41:25.880+0000] {dag.py:3239} INFO - Sync 1 DAGs
[2025-04-19T08:41:25.891+0000] {logging_mixin.py:190} INFO - [2025-04-19T08:41:25.891+0000] {dag.py:4180} INFO - Setting next_dagrun for example_short_circuit_operator to None, run_after=None
[2025-04-19T08:41:25.906+0000] {processor.py:208} INFO - Processing /home/airflow/.local/lib/python3.12/site-packages/airflow/example_dags/example_short_circuit_operator.py took 0.059 seconds
[2025-04-19T08:41:56.422+0000] {processor.py:186} INFO - Started process (PID=569) to work on /home/airflow/.local/lib/python3.12/site-packages/airflow/example_dags/example_short_circuit_operator.py
[2025-04-19T08:41:56.422+0000] {processor.py:914} INFO - Processing file /home/airflow/.local/lib/python3.12/site-packages/airflow/example_dags/example_short_circuit_operator.py for tasks to queue
[2025-04-19T08:41:56.424+0000] {logging_mixin.py:190} INFO - [2025-04-19T08:41:56.424+0000] {dagbag.py:588} INFO - Filling up the DagBag from /home/airflow/.local/lib/python3.12/site-packages/airflow/example_dags/example_short_circuit_operator.py
[2025-04-19T08:41:56.431+0000] {processor.py:925} INFO - DAG(s) 'example_short_circuit_operator' retrieved from /home/airflow/.local/lib/python3.12/site-packages/airflow/example_dags/example_short_circuit_operator.py
[2025-04-19T08:41:56.453+0000] {logging_mixin.py:190} INFO - [2025-04-19T08:41:56.452+0000] {dag.py:3239} INFO - Sync 1 DAGs
[2025-04-19T08:41:56.466+0000] {logging_mixin.py:190} INFO - [2025-04-19T08:41:56.466+0000] {dag.py:4180} INFO - Setting next_dagrun for example_short_circuit_operator to None, run_after=None
[2025-04-19T08:41:56.480+0000] {processor.py:208} INFO - Processing /home/airflow/.local/lib/python3.12/site-packages/airflow/example_dags/example_short_circuit_operator.py took 0.063 seconds
[2025-04-19T08:42:26.716+0000] {processor.py:186} INFO - Started process (PID=632) to work on /home/airflow/.local/lib/python3.12/site-packages/airflow/example_dags/example_short_circuit_operator.py
[2025-04-19T08:42:26.719+0000] {processor.py:914} INFO - Processing file /home/airflow/.local/lib/python3.12/site-packages/airflow/example_dags/example_short_circuit_operator.py for tasks to queue
[2025-04-19T08:42:26.724+0000] {logging_mixin.py:190} INFO - [2025-04-19T08:42:26.723+0000] {dagbag.py:588} INFO - Filling up the DagBag from /home/airflow/.local/lib/python3.12/site-packages/airflow/example_dags/example_short_circuit_operator.py
[2025-04-19T08:42:26.749+0000] {processor.py:925} INFO - DAG(s) 'example_short_circuit_operator' retrieved from /home/airflow/.local/lib/python3.12/site-packages/airflow/example_dags/example_short_circuit_operator.py
[2025-04-19T08:42:26.810+0000] {logging_mixin.py:190} INFO - [2025-04-19T08:42:26.810+0000] {dag.py:3239} INFO - Sync 1 DAGs
[2025-04-19T08:42:26.851+0000] {logging_mixin.py:190} INFO - [2025-04-19T08:42:26.850+0000] {dag.py:4180} INFO - Setting next_dagrun for example_short_circuit_operator to None, run_after=None
[2025-04-19T08:42:26.903+0000] {processor.py:208} INFO - Processing /home/airflow/.local/lib/python3.12/site-packages/airflow/example_dags/example_short_circuit_operator.py took 0.220 seconds
[2025-04-19T08:42:57.459+0000] {processor.py:186} INFO - Started process (PID=696) to work on /home/airflow/.local/lib/python3.12/site-packages/airflow/example_dags/example_short_circuit_operator.py
[2025-04-19T08:42:57.460+0000] {processor.py:914} INFO - Processing file /home/airflow/.local/lib/python3.12/site-packages/airflow/example_dags/example_short_circuit_operator.py for tasks to queue
[2025-04-19T08:42:57.463+0000] {logging_mixin.py:190} INFO - [2025-04-19T08:42:57.462+0000] {dagbag.py:588} INFO - Filling up the DagBag from /home/airflow/.local/lib/python3.12/site-packages/airflow/example_dags/example_short_circuit_operator.py
[2025-04-19T08:42:57.473+0000] {processor.py:925} INFO - DAG(s) 'example_short_circuit_operator' retrieved from /home/airflow/.local/lib/python3.12/site-packages/airflow/example_dags/example_short_circuit_operator.py
[2025-04-19T08:42:57.498+0000] {logging_mixin.py:190} INFO - [2025-04-19T08:42:57.497+0000] {dag.py:3239} INFO - Sync 1 DAGs
[2025-04-19T08:42:57.509+0000] {logging_mixin.py:190} INFO - [2025-04-19T08:42:57.509+0000] {dag.py:4180} INFO - Setting next_dagrun for example_short_circuit_operator to None, run_after=None
[2025-04-19T08:42:57.523+0000] {processor.py:208} INFO - Processing /home/airflow/.local/lib/python3.12/site-packages/airflow/example_dags/example_short_circuit_operator.py took 0.071 seconds
