[2025-04-19T08:37:40.635+0000] {processor.py:186} INFO - Started process (PID=78) to work on /home/airflow/.local/lib/python3.12/site-packages/airflow/example_dags/example_latest_only_with_trigger.py
[2025-04-19T08:37:40.640+0000] {processor.py:914} INFO - Processing file /home/airflow/.local/lib/python3.12/site-packages/airflow/example_dags/example_latest_only_with_trigger.py for tasks to queue
[2025-04-19T08:37:40.651+0000] {logging_mixin.py:190} INFO - [2025-04-19T08:37:40.651+0000] {dagbag.py:588} INFO - Filling up the DagBag from /home/airflow/.local/lib/python3.12/site-packages/airflow/example_dags/example_latest_only_with_trigger.py
[2025-04-19T08:37:40.688+0000] {processor.py:925} INFO - DAG(s) 'latest_only_with_trigger' retrieved from /home/airflow/.local/lib/python3.12/site-packages/airflow/example_dags/example_latest_only_with_trigger.py
[2025-04-19T08:37:41.511+0000] {logging_mixin.py:190} INFO - [2025-04-19T08:37:41.510+0000] {override.py:1911} INFO - Created Permission View: can delete on DAG:latest_only_with_trigger
[2025-04-19T08:37:41.544+0000] {logging_mixin.py:190} INFO - [2025-04-19T08:37:41.543+0000] {override.py:1911} INFO - Created Permission View: can read on DAG:latest_only_with_trigger
[2025-04-19T08:37:41.565+0000] {logging_mixin.py:190} INFO - [2025-04-19T08:37:41.564+0000] {override.py:1911} INFO - Created Permission View: can edit on DAG:latest_only_with_trigger
[2025-04-19T08:37:41.584+0000] {logging_mixin.py:190} INFO - [2025-04-19T08:37:41.583+0000] {override.py:1911} INFO - Created Permission View: can delete on DAG Run:latest_only_with_trigger
[2025-04-19T08:37:41.602+0000] {logging_mixin.py:190} INFO - [2025-04-19T08:37:41.602+0000] {override.py:1911} INFO - Created Permission View: can read on DAG Run:latest_only_with_trigger
[2025-04-19T08:37:41.614+0000] {logging_mixin.py:190} INFO - [2025-04-19T08:37:41.614+0000] {override.py:1911} INFO - Created Permission View: can create on DAG Run:latest_only_with_trigger
[2025-04-19T08:37:41.636+0000] {logging_mixin.py:190} INFO - [2025-04-19T08:37:41.635+0000] {override.py:1911} INFO - Created Permission View: menu access on DAG Run:latest_only_with_trigger
[2025-04-19T08:37:41.637+0000] {logging_mixin.py:190} INFO - [2025-04-19T08:37:41.636+0000] {dag.py:3239} INFO - Sync 1 DAGs
[2025-04-19T08:37:41.752+0000] {logging_mixin.py:190} INFO - [2025-04-19T08:37:41.752+0000] {dag.py:3262} INFO - Creating ORM DAG for latest_only_with_trigger
[2025-04-19T08:37:41.777+0000] {logging_mixin.py:190} INFO - [2025-04-19T08:37:41.776+0000] {dag.py:4180} INFO - Setting next_dagrun for latest_only_with_trigger to 2025-04-19 04:00:00+00:00, run_after=2025-04-19 08:00:00+00:00
[2025-04-19T08:37:41.844+0000] {processor.py:208} INFO - Processing /home/airflow/.local/lib/python3.12/site-packages/airflow/example_dags/example_latest_only_with_trigger.py took 1.230 seconds
[2025-04-19T08:38:20.403+0000] {processor.py:186} INFO - Started process (PID=141) to work on /home/airflow/.local/lib/python3.12/site-packages/airflow/example_dags/example_latest_only_with_trigger.py
[2025-04-19T08:38:20.404+0000] {processor.py:914} INFO - Processing file /home/airflow/.local/lib/python3.12/site-packages/airflow/example_dags/example_latest_only_with_trigger.py for tasks to queue
[2025-04-19T08:38:20.406+0000] {logging_mixin.py:190} INFO - [2025-04-19T08:38:20.406+0000] {dagbag.py:588} INFO - Filling up the DagBag from /home/airflow/.local/lib/python3.12/site-packages/airflow/example_dags/example_latest_only_with_trigger.py
[2025-04-19T08:38:20.414+0000] {processor.py:925} INFO - DAG(s) 'latest_only_with_trigger' retrieved from /home/airflow/.local/lib/python3.12/site-packages/airflow/example_dags/example_latest_only_with_trigger.py
[2025-04-19T08:38:20.438+0000] {logging_mixin.py:190} INFO - [2025-04-19T08:38:20.438+0000] {dag.py:3239} INFO - Sync 1 DAGs
[2025-04-19T08:38:20.464+0000] {logging_mixin.py:190} INFO - [2025-04-19T08:38:20.464+0000] {dag.py:4180} INFO - Setting next_dagrun for latest_only_with_trigger to 2025-04-19 04:00:00+00:00, run_after=2025-04-19 08:00:00+00:00
[2025-04-19T08:38:20.482+0000] {processor.py:208} INFO - Processing /home/airflow/.local/lib/python3.12/site-packages/airflow/example_dags/example_latest_only_with_trigger.py took 0.085 seconds
[2025-04-19T08:38:54.302+0000] {processor.py:186} INFO - Started process (PID=204) to work on /home/airflow/.local/lib/python3.12/site-packages/airflow/example_dags/example_latest_only_with_trigger.py
[2025-04-19T08:38:54.308+0000] {processor.py:914} INFO - Processing file /home/airflow/.local/lib/python3.12/site-packages/airflow/example_dags/example_latest_only_with_trigger.py for tasks to queue
[2025-04-19T08:38:54.313+0000] {logging_mixin.py:190} INFO - [2025-04-19T08:38:54.313+0000] {dagbag.py:588} INFO - Filling up the DagBag from /home/airflow/.local/lib/python3.12/site-packages/airflow/example_dags/example_latest_only_with_trigger.py
[2025-04-19T08:38:54.353+0000] {processor.py:925} INFO - DAG(s) 'latest_only_with_trigger' retrieved from /home/airflow/.local/lib/python3.12/site-packages/airflow/example_dags/example_latest_only_with_trigger.py
[2025-04-19T08:38:54.459+0000] {logging_mixin.py:190} INFO - [2025-04-19T08:38:54.459+0000] {dag.py:3239} INFO - Sync 1 DAGs
[2025-04-19T08:38:54.584+0000] {logging_mixin.py:190} INFO - [2025-04-19T08:38:54.584+0000] {dag.py:4180} INFO - Setting next_dagrun for latest_only_with_trigger to 2025-04-19 04:00:00+00:00, run_after=2025-04-19 08:00:00+00:00
[2025-04-19T08:38:54.653+0000] {processor.py:208} INFO - Processing /home/airflow/.local/lib/python3.12/site-packages/airflow/example_dags/example_latest_only_with_trigger.py took 0.366 seconds
[2025-04-19T08:39:25.493+0000] {processor.py:186} INFO - Started process (PID=267) to work on /home/airflow/.local/lib/python3.12/site-packages/airflow/example_dags/example_latest_only_with_trigger.py
[2025-04-19T08:39:25.501+0000] {processor.py:914} INFO - Processing file /home/airflow/.local/lib/python3.12/site-packages/airflow/example_dags/example_latest_only_with_trigger.py for tasks to queue
[2025-04-19T08:39:25.511+0000] {logging_mixin.py:190} INFO - [2025-04-19T08:39:25.510+0000] {dagbag.py:588} INFO - Filling up the DagBag from /home/airflow/.local/lib/python3.12/site-packages/airflow/example_dags/example_latest_only_with_trigger.py
[2025-04-19T08:39:25.538+0000] {processor.py:925} INFO - DAG(s) 'latest_only_with_trigger' retrieved from /home/airflow/.local/lib/python3.12/site-packages/airflow/example_dags/example_latest_only_with_trigger.py
[2025-04-19T08:39:25.630+0000] {logging_mixin.py:190} INFO - [2025-04-19T08:39:25.629+0000] {dag.py:3239} INFO - Sync 1 DAGs
[2025-04-19T08:39:25.781+0000] {logging_mixin.py:190} INFO - [2025-04-19T08:39:25.780+0000] {dag.py:4180} INFO - Setting next_dagrun for latest_only_with_trigger to 2025-04-19 04:00:00+00:00, run_after=2025-04-19 08:00:00+00:00
[2025-04-19T08:39:25.860+0000] {processor.py:208} INFO - Processing /home/airflow/.local/lib/python3.12/site-packages/airflow/example_dags/example_latest_only_with_trigger.py took 0.420 seconds
[2025-04-19T08:39:56.614+0000] {processor.py:186} INFO - Started process (PID=330) to work on /home/airflow/.local/lib/python3.12/site-packages/airflow/example_dags/example_latest_only_with_trigger.py
[2025-04-19T08:39:56.615+0000] {processor.py:914} INFO - Processing file /home/airflow/.local/lib/python3.12/site-packages/airflow/example_dags/example_latest_only_with_trigger.py for tasks to queue
[2025-04-19T08:39:56.617+0000] {logging_mixin.py:190} INFO - [2025-04-19T08:39:56.617+0000] {dagbag.py:588} INFO - Filling up the DagBag from /home/airflow/.local/lib/python3.12/site-packages/airflow/example_dags/example_latest_only_with_trigger.py
[2025-04-19T08:39:56.625+0000] {processor.py:925} INFO - DAG(s) 'latest_only_with_trigger' retrieved from /home/airflow/.local/lib/python3.12/site-packages/airflow/example_dags/example_latest_only_with_trigger.py
[2025-04-19T08:39:56.647+0000] {logging_mixin.py:190} INFO - [2025-04-19T08:39:56.646+0000] {dag.py:3239} INFO - Sync 1 DAGs
[2025-04-19T08:39:56.673+0000] {logging_mixin.py:190} INFO - [2025-04-19T08:39:56.672+0000] {dag.py:4180} INFO - Setting next_dagrun for latest_only_with_trigger to 2025-04-19 04:00:00+00:00, run_after=2025-04-19 08:00:00+00:00
[2025-04-19T08:39:56.690+0000] {processor.py:208} INFO - Processing /home/airflow/.local/lib/python3.12/site-packages/airflow/example_dags/example_latest_only_with_trigger.py took 0.084 seconds
[2025-04-19T08:40:27.158+0000] {processor.py:186} INFO - Started process (PID=393) to work on /home/airflow/.local/lib/python3.12/site-packages/airflow/example_dags/example_latest_only_with_trigger.py
[2025-04-19T08:40:27.159+0000] {processor.py:914} INFO - Processing file /home/airflow/.local/lib/python3.12/site-packages/airflow/example_dags/example_latest_only_with_trigger.py for tasks to queue
[2025-04-19T08:40:27.162+0000] {logging_mixin.py:190} INFO - [2025-04-19T08:40:27.162+0000] {dagbag.py:588} INFO - Filling up the DagBag from /home/airflow/.local/lib/python3.12/site-packages/airflow/example_dags/example_latest_only_with_trigger.py
[2025-04-19T08:40:27.170+0000] {processor.py:925} INFO - DAG(s) 'latest_only_with_trigger' retrieved from /home/airflow/.local/lib/python3.12/site-packages/airflow/example_dags/example_latest_only_with_trigger.py
[2025-04-19T08:40:27.194+0000] {logging_mixin.py:190} INFO - [2025-04-19T08:40:27.194+0000] {dag.py:3239} INFO - Sync 1 DAGs
[2025-04-19T08:40:27.220+0000] {logging_mixin.py:190} INFO - [2025-04-19T08:40:27.219+0000] {dag.py:4180} INFO - Setting next_dagrun for latest_only_with_trigger to 2025-04-19 04:00:00+00:00, run_after=2025-04-19 08:00:00+00:00
[2025-04-19T08:40:27.236+0000] {processor.py:208} INFO - Processing /home/airflow/.local/lib/python3.12/site-packages/airflow/example_dags/example_latest_only_with_trigger.py took 0.084 seconds
[2025-04-19T08:40:57.565+0000] {processor.py:186} INFO - Started process (PID=450) to work on /home/airflow/.local/lib/python3.12/site-packages/airflow/example_dags/example_latest_only_with_trigger.py
[2025-04-19T08:40:57.569+0000] {processor.py:914} INFO - Processing file /home/airflow/.local/lib/python3.12/site-packages/airflow/example_dags/example_latest_only_with_trigger.py for tasks to queue
[2025-04-19T08:40:57.576+0000] {logging_mixin.py:190} INFO - [2025-04-19T08:40:57.576+0000] {dagbag.py:588} INFO - Filling up the DagBag from /home/airflow/.local/lib/python3.12/site-packages/airflow/example_dags/example_latest_only_with_trigger.py
[2025-04-19T08:40:57.609+0000] {processor.py:925} INFO - DAG(s) 'latest_only_with_trigger' retrieved from /home/airflow/.local/lib/python3.12/site-packages/airflow/example_dags/example_latest_only_with_trigger.py
[2025-04-19T08:40:57.659+0000] {logging_mixin.py:190} INFO - [2025-04-19T08:40:57.659+0000] {dag.py:3239} INFO - Sync 1 DAGs
[2025-04-19T08:40:57.741+0000] {logging_mixin.py:190} INFO - [2025-04-19T08:40:57.740+0000] {dag.py:4180} INFO - Setting next_dagrun for latest_only_with_trigger to 2025-04-19 04:00:00+00:00, run_after=2025-04-19 08:00:00+00:00
[2025-04-19T08:40:57.792+0000] {processor.py:208} INFO - Processing /home/airflow/.local/lib/python3.12/site-packages/airflow/example_dags/example_latest_only_with_trigger.py took 0.254 seconds
[2025-04-19T08:41:28.077+0000] {processor.py:186} INFO - Started process (PID=512) to work on /home/airflow/.local/lib/python3.12/site-packages/airflow/example_dags/example_latest_only_with_trigger.py
[2025-04-19T08:41:28.078+0000] {processor.py:914} INFO - Processing file /home/airflow/.local/lib/python3.12/site-packages/airflow/example_dags/example_latest_only_with_trigger.py for tasks to queue
[2025-04-19T08:41:28.080+0000] {logging_mixin.py:190} INFO - [2025-04-19T08:41:28.080+0000] {dagbag.py:588} INFO - Filling up the DagBag from /home/airflow/.local/lib/python3.12/site-packages/airflow/example_dags/example_latest_only_with_trigger.py
[2025-04-19T08:41:28.089+0000] {processor.py:925} INFO - DAG(s) 'latest_only_with_trigger' retrieved from /home/airflow/.local/lib/python3.12/site-packages/airflow/example_dags/example_latest_only_with_trigger.py
[2025-04-19T08:41:28.114+0000] {logging_mixin.py:190} INFO - [2025-04-19T08:41:28.114+0000] {dag.py:3239} INFO - Sync 1 DAGs
[2025-04-19T08:41:28.141+0000] {logging_mixin.py:190} INFO - [2025-04-19T08:41:28.141+0000] {dag.py:4180} INFO - Setting next_dagrun for latest_only_with_trigger to 2025-04-19 04:00:00+00:00, run_after=2025-04-19 08:00:00+00:00
[2025-04-19T08:41:28.158+0000] {processor.py:208} INFO - Processing /home/airflow/.local/lib/python3.12/site-packages/airflow/example_dags/example_latest_only_with_trigger.py took 0.088 seconds
[2025-04-19T08:41:58.626+0000] {processor.py:186} INFO - Started process (PID=574) to work on /home/airflow/.local/lib/python3.12/site-packages/airflow/example_dags/example_latest_only_with_trigger.py
[2025-04-19T08:41:58.627+0000] {processor.py:914} INFO - Processing file /home/airflow/.local/lib/python3.12/site-packages/airflow/example_dags/example_latest_only_with_trigger.py for tasks to queue
[2025-04-19T08:41:58.629+0000] {logging_mixin.py:190} INFO - [2025-04-19T08:41:58.629+0000] {dagbag.py:588} INFO - Filling up the DagBag from /home/airflow/.local/lib/python3.12/site-packages/airflow/example_dags/example_latest_only_with_trigger.py
[2025-04-19T08:41:58.638+0000] {processor.py:925} INFO - DAG(s) 'latest_only_with_trigger' retrieved from /home/airflow/.local/lib/python3.12/site-packages/airflow/example_dags/example_latest_only_with_trigger.py
[2025-04-19T08:41:58.659+0000] {logging_mixin.py:190} INFO - [2025-04-19T08:41:58.659+0000] {dag.py:3239} INFO - Sync 1 DAGs
[2025-04-19T08:41:58.685+0000] {logging_mixin.py:190} INFO - [2025-04-19T08:41:58.685+0000] {dag.py:4180} INFO - Setting next_dagrun for latest_only_with_trigger to 2025-04-19 04:00:00+00:00, run_after=2025-04-19 08:00:00+00:00
[2025-04-19T08:41:58.701+0000] {processor.py:208} INFO - Processing /home/airflow/.local/lib/python3.12/site-packages/airflow/example_dags/example_latest_only_with_trigger.py took 0.081 seconds
[2025-04-19T08:42:29.273+0000] {processor.py:186} INFO - Started process (PID=637) to work on /home/airflow/.local/lib/python3.12/site-packages/airflow/example_dags/example_latest_only_with_trigger.py
[2025-04-19T08:42:29.275+0000] {processor.py:914} INFO - Processing file /home/airflow/.local/lib/python3.12/site-packages/airflow/example_dags/example_latest_only_with_trigger.py for tasks to queue
[2025-04-19T08:42:29.282+0000] {logging_mixin.py:190} INFO - [2025-04-19T08:42:29.281+0000] {dagbag.py:588} INFO - Filling up the DagBag from /home/airflow/.local/lib/python3.12/site-packages/airflow/example_dags/example_latest_only_with_trigger.py
[2025-04-19T08:42:29.298+0000] {processor.py:925} INFO - DAG(s) 'latest_only_with_trigger' retrieved from /home/airflow/.local/lib/python3.12/site-packages/airflow/example_dags/example_latest_only_with_trigger.py
[2025-04-19T08:42:29.343+0000] {logging_mixin.py:190} INFO - [2025-04-19T08:42:29.343+0000] {dag.py:3239} INFO - Sync 1 DAGs
[2025-04-19T08:42:29.380+0000] {logging_mixin.py:190} INFO - [2025-04-19T08:42:29.380+0000] {dag.py:4180} INFO - Setting next_dagrun for latest_only_with_trigger to 2025-04-19 04:00:00+00:00, run_after=2025-04-19 08:00:00+00:00
[2025-04-19T08:42:29.420+0000] {processor.py:208} INFO - Processing /home/airflow/.local/lib/python3.12/site-packages/airflow/example_dags/example_latest_only_with_trigger.py took 0.173 seconds
[2025-04-19T08:42:59.818+0000] {processor.py:186} INFO - Started process (PID=701) to work on /home/airflow/.local/lib/python3.12/site-packages/airflow/example_dags/example_latest_only_with_trigger.py
[2025-04-19T08:42:59.821+0000] {processor.py:914} INFO - Processing file /home/airflow/.local/lib/python3.12/site-packages/airflow/example_dags/example_latest_only_with_trigger.py for tasks to queue
[2025-04-19T08:42:59.825+0000] {logging_mixin.py:190} INFO - [2025-04-19T08:42:59.824+0000] {dagbag.py:588} INFO - Filling up the DagBag from /home/airflow/.local/lib/python3.12/site-packages/airflow/example_dags/example_latest_only_with_trigger.py
[2025-04-19T08:42:59.844+0000] {processor.py:925} INFO - DAG(s) 'latest_only_with_trigger' retrieved from /home/airflow/.local/lib/python3.12/site-packages/airflow/example_dags/example_latest_only_with_trigger.py
[2025-04-19T08:42:59.920+0000] {logging_mixin.py:190} INFO - [2025-04-19T08:42:59.920+0000] {dag.py:3239} INFO - Sync 1 DAGs
[2025-04-19T08:42:59.995+0000] {logging_mixin.py:190} INFO - [2025-04-19T08:42:59.994+0000] {dag.py:4180} INFO - Setting next_dagrun for latest_only_with_trigger to 2025-04-19 04:00:00+00:00, run_after=2025-04-19 08:00:00+00:00
[2025-04-19T08:43:00.041+0000] {processor.py:208} INFO - Processing /home/airflow/.local/lib/python3.12/site-packages/airflow/example_dags/example_latest_only_with_trigger.py took 0.244 seconds
[2025-04-19T08:43:30.738+0000] {processor.py:186} INFO - Started process (PID=765) to work on /home/airflow/.local/lib/python3.12/site-packages/airflow/example_dags/example_latest_only_with_trigger.py
[2025-04-19T08:43:30.739+0000] {processor.py:914} INFO - Processing file /home/airflow/.local/lib/python3.12/site-packages/airflow/example_dags/example_latest_only_with_trigger.py for tasks to queue
[2025-04-19T08:43:30.741+0000] {logging_mixin.py:190} INFO - [2025-04-19T08:43:30.741+0000] {dagbag.py:588} INFO - Filling up the DagBag from /home/airflow/.local/lib/python3.12/site-packages/airflow/example_dags/example_latest_only_with_trigger.py
[2025-04-19T08:43:30.750+0000] {processor.py:925} INFO - DAG(s) 'latest_only_with_trigger' retrieved from /home/airflow/.local/lib/python3.12/site-packages/airflow/example_dags/example_latest_only_with_trigger.py
[2025-04-19T08:43:30.773+0000] {logging_mixin.py:190} INFO - [2025-04-19T08:43:30.773+0000] {dag.py:3239} INFO - Sync 1 DAGs
[2025-04-19T08:43:30.806+0000] {logging_mixin.py:190} INFO - [2025-04-19T08:43:30.806+0000] {dag.py:4180} INFO - Setting next_dagrun for latest_only_with_trigger to 2025-04-19 04:00:00+00:00, run_after=2025-04-19 08:00:00+00:00
[2025-04-19T08:43:30.822+0000] {processor.py:208} INFO - Processing /home/airflow/.local/lib/python3.12/site-packages/airflow/example_dags/example_latest_only_with_trigger.py took 0.090 seconds
[2025-04-19T08:44:01.012+0000] {processor.py:186} INFO - Started process (PID=828) to work on /home/airflow/.local/lib/python3.12/site-packages/airflow/example_dags/example_latest_only_with_trigger.py
[2025-04-19T08:44:01.013+0000] {processor.py:914} INFO - Processing file /home/airflow/.local/lib/python3.12/site-packages/airflow/example_dags/example_latest_only_with_trigger.py for tasks to queue
[2025-04-19T08:44:01.015+0000] {logging_mixin.py:190} INFO - [2025-04-19T08:44:01.014+0000] {dagbag.py:588} INFO - Filling up the DagBag from /home/airflow/.local/lib/python3.12/site-packages/airflow/example_dags/example_latest_only_with_trigger.py
[2025-04-19T08:44:01.023+0000] {processor.py:925} INFO - DAG(s) 'latest_only_with_trigger' retrieved from /home/airflow/.local/lib/python3.12/site-packages/airflow/example_dags/example_latest_only_with_trigger.py
[2025-04-19T08:44:01.046+0000] {logging_mixin.py:190} INFO - [2025-04-19T08:44:01.045+0000] {dag.py:3239} INFO - Sync 1 DAGs
[2025-04-19T08:44:01.074+0000] {logging_mixin.py:190} INFO - [2025-04-19T08:44:01.074+0000] {dag.py:4180} INFO - Setting next_dagrun for latest_only_with_trigger to 2025-04-19 04:00:00+00:00, run_after=2025-04-19 08:00:00+00:00
[2025-04-19T08:44:01.090+0000] {processor.py:208} INFO - Processing /home/airflow/.local/lib/python3.12/site-packages/airflow/example_dags/example_latest_only_with_trigger.py took 0.085 seconds
[2025-04-19T08:44:31.175+0000] {processor.py:186} INFO - Started process (PID=892) to work on /home/airflow/.local/lib/python3.12/site-packages/airflow/example_dags/example_latest_only_with_trigger.py
[2025-04-19T08:44:31.176+0000] {processor.py:914} INFO - Processing file /home/airflow/.local/lib/python3.12/site-packages/airflow/example_dags/example_latest_only_with_trigger.py for tasks to queue
[2025-04-19T08:44:31.179+0000] {logging_mixin.py:190} INFO - [2025-04-19T08:44:31.178+0000] {dagbag.py:588} INFO - Filling up the DagBag from /home/airflow/.local/lib/python3.12/site-packages/airflow/example_dags/example_latest_only_with_trigger.py
[2025-04-19T08:44:31.187+0000] {processor.py:925} INFO - DAG(s) 'latest_only_with_trigger' retrieved from /home/airflow/.local/lib/python3.12/site-packages/airflow/example_dags/example_latest_only_with_trigger.py
[2025-04-19T08:44:31.209+0000] {logging_mixin.py:190} INFO - [2025-04-19T08:44:31.209+0000] {dag.py:3239} INFO - Sync 1 DAGs
[2025-04-19T08:44:31.240+0000] {logging_mixin.py:190} INFO - [2025-04-19T08:44:31.240+0000] {dag.py:4180} INFO - Setting next_dagrun for latest_only_with_trigger to 2025-04-19 04:00:00+00:00, run_after=2025-04-19 08:00:00+00:00
[2025-04-19T08:44:31.256+0000] {processor.py:208} INFO - Processing /home/airflow/.local/lib/python3.12/site-packages/airflow/example_dags/example_latest_only_with_trigger.py took 0.088 seconds
[2025-04-19T08:45:01.430+0000] {processor.py:186} INFO - Started process (PID=955) to work on /home/airflow/.local/lib/python3.12/site-packages/airflow/example_dags/example_latest_only_with_trigger.py
[2025-04-19T08:45:01.431+0000] {processor.py:914} INFO - Processing file /home/airflow/.local/lib/python3.12/site-packages/airflow/example_dags/example_latest_only_with_trigger.py for tasks to queue
[2025-04-19T08:45:01.433+0000] {logging_mixin.py:190} INFO - [2025-04-19T08:45:01.433+0000] {dagbag.py:588} INFO - Filling up the DagBag from /home/airflow/.local/lib/python3.12/site-packages/airflow/example_dags/example_latest_only_with_trigger.py
[2025-04-19T08:45:01.442+0000] {processor.py:925} INFO - DAG(s) 'latest_only_with_trigger' retrieved from /home/airflow/.local/lib/python3.12/site-packages/airflow/example_dags/example_latest_only_with_trigger.py
[2025-04-19T08:45:01.465+0000] {logging_mixin.py:190} INFO - [2025-04-19T08:45:01.465+0000] {dag.py:3239} INFO - Sync 1 DAGs
[2025-04-19T08:45:01.493+0000] {logging_mixin.py:190} INFO - [2025-04-19T08:45:01.493+0000] {dag.py:4180} INFO - Setting next_dagrun for latest_only_with_trigger to 2025-04-19 04:00:00+00:00, run_after=2025-04-19 08:00:00+00:00
[2025-04-19T08:45:01.512+0000] {processor.py:208} INFO - Processing /home/airflow/.local/lib/python3.12/site-packages/airflow/example_dags/example_latest_only_with_trigger.py took 0.088 seconds
[2025-04-19T08:45:32.204+0000] {processor.py:186} INFO - Started process (PID=1025) to work on /home/airflow/.local/lib/python3.12/site-packages/airflow/example_dags/example_latest_only_with_trigger.py
[2025-04-19T08:45:32.205+0000] {processor.py:914} INFO - Processing file /home/airflow/.local/lib/python3.12/site-packages/airflow/example_dags/example_latest_only_with_trigger.py for tasks to queue
[2025-04-19T08:45:32.207+0000] {logging_mixin.py:190} INFO - [2025-04-19T08:45:32.207+0000] {dagbag.py:588} INFO - Filling up the DagBag from /home/airflow/.local/lib/python3.12/site-packages/airflow/example_dags/example_latest_only_with_trigger.py
[2025-04-19T08:45:32.216+0000] {processor.py:925} INFO - DAG(s) 'latest_only_with_trigger' retrieved from /home/airflow/.local/lib/python3.12/site-packages/airflow/example_dags/example_latest_only_with_trigger.py
[2025-04-19T08:45:32.238+0000] {logging_mixin.py:190} INFO - [2025-04-19T08:45:32.238+0000] {dag.py:3239} INFO - Sync 1 DAGs
[2025-04-19T08:45:32.269+0000] {logging_mixin.py:190} INFO - [2025-04-19T08:45:32.269+0000] {dag.py:4180} INFO - Setting next_dagrun for latest_only_with_trigger to 2025-04-19 04:00:00+00:00, run_after=2025-04-19 08:00:00+00:00
[2025-04-19T08:45:32.285+0000] {processor.py:208} INFO - Processing /home/airflow/.local/lib/python3.12/site-packages/airflow/example_dags/example_latest_only_with_trigger.py took 0.087 seconds
[2025-04-19T08:46:02.357+0000] {processor.py:186} INFO - Started process (PID=1089) to work on /home/airflow/.local/lib/python3.12/site-packages/airflow/example_dags/example_latest_only_with_trigger.py
[2025-04-19T08:46:02.357+0000] {processor.py:914} INFO - Processing file /home/airflow/.local/lib/python3.12/site-packages/airflow/example_dags/example_latest_only_with_trigger.py for tasks to queue
[2025-04-19T08:46:02.360+0000] {logging_mixin.py:190} INFO - [2025-04-19T08:46:02.360+0000] {dagbag.py:588} INFO - Filling up the DagBag from /home/airflow/.local/lib/python3.12/site-packages/airflow/example_dags/example_latest_only_with_trigger.py
[2025-04-19T08:46:02.369+0000] {processor.py:925} INFO - DAG(s) 'latest_only_with_trigger' retrieved from /home/airflow/.local/lib/python3.12/site-packages/airflow/example_dags/example_latest_only_with_trigger.py
[2025-04-19T08:46:02.391+0000] {logging_mixin.py:190} INFO - [2025-04-19T08:46:02.391+0000] {dag.py:3239} INFO - Sync 1 DAGs
[2025-04-19T08:46:02.418+0000] {logging_mixin.py:190} INFO - [2025-04-19T08:46:02.418+0000] {dag.py:4180} INFO - Setting next_dagrun for latest_only_with_trigger to 2025-04-19 04:00:00+00:00, run_after=2025-04-19 08:00:00+00:00
[2025-04-19T08:46:02.434+0000] {processor.py:208} INFO - Processing /home/airflow/.local/lib/python3.12/site-packages/airflow/example_dags/example_latest_only_with_trigger.py took 0.083 seconds
[2025-04-19T08:46:32.838+0000] {processor.py:186} INFO - Started process (PID=1152) to work on /home/airflow/.local/lib/python3.12/site-packages/airflow/example_dags/example_latest_only_with_trigger.py
[2025-04-19T08:46:32.839+0000] {processor.py:914} INFO - Processing file /home/airflow/.local/lib/python3.12/site-packages/airflow/example_dags/example_latest_only_with_trigger.py for tasks to queue
[2025-04-19T08:46:32.841+0000] {logging_mixin.py:190} INFO - [2025-04-19T08:46:32.841+0000] {dagbag.py:588} INFO - Filling up the DagBag from /home/airflow/.local/lib/python3.12/site-packages/airflow/example_dags/example_latest_only_with_trigger.py
[2025-04-19T08:46:32.850+0000] {processor.py:925} INFO - DAG(s) 'latest_only_with_trigger' retrieved from /home/airflow/.local/lib/python3.12/site-packages/airflow/example_dags/example_latest_only_with_trigger.py
[2025-04-19T08:46:32.871+0000] {logging_mixin.py:190} INFO - [2025-04-19T08:46:32.871+0000] {dag.py:3239} INFO - Sync 1 DAGs
[2025-04-19T08:46:32.898+0000] {logging_mixin.py:190} INFO - [2025-04-19T08:46:32.897+0000] {dag.py:4180} INFO - Setting next_dagrun for latest_only_with_trigger to 2025-04-19 04:00:00+00:00, run_after=2025-04-19 08:00:00+00:00
[2025-04-19T08:46:32.913+0000] {processor.py:208} INFO - Processing /home/airflow/.local/lib/python3.12/site-packages/airflow/example_dags/example_latest_only_with_trigger.py took 0.082 seconds
[2025-04-19T08:47:03.650+0000] {processor.py:186} INFO - Started process (PID=1215) to work on /home/airflow/.local/lib/python3.12/site-packages/airflow/example_dags/example_latest_only_with_trigger.py
[2025-04-19T08:47:03.651+0000] {processor.py:914} INFO - Processing file /home/airflow/.local/lib/python3.12/site-packages/airflow/example_dags/example_latest_only_with_trigger.py for tasks to queue
[2025-04-19T08:47:03.654+0000] {logging_mixin.py:190} INFO - [2025-04-19T08:47:03.654+0000] {dagbag.py:588} INFO - Filling up the DagBag from /home/airflow/.local/lib/python3.12/site-packages/airflow/example_dags/example_latest_only_with_trigger.py
[2025-04-19T08:47:03.662+0000] {processor.py:925} INFO - DAG(s) 'latest_only_with_trigger' retrieved from /home/airflow/.local/lib/python3.12/site-packages/airflow/example_dags/example_latest_only_with_trigger.py
[2025-04-19T08:47:03.683+0000] {logging_mixin.py:190} INFO - [2025-04-19T08:47:03.683+0000] {dag.py:3239} INFO - Sync 1 DAGs
[2025-04-19T08:47:03.718+0000] {logging_mixin.py:190} INFO - [2025-04-19T08:47:03.718+0000] {dag.py:4180} INFO - Setting next_dagrun for latest_only_with_trigger to 2025-04-19 04:00:00+00:00, run_after=2025-04-19 08:00:00+00:00
[2025-04-19T08:47:03.734+0000] {processor.py:208} INFO - Processing /home/airflow/.local/lib/python3.12/site-packages/airflow/example_dags/example_latest_only_with_trigger.py took 0.094 seconds
[2025-04-19T08:47:34.205+0000] {processor.py:186} INFO - Started process (PID=1279) to work on /home/airflow/.local/lib/python3.12/site-packages/airflow/example_dags/example_latest_only_with_trigger.py
[2025-04-19T08:47:34.206+0000] {processor.py:914} INFO - Processing file /home/airflow/.local/lib/python3.12/site-packages/airflow/example_dags/example_latest_only_with_trigger.py for tasks to queue
[2025-04-19T08:47:34.208+0000] {logging_mixin.py:190} INFO - [2025-04-19T08:47:34.208+0000] {dagbag.py:588} INFO - Filling up the DagBag from /home/airflow/.local/lib/python3.12/site-packages/airflow/example_dags/example_latest_only_with_trigger.py
[2025-04-19T08:47:34.216+0000] {processor.py:925} INFO - DAG(s) 'latest_only_with_trigger' retrieved from /home/airflow/.local/lib/python3.12/site-packages/airflow/example_dags/example_latest_only_with_trigger.py
[2025-04-19T08:47:34.273+0000] {logging_mixin.py:190} INFO - [2025-04-19T08:47:34.273+0000] {dag.py:3239} INFO - Sync 1 DAGs
[2025-04-19T08:47:34.304+0000] {logging_mixin.py:190} INFO - [2025-04-19T08:47:34.304+0000] {dag.py:4180} INFO - Setting next_dagrun for latest_only_with_trigger to 2025-04-19 04:00:00+00:00, run_after=2025-04-19 08:00:00+00:00
[2025-04-19T08:47:34.320+0000] {processor.py:208} INFO - Processing /home/airflow/.local/lib/python3.12/site-packages/airflow/example_dags/example_latest_only_with_trigger.py took 0.122 seconds
[2025-04-19T08:48:04.419+0000] {processor.py:186} INFO - Started process (PID=1344) to work on /home/airflow/.local/lib/python3.12/site-packages/airflow/example_dags/example_latest_only_with_trigger.py
[2025-04-19T08:48:04.420+0000] {processor.py:914} INFO - Processing file /home/airflow/.local/lib/python3.12/site-packages/airflow/example_dags/example_latest_only_with_trigger.py for tasks to queue
[2025-04-19T08:48:04.428+0000] {logging_mixin.py:190} INFO - [2025-04-19T08:48:04.428+0000] {dagbag.py:588} INFO - Filling up the DagBag from /home/airflow/.local/lib/python3.12/site-packages/airflow/example_dags/example_latest_only_with_trigger.py
[2025-04-19T08:48:04.449+0000] {processor.py:925} INFO - DAG(s) 'latest_only_with_trigger' retrieved from /home/airflow/.local/lib/python3.12/site-packages/airflow/example_dags/example_latest_only_with_trigger.py
[2025-04-19T08:48:04.479+0000] {logging_mixin.py:190} INFO - [2025-04-19T08:48:04.479+0000] {dag.py:3239} INFO - Sync 1 DAGs
[2025-04-19T08:48:04.505+0000] {logging_mixin.py:190} INFO - [2025-04-19T08:48:04.504+0000] {dag.py:4180} INFO - Setting next_dagrun for latest_only_with_trigger to 2025-04-19 04:00:00+00:00, run_after=2025-04-19 08:00:00+00:00
[2025-04-19T08:48:04.525+0000] {processor.py:208} INFO - Processing /home/airflow/.local/lib/python3.12/site-packages/airflow/example_dags/example_latest_only_with_trigger.py took 0.130 seconds
[2025-04-19T08:48:34.802+0000] {processor.py:186} INFO - Started process (PID=1408) to work on /home/airflow/.local/lib/python3.12/site-packages/airflow/example_dags/example_latest_only_with_trigger.py
[2025-04-19T08:48:34.804+0000] {processor.py:914} INFO - Processing file /home/airflow/.local/lib/python3.12/site-packages/airflow/example_dags/example_latest_only_with_trigger.py for tasks to queue
[2025-04-19T08:48:34.809+0000] {logging_mixin.py:190} INFO - [2025-04-19T08:48:34.808+0000] {dagbag.py:588} INFO - Filling up the DagBag from /home/airflow/.local/lib/python3.12/site-packages/airflow/example_dags/example_latest_only_with_trigger.py
[2025-04-19T08:48:34.823+0000] {processor.py:925} INFO - DAG(s) 'latest_only_with_trigger' retrieved from /home/airflow/.local/lib/python3.12/site-packages/airflow/example_dags/example_latest_only_with_trigger.py
[2025-04-19T08:48:34.868+0000] {logging_mixin.py:190} INFO - [2025-04-19T08:48:34.868+0000] {dag.py:3239} INFO - Sync 1 DAGs
[2025-04-19T08:48:34.900+0000] {logging_mixin.py:190} INFO - [2025-04-19T08:48:34.900+0000] {dag.py:4180} INFO - Setting next_dagrun for latest_only_with_trigger to 2025-04-19 04:00:00+00:00, run_after=2025-04-19 08:00:00+00:00
[2025-04-19T08:48:34.919+0000] {processor.py:208} INFO - Processing /home/airflow/.local/lib/python3.12/site-packages/airflow/example_dags/example_latest_only_with_trigger.py took 0.149 seconds
[2025-04-19T08:49:05.668+0000] {processor.py:186} INFO - Started process (PID=1472) to work on /home/airflow/.local/lib/python3.12/site-packages/airflow/example_dags/example_latest_only_with_trigger.py
[2025-04-19T08:49:05.669+0000] {processor.py:914} INFO - Processing file /home/airflow/.local/lib/python3.12/site-packages/airflow/example_dags/example_latest_only_with_trigger.py for tasks to queue
[2025-04-19T08:49:05.671+0000] {logging_mixin.py:190} INFO - [2025-04-19T08:49:05.671+0000] {dagbag.py:588} INFO - Filling up the DagBag from /home/airflow/.local/lib/python3.12/site-packages/airflow/example_dags/example_latest_only_with_trigger.py
[2025-04-19T08:49:05.679+0000] {processor.py:925} INFO - DAG(s) 'latest_only_with_trigger' retrieved from /home/airflow/.local/lib/python3.12/site-packages/airflow/example_dags/example_latest_only_with_trigger.py
[2025-04-19T08:49:05.703+0000] {logging_mixin.py:190} INFO - [2025-04-19T08:49:05.703+0000] {dag.py:3239} INFO - Sync 1 DAGs
[2025-04-19T08:49:05.731+0000] {logging_mixin.py:190} INFO - [2025-04-19T08:49:05.731+0000] {dag.py:4180} INFO - Setting next_dagrun for latest_only_with_trigger to 2025-04-19 04:00:00+00:00, run_after=2025-04-19 08:00:00+00:00
[2025-04-19T08:49:05.751+0000] {processor.py:208} INFO - Processing /home/airflow/.local/lib/python3.12/site-packages/airflow/example_dags/example_latest_only_with_trigger.py took 0.089 seconds
[2025-04-19T08:49:36.287+0000] {processor.py:186} INFO - Started process (PID=1536) to work on /home/airflow/.local/lib/python3.12/site-packages/airflow/example_dags/example_latest_only_with_trigger.py
[2025-04-19T08:49:36.287+0000] {processor.py:914} INFO - Processing file /home/airflow/.local/lib/python3.12/site-packages/airflow/example_dags/example_latest_only_with_trigger.py for tasks to queue
[2025-04-19T08:49:36.290+0000] {logging_mixin.py:190} INFO - [2025-04-19T08:49:36.290+0000] {dagbag.py:588} INFO - Filling up the DagBag from /home/airflow/.local/lib/python3.12/site-packages/airflow/example_dags/example_latest_only_with_trigger.py
[2025-04-19T08:49:36.298+0000] {processor.py:925} INFO - DAG(s) 'latest_only_with_trigger' retrieved from /home/airflow/.local/lib/python3.12/site-packages/airflow/example_dags/example_latest_only_with_trigger.py
[2025-04-19T08:49:36.321+0000] {logging_mixin.py:190} INFO - [2025-04-19T08:49:36.320+0000] {dag.py:3239} INFO - Sync 1 DAGs
[2025-04-19T08:49:36.347+0000] {logging_mixin.py:190} INFO - [2025-04-19T08:49:36.346+0000] {dag.py:4180} INFO - Setting next_dagrun for latest_only_with_trigger to 2025-04-19 04:00:00+00:00, run_after=2025-04-19 08:00:00+00:00
[2025-04-19T08:49:36.363+0000] {processor.py:208} INFO - Processing /home/airflow/.local/lib/python3.12/site-packages/airflow/example_dags/example_latest_only_with_trigger.py took 0.082 seconds
[2025-04-19T08:50:07.019+0000] {processor.py:186} INFO - Started process (PID=1600) to work on /home/airflow/.local/lib/python3.12/site-packages/airflow/example_dags/example_latest_only_with_trigger.py
[2025-04-19T08:50:07.022+0000] {processor.py:914} INFO - Processing file /home/airflow/.local/lib/python3.12/site-packages/airflow/example_dags/example_latest_only_with_trigger.py for tasks to queue
[2025-04-19T08:50:07.024+0000] {logging_mixin.py:190} INFO - [2025-04-19T08:50:07.024+0000] {dagbag.py:588} INFO - Filling up the DagBag from /home/airflow/.local/lib/python3.12/site-packages/airflow/example_dags/example_latest_only_with_trigger.py
[2025-04-19T08:50:07.032+0000] {processor.py:925} INFO - DAG(s) 'latest_only_with_trigger' retrieved from /home/airflow/.local/lib/python3.12/site-packages/airflow/example_dags/example_latest_only_with_trigger.py
[2025-04-19T08:50:07.057+0000] {logging_mixin.py:190} INFO - [2025-04-19T08:50:07.057+0000] {dag.py:3239} INFO - Sync 1 DAGs
[2025-04-19T08:50:07.087+0000] {logging_mixin.py:190} INFO - [2025-04-19T08:50:07.087+0000] {dag.py:4180} INFO - Setting next_dagrun for latest_only_with_trigger to 2025-04-19 04:00:00+00:00, run_after=2025-04-19 08:00:00+00:00
[2025-04-19T08:50:07.103+0000] {processor.py:208} INFO - Processing /home/airflow/.local/lib/python3.12/site-packages/airflow/example_dags/example_latest_only_with_trigger.py took 0.090 seconds
[2025-04-19T08:50:37.468+0000] {processor.py:186} INFO - Started process (PID=1664) to work on /home/airflow/.local/lib/python3.12/site-packages/airflow/example_dags/example_latest_only_with_trigger.py
[2025-04-19T08:50:37.470+0000] {processor.py:914} INFO - Processing file /home/airflow/.local/lib/python3.12/site-packages/airflow/example_dags/example_latest_only_with_trigger.py for tasks to queue
[2025-04-19T08:50:37.474+0000] {logging_mixin.py:190} INFO - [2025-04-19T08:50:37.473+0000] {dagbag.py:588} INFO - Filling up the DagBag from /home/airflow/.local/lib/python3.12/site-packages/airflow/example_dags/example_latest_only_with_trigger.py
[2025-04-19T08:50:37.487+0000] {processor.py:925} INFO - DAG(s) 'latest_only_with_trigger' retrieved from /home/airflow/.local/lib/python3.12/site-packages/airflow/example_dags/example_latest_only_with_trigger.py
[2025-04-19T08:50:37.518+0000] {logging_mixin.py:190} INFO - [2025-04-19T08:50:37.518+0000] {dag.py:3239} INFO - Sync 1 DAGs
[2025-04-19T08:50:37.548+0000] {logging_mixin.py:190} INFO - [2025-04-19T08:50:37.548+0000] {dag.py:4180} INFO - Setting next_dagrun for latest_only_with_trigger to 2025-04-19 04:00:00+00:00, run_after=2025-04-19 08:00:00+00:00
[2025-04-19T08:50:37.566+0000] {processor.py:208} INFO - Processing /home/airflow/.local/lib/python3.12/site-packages/airflow/example_dags/example_latest_only_with_trigger.py took 0.110 seconds
[2025-04-19T08:51:08.280+0000] {processor.py:186} INFO - Started process (PID=1727) to work on /home/airflow/.local/lib/python3.12/site-packages/airflow/example_dags/example_latest_only_with_trigger.py
[2025-04-19T08:51:08.281+0000] {processor.py:914} INFO - Processing file /home/airflow/.local/lib/python3.12/site-packages/airflow/example_dags/example_latest_only_with_trigger.py for tasks to queue
[2025-04-19T08:51:08.283+0000] {logging_mixin.py:190} INFO - [2025-04-19T08:51:08.283+0000] {dagbag.py:588} INFO - Filling up the DagBag from /home/airflow/.local/lib/python3.12/site-packages/airflow/example_dags/example_latest_only_with_trigger.py
[2025-04-19T08:51:08.291+0000] {processor.py:925} INFO - DAG(s) 'latest_only_with_trigger' retrieved from /home/airflow/.local/lib/python3.12/site-packages/airflow/example_dags/example_latest_only_with_trigger.py
[2025-04-19T08:51:08.314+0000] {logging_mixin.py:190} INFO - [2025-04-19T08:51:08.314+0000] {dag.py:3239} INFO - Sync 1 DAGs
[2025-04-19T08:51:08.344+0000] {logging_mixin.py:190} INFO - [2025-04-19T08:51:08.344+0000] {dag.py:4180} INFO - Setting next_dagrun for latest_only_with_trigger to 2025-04-19 04:00:00+00:00, run_after=2025-04-19 08:00:00+00:00
[2025-04-19T08:51:08.361+0000] {processor.py:208} INFO - Processing /home/airflow/.local/lib/python3.12/site-packages/airflow/example_dags/example_latest_only_with_trigger.py took 0.087 seconds
[2025-04-19T08:51:38.483+0000] {processor.py:186} INFO - Started process (PID=1791) to work on /home/airflow/.local/lib/python3.12/site-packages/airflow/example_dags/example_latest_only_with_trigger.py
[2025-04-19T08:51:38.484+0000] {processor.py:914} INFO - Processing file /home/airflow/.local/lib/python3.12/site-packages/airflow/example_dags/example_latest_only_with_trigger.py for tasks to queue
[2025-04-19T08:51:38.486+0000] {logging_mixin.py:190} INFO - [2025-04-19T08:51:38.486+0000] {dagbag.py:588} INFO - Filling up the DagBag from /home/airflow/.local/lib/python3.12/site-packages/airflow/example_dags/example_latest_only_with_trigger.py
[2025-04-19T08:51:38.494+0000] {processor.py:925} INFO - DAG(s) 'latest_only_with_trigger' retrieved from /home/airflow/.local/lib/python3.12/site-packages/airflow/example_dags/example_latest_only_with_trigger.py
[2025-04-19T08:51:38.515+0000] {logging_mixin.py:190} INFO - [2025-04-19T08:51:38.515+0000] {dag.py:3239} INFO - Sync 1 DAGs
[2025-04-19T08:51:38.545+0000] {logging_mixin.py:190} INFO - [2025-04-19T08:51:38.545+0000] {dag.py:4180} INFO - Setting next_dagrun for latest_only_with_trigger to 2025-04-19 04:00:00+00:00, run_after=2025-04-19 08:00:00+00:00
[2025-04-19T08:51:38.561+0000] {processor.py:208} INFO - Processing /home/airflow/.local/lib/python3.12/site-packages/airflow/example_dags/example_latest_only_with_trigger.py took 0.084 seconds
[2025-04-19T08:52:08.827+0000] {processor.py:186} INFO - Started process (PID=1854) to work on /home/airflow/.local/lib/python3.12/site-packages/airflow/example_dags/example_latest_only_with_trigger.py
[2025-04-19T08:52:08.828+0000] {processor.py:914} INFO - Processing file /home/airflow/.local/lib/python3.12/site-packages/airflow/example_dags/example_latest_only_with_trigger.py for tasks to queue
[2025-04-19T08:52:08.830+0000] {logging_mixin.py:190} INFO - [2025-04-19T08:52:08.830+0000] {dagbag.py:588} INFO - Filling up the DagBag from /home/airflow/.local/lib/python3.12/site-packages/airflow/example_dags/example_latest_only_with_trigger.py
[2025-04-19T08:52:08.838+0000] {processor.py:925} INFO - DAG(s) 'latest_only_with_trigger' retrieved from /home/airflow/.local/lib/python3.12/site-packages/airflow/example_dags/example_latest_only_with_trigger.py
[2025-04-19T08:52:08.913+0000] {logging_mixin.py:190} INFO - [2025-04-19T08:52:08.912+0000] {dag.py:3239} INFO - Sync 1 DAGs
[2025-04-19T08:52:08.940+0000] {logging_mixin.py:190} INFO - [2025-04-19T08:52:08.940+0000] {dag.py:4180} INFO - Setting next_dagrun for latest_only_with_trigger to 2025-04-19 04:00:00+00:00, run_after=2025-04-19 08:00:00+00:00
[2025-04-19T08:52:08.966+0000] {processor.py:208} INFO - Processing /home/airflow/.local/lib/python3.12/site-packages/airflow/example_dags/example_latest_only_with_trigger.py took 0.145 seconds
[2025-04-19T08:52:39.293+0000] {processor.py:186} INFO - Started process (PID=1918) to work on /home/airflow/.local/lib/python3.12/site-packages/airflow/example_dags/example_latest_only_with_trigger.py
[2025-04-19T08:52:39.294+0000] {processor.py:914} INFO - Processing file /home/airflow/.local/lib/python3.12/site-packages/airflow/example_dags/example_latest_only_with_trigger.py for tasks to queue
[2025-04-19T08:52:39.296+0000] {logging_mixin.py:190} INFO - [2025-04-19T08:52:39.296+0000] {dagbag.py:588} INFO - Filling up the DagBag from /home/airflow/.local/lib/python3.12/site-packages/airflow/example_dags/example_latest_only_with_trigger.py
[2025-04-19T08:52:39.305+0000] {processor.py:925} INFO - DAG(s) 'latest_only_with_trigger' retrieved from /home/airflow/.local/lib/python3.12/site-packages/airflow/example_dags/example_latest_only_with_trigger.py
[2025-04-19T08:52:39.328+0000] {logging_mixin.py:190} INFO - [2025-04-19T08:52:39.328+0000] {dag.py:3239} INFO - Sync 1 DAGs
[2025-04-19T08:52:39.355+0000] {logging_mixin.py:190} INFO - [2025-04-19T08:52:39.355+0000] {dag.py:4180} INFO - Setting next_dagrun for latest_only_with_trigger to 2025-04-19 04:00:00+00:00, run_after=2025-04-19 08:00:00+00:00
[2025-04-19T08:52:39.375+0000] {processor.py:208} INFO - Processing /home/airflow/.local/lib/python3.12/site-packages/airflow/example_dags/example_latest_only_with_trigger.py took 0.090 seconds
[2025-04-19T08:53:10.176+0000] {processor.py:186} INFO - Started process (PID=1982) to work on /home/airflow/.local/lib/python3.12/site-packages/airflow/example_dags/example_latest_only_with_trigger.py
[2025-04-19T08:53:10.177+0000] {processor.py:914} INFO - Processing file /home/airflow/.local/lib/python3.12/site-packages/airflow/example_dags/example_latest_only_with_trigger.py for tasks to queue
[2025-04-19T08:53:10.179+0000] {logging_mixin.py:190} INFO - [2025-04-19T08:53:10.179+0000] {dagbag.py:588} INFO - Filling up the DagBag from /home/airflow/.local/lib/python3.12/site-packages/airflow/example_dags/example_latest_only_with_trigger.py
[2025-04-19T08:53:10.188+0000] {processor.py:925} INFO - DAG(s) 'latest_only_with_trigger' retrieved from /home/airflow/.local/lib/python3.12/site-packages/airflow/example_dags/example_latest_only_with_trigger.py
[2025-04-19T08:53:10.222+0000] {logging_mixin.py:190} INFO - [2025-04-19T08:53:10.222+0000] {dag.py:3239} INFO - Sync 1 DAGs
[2025-04-19T08:53:10.249+0000] {logging_mixin.py:190} INFO - [2025-04-19T08:53:10.249+0000] {dag.py:4180} INFO - Setting next_dagrun for latest_only_with_trigger to 2025-04-19 04:00:00+00:00, run_after=2025-04-19 08:00:00+00:00
[2025-04-19T08:53:10.265+0000] {processor.py:208} INFO - Processing /home/airflow/.local/lib/python3.12/site-packages/airflow/example_dags/example_latest_only_with_trigger.py took 0.095 seconds
[2025-04-19T08:53:41.126+0000] {processor.py:186} INFO - Started process (PID=2045) to work on /home/airflow/.local/lib/python3.12/site-packages/airflow/example_dags/example_latest_only_with_trigger.py
[2025-04-19T08:53:41.131+0000] {processor.py:914} INFO - Processing file /home/airflow/.local/lib/python3.12/site-packages/airflow/example_dags/example_latest_only_with_trigger.py for tasks to queue
[2025-04-19T08:53:41.137+0000] {logging_mixin.py:190} INFO - [2025-04-19T08:53:41.137+0000] {dagbag.py:588} INFO - Filling up the DagBag from /home/airflow/.local/lib/python3.12/site-packages/airflow/example_dags/example_latest_only_with_trigger.py
[2025-04-19T08:53:41.160+0000] {processor.py:925} INFO - DAG(s) 'latest_only_with_trigger' retrieved from /home/airflow/.local/lib/python3.12/site-packages/airflow/example_dags/example_latest_only_with_trigger.py
[2025-04-19T08:53:41.211+0000] {logging_mixin.py:190} INFO - [2025-04-19T08:53:41.210+0000] {dag.py:3239} INFO - Sync 1 DAGs
[2025-04-19T08:53:41.294+0000] {logging_mixin.py:190} INFO - [2025-04-19T08:53:41.294+0000] {dag.py:4180} INFO - Setting next_dagrun for latest_only_with_trigger to 2025-04-19 04:00:00+00:00, run_after=2025-04-19 08:00:00+00:00
[2025-04-19T08:53:41.333+0000] {processor.py:208} INFO - Processing /home/airflow/.local/lib/python3.12/site-packages/airflow/example_dags/example_latest_only_with_trigger.py took 0.229 seconds
[2025-04-19T08:54:12.168+0000] {processor.py:186} INFO - Started process (PID=2109) to work on /home/airflow/.local/lib/python3.12/site-packages/airflow/example_dags/example_latest_only_with_trigger.py
[2025-04-19T08:54:12.169+0000] {processor.py:914} INFO - Processing file /home/airflow/.local/lib/python3.12/site-packages/airflow/example_dags/example_latest_only_with_trigger.py for tasks to queue
[2025-04-19T08:54:12.172+0000] {logging_mixin.py:190} INFO - [2025-04-19T08:54:12.171+0000] {dagbag.py:588} INFO - Filling up the DagBag from /home/airflow/.local/lib/python3.12/site-packages/airflow/example_dags/example_latest_only_with_trigger.py
[2025-04-19T08:54:12.180+0000] {processor.py:925} INFO - DAG(s) 'latest_only_with_trigger' retrieved from /home/airflow/.local/lib/python3.12/site-packages/airflow/example_dags/example_latest_only_with_trigger.py
[2025-04-19T08:54:12.203+0000] {logging_mixin.py:190} INFO - [2025-04-19T08:54:12.203+0000] {dag.py:3239} INFO - Sync 1 DAGs
[2025-04-19T08:54:12.231+0000] {logging_mixin.py:190} INFO - [2025-04-19T08:54:12.231+0000] {dag.py:4180} INFO - Setting next_dagrun for latest_only_with_trigger to 2025-04-19 04:00:00+00:00, run_after=2025-04-19 08:00:00+00:00
[2025-04-19T08:54:12.248+0000] {processor.py:208} INFO - Processing /home/airflow/.local/lib/python3.12/site-packages/airflow/example_dags/example_latest_only_with_trigger.py took 0.088 seconds
[2025-04-19T08:54:42.568+0000] {processor.py:186} INFO - Started process (PID=2170) to work on /home/airflow/.local/lib/python3.12/site-packages/airflow/example_dags/example_latest_only_with_trigger.py
[2025-04-19T08:54:42.568+0000] {processor.py:914} INFO - Processing file /home/airflow/.local/lib/python3.12/site-packages/airflow/example_dags/example_latest_only_with_trigger.py for tasks to queue
[2025-04-19T08:54:42.571+0000] {logging_mixin.py:190} INFO - [2025-04-19T08:54:42.570+0000] {dagbag.py:588} INFO - Filling up the DagBag from /home/airflow/.local/lib/python3.12/site-packages/airflow/example_dags/example_latest_only_with_trigger.py
[2025-04-19T08:54:42.579+0000] {processor.py:925} INFO - DAG(s) 'latest_only_with_trigger' retrieved from /home/airflow/.local/lib/python3.12/site-packages/airflow/example_dags/example_latest_only_with_trigger.py
[2025-04-19T08:54:42.602+0000] {logging_mixin.py:190} INFO - [2025-04-19T08:54:42.601+0000] {dag.py:3239} INFO - Sync 1 DAGs
[2025-04-19T08:54:42.628+0000] {logging_mixin.py:190} INFO - [2025-04-19T08:54:42.628+0000] {dag.py:4180} INFO - Setting next_dagrun for latest_only_with_trigger to 2025-04-19 04:00:00+00:00, run_after=2025-04-19 08:00:00+00:00
[2025-04-19T08:54:42.644+0000] {processor.py:208} INFO - Processing /home/airflow/.local/lib/python3.12/site-packages/airflow/example_dags/example_latest_only_with_trigger.py took 0.083 seconds
[2025-04-19T08:55:13.072+0000] {processor.py:186} INFO - Started process (PID=2234) to work on /home/airflow/.local/lib/python3.12/site-packages/airflow/example_dags/example_latest_only_with_trigger.py
[2025-04-19T08:55:13.073+0000] {processor.py:914} INFO - Processing file /home/airflow/.local/lib/python3.12/site-packages/airflow/example_dags/example_latest_only_with_trigger.py for tasks to queue
[2025-04-19T08:55:13.079+0000] {logging_mixin.py:190} INFO - [2025-04-19T08:55:13.079+0000] {dagbag.py:588} INFO - Filling up the DagBag from /home/airflow/.local/lib/python3.12/site-packages/airflow/example_dags/example_latest_only_with_trigger.py
[2025-04-19T08:55:13.089+0000] {processor.py:925} INFO - DAG(s) 'latest_only_with_trigger' retrieved from /home/airflow/.local/lib/python3.12/site-packages/airflow/example_dags/example_latest_only_with_trigger.py
[2025-04-19T08:55:13.123+0000] {logging_mixin.py:190} INFO - [2025-04-19T08:55:13.123+0000] {dag.py:3239} INFO - Sync 1 DAGs
[2025-04-19T08:55:13.168+0000] {logging_mixin.py:190} INFO - [2025-04-19T08:55:13.167+0000] {dag.py:4180} INFO - Setting next_dagrun for latest_only_with_trigger to 2025-04-19 04:00:00+00:00, run_after=2025-04-19 08:00:00+00:00
[2025-04-19T08:55:13.202+0000] {processor.py:208} INFO - Processing /home/airflow/.local/lib/python3.12/site-packages/airflow/example_dags/example_latest_only_with_trigger.py took 0.140 seconds
[2025-04-19T08:55:43.543+0000] {processor.py:186} INFO - Started process (PID=2298) to work on /home/airflow/.local/lib/python3.12/site-packages/airflow/example_dags/example_latest_only_with_trigger.py
[2025-04-19T08:55:43.544+0000] {processor.py:914} INFO - Processing file /home/airflow/.local/lib/python3.12/site-packages/airflow/example_dags/example_latest_only_with_trigger.py for tasks to queue
[2025-04-19T08:55:43.546+0000] {logging_mixin.py:190} INFO - [2025-04-19T08:55:43.546+0000] {dagbag.py:588} INFO - Filling up the DagBag from /home/airflow/.local/lib/python3.12/site-packages/airflow/example_dags/example_latest_only_with_trigger.py
[2025-04-19T08:55:43.554+0000] {processor.py:925} INFO - DAG(s) 'latest_only_with_trigger' retrieved from /home/airflow/.local/lib/python3.12/site-packages/airflow/example_dags/example_latest_only_with_trigger.py
[2025-04-19T08:55:43.586+0000] {logging_mixin.py:190} INFO - [2025-04-19T08:55:43.586+0000] {dag.py:3239} INFO - Sync 1 DAGs
[2025-04-19T08:55:43.632+0000] {logging_mixin.py:190} INFO - [2025-04-19T08:55:43.632+0000] {dag.py:4180} INFO - Setting next_dagrun for latest_only_with_trigger to 2025-04-19 04:00:00+00:00, run_after=2025-04-19 08:00:00+00:00
[2025-04-19T08:55:43.649+0000] {processor.py:208} INFO - Processing /home/airflow/.local/lib/python3.12/site-packages/airflow/example_dags/example_latest_only_with_trigger.py took 0.121 seconds
[2025-04-19T08:56:14.125+0000] {processor.py:186} INFO - Started process (PID=2362) to work on /home/airflow/.local/lib/python3.12/site-packages/airflow/example_dags/example_latest_only_with_trigger.py
[2025-04-19T08:56:14.126+0000] {processor.py:914} INFO - Processing file /home/airflow/.local/lib/python3.12/site-packages/airflow/example_dags/example_latest_only_with_trigger.py for tasks to queue
[2025-04-19T08:56:14.127+0000] {logging_mixin.py:190} INFO - [2025-04-19T08:56:14.127+0000] {dagbag.py:588} INFO - Filling up the DagBag from /home/airflow/.local/lib/python3.12/site-packages/airflow/example_dags/example_latest_only_with_trigger.py
[2025-04-19T08:56:14.134+0000] {processor.py:925} INFO - DAG(s) 'latest_only_with_trigger' retrieved from /home/airflow/.local/lib/python3.12/site-packages/airflow/example_dags/example_latest_only_with_trigger.py
[2025-04-19T08:56:14.154+0000] {logging_mixin.py:190} INFO - [2025-04-19T08:56:14.154+0000] {dag.py:3239} INFO - Sync 1 DAGs
[2025-04-19T08:56:14.173+0000] {logging_mixin.py:190} INFO - [2025-04-19T08:56:14.173+0000] {dag.py:4180} INFO - Setting next_dagrun for latest_only_with_trigger to 2025-04-19 04:00:00+00:00, run_after=2025-04-19 08:00:00+00:00
[2025-04-19T08:56:14.187+0000] {processor.py:208} INFO - Processing /home/airflow/.local/lib/python3.12/site-packages/airflow/example_dags/example_latest_only_with_trigger.py took 0.066 seconds
[2025-04-19T08:56:44.434+0000] {processor.py:186} INFO - Started process (PID=2426) to work on /home/airflow/.local/lib/python3.12/site-packages/airflow/example_dags/example_latest_only_with_trigger.py
[2025-04-19T08:56:44.435+0000] {processor.py:914} INFO - Processing file /home/airflow/.local/lib/python3.12/site-packages/airflow/example_dags/example_latest_only_with_trigger.py for tasks to queue
[2025-04-19T08:56:44.437+0000] {logging_mixin.py:190} INFO - [2025-04-19T08:56:44.437+0000] {dagbag.py:588} INFO - Filling up the DagBag from /home/airflow/.local/lib/python3.12/site-packages/airflow/example_dags/example_latest_only_with_trigger.py
[2025-04-19T08:56:44.446+0000] {processor.py:925} INFO - DAG(s) 'latest_only_with_trigger' retrieved from /home/airflow/.local/lib/python3.12/site-packages/airflow/example_dags/example_latest_only_with_trigger.py
[2025-04-19T08:56:44.466+0000] {logging_mixin.py:190} INFO - [2025-04-19T08:56:44.466+0000] {dag.py:3239} INFO - Sync 1 DAGs
[2025-04-19T08:56:44.485+0000] {logging_mixin.py:190} INFO - [2025-04-19T08:56:44.485+0000] {dag.py:4180} INFO - Setting next_dagrun for latest_only_with_trigger to 2025-04-19 04:00:00+00:00, run_after=2025-04-19 08:00:00+00:00
[2025-04-19T08:56:44.498+0000] {processor.py:208} INFO - Processing /home/airflow/.local/lib/python3.12/site-packages/airflow/example_dags/example_latest_only_with_trigger.py took 0.071 seconds
[2025-04-19T08:57:14.582+0000] {processor.py:186} INFO - Started process (PID=2489) to work on /home/airflow/.local/lib/python3.12/site-packages/airflow/example_dags/example_latest_only_with_trigger.py
[2025-04-19T08:57:14.583+0000] {processor.py:914} INFO - Processing file /home/airflow/.local/lib/python3.12/site-packages/airflow/example_dags/example_latest_only_with_trigger.py for tasks to queue
[2025-04-19T08:57:14.585+0000] {logging_mixin.py:190} INFO - [2025-04-19T08:57:14.585+0000] {dagbag.py:588} INFO - Filling up the DagBag from /home/airflow/.local/lib/python3.12/site-packages/airflow/example_dags/example_latest_only_with_trigger.py
[2025-04-19T08:57:14.594+0000] {processor.py:925} INFO - DAG(s) 'latest_only_with_trigger' retrieved from /home/airflow/.local/lib/python3.12/site-packages/airflow/example_dags/example_latest_only_with_trigger.py
[2025-04-19T08:57:14.616+0000] {logging_mixin.py:190} INFO - [2025-04-19T08:57:14.616+0000] {dag.py:3239} INFO - Sync 1 DAGs
[2025-04-19T08:57:14.642+0000] {logging_mixin.py:190} INFO - [2025-04-19T08:57:14.642+0000] {dag.py:4180} INFO - Setting next_dagrun for latest_only_with_trigger to 2025-04-19 04:00:00+00:00, run_after=2025-04-19 08:00:00+00:00
[2025-04-19T08:57:14.659+0000] {processor.py:208} INFO - Processing /home/airflow/.local/lib/python3.12/site-packages/airflow/example_dags/example_latest_only_with_trigger.py took 0.084 seconds
[2025-04-19T08:57:44.966+0000] {processor.py:186} INFO - Started process (PID=2553) to work on /home/airflow/.local/lib/python3.12/site-packages/airflow/example_dags/example_latest_only_with_trigger.py
[2025-04-19T08:57:44.966+0000] {processor.py:914} INFO - Processing file /home/airflow/.local/lib/python3.12/site-packages/airflow/example_dags/example_latest_only_with_trigger.py for tasks to queue
[2025-04-19T08:57:44.969+0000] {logging_mixin.py:190} INFO - [2025-04-19T08:57:44.969+0000] {dagbag.py:588} INFO - Filling up the DagBag from /home/airflow/.local/lib/python3.12/site-packages/airflow/example_dags/example_latest_only_with_trigger.py
[2025-04-19T08:57:44.977+0000] {processor.py:925} INFO - DAG(s) 'latest_only_with_trigger' retrieved from /home/airflow/.local/lib/python3.12/site-packages/airflow/example_dags/example_latest_only_with_trigger.py
[2025-04-19T08:57:44.996+0000] {logging_mixin.py:190} INFO - [2025-04-19T08:57:44.996+0000] {dag.py:3239} INFO - Sync 1 DAGs
[2025-04-19T08:57:45.013+0000] {logging_mixin.py:190} INFO - [2025-04-19T08:57:45.013+0000] {dag.py:4180} INFO - Setting next_dagrun for latest_only_with_trigger to 2025-04-19 04:00:00+00:00, run_after=2025-04-19 08:00:00+00:00
[2025-04-19T08:57:45.026+0000] {processor.py:208} INFO - Processing /home/airflow/.local/lib/python3.12/site-packages/airflow/example_dags/example_latest_only_with_trigger.py took 0.067 seconds
[2025-04-19T08:58:15.286+0000] {processor.py:186} INFO - Started process (PID=2617) to work on /home/airflow/.local/lib/python3.12/site-packages/airflow/example_dags/example_latest_only_with_trigger.py
[2025-04-19T08:58:15.287+0000] {processor.py:914} INFO - Processing file /home/airflow/.local/lib/python3.12/site-packages/airflow/example_dags/example_latest_only_with_trigger.py for tasks to queue
[2025-04-19T08:58:15.289+0000] {logging_mixin.py:190} INFO - [2025-04-19T08:58:15.289+0000] {dagbag.py:588} INFO - Filling up the DagBag from /home/airflow/.local/lib/python3.12/site-packages/airflow/example_dags/example_latest_only_with_trigger.py
[2025-04-19T08:58:15.297+0000] {processor.py:925} INFO - DAG(s) 'latest_only_with_trigger' retrieved from /home/airflow/.local/lib/python3.12/site-packages/airflow/example_dags/example_latest_only_with_trigger.py
[2025-04-19T08:58:15.320+0000] {logging_mixin.py:190} INFO - [2025-04-19T08:58:15.320+0000] {dag.py:3239} INFO - Sync 1 DAGs
[2025-04-19T08:58:15.346+0000] {logging_mixin.py:190} INFO - [2025-04-19T08:58:15.346+0000] {dag.py:4180} INFO - Setting next_dagrun for latest_only_with_trigger to 2025-04-19 04:00:00+00:00, run_after=2025-04-19 08:00:00+00:00
[2025-04-19T08:58:15.361+0000] {processor.py:208} INFO - Processing /home/airflow/.local/lib/python3.12/site-packages/airflow/example_dags/example_latest_only_with_trigger.py took 0.082 seconds
[2025-04-19T08:58:45.721+0000] {processor.py:186} INFO - Started process (PID=2680) to work on /home/airflow/.local/lib/python3.12/site-packages/airflow/example_dags/example_latest_only_with_trigger.py
[2025-04-19T08:58:45.722+0000] {processor.py:914} INFO - Processing file /home/airflow/.local/lib/python3.12/site-packages/airflow/example_dags/example_latest_only_with_trigger.py for tasks to queue
[2025-04-19T08:58:45.725+0000] {logging_mixin.py:190} INFO - [2025-04-19T08:58:45.725+0000] {dagbag.py:588} INFO - Filling up the DagBag from /home/airflow/.local/lib/python3.12/site-packages/airflow/example_dags/example_latest_only_with_trigger.py
[2025-04-19T08:58:45.734+0000] {processor.py:925} INFO - DAG(s) 'latest_only_with_trigger' retrieved from /home/airflow/.local/lib/python3.12/site-packages/airflow/example_dags/example_latest_only_with_trigger.py
[2025-04-19T08:58:45.755+0000] {logging_mixin.py:190} INFO - [2025-04-19T08:58:45.755+0000] {dag.py:3239} INFO - Sync 1 DAGs
[2025-04-19T08:58:45.781+0000] {logging_mixin.py:190} INFO - [2025-04-19T08:58:45.781+0000] {dag.py:4180} INFO - Setting next_dagrun for latest_only_with_trigger to 2025-04-19 04:00:00+00:00, run_after=2025-04-19 08:00:00+00:00
[2025-04-19T08:58:45.797+0000] {processor.py:208} INFO - Processing /home/airflow/.local/lib/python3.12/site-packages/airflow/example_dags/example_latest_only_with_trigger.py took 0.082 seconds
[2025-04-19T08:59:16.329+0000] {processor.py:186} INFO - Started process (PID=2744) to work on /home/airflow/.local/lib/python3.12/site-packages/airflow/example_dags/example_latest_only_with_trigger.py
[2025-04-19T08:59:16.331+0000] {processor.py:914} INFO - Processing file /home/airflow/.local/lib/python3.12/site-packages/airflow/example_dags/example_latest_only_with_trigger.py for tasks to queue
[2025-04-19T08:59:16.334+0000] {logging_mixin.py:190} INFO - [2025-04-19T08:59:16.333+0000] {dagbag.py:588} INFO - Filling up the DagBag from /home/airflow/.local/lib/python3.12/site-packages/airflow/example_dags/example_latest_only_with_trigger.py
[2025-04-19T08:59:16.342+0000] {processor.py:925} INFO - DAG(s) 'latest_only_with_trigger' retrieved from /home/airflow/.local/lib/python3.12/site-packages/airflow/example_dags/example_latest_only_with_trigger.py
[2025-04-19T08:59:16.366+0000] {logging_mixin.py:190} INFO - [2025-04-19T08:59:16.366+0000] {dag.py:3239} INFO - Sync 1 DAGs
[2025-04-19T08:59:16.392+0000] {logging_mixin.py:190} INFO - [2025-04-19T08:59:16.391+0000] {dag.py:4180} INFO - Setting next_dagrun for latest_only_with_trigger to 2025-04-19 04:00:00+00:00, run_after=2025-04-19 08:00:00+00:00
[2025-04-19T08:59:16.406+0000] {processor.py:208} INFO - Processing /home/airflow/.local/lib/python3.12/site-packages/airflow/example_dags/example_latest_only_with_trigger.py took 0.091 seconds
[2025-04-19T08:59:46.560+0000] {processor.py:186} INFO - Started process (PID=2808) to work on /home/airflow/.local/lib/python3.12/site-packages/airflow/example_dags/example_latest_only_with_trigger.py
[2025-04-19T08:59:46.563+0000] {processor.py:914} INFO - Processing file /home/airflow/.local/lib/python3.12/site-packages/airflow/example_dags/example_latest_only_with_trigger.py for tasks to queue
[2025-04-19T08:59:46.570+0000] {logging_mixin.py:190} INFO - [2025-04-19T08:59:46.568+0000] {dagbag.py:588} INFO - Filling up the DagBag from /home/airflow/.local/lib/python3.12/site-packages/airflow/example_dags/example_latest_only_with_trigger.py
[2025-04-19T08:59:46.581+0000] {processor.py:925} INFO - DAG(s) 'latest_only_with_trigger' retrieved from /home/airflow/.local/lib/python3.12/site-packages/airflow/example_dags/example_latest_only_with_trigger.py
[2025-04-19T08:59:46.619+0000] {logging_mixin.py:190} INFO - [2025-04-19T08:59:46.618+0000] {dag.py:3239} INFO - Sync 1 DAGs
[2025-04-19T08:59:46.668+0000] {logging_mixin.py:190} INFO - [2025-04-19T08:59:46.668+0000] {dag.py:4180} INFO - Setting next_dagrun for latest_only_with_trigger to 2025-04-19 04:00:00+00:00, run_after=2025-04-19 08:00:00+00:00
[2025-04-19T08:59:46.685+0000] {processor.py:208} INFO - Processing /home/airflow/.local/lib/python3.12/site-packages/airflow/example_dags/example_latest_only_with_trigger.py took 0.142 seconds
[2025-04-19T09:00:17.199+0000] {processor.py:186} INFO - Started process (PID=2872) to work on /home/airflow/.local/lib/python3.12/site-packages/airflow/example_dags/example_latest_only_with_trigger.py
[2025-04-19T09:00:17.200+0000] {processor.py:914} INFO - Processing file /home/airflow/.local/lib/python3.12/site-packages/airflow/example_dags/example_latest_only_with_trigger.py for tasks to queue
[2025-04-19T09:00:17.202+0000] {logging_mixin.py:190} INFO - [2025-04-19T09:00:17.202+0000] {dagbag.py:588} INFO - Filling up the DagBag from /home/airflow/.local/lib/python3.12/site-packages/airflow/example_dags/example_latest_only_with_trigger.py
[2025-04-19T09:00:17.208+0000] {processor.py:925} INFO - DAG(s) 'latest_only_with_trigger' retrieved from /home/airflow/.local/lib/python3.12/site-packages/airflow/example_dags/example_latest_only_with_trigger.py
[2025-04-19T09:00:17.224+0000] {logging_mixin.py:190} INFO - [2025-04-19T09:00:17.224+0000] {dag.py:3239} INFO - Sync 1 DAGs
[2025-04-19T09:00:17.243+0000] {logging_mixin.py:190} INFO - [2025-04-19T09:00:17.243+0000] {dag.py:4180} INFO - Setting next_dagrun for latest_only_with_trigger to 2025-04-19 04:00:00+00:00, run_after=2025-04-19 08:00:00+00:00
[2025-04-19T09:00:17.258+0000] {processor.py:208} INFO - Processing /home/airflow/.local/lib/python3.12/site-packages/airflow/example_dags/example_latest_only_with_trigger.py took 0.063 seconds
[2025-04-19T09:00:47.622+0000] {processor.py:186} INFO - Started process (PID=2936) to work on /home/airflow/.local/lib/python3.12/site-packages/airflow/example_dags/example_latest_only_with_trigger.py
[2025-04-19T09:00:47.625+0000] {processor.py:914} INFO - Processing file /home/airflow/.local/lib/python3.12/site-packages/airflow/example_dags/example_latest_only_with_trigger.py for tasks to queue
[2025-04-19T09:00:47.630+0000] {logging_mixin.py:190} INFO - [2025-04-19T09:00:47.629+0000] {dagbag.py:588} INFO - Filling up the DagBag from /home/airflow/.local/lib/python3.12/site-packages/airflow/example_dags/example_latest_only_with_trigger.py
[2025-04-19T09:00:47.647+0000] {processor.py:925} INFO - DAG(s) 'latest_only_with_trigger' retrieved from /home/airflow/.local/lib/python3.12/site-packages/airflow/example_dags/example_latest_only_with_trigger.py
[2025-04-19T09:00:47.706+0000] {logging_mixin.py:190} INFO - [2025-04-19T09:00:47.706+0000] {dag.py:3239} INFO - Sync 1 DAGs
[2025-04-19T09:00:47.771+0000] {logging_mixin.py:190} INFO - [2025-04-19T09:00:47.770+0000] {dag.py:4180} INFO - Setting next_dagrun for latest_only_with_trigger to 2025-04-19 04:00:00+00:00, run_after=2025-04-19 08:00:00+00:00
[2025-04-19T09:00:48.084+0000] {processor.py:208} INFO - Processing /home/airflow/.local/lib/python3.12/site-packages/airflow/example_dags/example_latest_only_with_trigger.py took 0.486 seconds
