[2025-04-19T08:38:14.856+0000] {processor.py:186} INFO - Started process (PID=127) to work on /home/airflow/.local/lib/python3.12/site-packages/airflow/example_dags/example_branch_operator.py
[2025-04-19T08:38:14.862+0000] {processor.py:914} INFO - Processing file /home/airflow/.local/lib/python3.12/site-packages/airflow/example_dags/example_branch_operator.py for tasks to queue
[2025-04-19T08:38:14.869+0000] {logging_mixin.py:190} INFO - [2025-04-19T08:38:14.869+0000] {dagbag.py:588} INFO - Filling up the DagBag from /home/airflow/.local/lib/python3.12/site-packages/airflow/example_dags/example_branch_operator.py
[2025-04-19T08:38:14.913+0000] {processor.py:925} INFO - DAG(s) 'example_branch_operator' retrieved from /home/airflow/.local/lib/python3.12/site-packages/airflow/example_dags/example_branch_operator.py
[2025-04-19T08:38:15.417+0000] {logging_mixin.py:190} INFO - [2025-04-19T08:38:15.417+0000] {override.py:1911} INFO - Created Permission View: can delete on DAG:example_branch_operator
[2025-04-19T08:38:15.457+0000] {logging_mixin.py:190} INFO - [2025-04-19T08:38:15.456+0000] {override.py:1911} INFO - Created Permission View: can read on DAG:example_branch_operator
[2025-04-19T08:38:15.476+0000] {logging_mixin.py:190} INFO - [2025-04-19T08:38:15.476+0000] {override.py:1911} INFO - Created Permission View: can edit on DAG:example_branch_operator
[2025-04-19T08:38:15.492+0000] {logging_mixin.py:190} INFO - [2025-04-19T08:38:15.491+0000] {override.py:1911} INFO - Created Permission View: can delete on DAG Run:example_branch_operator
[2025-04-19T08:38:15.511+0000] {logging_mixin.py:190} INFO - [2025-04-19T08:38:15.510+0000] {override.py:1911} INFO - Created Permission View: can read on DAG Run:example_branch_operator
[2025-04-19T08:38:15.529+0000] {logging_mixin.py:190} INFO - [2025-04-19T08:38:15.529+0000] {override.py:1911} INFO - Created Permission View: can create on DAG Run:example_branch_operator
[2025-04-19T08:38:15.554+0000] {logging_mixin.py:190} INFO - [2025-04-19T08:38:15.554+0000] {override.py:1911} INFO - Created Permission View: menu access on DAG Run:example_branch_operator
[2025-04-19T08:38:15.557+0000] {logging_mixin.py:190} INFO - [2025-04-19T08:38:15.557+0000] {dag.py:3239} INFO - Sync 1 DAGs
[2025-04-19T08:38:15.630+0000] {logging_mixin.py:190} INFO - [2025-04-19T08:38:15.625+0000] {dag.py:3262} INFO - Creating ORM DAG for example_branch_operator
[2025-04-19T08:38:15.684+0000] {logging_mixin.py:190} INFO - [2025-04-19T08:38:15.683+0000] {dag.py:4180} INFO - Setting next_dagrun for example_branch_operator to 2025-04-18 00:00:00+00:00, run_after=2025-04-19 00:00:00+00:00
[2025-04-19T08:38:15.780+0000] {processor.py:208} INFO - Processing /home/airflow/.local/lib/python3.12/site-packages/airflow/example_dags/example_branch_operator.py took 0.955 seconds
[2025-04-19T08:38:45.990+0000] {processor.py:186} INFO - Started process (PID=190) to work on /home/airflow/.local/lib/python3.12/site-packages/airflow/example_dags/example_branch_operator.py
[2025-04-19T08:38:45.991+0000] {processor.py:914} INFO - Processing file /home/airflow/.local/lib/python3.12/site-packages/airflow/example_dags/example_branch_operator.py for tasks to queue
[2025-04-19T08:38:45.993+0000] {logging_mixin.py:190} INFO - [2025-04-19T08:38:45.993+0000] {dagbag.py:588} INFO - Filling up the DagBag from /home/airflow/.local/lib/python3.12/site-packages/airflow/example_dags/example_branch_operator.py
[2025-04-19T08:38:46.014+0000] {processor.py:925} INFO - DAG(s) 'example_branch_operator' retrieved from /home/airflow/.local/lib/python3.12/site-packages/airflow/example_dags/example_branch_operator.py
[2025-04-19T08:38:46.048+0000] {logging_mixin.py:190} INFO - [2025-04-19T08:38:46.048+0000] {dag.py:3239} INFO - Sync 1 DAGs
[2025-04-19T08:38:46.078+0000] {logging_mixin.py:190} INFO - [2025-04-19T08:38:46.078+0000] {dag.py:4180} INFO - Setting next_dagrun for example_branch_operator to 2025-04-18 00:00:00+00:00, run_after=2025-04-19 00:00:00+00:00
[2025-04-19T08:38:46.094+0000] {processor.py:208} INFO - Processing /home/airflow/.local/lib/python3.12/site-packages/airflow/example_dags/example_branch_operator.py took 0.109 seconds
[2025-04-19T08:39:16.677+0000] {processor.py:186} INFO - Started process (PID=253) to work on /home/airflow/.local/lib/python3.12/site-packages/airflow/example_dags/example_branch_operator.py
[2025-04-19T08:39:16.678+0000] {processor.py:914} INFO - Processing file /home/airflow/.local/lib/python3.12/site-packages/airflow/example_dags/example_branch_operator.py for tasks to queue
[2025-04-19T08:39:16.680+0000] {logging_mixin.py:190} INFO - [2025-04-19T08:39:16.680+0000] {dagbag.py:588} INFO - Filling up the DagBag from /home/airflow/.local/lib/python3.12/site-packages/airflow/example_dags/example_branch_operator.py
[2025-04-19T08:39:16.702+0000] {processor.py:925} INFO - DAG(s) 'example_branch_operator' retrieved from /home/airflow/.local/lib/python3.12/site-packages/airflow/example_dags/example_branch_operator.py
[2025-04-19T08:39:16.738+0000] {logging_mixin.py:190} INFO - [2025-04-19T08:39:16.738+0000] {dag.py:3239} INFO - Sync 1 DAGs
[2025-04-19T08:39:16.767+0000] {logging_mixin.py:190} INFO - [2025-04-19T08:39:16.767+0000] {dag.py:4180} INFO - Setting next_dagrun for example_branch_operator to 2025-04-18 00:00:00+00:00, run_after=2025-04-19 00:00:00+00:00
[2025-04-19T08:39:16.783+0000] {processor.py:208} INFO - Processing /home/airflow/.local/lib/python3.12/site-packages/airflow/example_dags/example_branch_operator.py took 0.112 seconds
[2025-04-19T08:39:47.249+0000] {processor.py:186} INFO - Started process (PID=316) to work on /home/airflow/.local/lib/python3.12/site-packages/airflow/example_dags/example_branch_operator.py
[2025-04-19T08:39:47.250+0000] {processor.py:914} INFO - Processing file /home/airflow/.local/lib/python3.12/site-packages/airflow/example_dags/example_branch_operator.py for tasks to queue
[2025-04-19T08:39:47.253+0000] {logging_mixin.py:190} INFO - [2025-04-19T08:39:47.252+0000] {dagbag.py:588} INFO - Filling up the DagBag from /home/airflow/.local/lib/python3.12/site-packages/airflow/example_dags/example_branch_operator.py
[2025-04-19T08:39:47.275+0000] {processor.py:925} INFO - DAG(s) 'example_branch_operator' retrieved from /home/airflow/.local/lib/python3.12/site-packages/airflow/example_dags/example_branch_operator.py
[2025-04-19T08:39:47.325+0000] {logging_mixin.py:190} INFO - [2025-04-19T08:39:47.325+0000] {dag.py:3239} INFO - Sync 1 DAGs
[2025-04-19T08:39:47.383+0000] {logging_mixin.py:190} INFO - [2025-04-19T08:39:47.383+0000] {dag.py:4180} INFO - Setting next_dagrun for example_branch_operator to 2025-04-18 00:00:00+00:00, run_after=2025-04-19 00:00:00+00:00
[2025-04-19T08:39:47.407+0000] {processor.py:208} INFO - Processing /home/airflow/.local/lib/python3.12/site-packages/airflow/example_dags/example_branch_operator.py took 0.164 seconds
[2025-04-19T08:40:17.760+0000] {processor.py:186} INFO - Started process (PID=378) to work on /home/airflow/.local/lib/python3.12/site-packages/airflow/example_dags/example_branch_operator.py
[2025-04-19T08:40:17.761+0000] {processor.py:914} INFO - Processing file /home/airflow/.local/lib/python3.12/site-packages/airflow/example_dags/example_branch_operator.py for tasks to queue
[2025-04-19T08:40:17.763+0000] {logging_mixin.py:190} INFO - [2025-04-19T08:40:17.763+0000] {dagbag.py:588} INFO - Filling up the DagBag from /home/airflow/.local/lib/python3.12/site-packages/airflow/example_dags/example_branch_operator.py
[2025-04-19T08:40:17.785+0000] {processor.py:925} INFO - DAG(s) 'example_branch_operator' retrieved from /home/airflow/.local/lib/python3.12/site-packages/airflow/example_dags/example_branch_operator.py
[2025-04-19T08:40:17.824+0000] {logging_mixin.py:190} INFO - [2025-04-19T08:40:17.824+0000] {dag.py:3239} INFO - Sync 1 DAGs
[2025-04-19T08:40:17.851+0000] {logging_mixin.py:190} INFO - [2025-04-19T08:40:17.851+0000] {dag.py:4180} INFO - Setting next_dagrun for example_branch_operator to 2025-04-18 00:00:00+00:00, run_after=2025-04-19 00:00:00+00:00
[2025-04-19T08:40:17.868+0000] {processor.py:208} INFO - Processing /home/airflow/.local/lib/python3.12/site-packages/airflow/example_dags/example_branch_operator.py took 0.114 seconds
[2025-04-19T08:40:48.433+0000] {processor.py:186} INFO - Started process (PID=441) to work on /home/airflow/.local/lib/python3.12/site-packages/airflow/example_dags/example_branch_operator.py
[2025-04-19T08:40:48.434+0000] {processor.py:914} INFO - Processing file /home/airflow/.local/lib/python3.12/site-packages/airflow/example_dags/example_branch_operator.py for tasks to queue
[2025-04-19T08:40:48.436+0000] {logging_mixin.py:190} INFO - [2025-04-19T08:40:48.436+0000] {dagbag.py:588} INFO - Filling up the DagBag from /home/airflow/.local/lib/python3.12/site-packages/airflow/example_dags/example_branch_operator.py
[2025-04-19T08:40:48.458+0000] {processor.py:925} INFO - DAG(s) 'example_branch_operator' retrieved from /home/airflow/.local/lib/python3.12/site-packages/airflow/example_dags/example_branch_operator.py
[2025-04-19T08:40:48.494+0000] {logging_mixin.py:190} INFO - [2025-04-19T08:40:48.494+0000] {dag.py:3239} INFO - Sync 1 DAGs
[2025-04-19T08:40:48.547+0000] {logging_mixin.py:190} INFO - [2025-04-19T08:40:48.547+0000] {dag.py:4180} INFO - Setting next_dagrun for example_branch_operator to 2025-04-18 00:00:00+00:00, run_after=2025-04-19 00:00:00+00:00
[2025-04-19T08:40:48.568+0000] {processor.py:208} INFO - Processing /home/airflow/.local/lib/python3.12/site-packages/airflow/example_dags/example_branch_operator.py took 0.141 seconds
[2025-04-19T08:41:19.040+0000] {processor.py:186} INFO - Started process (PID=503) to work on /home/airflow/.local/lib/python3.12/site-packages/airflow/example_dags/example_branch_operator.py
[2025-04-19T08:41:19.041+0000] {processor.py:914} INFO - Processing file /home/airflow/.local/lib/python3.12/site-packages/airflow/example_dags/example_branch_operator.py for tasks to queue
[2025-04-19T08:41:19.043+0000] {logging_mixin.py:190} INFO - [2025-04-19T08:41:19.043+0000] {dagbag.py:588} INFO - Filling up the DagBag from /home/airflow/.local/lib/python3.12/site-packages/airflow/example_dags/example_branch_operator.py
[2025-04-19T08:41:19.065+0000] {processor.py:925} INFO - DAG(s) 'example_branch_operator' retrieved from /home/airflow/.local/lib/python3.12/site-packages/airflow/example_dags/example_branch_operator.py
[2025-04-19T08:41:19.101+0000] {logging_mixin.py:190} INFO - [2025-04-19T08:41:19.101+0000] {dag.py:3239} INFO - Sync 1 DAGs
[2025-04-19T08:41:19.130+0000] {logging_mixin.py:190} INFO - [2025-04-19T08:41:19.130+0000] {dag.py:4180} INFO - Setting next_dagrun for example_branch_operator to 2025-04-18 00:00:00+00:00, run_after=2025-04-19 00:00:00+00:00
[2025-04-19T08:41:19.152+0000] {processor.py:208} INFO - Processing /home/airflow/.local/lib/python3.12/site-packages/airflow/example_dags/example_branch_operator.py took 0.118 seconds
[2025-04-19T08:41:50.111+0000] {processor.py:186} INFO - Started process (PID=565) to work on /home/airflow/.local/lib/python3.12/site-packages/airflow/example_dags/example_branch_operator.py
[2025-04-19T08:41:50.112+0000] {processor.py:914} INFO - Processing file /home/airflow/.local/lib/python3.12/site-packages/airflow/example_dags/example_branch_operator.py for tasks to queue
[2025-04-19T08:41:50.124+0000] {logging_mixin.py:190} INFO - [2025-04-19T08:41:50.124+0000] {dagbag.py:588} INFO - Filling up the DagBag from /home/airflow/.local/lib/python3.12/site-packages/airflow/example_dags/example_branch_operator.py
[2025-04-19T08:41:50.215+0000] {processor.py:925} INFO - DAG(s) 'example_branch_operator' retrieved from /home/airflow/.local/lib/python3.12/site-packages/airflow/example_dags/example_branch_operator.py
[2025-04-19T08:41:50.315+0000] {logging_mixin.py:190} INFO - [2025-04-19T08:41:50.315+0000] {dag.py:3239} INFO - Sync 1 DAGs
[2025-04-19T08:41:50.399+0000] {logging_mixin.py:190} INFO - [2025-04-19T08:41:50.398+0000] {dag.py:4180} INFO - Setting next_dagrun for example_branch_operator to 2025-04-18 00:00:00+00:00, run_after=2025-04-19 00:00:00+00:00
[2025-04-19T08:41:50.417+0000] {processor.py:208} INFO - Processing /home/airflow/.local/lib/python3.12/site-packages/airflow/example_dags/example_branch_operator.py took 0.336 seconds
[2025-04-19T08:42:20.713+0000] {processor.py:186} INFO - Started process (PID=627) to work on /home/airflow/.local/lib/python3.12/site-packages/airflow/example_dags/example_branch_operator.py
[2025-04-19T08:42:20.714+0000] {processor.py:914} INFO - Processing file /home/airflow/.local/lib/python3.12/site-packages/airflow/example_dags/example_branch_operator.py for tasks to queue
[2025-04-19T08:42:20.716+0000] {logging_mixin.py:190} INFO - [2025-04-19T08:42:20.716+0000] {dagbag.py:588} INFO - Filling up the DagBag from /home/airflow/.local/lib/python3.12/site-packages/airflow/example_dags/example_branch_operator.py
[2025-04-19T08:42:20.737+0000] {processor.py:925} INFO - DAG(s) 'example_branch_operator' retrieved from /home/airflow/.local/lib/python3.12/site-packages/airflow/example_dags/example_branch_operator.py
[2025-04-19T08:42:20.771+0000] {logging_mixin.py:190} INFO - [2025-04-19T08:42:20.771+0000] {dag.py:3239} INFO - Sync 1 DAGs
[2025-04-19T08:42:20.800+0000] {logging_mixin.py:190} INFO - [2025-04-19T08:42:20.800+0000] {dag.py:4180} INFO - Setting next_dagrun for example_branch_operator to 2025-04-18 00:00:00+00:00, run_after=2025-04-19 00:00:00+00:00
[2025-04-19T08:42:20.816+0000] {processor.py:208} INFO - Processing /home/airflow/.local/lib/python3.12/site-packages/airflow/example_dags/example_branch_operator.py took 0.110 seconds
[2025-04-19T08:42:50.934+0000] {processor.py:186} INFO - Started process (PID=691) to work on /home/airflow/.local/lib/python3.12/site-packages/airflow/example_dags/example_branch_operator.py
[2025-04-19T08:42:50.935+0000] {processor.py:914} INFO - Processing file /home/airflow/.local/lib/python3.12/site-packages/airflow/example_dags/example_branch_operator.py for tasks to queue
[2025-04-19T08:42:50.937+0000] {logging_mixin.py:190} INFO - [2025-04-19T08:42:50.937+0000] {dagbag.py:588} INFO - Filling up the DagBag from /home/airflow/.local/lib/python3.12/site-packages/airflow/example_dags/example_branch_operator.py
[2025-04-19T08:42:50.959+0000] {processor.py:925} INFO - DAG(s) 'example_branch_operator' retrieved from /home/airflow/.local/lib/python3.12/site-packages/airflow/example_dags/example_branch_operator.py
[2025-04-19T08:42:50.993+0000] {logging_mixin.py:190} INFO - [2025-04-19T08:42:50.993+0000] {dag.py:3239} INFO - Sync 1 DAGs
[2025-04-19T08:42:51.028+0000] {logging_mixin.py:190} INFO - [2025-04-19T08:42:51.028+0000] {dag.py:4180} INFO - Setting next_dagrun for example_branch_operator to 2025-04-18 00:00:00+00:00, run_after=2025-04-19 00:00:00+00:00
[2025-04-19T08:42:51.046+0000] {processor.py:208} INFO - Processing /home/airflow/.local/lib/python3.12/site-packages/airflow/example_dags/example_branch_operator.py took 0.118 seconds
