[2025-04-19T08:38:15.973+0000] {processor.py:186} INFO - Started process (PID=129) to work on /home/airflow/.local/lib/python3.12/site-packages/airflow/example_dags/example_inlet_event_extra.py
[2025-04-19T08:38:15.978+0000] {processor.py:914} INFO - Processing file /home/airflow/.local/lib/python3.12/site-packages/airflow/example_dags/example_inlet_event_extra.py for tasks to queue
[2025-04-19T08:38:15.983+0000] {logging_mixin.py:190} INFO - [2025-04-19T08:38:15.983+0000] {dagbag.py:588} INFO - Filling up the DagBag from /home/airflow/.local/lib/python3.12/site-packages/airflow/example_dags/example_inlet_event_extra.py
[2025-04-19T08:38:18.519+0000] {processor.py:925} INFO - DAG(s) 'read_dataset_event', 'read_dataset_event_from_classic' retrieved from /home/airflow/.local/lib/python3.12/site-packages/airflow/example_dags/example_inlet_event_extra.py
[2025-04-19T08:38:18.936+0000] {logging_mixin.py:190} INFO - [2025-04-19T08:38:18.935+0000] {override.py:1911} INFO - Created Permission View: can delete on DAG:read_dataset_event
[2025-04-19T08:38:18.969+0000] {logging_mixin.py:190} INFO - [2025-04-19T08:38:18.968+0000] {override.py:1911} INFO - Created Permission View: can read on DAG:read_dataset_event
[2025-04-19T08:38:19.005+0000] {logging_mixin.py:190} INFO - [2025-04-19T08:38:19.005+0000] {override.py:1911} INFO - Created Permission View: can edit on DAG:read_dataset_event
[2025-04-19T08:38:19.071+0000] {logging_mixin.py:190} INFO - [2025-04-19T08:38:19.070+0000] {override.py:1911} INFO - Created Permission View: can delete on DAG Run:read_dataset_event
[2025-04-19T08:38:19.117+0000] {logging_mixin.py:190} INFO - [2025-04-19T08:38:19.116+0000] {override.py:1911} INFO - Created Permission View: can read on DAG Run:read_dataset_event
[2025-04-19T08:38:19.166+0000] {logging_mixin.py:190} INFO - [2025-04-19T08:38:19.165+0000] {override.py:1911} INFO - Created Permission View: can create on DAG Run:read_dataset_event
[2025-04-19T08:38:19.188+0000] {logging_mixin.py:190} INFO - [2025-04-19T08:38:19.187+0000] {override.py:1911} INFO - Created Permission View: menu access on DAG Run:read_dataset_event
[2025-04-19T08:38:19.264+0000] {logging_mixin.py:190} INFO - [2025-04-19T08:38:19.264+0000] {override.py:1911} INFO - Created Permission View: can delete on DAG:read_dataset_event_from_classic
[2025-04-19T08:38:19.285+0000] {logging_mixin.py:190} INFO - [2025-04-19T08:38:19.285+0000] {override.py:1911} INFO - Created Permission View: can read on DAG:read_dataset_event_from_classic
[2025-04-19T08:38:19.300+0000] {logging_mixin.py:190} INFO - [2025-04-19T08:38:19.300+0000] {override.py:1911} INFO - Created Permission View: can edit on DAG:read_dataset_event_from_classic
[2025-04-19T08:38:19.323+0000] {logging_mixin.py:190} INFO - [2025-04-19T08:38:19.323+0000] {override.py:1911} INFO - Created Permission View: can delete on DAG Run:read_dataset_event_from_classic
[2025-04-19T08:38:19.374+0000] {logging_mixin.py:190} INFO - [2025-04-19T08:38:19.373+0000] {override.py:1911} INFO - Created Permission View: can read on DAG Run:read_dataset_event_from_classic
[2025-04-19T08:38:19.385+0000] {logging_mixin.py:190} INFO - [2025-04-19T08:38:19.384+0000] {override.py:1911} INFO - Created Permission View: can create on DAG Run:read_dataset_event_from_classic
[2025-04-19T08:38:19.431+0000] {logging_mixin.py:190} INFO - [2025-04-19T08:38:19.430+0000] {override.py:1911} INFO - Created Permission View: menu access on DAG Run:read_dataset_event_from_classic
[2025-04-19T08:38:19.433+0000] {logging_mixin.py:190} INFO - [2025-04-19T08:38:19.431+0000] {dag.py:3239} INFO - Sync 2 DAGs
[2025-04-19T08:38:19.484+0000] {logging_mixin.py:190} INFO - [2025-04-19T08:38:19.483+0000] {dag.py:3262} INFO - Creating ORM DAG for read_dataset_event
[2025-04-19T08:38:19.486+0000] {logging_mixin.py:190} INFO - [2025-04-19T08:38:19.486+0000] {dag.py:3262} INFO - Creating ORM DAG for read_dataset_event_from_classic
[2025-04-19T08:38:19.524+0000] {logging_mixin.py:190} INFO - [2025-04-19T08:38:19.523+0000] {dag.py:4180} INFO - Setting next_dagrun for read_dataset_event to 2025-04-18 00:00:00+00:00, run_after=2025-04-19 00:00:00+00:00
[2025-04-19T08:38:19.529+0000] {logging_mixin.py:190} INFO - [2025-04-19T08:38:19.529+0000] {dag.py:4180} INFO - Setting next_dagrun for read_dataset_event_from_classic to 2025-04-18 00:00:00+00:00, run_after=2025-04-19 00:00:00+00:00
[2025-04-19T08:38:19.569+0000] {processor.py:208} INFO - Processing /home/airflow/.local/lib/python3.12/site-packages/airflow/example_dags/example_inlet_event_extra.py took 3.614 seconds
[2025-04-19T08:38:50.498+0000] {processor.py:186} INFO - Started process (PID=193) to work on /home/airflow/.local/lib/python3.12/site-packages/airflow/example_dags/example_inlet_event_extra.py
[2025-04-19T08:38:50.502+0000] {processor.py:914} INFO - Processing file /home/airflow/.local/lib/python3.12/site-packages/airflow/example_dags/example_inlet_event_extra.py for tasks to queue
[2025-04-19T08:38:50.510+0000] {logging_mixin.py:190} INFO - [2025-04-19T08:38:50.506+0000] {dagbag.py:588} INFO - Filling up the DagBag from /home/airflow/.local/lib/python3.12/site-packages/airflow/example_dags/example_inlet_event_extra.py
[2025-04-19T08:38:52.711+0000] {processor.py:925} INFO - DAG(s) 'read_dataset_event', 'read_dataset_event_from_classic' retrieved from /home/airflow/.local/lib/python3.12/site-packages/airflow/example_dags/example_inlet_event_extra.py
[2025-04-19T08:38:52.747+0000] {logging_mixin.py:190} INFO - [2025-04-19T08:38:52.747+0000] {dag.py:3239} INFO - Sync 2 DAGs
[2025-04-19T08:38:52.791+0000] {logging_mixin.py:190} INFO - [2025-04-19T08:38:52.791+0000] {dag.py:4180} INFO - Setting next_dagrun for read_dataset_event to 2025-04-18 00:00:00+00:00, run_after=2025-04-19 00:00:00+00:00
[2025-04-19T08:38:52.798+0000] {logging_mixin.py:190} INFO - [2025-04-19T08:38:52.798+0000] {dag.py:4180} INFO - Setting next_dagrun for read_dataset_event_from_classic to 2025-04-18 00:00:00+00:00, run_after=2025-04-19 00:00:00+00:00
[2025-04-19T08:38:52.826+0000] {processor.py:208} INFO - Processing /home/airflow/.local/lib/python3.12/site-packages/airflow/example_dags/example_inlet_event_extra.py took 2.348 seconds
[2025-04-19T08:39:22.973+0000] {processor.py:186} INFO - Started process (PID=257) to work on /home/airflow/.local/lib/python3.12/site-packages/airflow/example_dags/example_inlet_event_extra.py
[2025-04-19T08:39:22.976+0000] {processor.py:914} INFO - Processing file /home/airflow/.local/lib/python3.12/site-packages/airflow/example_dags/example_inlet_event_extra.py for tasks to queue
[2025-04-19T08:39:22.982+0000] {logging_mixin.py:190} INFO - [2025-04-19T08:39:22.981+0000] {dagbag.py:588} INFO - Filling up the DagBag from /home/airflow/.local/lib/python3.12/site-packages/airflow/example_dags/example_inlet_event_extra.py
[2025-04-19T08:39:23.866+0000] {processor.py:925} INFO - DAG(s) 'read_dataset_event', 'read_dataset_event_from_classic' retrieved from /home/airflow/.local/lib/python3.12/site-packages/airflow/example_dags/example_inlet_event_extra.py
[2025-04-19T08:39:23.890+0000] {logging_mixin.py:190} INFO - [2025-04-19T08:39:23.890+0000] {dag.py:3239} INFO - Sync 2 DAGs
[2025-04-19T08:39:23.920+0000] {logging_mixin.py:190} INFO - [2025-04-19T08:39:23.920+0000] {dag.py:4180} INFO - Setting next_dagrun for read_dataset_event to 2025-04-18 00:00:00+00:00, run_after=2025-04-19 00:00:00+00:00
[2025-04-19T08:39:23.926+0000] {logging_mixin.py:190} INFO - [2025-04-19T08:39:23.926+0000] {dag.py:4180} INFO - Setting next_dagrun for read_dataset_event_from_classic to 2025-04-18 00:00:00+00:00, run_after=2025-04-19 00:00:00+00:00
[2025-04-19T08:39:23.942+0000] {processor.py:208} INFO - Processing /home/airflow/.local/lib/python3.12/site-packages/airflow/example_dags/example_inlet_event_extra.py took 0.989 seconds
[2025-04-19T08:39:54.126+0000] {processor.py:186} INFO - Started process (PID=321) to work on /home/airflow/.local/lib/python3.12/site-packages/airflow/example_dags/example_inlet_event_extra.py
[2025-04-19T08:39:54.127+0000] {processor.py:914} INFO - Processing file /home/airflow/.local/lib/python3.12/site-packages/airflow/example_dags/example_inlet_event_extra.py for tasks to queue
[2025-04-19T08:39:54.130+0000] {logging_mixin.py:190} INFO - [2025-04-19T08:39:54.130+0000] {dagbag.py:588} INFO - Filling up the DagBag from /home/airflow/.local/lib/python3.12/site-packages/airflow/example_dags/example_inlet_event_extra.py
[2025-04-19T08:39:55.148+0000] {processor.py:925} INFO - DAG(s) 'read_dataset_event_from_classic', 'read_dataset_event' retrieved from /home/airflow/.local/lib/python3.12/site-packages/airflow/example_dags/example_inlet_event_extra.py
[2025-04-19T08:39:55.189+0000] {logging_mixin.py:190} INFO - [2025-04-19T08:39:55.188+0000] {dag.py:3239} INFO - Sync 2 DAGs
[2025-04-19T08:39:55.230+0000] {logging_mixin.py:190} INFO - [2025-04-19T08:39:55.229+0000] {dag.py:4180} INFO - Setting next_dagrun for read_dataset_event to 2025-04-18 00:00:00+00:00, run_after=2025-04-19 00:00:00+00:00
[2025-04-19T08:39:55.236+0000] {logging_mixin.py:190} INFO - [2025-04-19T08:39:55.236+0000] {dag.py:4180} INFO - Setting next_dagrun for read_dataset_event_from_classic to 2025-04-18 00:00:00+00:00, run_after=2025-04-19 00:00:00+00:00
[2025-04-19T08:39:55.252+0000] {processor.py:208} INFO - Processing /home/airflow/.local/lib/python3.12/site-packages/airflow/example_dags/example_inlet_event_extra.py took 1.133 seconds
[2025-04-19T08:40:25.942+0000] {processor.py:186} INFO - Started process (PID=387) to work on /home/airflow/.local/lib/python3.12/site-packages/airflow/example_dags/example_inlet_event_extra.py
[2025-04-19T08:40:25.942+0000] {processor.py:914} INFO - Processing file /home/airflow/.local/lib/python3.12/site-packages/airflow/example_dags/example_inlet_event_extra.py for tasks to queue
[2025-04-19T08:40:25.945+0000] {logging_mixin.py:190} INFO - [2025-04-19T08:40:25.945+0000] {dagbag.py:588} INFO - Filling up the DagBag from /home/airflow/.local/lib/python3.12/site-packages/airflow/example_dags/example_inlet_event_extra.py
[2025-04-19T08:40:26.894+0000] {processor.py:925} INFO - DAG(s) 'read_dataset_event', 'read_dataset_event_from_classic' retrieved from /home/airflow/.local/lib/python3.12/site-packages/airflow/example_dags/example_inlet_event_extra.py
[2025-04-19T08:40:26.932+0000] {logging_mixin.py:190} INFO - [2025-04-19T08:40:26.931+0000] {dag.py:3239} INFO - Sync 2 DAGs
[2025-04-19T08:40:26.958+0000] {logging_mixin.py:190} INFO - [2025-04-19T08:40:26.958+0000] {dag.py:4180} INFO - Setting next_dagrun for read_dataset_event to 2025-04-18 00:00:00+00:00, run_after=2025-04-19 00:00:00+00:00
[2025-04-19T08:40:26.964+0000] {logging_mixin.py:190} INFO - [2025-04-19T08:40:26.964+0000] {dag.py:4180} INFO - Setting next_dagrun for read_dataset_event_from_classic to 2025-04-18 00:00:00+00:00, run_after=2025-04-19 00:00:00+00:00
[2025-04-19T08:40:26.979+0000] {processor.py:208} INFO - Processing /home/airflow/.local/lib/python3.12/site-packages/airflow/example_dags/example_inlet_event_extra.py took 1.057 seconds
[2025-04-19T08:40:57.985+0000] {processor.py:186} INFO - Started process (PID=455) to work on /home/airflow/.local/lib/python3.12/site-packages/airflow/example_dags/example_inlet_event_extra.py
[2025-04-19T08:40:57.986+0000] {processor.py:914} INFO - Processing file /home/airflow/.local/lib/python3.12/site-packages/airflow/example_dags/example_inlet_event_extra.py for tasks to queue
[2025-04-19T08:40:57.989+0000] {logging_mixin.py:190} INFO - [2025-04-19T08:40:57.988+0000] {dagbag.py:588} INFO - Filling up the DagBag from /home/airflow/.local/lib/python3.12/site-packages/airflow/example_dags/example_inlet_event_extra.py
[2025-04-19T08:40:58.904+0000] {processor.py:925} INFO - DAG(s) 'read_dataset_event', 'read_dataset_event_from_classic' retrieved from /home/airflow/.local/lib/python3.12/site-packages/airflow/example_dags/example_inlet_event_extra.py
[2025-04-19T08:40:58.959+0000] {logging_mixin.py:190} INFO - [2025-04-19T08:40:58.959+0000] {dag.py:3239} INFO - Sync 2 DAGs
[2025-04-19T08:40:58.994+0000] {logging_mixin.py:190} INFO - [2025-04-19T08:40:58.993+0000] {dag.py:4180} INFO - Setting next_dagrun for read_dataset_event to 2025-04-18 00:00:00+00:00, run_after=2025-04-19 00:00:00+00:00
[2025-04-19T08:40:59.000+0000] {logging_mixin.py:190} INFO - [2025-04-19T08:40:59.000+0000] {dag.py:4180} INFO - Setting next_dagrun for read_dataset_event_from_classic to 2025-04-18 00:00:00+00:00, run_after=2025-04-19 00:00:00+00:00
[2025-04-19T08:40:59.018+0000] {processor.py:208} INFO - Processing /home/airflow/.local/lib/python3.12/site-packages/airflow/example_dags/example_inlet_event_extra.py took 1.039 seconds
[2025-04-19T08:41:29.326+0000] {processor.py:186} INFO - Started process (PID=517) to work on /home/airflow/.local/lib/python3.12/site-packages/airflow/example_dags/example_inlet_event_extra.py
[2025-04-19T08:41:29.327+0000] {processor.py:914} INFO - Processing file /home/airflow/.local/lib/python3.12/site-packages/airflow/example_dags/example_inlet_event_extra.py for tasks to queue
[2025-04-19T08:41:29.329+0000] {logging_mixin.py:190} INFO - [2025-04-19T08:41:29.329+0000] {dagbag.py:588} INFO - Filling up the DagBag from /home/airflow/.local/lib/python3.12/site-packages/airflow/example_dags/example_inlet_event_extra.py
[2025-04-19T08:41:30.198+0000] {processor.py:925} INFO - DAG(s) 'read_dataset_event_from_classic', 'read_dataset_event' retrieved from /home/airflow/.local/lib/python3.12/site-packages/airflow/example_dags/example_inlet_event_extra.py
[2025-04-19T08:41:30.224+0000] {logging_mixin.py:190} INFO - [2025-04-19T08:41:30.224+0000] {dag.py:3239} INFO - Sync 2 DAGs
[2025-04-19T08:41:30.255+0000] {logging_mixin.py:190} INFO - [2025-04-19T08:41:30.255+0000] {dag.py:4180} INFO - Setting next_dagrun for read_dataset_event to 2025-04-18 00:00:00+00:00, run_after=2025-04-19 00:00:00+00:00
[2025-04-19T08:41:30.261+0000] {logging_mixin.py:190} INFO - [2025-04-19T08:41:30.261+0000] {dag.py:4180} INFO - Setting next_dagrun for read_dataset_event_from_classic to 2025-04-18 00:00:00+00:00, run_after=2025-04-19 00:00:00+00:00
[2025-04-19T08:41:30.278+0000] {processor.py:208} INFO - Processing /home/airflow/.local/lib/python3.12/site-packages/airflow/example_dags/example_inlet_event_extra.py took 0.959 seconds
[2025-04-19T08:42:01.221+0000] {processor.py:186} INFO - Started process (PID=588) to work on /home/airflow/.local/lib/python3.12/site-packages/airflow/example_dags/example_inlet_event_extra.py
[2025-04-19T08:42:01.221+0000] {processor.py:914} INFO - Processing file /home/airflow/.local/lib/python3.12/site-packages/airflow/example_dags/example_inlet_event_extra.py for tasks to queue
[2025-04-19T08:42:01.224+0000] {logging_mixin.py:190} INFO - [2025-04-19T08:42:01.224+0000] {dagbag.py:588} INFO - Filling up the DagBag from /home/airflow/.local/lib/python3.12/site-packages/airflow/example_dags/example_inlet_event_extra.py
[2025-04-19T08:42:01.992+0000] {processor.py:925} INFO - DAG(s) 'read_dataset_event_from_classic', 'read_dataset_event' retrieved from /home/airflow/.local/lib/python3.12/site-packages/airflow/example_dags/example_inlet_event_extra.py
[2025-04-19T08:42:02.031+0000] {logging_mixin.py:190} INFO - [2025-04-19T08:42:02.031+0000] {dag.py:3239} INFO - Sync 2 DAGs
[2025-04-19T08:42:02.109+0000] {logging_mixin.py:190} INFO - [2025-04-19T08:42:02.108+0000] {dag.py:4180} INFO - Setting next_dagrun for read_dataset_event to 2025-04-18 00:00:00+00:00, run_after=2025-04-19 00:00:00+00:00
[2025-04-19T08:42:02.133+0000] {logging_mixin.py:190} INFO - [2025-04-19T08:42:02.133+0000] {dag.py:4180} INFO - Setting next_dagrun for read_dataset_event_from_classic to 2025-04-18 00:00:00+00:00, run_after=2025-04-19 00:00:00+00:00
[2025-04-19T08:42:02.172+0000] {processor.py:208} INFO - Processing /home/airflow/.local/lib/python3.12/site-packages/airflow/example_dags/example_inlet_event_extra.py took 0.958 seconds
[2025-04-19T08:42:33.482+0000] {processor.py:186} INFO - Started process (PID=658) to work on /home/airflow/.local/lib/python3.12/site-packages/airflow/example_dags/example_inlet_event_extra.py
[2025-04-19T08:42:33.483+0000] {processor.py:914} INFO - Processing file /home/airflow/.local/lib/python3.12/site-packages/airflow/example_dags/example_inlet_event_extra.py for tasks to queue
[2025-04-19T08:42:33.486+0000] {logging_mixin.py:190} INFO - [2025-04-19T08:42:33.486+0000] {dagbag.py:588} INFO - Filling up the DagBag from /home/airflow/.local/lib/python3.12/site-packages/airflow/example_dags/example_inlet_event_extra.py
[2025-04-19T08:42:34.224+0000] {processor.py:925} INFO - DAG(s) 'read_dataset_event_from_classic', 'read_dataset_event' retrieved from /home/airflow/.local/lib/python3.12/site-packages/airflow/example_dags/example_inlet_event_extra.py
[2025-04-19T08:42:34.247+0000] {logging_mixin.py:190} INFO - [2025-04-19T08:42:34.247+0000] {dag.py:3239} INFO - Sync 2 DAGs
[2025-04-19T08:42:34.277+0000] {logging_mixin.py:190} INFO - [2025-04-19T08:42:34.277+0000] {dag.py:4180} INFO - Setting next_dagrun for read_dataset_event to 2025-04-18 00:00:00+00:00, run_after=2025-04-19 00:00:00+00:00
[2025-04-19T08:42:34.283+0000] {logging_mixin.py:190} INFO - [2025-04-19T08:42:34.282+0000] {dag.py:4180} INFO - Setting next_dagrun for read_dataset_event_from_classic to 2025-04-18 00:00:00+00:00, run_after=2025-04-19 00:00:00+00:00
[2025-04-19T08:42:34.298+0000] {processor.py:208} INFO - Processing /home/airflow/.local/lib/python3.12/site-packages/airflow/example_dags/example_inlet_event_extra.py took 0.822 seconds
[2025-04-19T08:43:05.639+0000] {processor.py:186} INFO - Started process (PID=729) to work on /home/airflow/.local/lib/python3.12/site-packages/airflow/example_dags/example_inlet_event_extra.py
[2025-04-19T08:43:05.640+0000] {processor.py:914} INFO - Processing file /home/airflow/.local/lib/python3.12/site-packages/airflow/example_dags/example_inlet_event_extra.py for tasks to queue
[2025-04-19T08:43:05.642+0000] {logging_mixin.py:190} INFO - [2025-04-19T08:43:05.642+0000] {dagbag.py:588} INFO - Filling up the DagBag from /home/airflow/.local/lib/python3.12/site-packages/airflow/example_dags/example_inlet_event_extra.py
[2025-04-19T08:43:06.671+0000] {processor.py:925} INFO - DAG(s) 'read_dataset_event_from_classic', 'read_dataset_event' retrieved from /home/airflow/.local/lib/python3.12/site-packages/airflow/example_dags/example_inlet_event_extra.py
[2025-04-19T08:43:06.694+0000] {logging_mixin.py:190} INFO - [2025-04-19T08:43:06.693+0000] {dag.py:3239} INFO - Sync 2 DAGs
[2025-04-19T08:43:06.733+0000] {logging_mixin.py:190} INFO - [2025-04-19T08:43:06.733+0000] {dag.py:4180} INFO - Setting next_dagrun for read_dataset_event to 2025-04-18 00:00:00+00:00, run_after=2025-04-19 00:00:00+00:00
[2025-04-19T08:43:06.739+0000] {logging_mixin.py:190} INFO - [2025-04-19T08:43:06.739+0000] {dag.py:4180} INFO - Setting next_dagrun for read_dataset_event_from_classic to 2025-04-18 00:00:00+00:00, run_after=2025-04-19 00:00:00+00:00
[2025-04-19T08:43:06.754+0000] {processor.py:208} INFO - Processing /home/airflow/.local/lib/python3.12/site-packages/airflow/example_dags/example_inlet_event_extra.py took 1.122 seconds
