[2025-04-19T08:38:03.049+0000] {processor.py:186} INFO - Started process (PID=116) to work on /home/airflow/.local/lib/python3.12/site-packages/airflow/example_dags/example_dataset_alias.py
[2025-04-19T08:38:03.052+0000] {processor.py:914} INFO - Processing file /home/airflow/.local/lib/python3.12/site-packages/airflow/example_dags/example_dataset_alias.py for tasks to queue
[2025-04-19T08:38:03.061+0000] {logging_mixin.py:190} INFO - [2025-04-19T08:38:03.060+0000] {dagbag.py:588} INFO - Filling up the DagBag from /home/airflow/.local/lib/python3.12/site-packages/airflow/example_dags/example_dataset_alias.py
[2025-04-19T08:38:05.869+0000] {processor.py:925} INFO - DAG(s) 'dataset_s3_bucket_producer', 'dataset_alias_example_alias_producer', 'dataset_s3_bucket_consumer', 'dataset_alias_example_alias_consumer' retrieved from /home/airflow/.local/lib/python3.12/site-packages/airflow/example_dags/example_dataset_alias.py
[2025-04-19T08:38:06.337+0000] {logging_mixin.py:190} INFO - [2025-04-19T08:38:06.336+0000] {override.py:1911} INFO - Created Permission View: can delete on DAG:dataset_s3_bucket_producer
[2025-04-19T08:38:06.359+0000] {logging_mixin.py:190} INFO - [2025-04-19T08:38:06.359+0000] {override.py:1911} INFO - Created Permission View: can read on DAG:dataset_s3_bucket_producer
[2025-04-19T08:38:06.375+0000] {logging_mixin.py:190} INFO - [2025-04-19T08:38:06.375+0000] {override.py:1911} INFO - Created Permission View: can edit on DAG:dataset_s3_bucket_producer
[2025-04-19T08:38:06.403+0000] {logging_mixin.py:190} INFO - [2025-04-19T08:38:06.403+0000] {override.py:1911} INFO - Created Permission View: can delete on DAG Run:dataset_s3_bucket_producer
[2025-04-19T08:38:06.425+0000] {logging_mixin.py:190} INFO - [2025-04-19T08:38:06.425+0000] {override.py:1911} INFO - Created Permission View: can read on DAG Run:dataset_s3_bucket_producer
[2025-04-19T08:38:06.441+0000] {logging_mixin.py:190} INFO - [2025-04-19T08:38:06.441+0000] {override.py:1911} INFO - Created Permission View: can create on DAG Run:dataset_s3_bucket_producer
[2025-04-19T08:38:06.478+0000] {logging_mixin.py:190} INFO - [2025-04-19T08:38:06.477+0000] {override.py:1911} INFO - Created Permission View: menu access on DAG Run:dataset_s3_bucket_producer
[2025-04-19T08:38:06.581+0000] {logging_mixin.py:190} INFO - [2025-04-19T08:38:06.581+0000] {override.py:1911} INFO - Created Permission View: can delete on DAG:dataset_alias_example_alias_producer
[2025-04-19T08:38:06.613+0000] {logging_mixin.py:190} INFO - [2025-04-19T08:38:06.612+0000] {override.py:1911} INFO - Created Permission View: can read on DAG:dataset_alias_example_alias_producer
[2025-04-19T08:38:06.630+0000] {logging_mixin.py:190} INFO - [2025-04-19T08:38:06.630+0000] {override.py:1911} INFO - Created Permission View: can edit on DAG:dataset_alias_example_alias_producer
[2025-04-19T08:38:06.652+0000] {logging_mixin.py:190} INFO - [2025-04-19T08:38:06.652+0000] {override.py:1911} INFO - Created Permission View: can delete on DAG Run:dataset_alias_example_alias_producer
[2025-04-19T08:38:06.672+0000] {logging_mixin.py:190} INFO - [2025-04-19T08:38:06.672+0000] {override.py:1911} INFO - Created Permission View: can read on DAG Run:dataset_alias_example_alias_producer
[2025-04-19T08:38:06.708+0000] {logging_mixin.py:190} INFO - [2025-04-19T08:38:06.708+0000] {override.py:1911} INFO - Created Permission View: can create on DAG Run:dataset_alias_example_alias_producer
[2025-04-19T08:38:06.785+0000] {logging_mixin.py:190} INFO - [2025-04-19T08:38:06.785+0000] {override.py:1911} INFO - Created Permission View: menu access on DAG Run:dataset_alias_example_alias_producer
[2025-04-19T08:38:07.093+0000] {logging_mixin.py:190} INFO - [2025-04-19T08:38:07.090+0000] {override.py:1911} INFO - Created Permission View: can delete on DAG:dataset_s3_bucket_consumer
[2025-04-19T08:38:07.167+0000] {logging_mixin.py:190} INFO - [2025-04-19T08:38:07.166+0000] {override.py:1911} INFO - Created Permission View: can read on DAG:dataset_s3_bucket_consumer
[2025-04-19T08:38:07.213+0000] {logging_mixin.py:190} INFO - [2025-04-19T08:38:07.212+0000] {override.py:1911} INFO - Created Permission View: can edit on DAG:dataset_s3_bucket_consumer
[2025-04-19T08:38:07.269+0000] {logging_mixin.py:190} INFO - [2025-04-19T08:38:07.268+0000] {override.py:1911} INFO - Created Permission View: can delete on DAG Run:dataset_s3_bucket_consumer
[2025-04-19T08:38:07.308+0000] {logging_mixin.py:190} INFO - [2025-04-19T08:38:07.306+0000] {override.py:1911} INFO - Created Permission View: can read on DAG Run:dataset_s3_bucket_consumer
[2025-04-19T08:38:07.349+0000] {logging_mixin.py:190} INFO - [2025-04-19T08:38:07.348+0000] {override.py:1911} INFO - Created Permission View: can create on DAG Run:dataset_s3_bucket_consumer
[2025-04-19T08:38:07.390+0000] {logging_mixin.py:190} INFO - [2025-04-19T08:38:07.390+0000] {override.py:1911} INFO - Created Permission View: menu access on DAG Run:dataset_s3_bucket_consumer
[2025-04-19T08:38:07.528+0000] {logging_mixin.py:190} INFO - [2025-04-19T08:38:07.527+0000] {override.py:1911} INFO - Created Permission View: can delete on DAG:dataset_alias_example_alias_consumer
[2025-04-19T08:38:07.568+0000] {logging_mixin.py:190} INFO - [2025-04-19T08:38:07.568+0000] {override.py:1911} INFO - Created Permission View: can read on DAG:dataset_alias_example_alias_consumer
[2025-04-19T08:38:07.631+0000] {logging_mixin.py:190} INFO - [2025-04-19T08:38:07.630+0000] {override.py:1911} INFO - Created Permission View: can edit on DAG:dataset_alias_example_alias_consumer
[2025-04-19T08:38:07.804+0000] {logging_mixin.py:190} INFO - [2025-04-19T08:38:07.803+0000] {override.py:1911} INFO - Created Permission View: can delete on DAG Run:dataset_alias_example_alias_consumer
[2025-04-19T08:38:07.853+0000] {logging_mixin.py:190} INFO - [2025-04-19T08:38:07.852+0000] {override.py:1911} INFO - Created Permission View: can read on DAG Run:dataset_alias_example_alias_consumer
[2025-04-19T08:38:07.896+0000] {logging_mixin.py:190} INFO - [2025-04-19T08:38:07.895+0000] {override.py:1911} INFO - Created Permission View: can create on DAG Run:dataset_alias_example_alias_consumer
[2025-04-19T08:38:07.984+0000] {logging_mixin.py:190} INFO - [2025-04-19T08:38:07.983+0000] {override.py:1911} INFO - Created Permission View: menu access on DAG Run:dataset_alias_example_alias_consumer
[2025-04-19T08:38:07.995+0000] {logging_mixin.py:190} INFO - [2025-04-19T08:38:07.985+0000] {dag.py:3239} INFO - Sync 4 DAGs
[2025-04-19T08:38:08.116+0000] {logging_mixin.py:190} INFO - [2025-04-19T08:38:08.103+0000] {dag.py:3262} INFO - Creating ORM DAG for dataset_s3_bucket_producer
[2025-04-19T08:38:08.117+0000] {logging_mixin.py:190} INFO - [2025-04-19T08:38:08.117+0000] {dag.py:3262} INFO - Creating ORM DAG for dataset_s3_bucket_consumer
[2025-04-19T08:38:08.122+0000] {logging_mixin.py:190} INFO - [2025-04-19T08:38:08.122+0000] {dag.py:3262} INFO - Creating ORM DAG for dataset_alias_example_alias_producer
[2025-04-19T08:38:08.126+0000] {logging_mixin.py:190} INFO - [2025-04-19T08:38:08.125+0000] {dag.py:3262} INFO - Creating ORM DAG for dataset_alias_example_alias_consumer
[2025-04-19T08:38:08.211+0000] {logging_mixin.py:190} INFO - [2025-04-19T08:38:08.211+0000] {dag.py:4180} INFO - Setting next_dagrun for dataset_alias_example_alias_consumer to None, run_after=None
[2025-04-19T08:38:08.216+0000] {logging_mixin.py:190} INFO - [2025-04-19T08:38:08.213+0000] {dag.py:4180} INFO - Setting next_dagrun for dataset_alias_example_alias_producer to None, run_after=None
[2025-04-19T08:38:08.219+0000] {logging_mixin.py:190} INFO - [2025-04-19T08:38:08.218+0000] {dag.py:4180} INFO - Setting next_dagrun for dataset_s3_bucket_consumer to None, run_after=None
[2025-04-19T08:38:08.222+0000] {logging_mixin.py:190} INFO - [2025-04-19T08:38:08.221+0000] {dag.py:4180} INFO - Setting next_dagrun for dataset_s3_bucket_producer to None, run_after=None
[2025-04-19T08:38:08.469+0000] {processor.py:208} INFO - Processing /home/airflow/.local/lib/python3.12/site-packages/airflow/example_dags/example_dataset_alias.py took 5.444 seconds
[2025-04-19T08:38:39.482+0000] {processor.py:186} INFO - Started process (PID=182) to work on /home/airflow/.local/lib/python3.12/site-packages/airflow/example_dags/example_dataset_alias.py
[2025-04-19T08:38:39.483+0000] {processor.py:914} INFO - Processing file /home/airflow/.local/lib/python3.12/site-packages/airflow/example_dags/example_dataset_alias.py for tasks to queue
[2025-04-19T08:38:39.486+0000] {logging_mixin.py:190} INFO - [2025-04-19T08:38:39.485+0000] {dagbag.py:588} INFO - Filling up the DagBag from /home/airflow/.local/lib/python3.12/site-packages/airflow/example_dags/example_dataset_alias.py
[2025-04-19T08:38:40.060+0000] {processor.py:925} INFO - DAG(s) 'dataset_s3_bucket_consumer', 'dataset_alias_example_alias_producer', 'dataset_s3_bucket_producer', 'dataset_alias_example_alias_consumer' retrieved from /home/airflow/.local/lib/python3.12/site-packages/airflow/example_dags/example_dataset_alias.py
[2025-04-19T08:38:40.076+0000] {logging_mixin.py:190} INFO - [2025-04-19T08:38:40.076+0000] {dag.py:3239} INFO - Sync 4 DAGs
[2025-04-19T08:38:40.094+0000] {logging_mixin.py:190} INFO - [2025-04-19T08:38:40.094+0000] {dag.py:4180} INFO - Setting next_dagrun for dataset_alias_example_alias_consumer to None, run_after=None
[2025-04-19T08:38:40.096+0000] {logging_mixin.py:190} INFO - [2025-04-19T08:38:40.096+0000] {dag.py:4180} INFO - Setting next_dagrun for dataset_alias_example_alias_producer to None, run_after=None
[2025-04-19T08:38:40.097+0000] {logging_mixin.py:190} INFO - [2025-04-19T08:38:40.097+0000] {dag.py:4180} INFO - Setting next_dagrun for dataset_s3_bucket_consumer to None, run_after=None
[2025-04-19T08:38:40.098+0000] {logging_mixin.py:190} INFO - [2025-04-19T08:38:40.098+0000] {dag.py:4180} INFO - Setting next_dagrun for dataset_s3_bucket_producer to None, run_after=None
[2025-04-19T08:38:40.113+0000] {processor.py:208} INFO - Processing /home/airflow/.local/lib/python3.12/site-packages/airflow/example_dags/example_dataset_alias.py took 0.637 seconds
[2025-04-19T08:39:11.055+0000] {processor.py:186} INFO - Started process (PID=246) to work on /home/airflow/.local/lib/python3.12/site-packages/airflow/example_dags/example_dataset_alias.py
[2025-04-19T08:39:11.055+0000] {processor.py:914} INFO - Processing file /home/airflow/.local/lib/python3.12/site-packages/airflow/example_dags/example_dataset_alias.py for tasks to queue
[2025-04-19T08:39:11.057+0000] {logging_mixin.py:190} INFO - [2025-04-19T08:39:11.057+0000] {dagbag.py:588} INFO - Filling up the DagBag from /home/airflow/.local/lib/python3.12/site-packages/airflow/example_dags/example_dataset_alias.py
[2025-04-19T08:39:11.634+0000] {processor.py:925} INFO - DAG(s) 'dataset_s3_bucket_consumer', 'dataset_alias_example_alias_consumer', 'dataset_s3_bucket_producer', 'dataset_alias_example_alias_producer' retrieved from /home/airflow/.local/lib/python3.12/site-packages/airflow/example_dags/example_dataset_alias.py
[2025-04-19T08:39:11.650+0000] {logging_mixin.py:190} INFO - [2025-04-19T08:39:11.650+0000] {dag.py:3239} INFO - Sync 4 DAGs
[2025-04-19T08:39:11.668+0000] {logging_mixin.py:190} INFO - [2025-04-19T08:39:11.668+0000] {dag.py:4180} INFO - Setting next_dagrun for dataset_alias_example_alias_consumer to None, run_after=None
[2025-04-19T08:39:11.670+0000] {logging_mixin.py:190} INFO - [2025-04-19T08:39:11.670+0000] {dag.py:4180} INFO - Setting next_dagrun for dataset_alias_example_alias_producer to None, run_after=None
[2025-04-19T08:39:11.671+0000] {logging_mixin.py:190} INFO - [2025-04-19T08:39:11.671+0000] {dag.py:4180} INFO - Setting next_dagrun for dataset_s3_bucket_consumer to None, run_after=None
[2025-04-19T08:39:11.672+0000] {logging_mixin.py:190} INFO - [2025-04-19T08:39:11.672+0000] {dag.py:4180} INFO - Setting next_dagrun for dataset_s3_bucket_producer to None, run_after=None
[2025-04-19T08:39:11.688+0000] {processor.py:208} INFO - Processing /home/airflow/.local/lib/python3.12/site-packages/airflow/example_dags/example_dataset_alias.py took 0.638 seconds
[2025-04-19T08:39:42.257+0000] {processor.py:186} INFO - Started process (PID=309) to work on /home/airflow/.local/lib/python3.12/site-packages/airflow/example_dags/example_dataset_alias.py
[2025-04-19T08:39:42.258+0000] {processor.py:914} INFO - Processing file /home/airflow/.local/lib/python3.12/site-packages/airflow/example_dags/example_dataset_alias.py for tasks to queue
[2025-04-19T08:39:42.261+0000] {logging_mixin.py:190} INFO - [2025-04-19T08:39:42.260+0000] {dagbag.py:588} INFO - Filling up the DagBag from /home/airflow/.local/lib/python3.12/site-packages/airflow/example_dags/example_dataset_alias.py
[2025-04-19T08:39:42.850+0000] {processor.py:925} INFO - DAG(s) 'dataset_s3_bucket_consumer', 'dataset_alias_example_alias_consumer', 'dataset_alias_example_alias_producer', 'dataset_s3_bucket_producer' retrieved from /home/airflow/.local/lib/python3.12/site-packages/airflow/example_dags/example_dataset_alias.py
[2025-04-19T08:39:42.877+0000] {logging_mixin.py:190} INFO - [2025-04-19T08:39:42.876+0000] {dag.py:3239} INFO - Sync 4 DAGs
[2025-04-19T08:39:42.906+0000] {logging_mixin.py:190} INFO - [2025-04-19T08:39:42.906+0000] {dag.py:4180} INFO - Setting next_dagrun for dataset_alias_example_alias_consumer to None, run_after=None
[2025-04-19T08:39:42.909+0000] {logging_mixin.py:190} INFO - [2025-04-19T08:39:42.909+0000] {dag.py:4180} INFO - Setting next_dagrun for dataset_alias_example_alias_producer to None, run_after=None
[2025-04-19T08:39:42.910+0000] {logging_mixin.py:190} INFO - [2025-04-19T08:39:42.910+0000] {dag.py:4180} INFO - Setting next_dagrun for dataset_s3_bucket_consumer to None, run_after=None
[2025-04-19T08:39:42.912+0000] {logging_mixin.py:190} INFO - [2025-04-19T08:39:42.912+0000] {dag.py:4180} INFO - Setting next_dagrun for dataset_s3_bucket_producer to None, run_after=None
[2025-04-19T08:39:42.934+0000] {processor.py:208} INFO - Processing /home/airflow/.local/lib/python3.12/site-packages/airflow/example_dags/example_dataset_alias.py took 0.686 seconds
[2025-04-19T08:40:13.926+0000] {processor.py:186} INFO - Started process (PID=373) to work on /home/airflow/.local/lib/python3.12/site-packages/airflow/example_dags/example_dataset_alias.py
[2025-04-19T08:40:13.927+0000] {processor.py:914} INFO - Processing file /home/airflow/.local/lib/python3.12/site-packages/airflow/example_dags/example_dataset_alias.py for tasks to queue
[2025-04-19T08:40:13.929+0000] {logging_mixin.py:190} INFO - [2025-04-19T08:40:13.929+0000] {dagbag.py:588} INFO - Filling up the DagBag from /home/airflow/.local/lib/python3.12/site-packages/airflow/example_dags/example_dataset_alias.py
[2025-04-19T08:40:14.506+0000] {processor.py:925} INFO - DAG(s) 'dataset_alias_example_alias_producer', 'dataset_s3_bucket_consumer', 'dataset_s3_bucket_producer', 'dataset_alias_example_alias_consumer' retrieved from /home/airflow/.local/lib/python3.12/site-packages/airflow/example_dags/example_dataset_alias.py
[2025-04-19T08:40:14.522+0000] {logging_mixin.py:190} INFO - [2025-04-19T08:40:14.522+0000] {dag.py:3239} INFO - Sync 4 DAGs
[2025-04-19T08:40:14.541+0000] {logging_mixin.py:190} INFO - [2025-04-19T08:40:14.540+0000] {dag.py:4180} INFO - Setting next_dagrun for dataset_alias_example_alias_consumer to None, run_after=None
[2025-04-19T08:40:14.543+0000] {logging_mixin.py:190} INFO - [2025-04-19T08:40:14.543+0000] {dag.py:4180} INFO - Setting next_dagrun for dataset_alias_example_alias_producer to None, run_after=None
[2025-04-19T08:40:14.544+0000] {logging_mixin.py:190} INFO - [2025-04-19T08:40:14.544+0000] {dag.py:4180} INFO - Setting next_dagrun for dataset_s3_bucket_consumer to None, run_after=None
[2025-04-19T08:40:14.545+0000] {logging_mixin.py:190} INFO - [2025-04-19T08:40:14.545+0000] {dag.py:4180} INFO - Setting next_dagrun for dataset_s3_bucket_producer to None, run_after=None
[2025-04-19T08:40:14.561+0000] {processor.py:208} INFO - Processing /home/airflow/.local/lib/python3.12/site-packages/airflow/example_dags/example_dataset_alias.py took 0.640 seconds
[2025-04-19T08:40:45.583+0000] {processor.py:186} INFO - Started process (PID=437) to work on /home/airflow/.local/lib/python3.12/site-packages/airflow/example_dags/example_dataset_alias.py
[2025-04-19T08:40:45.585+0000] {processor.py:914} INFO - Processing file /home/airflow/.local/lib/python3.12/site-packages/airflow/example_dags/example_dataset_alias.py for tasks to queue
[2025-04-19T08:40:45.589+0000] {logging_mixin.py:190} INFO - [2025-04-19T08:40:45.589+0000] {dagbag.py:588} INFO - Filling up the DagBag from /home/airflow/.local/lib/python3.12/site-packages/airflow/example_dags/example_dataset_alias.py
[2025-04-19T08:40:46.312+0000] {processor.py:925} INFO - DAG(s) 'dataset_alias_example_alias_consumer', 'dataset_s3_bucket_consumer', 'dataset_s3_bucket_producer', 'dataset_alias_example_alias_producer' retrieved from /home/airflow/.local/lib/python3.12/site-packages/airflow/example_dags/example_dataset_alias.py
[2025-04-19T08:40:46.328+0000] {logging_mixin.py:190} INFO - [2025-04-19T08:40:46.327+0000] {dag.py:3239} INFO - Sync 4 DAGs
[2025-04-19T08:40:46.346+0000] {logging_mixin.py:190} INFO - [2025-04-19T08:40:46.346+0000] {dag.py:4180} INFO - Setting next_dagrun for dataset_alias_example_alias_consumer to None, run_after=None
[2025-04-19T08:40:46.348+0000] {logging_mixin.py:190} INFO - [2025-04-19T08:40:46.348+0000] {dag.py:4180} INFO - Setting next_dagrun for dataset_alias_example_alias_producer to None, run_after=None
[2025-04-19T08:40:46.349+0000] {logging_mixin.py:190} INFO - [2025-04-19T08:40:46.349+0000] {dag.py:4180} INFO - Setting next_dagrun for dataset_s3_bucket_consumer to None, run_after=None
[2025-04-19T08:40:46.350+0000] {logging_mixin.py:190} INFO - [2025-04-19T08:40:46.350+0000] {dag.py:4180} INFO - Setting next_dagrun for dataset_s3_bucket_producer to None, run_after=None
[2025-04-19T08:40:46.366+0000] {processor.py:208} INFO - Processing /home/airflow/.local/lib/python3.12/site-packages/airflow/example_dags/example_dataset_alias.py took 0.788 seconds
[2025-04-19T08:41:17.272+0000] {processor.py:186} INFO - Started process (PID=500) to work on /home/airflow/.local/lib/python3.12/site-packages/airflow/example_dags/example_dataset_alias.py
[2025-04-19T08:41:17.278+0000] {processor.py:914} INFO - Processing file /home/airflow/.local/lib/python3.12/site-packages/airflow/example_dags/example_dataset_alias.py for tasks to queue
[2025-04-19T08:41:17.298+0000] {logging_mixin.py:190} INFO - [2025-04-19T08:41:17.297+0000] {dagbag.py:588} INFO - Filling up the DagBag from /home/airflow/.local/lib/python3.12/site-packages/airflow/example_dags/example_dataset_alias.py
[2025-04-19T08:41:18.875+0000] {processor.py:925} INFO - DAG(s) 'dataset_s3_bucket_consumer', 'dataset_alias_example_alias_producer', 'dataset_s3_bucket_producer', 'dataset_alias_example_alias_consumer' retrieved from /home/airflow/.local/lib/python3.12/site-packages/airflow/example_dags/example_dataset_alias.py
[2025-04-19T08:41:18.897+0000] {logging_mixin.py:190} INFO - [2025-04-19T08:41:18.896+0000] {dag.py:3239} INFO - Sync 4 DAGs
[2025-04-19T08:41:18.925+0000] {logging_mixin.py:190} INFO - [2025-04-19T08:41:18.925+0000] {dag.py:4180} INFO - Setting next_dagrun for dataset_alias_example_alias_consumer to None, run_after=None
[2025-04-19T08:41:18.928+0000] {logging_mixin.py:190} INFO - [2025-04-19T08:41:18.928+0000] {dag.py:4180} INFO - Setting next_dagrun for dataset_alias_example_alias_producer to None, run_after=None
[2025-04-19T08:41:18.929+0000] {logging_mixin.py:190} INFO - [2025-04-19T08:41:18.929+0000] {dag.py:4180} INFO - Setting next_dagrun for dataset_s3_bucket_consumer to None, run_after=None
[2025-04-19T08:41:18.931+0000] {logging_mixin.py:190} INFO - [2025-04-19T08:41:18.931+0000] {dag.py:4180} INFO - Setting next_dagrun for dataset_s3_bucket_producer to None, run_after=None
[2025-04-19T08:41:18.961+0000] {processor.py:208} INFO - Processing /home/airflow/.local/lib/python3.12/site-packages/airflow/example_dags/example_dataset_alias.py took 1.732 seconds
[2025-04-19T08:41:49.383+0000] {processor.py:186} INFO - Started process (PID=563) to work on /home/airflow/.local/lib/python3.12/site-packages/airflow/example_dags/example_dataset_alias.py
[2025-04-19T08:41:49.387+0000] {processor.py:914} INFO - Processing file /home/airflow/.local/lib/python3.12/site-packages/airflow/example_dags/example_dataset_alias.py for tasks to queue
[2025-04-19T08:41:49.394+0000] {logging_mixin.py:190} INFO - [2025-04-19T08:41:49.392+0000] {dagbag.py:588} INFO - Filling up the DagBag from /home/airflow/.local/lib/python3.12/site-packages/airflow/example_dags/example_dataset_alias.py
[2025-04-19T08:41:52.010+0000] {processor.py:925} INFO - DAG(s) 'dataset_s3_bucket_consumer', 'dataset_alias_example_alias_consumer', 'dataset_alias_example_alias_producer', 'dataset_s3_bucket_producer' retrieved from /home/airflow/.local/lib/python3.12/site-packages/airflow/example_dags/example_dataset_alias.py
[2025-04-19T08:41:52.070+0000] {logging_mixin.py:190} INFO - [2025-04-19T08:41:52.069+0000] {dag.py:3239} INFO - Sync 4 DAGs
[2025-04-19T08:41:52.132+0000] {logging_mixin.py:190} INFO - [2025-04-19T08:41:52.132+0000] {dag.py:4180} INFO - Setting next_dagrun for dataset_alias_example_alias_consumer to None, run_after=None
[2025-04-19T08:41:52.141+0000] {logging_mixin.py:190} INFO - [2025-04-19T08:41:52.140+0000] {dag.py:4180} INFO - Setting next_dagrun for dataset_alias_example_alias_producer to None, run_after=None
[2025-04-19T08:41:52.152+0000] {logging_mixin.py:190} INFO - [2025-04-19T08:41:52.152+0000] {dag.py:4180} INFO - Setting next_dagrun for dataset_s3_bucket_consumer to None, run_after=None
[2025-04-19T08:41:52.154+0000] {logging_mixin.py:190} INFO - [2025-04-19T08:41:52.153+0000] {dag.py:4180} INFO - Setting next_dagrun for dataset_s3_bucket_producer to None, run_after=None
[2025-04-19T08:41:52.273+0000] {processor.py:208} INFO - Processing /home/airflow/.local/lib/python3.12/site-packages/airflow/example_dags/example_dataset_alias.py took 2.903 seconds
[2025-04-19T08:42:22.843+0000] {processor.py:186} INFO - Started process (PID=628) to work on /home/airflow/.local/lib/python3.12/site-packages/airflow/example_dags/example_dataset_alias.py
[2025-04-19T08:42:22.844+0000] {processor.py:914} INFO - Processing file /home/airflow/.local/lib/python3.12/site-packages/airflow/example_dags/example_dataset_alias.py for tasks to queue
[2025-04-19T08:42:22.845+0000] {logging_mixin.py:190} INFO - [2025-04-19T08:42:22.845+0000] {dagbag.py:588} INFO - Filling up the DagBag from /home/airflow/.local/lib/python3.12/site-packages/airflow/example_dags/example_dataset_alias.py
[2025-04-19T08:42:23.406+0000] {processor.py:925} INFO - DAG(s) 'dataset_alias_example_alias_consumer', 'dataset_alias_example_alias_producer', 'dataset_s3_bucket_consumer', 'dataset_s3_bucket_producer' retrieved from /home/airflow/.local/lib/python3.12/site-packages/airflow/example_dags/example_dataset_alias.py
[2025-04-19T08:42:23.422+0000] {logging_mixin.py:190} INFO - [2025-04-19T08:42:23.422+0000] {dag.py:3239} INFO - Sync 4 DAGs
[2025-04-19T08:42:23.440+0000] {logging_mixin.py:190} INFO - [2025-04-19T08:42:23.440+0000] {dag.py:4180} INFO - Setting next_dagrun for dataset_alias_example_alias_consumer to None, run_after=None
[2025-04-19T08:42:23.442+0000] {logging_mixin.py:190} INFO - [2025-04-19T08:42:23.442+0000] {dag.py:4180} INFO - Setting next_dagrun for dataset_alias_example_alias_producer to None, run_after=None
[2025-04-19T08:42:23.443+0000] {logging_mixin.py:190} INFO - [2025-04-19T08:42:23.443+0000] {dag.py:4180} INFO - Setting next_dagrun for dataset_s3_bucket_consumer to None, run_after=None
[2025-04-19T08:42:23.444+0000] {logging_mixin.py:190} INFO - [2025-04-19T08:42:23.444+0000] {dag.py:4180} INFO - Setting next_dagrun for dataset_s3_bucket_producer to None, run_after=None
[2025-04-19T08:42:23.461+0000] {processor.py:208} INFO - Processing /home/airflow/.local/lib/python3.12/site-packages/airflow/example_dags/example_dataset_alias.py took 0.623 seconds
[2025-04-19T08:42:54.134+0000] {processor.py:186} INFO - Started process (PID=693) to work on /home/airflow/.local/lib/python3.12/site-packages/airflow/example_dags/example_dataset_alias.py
[2025-04-19T08:42:54.137+0000] {processor.py:914} INFO - Processing file /home/airflow/.local/lib/python3.12/site-packages/airflow/example_dags/example_dataset_alias.py for tasks to queue
[2025-04-19T08:42:54.143+0000] {logging_mixin.py:190} INFO - [2025-04-19T08:42:54.142+0000] {dagbag.py:588} INFO - Filling up the DagBag from /home/airflow/.local/lib/python3.12/site-packages/airflow/example_dags/example_dataset_alias.py
[2025-04-19T08:42:54.741+0000] {processor.py:925} INFO - DAG(s) 'dataset_s3_bucket_consumer', 'dataset_s3_bucket_producer', 'dataset_alias_example_alias_consumer', 'dataset_alias_example_alias_producer' retrieved from /home/airflow/.local/lib/python3.12/site-packages/airflow/example_dags/example_dataset_alias.py
[2025-04-19T08:42:54.758+0000] {logging_mixin.py:190} INFO - [2025-04-19T08:42:54.757+0000] {dag.py:3239} INFO - Sync 4 DAGs
[2025-04-19T08:42:54.775+0000] {logging_mixin.py:190} INFO - [2025-04-19T08:42:54.775+0000] {dag.py:4180} INFO - Setting next_dagrun for dataset_alias_example_alias_consumer to None, run_after=None
[2025-04-19T08:42:54.777+0000] {logging_mixin.py:190} INFO - [2025-04-19T08:42:54.777+0000] {dag.py:4180} INFO - Setting next_dagrun for dataset_alias_example_alias_producer to None, run_after=None
[2025-04-19T08:42:54.778+0000] {logging_mixin.py:190} INFO - [2025-04-19T08:42:54.778+0000] {dag.py:4180} INFO - Setting next_dagrun for dataset_s3_bucket_consumer to None, run_after=None
[2025-04-19T08:42:54.779+0000] {logging_mixin.py:190} INFO - [2025-04-19T08:42:54.779+0000] {dag.py:4180} INFO - Setting next_dagrun for dataset_s3_bucket_producer to None, run_after=None
[2025-04-19T08:42:54.795+0000] {processor.py:208} INFO - Processing /home/airflow/.local/lib/python3.12/site-packages/airflow/example_dags/example_dataset_alias.py took 0.684 seconds
