[2025-04-19T08:37:35.694+0000] {processor.py:186} INFO - Started process (PID=72) to work on /home/airflow/.local/lib/python3.12/site-packages/airflow/example_dags/example_display_name.py
[2025-04-19T08:37:35.705+0000] {processor.py:914} INFO - Processing file /home/airflow/.local/lib/python3.12/site-packages/airflow/example_dags/example_display_name.py for tasks to queue
[2025-04-19T08:37:35.714+0000] {logging_mixin.py:190} INFO - [2025-04-19T08:37:35.714+0000] {dagbag.py:588} INFO - Filling up the DagBag from /home/airflow/.local/lib/python3.12/site-packages/airflow/example_dags/example_display_name.py
[2025-04-19T08:37:35.854+0000] {processor.py:925} INFO - DAG(s) 'example_display_name' retrieved from /home/airflow/.local/lib/python3.12/site-packages/airflow/example_dags/example_display_name.py
[2025-04-19T08:37:37.343+0000] {logging_mixin.py:190} INFO - [2025-04-19T08:37:37.337+0000] {override.py:1911} INFO - Created Permission View: can delete on DAG:example_display_name
[2025-04-19T08:37:37.397+0000] {logging_mixin.py:190} INFO - [2025-04-19T08:37:37.396+0000] {override.py:1911} INFO - Created Permission View: can read on DAG:example_display_name
[2025-04-19T08:37:37.430+0000] {logging_mixin.py:190} INFO - [2025-04-19T08:37:37.429+0000] {override.py:1911} INFO - Created Permission View: can edit on DAG:example_display_name
[2025-04-19T08:37:37.477+0000] {logging_mixin.py:190} INFO - [2025-04-19T08:37:37.477+0000] {override.py:1911} INFO - Created Permission View: can delete on DAG Run:example_display_name
[2025-04-19T08:37:37.505+0000] {logging_mixin.py:190} INFO - [2025-04-19T08:37:37.505+0000] {override.py:1911} INFO - Created Permission View: can read on DAG Run:example_display_name
[2025-04-19T08:37:37.531+0000] {logging_mixin.py:190} INFO - [2025-04-19T08:37:37.530+0000] {override.py:1911} INFO - Created Permission View: can create on DAG Run:example_display_name
[2025-04-19T08:37:37.554+0000] {logging_mixin.py:190} INFO - [2025-04-19T08:37:37.554+0000] {override.py:1911} INFO - Created Permission View: menu access on DAG Run:example_display_name
[2025-04-19T08:37:37.555+0000] {logging_mixin.py:190} INFO - [2025-04-19T08:37:37.555+0000] {dag.py:3239} INFO - Sync 1 DAGs
[2025-04-19T08:37:37.615+0000] {logging_mixin.py:190} INFO - [2025-04-19T08:37:37.614+0000] {dag.py:3262} INFO - Creating ORM DAG for example_display_name
[2025-04-19T08:37:37.617+0000] {logging_mixin.py:190} INFO - [2025-04-19T08:37:37.617+0000] {dag.py:4180} INFO - Setting next_dagrun for example_display_name to None, run_after=None
[2025-04-19T08:37:37.684+0000] {processor.py:208} INFO - Processing /home/airflow/.local/lib/python3.12/site-packages/airflow/example_dags/example_display_name.py took 2.020 seconds
[2025-04-19T08:38:19.969+0000] {processor.py:186} INFO - Started process (PID=135) to work on /home/airflow/.local/lib/python3.12/site-packages/airflow/example_dags/example_display_name.py
[2025-04-19T08:38:19.971+0000] {processor.py:914} INFO - Processing file /home/airflow/.local/lib/python3.12/site-packages/airflow/example_dags/example_display_name.py for tasks to queue
[2025-04-19T08:38:19.975+0000] {logging_mixin.py:190} INFO - [2025-04-19T08:38:19.974+0000] {dagbag.py:588} INFO - Filling up the DagBag from /home/airflow/.local/lib/python3.12/site-packages/airflow/example_dags/example_display_name.py
[2025-04-19T08:38:19.983+0000] {processor.py:925} INFO - DAG(s) 'example_display_name' retrieved from /home/airflow/.local/lib/python3.12/site-packages/airflow/example_dags/example_display_name.py
[2025-04-19T08:38:19.998+0000] {logging_mixin.py:190} INFO - [2025-04-19T08:38:19.998+0000] {dag.py:3239} INFO - Sync 1 DAGs
[2025-04-19T08:38:20.010+0000] {logging_mixin.py:190} INFO - [2025-04-19T08:38:20.009+0000] {dag.py:4180} INFO - Setting next_dagrun for example_display_name to None, run_after=None
[2025-04-19T08:38:20.023+0000] {processor.py:208} INFO - Processing /home/airflow/.local/lib/python3.12/site-packages/airflow/example_dags/example_display_name.py took 0.062 seconds
[2025-04-19T08:38:50.161+0000] {processor.py:186} INFO - Started process (PID=191) to work on /home/airflow/.local/lib/python3.12/site-packages/airflow/example_dags/example_display_name.py
[2025-04-19T08:38:50.162+0000] {processor.py:914} INFO - Processing file /home/airflow/.local/lib/python3.12/site-packages/airflow/example_dags/example_display_name.py for tasks to queue
[2025-04-19T08:38:50.169+0000] {logging_mixin.py:190} INFO - [2025-04-19T08:38:50.168+0000] {dagbag.py:588} INFO - Filling up the DagBag from /home/airflow/.local/lib/python3.12/site-packages/airflow/example_dags/example_display_name.py
[2025-04-19T08:38:50.197+0000] {processor.py:925} INFO - DAG(s) 'example_display_name' retrieved from /home/airflow/.local/lib/python3.12/site-packages/airflow/example_dags/example_display_name.py
[2025-04-19T08:38:50.235+0000] {logging_mixin.py:190} INFO - [2025-04-19T08:38:50.235+0000] {dag.py:3239} INFO - Sync 1 DAGs
[2025-04-19T08:38:50.282+0000] {logging_mixin.py:190} INFO - [2025-04-19T08:38:50.282+0000] {dag.py:4180} INFO - Setting next_dagrun for example_display_name to None, run_after=None
[2025-04-19T08:38:50.354+0000] {processor.py:208} INFO - Processing /home/airflow/.local/lib/python3.12/site-packages/airflow/example_dags/example_display_name.py took 0.206 seconds
[2025-04-19T08:39:20.831+0000] {processor.py:186} INFO - Started process (PID=254) to work on /home/airflow/.local/lib/python3.12/site-packages/airflow/example_dags/example_display_name.py
[2025-04-19T08:39:20.831+0000] {processor.py:914} INFO - Processing file /home/airflow/.local/lib/python3.12/site-packages/airflow/example_dags/example_display_name.py for tasks to queue
[2025-04-19T08:39:20.833+0000] {logging_mixin.py:190} INFO - [2025-04-19T08:39:20.833+0000] {dagbag.py:588} INFO - Filling up the DagBag from /home/airflow/.local/lib/python3.12/site-packages/airflow/example_dags/example_display_name.py
[2025-04-19T08:39:20.839+0000] {processor.py:925} INFO - DAG(s) 'example_display_name' retrieved from /home/airflow/.local/lib/python3.12/site-packages/airflow/example_dags/example_display_name.py
[2025-04-19T08:39:20.854+0000] {logging_mixin.py:190} INFO - [2025-04-19T08:39:20.854+0000] {dag.py:3239} INFO - Sync 1 DAGs
[2025-04-19T08:39:20.865+0000] {logging_mixin.py:190} INFO - [2025-04-19T08:39:20.865+0000] {dag.py:4180} INFO - Setting next_dagrun for example_display_name to None, run_after=None
[2025-04-19T08:39:20.878+0000] {processor.py:208} INFO - Processing /home/airflow/.local/lib/python3.12/site-packages/airflow/example_dags/example_display_name.py took 0.053 seconds
[2025-04-19T08:39:50.986+0000] {processor.py:186} INFO - Started process (PID=317) to work on /home/airflow/.local/lib/python3.12/site-packages/airflow/example_dags/example_display_name.py
[2025-04-19T08:39:50.987+0000] {processor.py:914} INFO - Processing file /home/airflow/.local/lib/python3.12/site-packages/airflow/example_dags/example_display_name.py for tasks to queue
[2025-04-19T08:39:50.990+0000] {logging_mixin.py:190} INFO - [2025-04-19T08:39:50.989+0000] {dagbag.py:588} INFO - Filling up the DagBag from /home/airflow/.local/lib/python3.12/site-packages/airflow/example_dags/example_display_name.py
[2025-04-19T08:39:50.998+0000] {processor.py:925} INFO - DAG(s) 'example_display_name' retrieved from /home/airflow/.local/lib/python3.12/site-packages/airflow/example_dags/example_display_name.py
[2025-04-19T08:39:51.018+0000] {logging_mixin.py:190} INFO - [2025-04-19T08:39:51.018+0000] {dag.py:3239} INFO - Sync 1 DAGs
[2025-04-19T08:39:51.029+0000] {logging_mixin.py:190} INFO - [2025-04-19T08:39:51.029+0000] {dag.py:4180} INFO - Setting next_dagrun for example_display_name to None, run_after=None
[2025-04-19T08:39:51.043+0000] {processor.py:208} INFO - Processing /home/airflow/.local/lib/python3.12/site-packages/airflow/example_dags/example_display_name.py took 0.064 seconds
[2025-04-19T08:40:21.555+0000] {processor.py:186} INFO - Started process (PID=380) to work on /home/airflow/.local/lib/python3.12/site-packages/airflow/example_dags/example_display_name.py
[2025-04-19T08:40:21.555+0000] {processor.py:914} INFO - Processing file /home/airflow/.local/lib/python3.12/site-packages/airflow/example_dags/example_display_name.py for tasks to queue
[2025-04-19T08:40:21.557+0000] {logging_mixin.py:190} INFO - [2025-04-19T08:40:21.557+0000] {dagbag.py:588} INFO - Filling up the DagBag from /home/airflow/.local/lib/python3.12/site-packages/airflow/example_dags/example_display_name.py
[2025-04-19T08:40:21.563+0000] {processor.py:925} INFO - DAG(s) 'example_display_name' retrieved from /home/airflow/.local/lib/python3.12/site-packages/airflow/example_dags/example_display_name.py
[2025-04-19T08:40:21.578+0000] {logging_mixin.py:190} INFO - [2025-04-19T08:40:21.577+0000] {dag.py:3239} INFO - Sync 1 DAGs
[2025-04-19T08:40:21.589+0000] {logging_mixin.py:190} INFO - [2025-04-19T08:40:21.589+0000] {dag.py:4180} INFO - Setting next_dagrun for example_display_name to None, run_after=None
[2025-04-19T08:40:21.603+0000] {processor.py:208} INFO - Processing /home/airflow/.local/lib/python3.12/site-packages/airflow/example_dags/example_display_name.py took 0.054 seconds
[2025-04-19T08:40:52.201+0000] {processor.py:186} INFO - Started process (PID=443) to work on /home/airflow/.local/lib/python3.12/site-packages/airflow/example_dags/example_display_name.py
[2025-04-19T08:40:52.202+0000] {processor.py:914} INFO - Processing file /home/airflow/.local/lib/python3.12/site-packages/airflow/example_dags/example_display_name.py for tasks to queue
[2025-04-19T08:40:52.204+0000] {logging_mixin.py:190} INFO - [2025-04-19T08:40:52.204+0000] {dagbag.py:588} INFO - Filling up the DagBag from /home/airflow/.local/lib/python3.12/site-packages/airflow/example_dags/example_display_name.py
[2025-04-19T08:40:52.211+0000] {processor.py:925} INFO - DAG(s) 'example_display_name' retrieved from /home/airflow/.local/lib/python3.12/site-packages/airflow/example_dags/example_display_name.py
[2025-04-19T08:40:52.230+0000] {logging_mixin.py:190} INFO - [2025-04-19T08:40:52.230+0000] {dag.py:3239} INFO - Sync 1 DAGs
[2025-04-19T08:40:52.242+0000] {logging_mixin.py:190} INFO - [2025-04-19T08:40:52.242+0000] {dag.py:4180} INFO - Setting next_dagrun for example_display_name to None, run_after=None
[2025-04-19T08:40:52.258+0000] {processor.py:208} INFO - Processing /home/airflow/.local/lib/python3.12/site-packages/airflow/example_dags/example_display_name.py took 0.061 seconds
[2025-04-19T08:41:22.824+0000] {processor.py:186} INFO - Started process (PID=505) to work on /home/airflow/.local/lib/python3.12/site-packages/airflow/example_dags/example_display_name.py
[2025-04-19T08:41:22.824+0000] {processor.py:914} INFO - Processing file /home/airflow/.local/lib/python3.12/site-packages/airflow/example_dags/example_display_name.py for tasks to queue
[2025-04-19T08:41:22.826+0000] {logging_mixin.py:190} INFO - [2025-04-19T08:41:22.826+0000] {dagbag.py:588} INFO - Filling up the DagBag from /home/airflow/.local/lib/python3.12/site-packages/airflow/example_dags/example_display_name.py
[2025-04-19T08:41:22.832+0000] {processor.py:925} INFO - DAG(s) 'example_display_name' retrieved from /home/airflow/.local/lib/python3.12/site-packages/airflow/example_dags/example_display_name.py
[2025-04-19T08:41:22.848+0000] {logging_mixin.py:190} INFO - [2025-04-19T08:41:22.848+0000] {dag.py:3239} INFO - Sync 1 DAGs
[2025-04-19T08:41:22.860+0000] {logging_mixin.py:190} INFO - [2025-04-19T08:41:22.860+0000] {dag.py:4180} INFO - Setting next_dagrun for example_display_name to None, run_after=None
[2025-04-19T08:41:22.875+0000] {processor.py:208} INFO - Processing /home/airflow/.local/lib/python3.12/site-packages/airflow/example_dags/example_display_name.py took 0.056 seconds
[2025-04-19T08:41:53.204+0000] {processor.py:186} INFO - Started process (PID=567) to work on /home/airflow/.local/lib/python3.12/site-packages/airflow/example_dags/example_display_name.py
[2025-04-19T08:41:53.205+0000] {processor.py:914} INFO - Processing file /home/airflow/.local/lib/python3.12/site-packages/airflow/example_dags/example_display_name.py for tasks to queue
[2025-04-19T08:41:53.210+0000] {logging_mixin.py:190} INFO - [2025-04-19T08:41:53.209+0000] {dagbag.py:588} INFO - Filling up the DagBag from /home/airflow/.local/lib/python3.12/site-packages/airflow/example_dags/example_display_name.py
[2025-04-19T08:41:53.226+0000] {processor.py:925} INFO - DAG(s) 'example_display_name' retrieved from /home/airflow/.local/lib/python3.12/site-packages/airflow/example_dags/example_display_name.py
[2025-04-19T08:41:53.267+0000] {logging_mixin.py:190} INFO - [2025-04-19T08:41:53.267+0000] {dag.py:3239} INFO - Sync 1 DAGs
[2025-04-19T08:41:53.303+0000] {logging_mixin.py:190} INFO - [2025-04-19T08:41:53.300+0000] {dag.py:4180} INFO - Setting next_dagrun for example_display_name to None, run_after=None
[2025-04-19T08:41:53.338+0000] {processor.py:208} INFO - Processing /home/airflow/.local/lib/python3.12/site-packages/airflow/example_dags/example_display_name.py took 0.148 seconds
[2025-04-19T08:42:23.493+0000] {processor.py:186} INFO - Started process (PID=629) to work on /home/airflow/.local/lib/python3.12/site-packages/airflow/example_dags/example_display_name.py
[2025-04-19T08:42:23.494+0000] {processor.py:914} INFO - Processing file /home/airflow/.local/lib/python3.12/site-packages/airflow/example_dags/example_display_name.py for tasks to queue
[2025-04-19T08:42:23.496+0000] {logging_mixin.py:190} INFO - [2025-04-19T08:42:23.495+0000] {dagbag.py:588} INFO - Filling up the DagBag from /home/airflow/.local/lib/python3.12/site-packages/airflow/example_dags/example_display_name.py
[2025-04-19T08:42:23.502+0000] {processor.py:925} INFO - DAG(s) 'example_display_name' retrieved from /home/airflow/.local/lib/python3.12/site-packages/airflow/example_dags/example_display_name.py
[2025-04-19T08:42:23.518+0000] {logging_mixin.py:190} INFO - [2025-04-19T08:42:23.517+0000] {dag.py:3239} INFO - Sync 1 DAGs
[2025-04-19T08:42:23.535+0000] {logging_mixin.py:190} INFO - [2025-04-19T08:42:23.535+0000] {dag.py:4180} INFO - Setting next_dagrun for example_display_name to None, run_after=None
[2025-04-19T08:42:23.550+0000] {processor.py:208} INFO - Processing /home/airflow/.local/lib/python3.12/site-packages/airflow/example_dags/example_display_name.py took 0.061 seconds
[2025-04-19T08:42:54.098+0000] {processor.py:186} INFO - Started process (PID=692) to work on /home/airflow/.local/lib/python3.12/site-packages/airflow/example_dags/example_display_name.py
[2025-04-19T08:42:54.100+0000] {processor.py:914} INFO - Processing file /home/airflow/.local/lib/python3.12/site-packages/airflow/example_dags/example_display_name.py for tasks to queue
[2025-04-19T08:42:54.105+0000] {logging_mixin.py:190} INFO - [2025-04-19T08:42:54.104+0000] {dagbag.py:588} INFO - Filling up the DagBag from /home/airflow/.local/lib/python3.12/site-packages/airflow/example_dags/example_display_name.py
[2025-04-19T08:42:54.120+0000] {processor.py:925} INFO - DAG(s) 'example_display_name' retrieved from /home/airflow/.local/lib/python3.12/site-packages/airflow/example_dags/example_display_name.py
[2025-04-19T08:42:54.147+0000] {logging_mixin.py:190} INFO - [2025-04-19T08:42:54.147+0000] {dag.py:3239} INFO - Sync 1 DAGs
[2025-04-19T08:42:54.164+0000] {logging_mixin.py:190} INFO - [2025-04-19T08:42:54.164+0000] {dag.py:4180} INFO - Setting next_dagrun for example_display_name to None, run_after=None
[2025-04-19T08:42:54.184+0000] {processor.py:208} INFO - Processing /home/airflow/.local/lib/python3.12/site-packages/airflow/example_dags/example_display_name.py took 0.103 seconds
