[2025-04-19T08:37:58.475+0000] {processor.py:186} INFO - Started process (PID=101) to work on /home/airflow/.local/lib/python3.12/site-packages/airflow/example_dags/example_subdag_operator.py
[2025-04-19T08:37:58.476+0000] {processor.py:914} INFO - Processing file /home/airflow/.local/lib/python3.12/site-packages/airflow/example_dags/example_subdag_operator.py for tasks to queue
[2025-04-19T08:37:58.488+0000] {logging_mixin.py:190} INFO - [2025-04-19T08:37:58.488+0000] {dagbag.py:588} INFO - Filling up the DagBag from /home/airflow/.local/lib/python3.12/site-packages/airflow/example_dags/example_subdag_operator.py
[2025-04-19T08:37:58.585+0000] {processor.py:925} INFO - DAG(s) 'example_subdag_operator.section-1', 'example_subdag_operator.section-2', 'example_subdag_operator' retrieved from /home/airflow/.local/lib/python3.12/site-packages/airflow/example_dags/example_subdag_operator.py
[2025-04-19T08:37:58.893+0000] {logging_mixin.py:190} INFO - [2025-04-19T08:37:58.892+0000] {override.py:1911} INFO - Created Permission View: can delete on DAG:example_subdag_operator
[2025-04-19T08:37:58.934+0000] {logging_mixin.py:190} INFO - [2025-04-19T08:37:58.934+0000] {override.py:1911} INFO - Created Permission View: can read on DAG:example_subdag_operator
[2025-04-19T08:37:58.964+0000] {logging_mixin.py:190} INFO - [2025-04-19T08:37:58.963+0000] {override.py:1911} INFO - Created Permission View: can edit on DAG:example_subdag_operator
[2025-04-19T08:37:58.984+0000] {logging_mixin.py:190} INFO - [2025-04-19T08:37:58.984+0000] {override.py:1911} INFO - Created Permission View: can delete on DAG Run:example_subdag_operator
[2025-04-19T08:37:58.997+0000] {logging_mixin.py:190} INFO - [2025-04-19T08:37:58.997+0000] {override.py:1911} INFO - Created Permission View: can read on DAG Run:example_subdag_operator
[2025-04-19T08:37:59.011+0000] {logging_mixin.py:190} INFO - [2025-04-19T08:37:59.011+0000] {override.py:1911} INFO - Created Permission View: can create on DAG Run:example_subdag_operator
[2025-04-19T08:37:59.029+0000] {logging_mixin.py:190} INFO - [2025-04-19T08:37:59.028+0000] {override.py:1911} INFO - Created Permission View: menu access on DAG Run:example_subdag_operator
[2025-04-19T08:37:59.029+0000] {logging_mixin.py:190} INFO - [2025-04-19T08:37:59.029+0000] {dag.py:3239} INFO - Sync 3 DAGs
[2025-04-19T08:37:59.060+0000] {logging_mixin.py:190} INFO - [2025-04-19T08:37:59.059+0000] {dag.py:3262} INFO - Creating ORM DAG for example_subdag_operator
[2025-04-19T08:37:59.062+0000] {logging_mixin.py:190} INFO - [2025-04-19T08:37:59.062+0000] {dag.py:3262} INFO - Creating ORM DAG for example_subdag_operator.section-1
[2025-04-19T08:37:59.063+0000] {logging_mixin.py:190} INFO - [2025-04-19T08:37:59.063+0000] {dag.py:3262} INFO - Creating ORM DAG for example_subdag_operator.section-2
[2025-04-19T08:37:59.086+0000] {logging_mixin.py:190} INFO - [2025-04-19T08:37:59.085+0000] {dag.py:4180} INFO - Setting next_dagrun for example_subdag_operator to 2022-01-01 00:00:00+00:00, run_after=2022-01-01 00:00:00+00:00
[2025-04-19T08:37:59.088+0000] {logging_mixin.py:190} INFO - [2025-04-19T08:37:59.086+0000] {dag.py:4180} INFO - Setting next_dagrun for example_subdag_operator.section-1 to None, run_after=None
[2025-04-19T08:37:59.088+0000] {logging_mixin.py:190} INFO - [2025-04-19T08:37:59.088+0000] {dag.py:4180} INFO - Setting next_dagrun for example_subdag_operator.section-2 to None, run_after=None
[2025-04-19T08:37:59.107+0000] {logging_mixin.py:190} INFO - [2025-04-19T08:37:59.107+0000] {dag.py:3239} INFO - Sync 2 DAGs
[2025-04-19T08:37:59.124+0000] {logging_mixin.py:190} INFO - [2025-04-19T08:37:59.123+0000] {dag.py:4180} INFO - Setting next_dagrun for example_subdag_operator.section-1 to None, run_after=None
[2025-04-19T08:37:59.132+0000] {logging_mixin.py:190} INFO - [2025-04-19T08:37:59.132+0000] {dag.py:4180} INFO - Setting next_dagrun for example_subdag_operator.section-2 to None, run_after=None
[2025-04-19T08:37:59.158+0000] {processor.py:208} INFO - Processing /home/airflow/.local/lib/python3.12/site-packages/airflow/example_dags/example_subdag_operator.py took 0.707 seconds
[2025-04-19T08:38:30.022+0000] {processor.py:186} INFO - Started process (PID=170) to work on /home/airflow/.local/lib/python3.12/site-packages/airflow/example_dags/example_subdag_operator.py
[2025-04-19T08:38:30.023+0000] {processor.py:914} INFO - Processing file /home/airflow/.local/lib/python3.12/site-packages/airflow/example_dags/example_subdag_operator.py for tasks to queue
[2025-04-19T08:38:30.025+0000] {logging_mixin.py:190} INFO - [2025-04-19T08:38:30.024+0000] {dagbag.py:588} INFO - Filling up the DagBag from /home/airflow/.local/lib/python3.12/site-packages/airflow/example_dags/example_subdag_operator.py
[2025-04-19T08:38:30.051+0000] {processor.py:925} INFO - DAG(s) 'example_subdag_operator.section-1', 'example_subdag_operator.section-2', 'example_subdag_operator' retrieved from /home/airflow/.local/lib/python3.12/site-packages/airflow/example_dags/example_subdag_operator.py
[2025-04-19T08:38:30.075+0000] {logging_mixin.py:190} INFO - [2025-04-19T08:38:30.075+0000] {dag.py:3239} INFO - Sync 3 DAGs
[2025-04-19T08:38:30.104+0000] {logging_mixin.py:190} INFO - [2025-04-19T08:38:30.104+0000] {dag.py:4180} INFO - Setting next_dagrun for example_subdag_operator to 2022-01-01 00:00:00+00:00, run_after=2022-01-01 00:00:00+00:00
[2025-04-19T08:38:30.108+0000] {logging_mixin.py:190} INFO - [2025-04-19T08:38:30.108+0000] {dag.py:4180} INFO - Setting next_dagrun for example_subdag_operator.section-1 to None, run_after=None
[2025-04-19T08:38:30.112+0000] {logging_mixin.py:190} INFO - [2025-04-19T08:38:30.112+0000] {dag.py:4180} INFO - Setting next_dagrun for example_subdag_operator.section-2 to None, run_after=None
[2025-04-19T08:38:30.127+0000] {logging_mixin.py:190} INFO - [2025-04-19T08:38:30.127+0000] {dag.py:3239} INFO - Sync 2 DAGs
[2025-04-19T08:38:30.135+0000] {logging_mixin.py:190} INFO - [2025-04-19T08:38:30.135+0000] {dag.py:4180} INFO - Setting next_dagrun for example_subdag_operator.section-1 to None, run_after=None
[2025-04-19T08:38:30.136+0000] {logging_mixin.py:190} INFO - [2025-04-19T08:38:30.135+0000] {dag.py:4180} INFO - Setting next_dagrun for example_subdag_operator.section-2 to None, run_after=None
[2025-04-19T08:38:30.170+0000] {processor.py:208} INFO - Processing /home/airflow/.local/lib/python3.12/site-packages/airflow/example_dags/example_subdag_operator.py took 0.155 seconds
[2025-04-19T08:39:00.453+0000] {processor.py:186} INFO - Started process (PID=232) to work on /home/airflow/.local/lib/python3.12/site-packages/airflow/example_dags/example_subdag_operator.py
[2025-04-19T08:39:00.454+0000] {processor.py:914} INFO - Processing file /home/airflow/.local/lib/python3.12/site-packages/airflow/example_dags/example_subdag_operator.py for tasks to queue
[2025-04-19T08:39:00.456+0000] {logging_mixin.py:190} INFO - [2025-04-19T08:39:00.455+0000] {dagbag.py:588} INFO - Filling up the DagBag from /home/airflow/.local/lib/python3.12/site-packages/airflow/example_dags/example_subdag_operator.py
[2025-04-19T08:39:00.476+0000] {processor.py:925} INFO - DAG(s) 'example_subdag_operator.section-1', 'example_subdag_operator.section-2', 'example_subdag_operator' retrieved from /home/airflow/.local/lib/python3.12/site-packages/airflow/example_dags/example_subdag_operator.py
[2025-04-19T08:39:00.488+0000] {logging_mixin.py:190} INFO - [2025-04-19T08:39:00.488+0000] {dag.py:3239} INFO - Sync 3 DAGs
[2025-04-19T08:39:00.509+0000] {logging_mixin.py:190} INFO - [2025-04-19T08:39:00.509+0000] {dag.py:4180} INFO - Setting next_dagrun for example_subdag_operator to 2022-01-01 00:00:00+00:00, run_after=2022-01-01 00:00:00+00:00
[2025-04-19T08:39:00.512+0000] {logging_mixin.py:190} INFO - [2025-04-19T08:39:00.512+0000] {dag.py:4180} INFO - Setting next_dagrun for example_subdag_operator.section-1 to None, run_after=None
[2025-04-19T08:39:00.513+0000] {logging_mixin.py:190} INFO - [2025-04-19T08:39:00.513+0000] {dag.py:4180} INFO - Setting next_dagrun for example_subdag_operator.section-2 to None, run_after=None
[2025-04-19T08:39:00.520+0000] {logging_mixin.py:190} INFO - [2025-04-19T08:39:00.520+0000] {dag.py:3239} INFO - Sync 2 DAGs
[2025-04-19T08:39:00.526+0000] {logging_mixin.py:190} INFO - [2025-04-19T08:39:00.525+0000] {dag.py:4180} INFO - Setting next_dagrun for example_subdag_operator.section-1 to None, run_after=None
[2025-04-19T08:39:00.526+0000] {logging_mixin.py:190} INFO - [2025-04-19T08:39:00.526+0000] {dag.py:4180} INFO - Setting next_dagrun for example_subdag_operator.section-2 to None, run_after=None
[2025-04-19T08:39:00.535+0000] {processor.py:208} INFO - Processing /home/airflow/.local/lib/python3.12/site-packages/airflow/example_dags/example_subdag_operator.py took 0.087 seconds
[2025-04-19T08:39:30.654+0000] {processor.py:186} INFO - Started process (PID=295) to work on /home/airflow/.local/lib/python3.12/site-packages/airflow/example_dags/example_subdag_operator.py
[2025-04-19T08:39:30.658+0000] {processor.py:914} INFO - Processing file /home/airflow/.local/lib/python3.12/site-packages/airflow/example_dags/example_subdag_operator.py for tasks to queue
[2025-04-19T08:39:30.663+0000] {logging_mixin.py:190} INFO - [2025-04-19T08:39:30.663+0000] {dagbag.py:588} INFO - Filling up the DagBag from /home/airflow/.local/lib/python3.12/site-packages/airflow/example_dags/example_subdag_operator.py
[2025-04-19T08:39:30.744+0000] {processor.py:925} INFO - DAG(s) 'example_subdag_operator.section-1', 'example_subdag_operator.section-2', 'example_subdag_operator' retrieved from /home/airflow/.local/lib/python3.12/site-packages/airflow/example_dags/example_subdag_operator.py
[2025-04-19T08:39:30.788+0000] {logging_mixin.py:190} INFO - [2025-04-19T08:39:30.788+0000] {dag.py:3239} INFO - Sync 3 DAGs
[2025-04-19T08:39:30.901+0000] {logging_mixin.py:190} INFO - [2025-04-19T08:39:30.900+0000] {dag.py:4180} INFO - Setting next_dagrun for example_subdag_operator to 2022-01-01 00:00:00+00:00, run_after=2022-01-01 00:00:00+00:00
[2025-04-19T08:39:30.915+0000] {logging_mixin.py:190} INFO - [2025-04-19T08:39:30.915+0000] {dag.py:4180} INFO - Setting next_dagrun for example_subdag_operator.section-1 to None, run_after=None
[2025-04-19T08:39:30.919+0000] {logging_mixin.py:190} INFO - [2025-04-19T08:39:30.919+0000] {dag.py:4180} INFO - Setting next_dagrun for example_subdag_operator.section-2 to None, run_after=None
[2025-04-19T08:39:30.933+0000] {logging_mixin.py:190} INFO - [2025-04-19T08:39:30.933+0000] {dag.py:3239} INFO - Sync 2 DAGs
[2025-04-19T08:39:30.945+0000] {logging_mixin.py:190} INFO - [2025-04-19T08:39:30.945+0000] {dag.py:4180} INFO - Setting next_dagrun for example_subdag_operator.section-1 to None, run_after=None
[2025-04-19T08:39:30.946+0000] {logging_mixin.py:190} INFO - [2025-04-19T08:39:30.946+0000] {dag.py:4180} INFO - Setting next_dagrun for example_subdag_operator.section-2 to None, run_after=None
[2025-04-19T08:39:30.965+0000] {processor.py:208} INFO - Processing /home/airflow/.local/lib/python3.12/site-packages/airflow/example_dags/example_subdag_operator.py took 0.332 seconds
[2025-04-19T08:40:01.220+0000] {processor.py:186} INFO - Started process (PID=358) to work on /home/airflow/.local/lib/python3.12/site-packages/airflow/example_dags/example_subdag_operator.py
[2025-04-19T08:40:01.221+0000] {processor.py:914} INFO - Processing file /home/airflow/.local/lib/python3.12/site-packages/airflow/example_dags/example_subdag_operator.py for tasks to queue
[2025-04-19T08:40:01.222+0000] {logging_mixin.py:190} INFO - [2025-04-19T08:40:01.222+0000] {dagbag.py:588} INFO - Filling up the DagBag from /home/airflow/.local/lib/python3.12/site-packages/airflow/example_dags/example_subdag_operator.py
[2025-04-19T08:40:01.250+0000] {processor.py:925} INFO - DAG(s) 'example_subdag_operator.section-1', 'example_subdag_operator.section-2', 'example_subdag_operator' retrieved from /home/airflow/.local/lib/python3.12/site-packages/airflow/example_dags/example_subdag_operator.py
[2025-04-19T08:40:01.264+0000] {logging_mixin.py:190} INFO - [2025-04-19T08:40:01.263+0000] {dag.py:3239} INFO - Sync 3 DAGs
[2025-04-19T08:40:01.282+0000] {logging_mixin.py:190} INFO - [2025-04-19T08:40:01.282+0000] {dag.py:4180} INFO - Setting next_dagrun for example_subdag_operator to 2022-01-01 00:00:00+00:00, run_after=2022-01-01 00:00:00+00:00
[2025-04-19T08:40:01.285+0000] {logging_mixin.py:190} INFO - [2025-04-19T08:40:01.285+0000] {dag.py:4180} INFO - Setting next_dagrun for example_subdag_operator.section-1 to None, run_after=None
[2025-04-19T08:40:01.286+0000] {logging_mixin.py:190} INFO - [2025-04-19T08:40:01.286+0000] {dag.py:4180} INFO - Setting next_dagrun for example_subdag_operator.section-2 to None, run_after=None
[2025-04-19T08:40:01.291+0000] {logging_mixin.py:190} INFO - [2025-04-19T08:40:01.291+0000] {dag.py:3239} INFO - Sync 2 DAGs
[2025-04-19T08:40:01.295+0000] {logging_mixin.py:190} INFO - [2025-04-19T08:40:01.295+0000] {dag.py:4180} INFO - Setting next_dagrun for example_subdag_operator.section-1 to None, run_after=None
[2025-04-19T08:40:01.296+0000] {logging_mixin.py:190} INFO - [2025-04-19T08:40:01.296+0000] {dag.py:4180} INFO - Setting next_dagrun for example_subdag_operator.section-2 to None, run_after=None
[2025-04-19T08:40:01.304+0000] {processor.py:208} INFO - Processing /home/airflow/.local/lib/python3.12/site-packages/airflow/example_dags/example_subdag_operator.py took 0.089 seconds
[2025-04-19T08:40:31.852+0000] {processor.py:186} INFO - Started process (PID=421) to work on /home/airflow/.local/lib/python3.12/site-packages/airflow/example_dags/example_subdag_operator.py
[2025-04-19T08:40:31.853+0000] {processor.py:914} INFO - Processing file /home/airflow/.local/lib/python3.12/site-packages/airflow/example_dags/example_subdag_operator.py for tasks to queue
[2025-04-19T08:40:31.854+0000] {logging_mixin.py:190} INFO - [2025-04-19T08:40:31.854+0000] {dagbag.py:588} INFO - Filling up the DagBag from /home/airflow/.local/lib/python3.12/site-packages/airflow/example_dags/example_subdag_operator.py
[2025-04-19T08:40:31.876+0000] {processor.py:925} INFO - DAG(s) 'example_subdag_operator.section-1', 'example_subdag_operator.section-2', 'example_subdag_operator' retrieved from /home/airflow/.local/lib/python3.12/site-packages/airflow/example_dags/example_subdag_operator.py
[2025-04-19T08:40:31.892+0000] {logging_mixin.py:190} INFO - [2025-04-19T08:40:31.891+0000] {dag.py:3239} INFO - Sync 3 DAGs
[2025-04-19T08:40:31.912+0000] {logging_mixin.py:190} INFO - [2025-04-19T08:40:31.912+0000] {dag.py:4180} INFO - Setting next_dagrun for example_subdag_operator to 2022-01-01 00:00:00+00:00, run_after=2022-01-01 00:00:00+00:00
[2025-04-19T08:40:31.915+0000] {logging_mixin.py:190} INFO - [2025-04-19T08:40:31.915+0000] {dag.py:4180} INFO - Setting next_dagrun for example_subdag_operator.section-1 to None, run_after=None
[2025-04-19T08:40:31.916+0000] {logging_mixin.py:190} INFO - [2025-04-19T08:40:31.916+0000] {dag.py:4180} INFO - Setting next_dagrun for example_subdag_operator.section-2 to None, run_after=None
[2025-04-19T08:40:31.921+0000] {logging_mixin.py:190} INFO - [2025-04-19T08:40:31.921+0000] {dag.py:3239} INFO - Sync 2 DAGs
[2025-04-19T08:40:31.926+0000] {logging_mixin.py:190} INFO - [2025-04-19T08:40:31.926+0000] {dag.py:4180} INFO - Setting next_dagrun for example_subdag_operator.section-1 to None, run_after=None
[2025-04-19T08:40:31.926+0000] {logging_mixin.py:190} INFO - [2025-04-19T08:40:31.926+0000] {dag.py:4180} INFO - Setting next_dagrun for example_subdag_operator.section-2 to None, run_after=None
[2025-04-19T08:40:31.934+0000] {processor.py:208} INFO - Processing /home/airflow/.local/lib/python3.12/site-packages/airflow/example_dags/example_subdag_operator.py took 0.087 seconds
[2025-04-19T08:41:02.189+0000] {processor.py:186} INFO - Started process (PID=483) to work on /home/airflow/.local/lib/python3.12/site-packages/airflow/example_dags/example_subdag_operator.py
[2025-04-19T08:41:02.190+0000] {processor.py:914} INFO - Processing file /home/airflow/.local/lib/python3.12/site-packages/airflow/example_dags/example_subdag_operator.py for tasks to queue
[2025-04-19T08:41:02.192+0000] {logging_mixin.py:190} INFO - [2025-04-19T08:41:02.192+0000] {dagbag.py:588} INFO - Filling up the DagBag from /home/airflow/.local/lib/python3.12/site-packages/airflow/example_dags/example_subdag_operator.py
[2025-04-19T08:41:02.217+0000] {processor.py:925} INFO - DAG(s) 'example_subdag_operator.section-1', 'example_subdag_operator.section-2', 'example_subdag_operator' retrieved from /home/airflow/.local/lib/python3.12/site-packages/airflow/example_dags/example_subdag_operator.py
[2025-04-19T08:41:02.229+0000] {logging_mixin.py:190} INFO - [2025-04-19T08:41:02.229+0000] {dag.py:3239} INFO - Sync 3 DAGs
[2025-04-19T08:41:02.250+0000] {logging_mixin.py:190} INFO - [2025-04-19T08:41:02.250+0000] {dag.py:4180} INFO - Setting next_dagrun for example_subdag_operator to 2022-01-01 00:00:00+00:00, run_after=2022-01-01 00:00:00+00:00
[2025-04-19T08:41:02.253+0000] {logging_mixin.py:190} INFO - [2025-04-19T08:41:02.253+0000] {dag.py:4180} INFO - Setting next_dagrun for example_subdag_operator.section-1 to None, run_after=None
[2025-04-19T08:41:02.255+0000] {logging_mixin.py:190} INFO - [2025-04-19T08:41:02.255+0000] {dag.py:4180} INFO - Setting next_dagrun for example_subdag_operator.section-2 to None, run_after=None
[2025-04-19T08:41:02.260+0000] {logging_mixin.py:190} INFO - [2025-04-19T08:41:02.260+0000] {dag.py:3239} INFO - Sync 2 DAGs
[2025-04-19T08:41:02.265+0000] {logging_mixin.py:190} INFO - [2025-04-19T08:41:02.264+0000] {dag.py:4180} INFO - Setting next_dagrun for example_subdag_operator.section-1 to None, run_after=None
[2025-04-19T08:41:02.265+0000] {logging_mixin.py:190} INFO - [2025-04-19T08:41:02.265+0000] {dag.py:4180} INFO - Setting next_dagrun for example_subdag_operator.section-2 to None, run_after=None
[2025-04-19T08:41:02.273+0000] {processor.py:208} INFO - Processing /home/airflow/.local/lib/python3.12/site-packages/airflow/example_dags/example_subdag_operator.py took 0.088 seconds
[2025-04-19T08:41:33.081+0000] {processor.py:186} INFO - Started process (PID=545) to work on /home/airflow/.local/lib/python3.12/site-packages/airflow/example_dags/example_subdag_operator.py
[2025-04-19T08:41:33.082+0000] {processor.py:914} INFO - Processing file /home/airflow/.local/lib/python3.12/site-packages/airflow/example_dags/example_subdag_operator.py for tasks to queue
[2025-04-19T08:41:33.083+0000] {logging_mixin.py:190} INFO - [2025-04-19T08:41:33.083+0000] {dagbag.py:588} INFO - Filling up the DagBag from /home/airflow/.local/lib/python3.12/site-packages/airflow/example_dags/example_subdag_operator.py
[2025-04-19T08:41:33.105+0000] {processor.py:925} INFO - DAG(s) 'example_subdag_operator.section-1', 'example_subdag_operator.section-2', 'example_subdag_operator' retrieved from /home/airflow/.local/lib/python3.12/site-packages/airflow/example_dags/example_subdag_operator.py
[2025-04-19T08:41:33.117+0000] {logging_mixin.py:190} INFO - [2025-04-19T08:41:33.116+0000] {dag.py:3239} INFO - Sync 3 DAGs
[2025-04-19T08:41:33.137+0000] {logging_mixin.py:190} INFO - [2025-04-19T08:41:33.137+0000] {dag.py:4180} INFO - Setting next_dagrun for example_subdag_operator to 2022-01-01 00:00:00+00:00, run_after=2022-01-01 00:00:00+00:00
[2025-04-19T08:41:33.140+0000] {logging_mixin.py:190} INFO - [2025-04-19T08:41:33.140+0000] {dag.py:4180} INFO - Setting next_dagrun for example_subdag_operator.section-1 to None, run_after=None
[2025-04-19T08:41:33.141+0000] {logging_mixin.py:190} INFO - [2025-04-19T08:41:33.141+0000] {dag.py:4180} INFO - Setting next_dagrun for example_subdag_operator.section-2 to None, run_after=None
[2025-04-19T08:41:33.146+0000] {logging_mixin.py:190} INFO - [2025-04-19T08:41:33.146+0000] {dag.py:3239} INFO - Sync 2 DAGs
[2025-04-19T08:41:33.150+0000] {logging_mixin.py:190} INFO - [2025-04-19T08:41:33.150+0000] {dag.py:4180} INFO - Setting next_dagrun for example_subdag_operator.section-1 to None, run_after=None
[2025-04-19T08:41:33.151+0000] {logging_mixin.py:190} INFO - [2025-04-19T08:41:33.150+0000] {dag.py:4180} INFO - Setting next_dagrun for example_subdag_operator.section-2 to None, run_after=None
[2025-04-19T08:41:33.159+0000] {processor.py:208} INFO - Processing /home/airflow/.local/lib/python3.12/site-packages/airflow/example_dags/example_subdag_operator.py took 0.083 seconds
[2025-04-19T08:42:03.790+0000] {processor.py:186} INFO - Started process (PID=608) to work on /home/airflow/.local/lib/python3.12/site-packages/airflow/example_dags/example_subdag_operator.py
[2025-04-19T08:42:03.791+0000] {processor.py:914} INFO - Processing file /home/airflow/.local/lib/python3.12/site-packages/airflow/example_dags/example_subdag_operator.py for tasks to queue
[2025-04-19T08:42:03.793+0000] {logging_mixin.py:190} INFO - [2025-04-19T08:42:03.792+0000] {dagbag.py:588} INFO - Filling up the DagBag from /home/airflow/.local/lib/python3.12/site-packages/airflow/example_dags/example_subdag_operator.py
[2025-04-19T08:42:03.813+0000] {processor.py:925} INFO - DAG(s) 'example_subdag_operator.section-1', 'example_subdag_operator.section-2', 'example_subdag_operator' retrieved from /home/airflow/.local/lib/python3.12/site-packages/airflow/example_dags/example_subdag_operator.py
[2025-04-19T08:42:03.824+0000] {logging_mixin.py:190} INFO - [2025-04-19T08:42:03.824+0000] {dag.py:3239} INFO - Sync 3 DAGs
[2025-04-19T08:42:03.842+0000] {logging_mixin.py:190} INFO - [2025-04-19T08:42:03.842+0000] {dag.py:4180} INFO - Setting next_dagrun for example_subdag_operator to 2022-01-01 00:00:00+00:00, run_after=2022-01-01 00:00:00+00:00
[2025-04-19T08:42:03.845+0000] {logging_mixin.py:190} INFO - [2025-04-19T08:42:03.845+0000] {dag.py:4180} INFO - Setting next_dagrun for example_subdag_operator.section-1 to None, run_after=None
[2025-04-19T08:42:03.846+0000] {logging_mixin.py:190} INFO - [2025-04-19T08:42:03.846+0000] {dag.py:4180} INFO - Setting next_dagrun for example_subdag_operator.section-2 to None, run_after=None
[2025-04-19T08:42:03.851+0000] {logging_mixin.py:190} INFO - [2025-04-19T08:42:03.851+0000] {dag.py:3239} INFO - Sync 2 DAGs
[2025-04-19T08:42:03.856+0000] {logging_mixin.py:190} INFO - [2025-04-19T08:42:03.856+0000] {dag.py:4180} INFO - Setting next_dagrun for example_subdag_operator.section-1 to None, run_after=None
[2025-04-19T08:42:03.856+0000] {logging_mixin.py:190} INFO - [2025-04-19T08:42:03.856+0000] {dag.py:4180} INFO - Setting next_dagrun for example_subdag_operator.section-2 to None, run_after=None
[2025-04-19T08:42:03.864+0000] {processor.py:208} INFO - Processing /home/airflow/.local/lib/python3.12/site-packages/airflow/example_dags/example_subdag_operator.py took 0.080 seconds
[2025-04-19T08:42:34.967+0000] {processor.py:186} INFO - Started process (PID=670) to work on /home/airflow/.local/lib/python3.12/site-packages/airflow/example_dags/example_subdag_operator.py
[2025-04-19T08:42:34.968+0000] {processor.py:914} INFO - Processing file /home/airflow/.local/lib/python3.12/site-packages/airflow/example_dags/example_subdag_operator.py for tasks to queue
[2025-04-19T08:42:34.970+0000] {logging_mixin.py:190} INFO - [2025-04-19T08:42:34.970+0000] {dagbag.py:588} INFO - Filling up the DagBag from /home/airflow/.local/lib/python3.12/site-packages/airflow/example_dags/example_subdag_operator.py
[2025-04-19T08:42:34.999+0000] {processor.py:925} INFO - DAG(s) 'example_subdag_operator.section-1', 'example_subdag_operator.section-2', 'example_subdag_operator' retrieved from /home/airflow/.local/lib/python3.12/site-packages/airflow/example_dags/example_subdag_operator.py
[2025-04-19T08:42:35.014+0000] {logging_mixin.py:190} INFO - [2025-04-19T08:42:35.014+0000] {dag.py:3239} INFO - Sync 3 DAGs
[2025-04-19T08:42:35.051+0000] {logging_mixin.py:190} INFO - [2025-04-19T08:42:35.050+0000] {dag.py:4180} INFO - Setting next_dagrun for example_subdag_operator to 2022-01-01 00:00:00+00:00, run_after=2022-01-01 00:00:00+00:00
[2025-04-19T08:42:35.055+0000] {logging_mixin.py:190} INFO - [2025-04-19T08:42:35.055+0000] {dag.py:4180} INFO - Setting next_dagrun for example_subdag_operator.section-1 to None, run_after=None
[2025-04-19T08:42:35.057+0000] {logging_mixin.py:190} INFO - [2025-04-19T08:42:35.057+0000] {dag.py:4180} INFO - Setting next_dagrun for example_subdag_operator.section-2 to None, run_after=None
[2025-04-19T08:42:35.069+0000] {logging_mixin.py:190} INFO - [2025-04-19T08:42:35.069+0000] {dag.py:3239} INFO - Sync 2 DAGs
[2025-04-19T08:42:35.077+0000] {logging_mixin.py:190} INFO - [2025-04-19T08:42:35.076+0000] {dag.py:4180} INFO - Setting next_dagrun for example_subdag_operator.section-1 to None, run_after=None
[2025-04-19T08:42:35.077+0000] {logging_mixin.py:190} INFO - [2025-04-19T08:42:35.077+0000] {dag.py:4180} INFO - Setting next_dagrun for example_subdag_operator.section-2 to None, run_after=None
[2025-04-19T08:42:35.087+0000] {processor.py:208} INFO - Processing /home/airflow/.local/lib/python3.12/site-packages/airflow/example_dags/example_subdag_operator.py took 0.126 seconds
[2025-04-19T08:43:06.937+0000] {processor.py:186} INFO - Started process (PID=735) to work on /home/airflow/.local/lib/python3.12/site-packages/airflow/example_dags/example_subdag_operator.py
[2025-04-19T08:43:06.938+0000] {processor.py:914} INFO - Processing file /home/airflow/.local/lib/python3.12/site-packages/airflow/example_dags/example_subdag_operator.py for tasks to queue
[2025-04-19T08:43:06.941+0000] {logging_mixin.py:190} INFO - [2025-04-19T08:43:06.940+0000] {dagbag.py:588} INFO - Filling up the DagBag from /home/airflow/.local/lib/python3.12/site-packages/airflow/example_dags/example_subdag_operator.py
[2025-04-19T08:43:06.967+0000] {processor.py:925} INFO - DAG(s) 'example_subdag_operator.section-1', 'example_subdag_operator.section-2', 'example_subdag_operator' retrieved from /home/airflow/.local/lib/python3.12/site-packages/airflow/example_dags/example_subdag_operator.py
[2025-04-19T08:43:06.987+0000] {logging_mixin.py:190} INFO - [2025-04-19T08:43:06.986+0000] {dag.py:3239} INFO - Sync 3 DAGs
[2025-04-19T08:43:07.014+0000] {logging_mixin.py:190} INFO - [2025-04-19T08:43:07.014+0000] {dag.py:4180} INFO - Setting next_dagrun for example_subdag_operator to 2022-01-01 00:00:00+00:00, run_after=2022-01-01 00:00:00+00:00
[2025-04-19T08:43:07.018+0000] {logging_mixin.py:190} INFO - [2025-04-19T08:43:07.018+0000] {dag.py:4180} INFO - Setting next_dagrun for example_subdag_operator.section-1 to None, run_after=None
[2025-04-19T08:43:07.020+0000] {logging_mixin.py:190} INFO - [2025-04-19T08:43:07.019+0000] {dag.py:4180} INFO - Setting next_dagrun for example_subdag_operator.section-2 to None, run_after=None
[2025-04-19T08:43:07.027+0000] {logging_mixin.py:190} INFO - [2025-04-19T08:43:07.026+0000] {dag.py:3239} INFO - Sync 2 DAGs
[2025-04-19T08:43:07.033+0000] {logging_mixin.py:190} INFO - [2025-04-19T08:43:07.032+0000] {dag.py:4180} INFO - Setting next_dagrun for example_subdag_operator.section-1 to None, run_after=None
[2025-04-19T08:43:07.033+0000] {logging_mixin.py:190} INFO - [2025-04-19T08:43:07.033+0000] {dag.py:4180} INFO - Setting next_dagrun for example_subdag_operator.section-2 to None, run_after=None
[2025-04-19T08:43:07.043+0000] {processor.py:208} INFO - Processing /home/airflow/.local/lib/python3.12/site-packages/airflow/example_dags/example_subdag_operator.py took 0.116 seconds
