[2025-04-19T08:37:50.875+0000] {processor.py:186} INFO - Started process (PID=94) to work on /home/airflow/.local/lib/python3.12/site-packages/airflow/example_dags/example_bash_decorator.py
[2025-04-19T08:37:50.878+0000] {processor.py:914} INFO - Processing file /home/airflow/.local/lib/python3.12/site-packages/airflow/example_dags/example_bash_decorator.py for tasks to queue
[2025-04-19T08:37:50.883+0000] {logging_mixin.py:190} INFO - [2025-04-19T08:37:50.883+0000] {dagbag.py:588} INFO - Filling up the DagBag from /home/airflow/.local/lib/python3.12/site-packages/airflow/example_dags/example_bash_decorator.py
[2025-04-19T08:37:50.954+0000] {processor.py:925} INFO - DAG(s) 'example_bash_decorator' retrieved from /home/airflow/.local/lib/python3.12/site-packages/airflow/example_dags/example_bash_decorator.py
[2025-04-19T08:37:51.544+0000] {logging_mixin.py:190} INFO - [2025-04-19T08:37:51.540+0000] {override.py:1911} INFO - Created Permission View: can delete on DAG:example_bash_decorator
[2025-04-19T08:37:51.623+0000] {logging_mixin.py:190} INFO - [2025-04-19T08:37:51.623+0000] {override.py:1911} INFO - Created Permission View: can read on DAG:example_bash_decorator
[2025-04-19T08:37:51.661+0000] {logging_mixin.py:190} INFO - [2025-04-19T08:37:51.655+0000] {override.py:1911} INFO - Created Permission View: can edit on DAG:example_bash_decorator
[2025-04-19T08:37:51.705+0000] {logging_mixin.py:190} INFO - [2025-04-19T08:37:51.704+0000] {override.py:1911} INFO - Created Permission View: can delete on DAG Run:example_bash_decorator
[2025-04-19T08:37:51.740+0000] {logging_mixin.py:190} INFO - [2025-04-19T08:37:51.736+0000] {override.py:1911} INFO - Created Permission View: can read on DAG Run:example_bash_decorator
[2025-04-19T08:37:51.749+0000] {logging_mixin.py:190} INFO - [2025-04-19T08:37:51.748+0000] {override.py:1911} INFO - Created Permission View: can create on DAG Run:example_bash_decorator
[2025-04-19T08:37:51.778+0000] {logging_mixin.py:190} INFO - [2025-04-19T08:37:51.775+0000] {override.py:1911} INFO - Created Permission View: menu access on DAG Run:example_bash_decorator
[2025-04-19T08:37:51.779+0000] {logging_mixin.py:190} INFO - [2025-04-19T08:37:51.778+0000] {dag.py:3239} INFO - Sync 1 DAGs
[2025-04-19T08:37:51.853+0000] {logging_mixin.py:190} INFO - [2025-04-19T08:37:51.852+0000] {dag.py:3262} INFO - Creating ORM DAG for example_bash_decorator
[2025-04-19T08:37:51.855+0000] {logging_mixin.py:190} INFO - [2025-04-19T08:37:51.854+0000] {dag.py:4180} INFO - Setting next_dagrun for example_bash_decorator to None, run_after=None
[2025-04-19T08:37:51.902+0000] {processor.py:208} INFO - Processing /home/airflow/.local/lib/python3.12/site-packages/airflow/example_dags/example_bash_decorator.py took 1.055 seconds
[2025-04-19T08:38:22.364+0000] {processor.py:186} INFO - Started process (PID=156) to work on /home/airflow/.local/lib/python3.12/site-packages/airflow/example_dags/example_bash_decorator.py
[2025-04-19T08:38:22.364+0000] {processor.py:914} INFO - Processing file /home/airflow/.local/lib/python3.12/site-packages/airflow/example_dags/example_bash_decorator.py for tasks to queue
[2025-04-19T08:38:22.366+0000] {logging_mixin.py:190} INFO - [2025-04-19T08:38:22.366+0000] {dagbag.py:588} INFO - Filling up the DagBag from /home/airflow/.local/lib/python3.12/site-packages/airflow/example_dags/example_bash_decorator.py
[2025-04-19T08:38:22.378+0000] {processor.py:925} INFO - DAG(s) 'example_bash_decorator' retrieved from /home/airflow/.local/lib/python3.12/site-packages/airflow/example_dags/example_bash_decorator.py
[2025-04-19T08:38:22.397+0000] {logging_mixin.py:190} INFO - [2025-04-19T08:38:22.397+0000] {dag.py:3239} INFO - Sync 1 DAGs
[2025-04-19T08:38:22.408+0000] {logging_mixin.py:190} INFO - [2025-04-19T08:38:22.408+0000] {dag.py:4180} INFO - Setting next_dagrun for example_bash_decorator to None, run_after=None
[2025-04-19T08:38:22.421+0000] {processor.py:208} INFO - Processing /home/airflow/.local/lib/python3.12/site-packages/airflow/example_dags/example_bash_decorator.py took 0.061 seconds
[2025-04-19T08:38:56.099+0000] {processor.py:186} INFO - Started process (PID=219) to work on /home/airflow/.local/lib/python3.12/site-packages/airflow/example_dags/example_bash_decorator.py
[2025-04-19T08:38:56.100+0000] {processor.py:914} INFO - Processing file /home/airflow/.local/lib/python3.12/site-packages/airflow/example_dags/example_bash_decorator.py for tasks to queue
[2025-04-19T08:38:56.102+0000] {logging_mixin.py:190} INFO - [2025-04-19T08:38:56.102+0000] {dagbag.py:588} INFO - Filling up the DagBag from /home/airflow/.local/lib/python3.12/site-packages/airflow/example_dags/example_bash_decorator.py
[2025-04-19T08:38:56.119+0000] {processor.py:925} INFO - DAG(s) 'example_bash_decorator' retrieved from /home/airflow/.local/lib/python3.12/site-packages/airflow/example_dags/example_bash_decorator.py
[2025-04-19T08:38:56.144+0000] {logging_mixin.py:190} INFO - [2025-04-19T08:38:56.143+0000] {dag.py:3239} INFO - Sync 1 DAGs
[2025-04-19T08:38:56.158+0000] {logging_mixin.py:190} INFO - [2025-04-19T08:38:56.158+0000] {dag.py:4180} INFO - Setting next_dagrun for example_bash_decorator to None, run_after=None
[2025-04-19T08:38:56.175+0000] {processor.py:208} INFO - Processing /home/airflow/.local/lib/python3.12/site-packages/airflow/example_dags/example_bash_decorator.py took 0.083 seconds
[2025-04-19T08:39:28.534+0000] {processor.py:186} INFO - Started process (PID=282) to work on /home/airflow/.local/lib/python3.12/site-packages/airflow/example_dags/example_bash_decorator.py
[2025-04-19T08:39:28.537+0000] {processor.py:914} INFO - Processing file /home/airflow/.local/lib/python3.12/site-packages/airflow/example_dags/example_bash_decorator.py for tasks to queue
[2025-04-19T08:39:28.542+0000] {logging_mixin.py:190} INFO - [2025-04-19T08:39:28.541+0000] {dagbag.py:588} INFO - Filling up the DagBag from /home/airflow/.local/lib/python3.12/site-packages/airflow/example_dags/example_bash_decorator.py
[2025-04-19T08:39:28.580+0000] {processor.py:925} INFO - DAG(s) 'example_bash_decorator' retrieved from /home/airflow/.local/lib/python3.12/site-packages/airflow/example_dags/example_bash_decorator.py
[2025-04-19T08:39:28.691+0000] {logging_mixin.py:190} INFO - [2025-04-19T08:39:28.691+0000] {dag.py:3239} INFO - Sync 1 DAGs
[2025-04-19T08:39:28.761+0000] {logging_mixin.py:190} INFO - [2025-04-19T08:39:28.761+0000] {dag.py:4180} INFO - Setting next_dagrun for example_bash_decorator to None, run_after=None
[2025-04-19T08:39:28.832+0000] {processor.py:208} INFO - Processing /home/airflow/.local/lib/python3.12/site-packages/airflow/example_dags/example_bash_decorator.py took 0.310 seconds
[2025-04-19T08:39:59.602+0000] {processor.py:186} INFO - Started process (PID=345) to work on /home/airflow/.local/lib/python3.12/site-packages/airflow/example_dags/example_bash_decorator.py
[2025-04-19T08:39:59.602+0000] {processor.py:914} INFO - Processing file /home/airflow/.local/lib/python3.12/site-packages/airflow/example_dags/example_bash_decorator.py for tasks to queue
[2025-04-19T08:39:59.605+0000] {logging_mixin.py:190} INFO - [2025-04-19T08:39:59.604+0000] {dagbag.py:588} INFO - Filling up the DagBag from /home/airflow/.local/lib/python3.12/site-packages/airflow/example_dags/example_bash_decorator.py
[2025-04-19T08:39:59.621+0000] {processor.py:925} INFO - DAG(s) 'example_bash_decorator' retrieved from /home/airflow/.local/lib/python3.12/site-packages/airflow/example_dags/example_bash_decorator.py
[2025-04-19T08:39:59.649+0000] {logging_mixin.py:190} INFO - [2025-04-19T08:39:59.649+0000] {dag.py:3239} INFO - Sync 1 DAGs
[2025-04-19T08:39:59.665+0000] {logging_mixin.py:190} INFO - [2025-04-19T08:39:59.664+0000] {dag.py:4180} INFO - Setting next_dagrun for example_bash_decorator to None, run_after=None
[2025-04-19T08:39:59.682+0000] {processor.py:208} INFO - Processing /home/airflow/.local/lib/python3.12/site-packages/airflow/example_dags/example_bash_decorator.py took 0.086 seconds
[2025-04-19T08:40:30.118+0000] {processor.py:186} INFO - Started process (PID=408) to work on /home/airflow/.local/lib/python3.12/site-packages/airflow/example_dags/example_bash_decorator.py
[2025-04-19T08:40:30.119+0000] {processor.py:914} INFO - Processing file /home/airflow/.local/lib/python3.12/site-packages/airflow/example_dags/example_bash_decorator.py for tasks to queue
[2025-04-19T08:40:30.121+0000] {logging_mixin.py:190} INFO - [2025-04-19T08:40:30.121+0000] {dagbag.py:588} INFO - Filling up the DagBag from /home/airflow/.local/lib/python3.12/site-packages/airflow/example_dags/example_bash_decorator.py
[2025-04-19T08:40:30.137+0000] {processor.py:925} INFO - DAG(s) 'example_bash_decorator' retrieved from /home/airflow/.local/lib/python3.12/site-packages/airflow/example_dags/example_bash_decorator.py
[2025-04-19T08:40:30.165+0000] {logging_mixin.py:190} INFO - [2025-04-19T08:40:30.165+0000] {dag.py:3239} INFO - Sync 1 DAGs
[2025-04-19T08:40:30.188+0000] {logging_mixin.py:190} INFO - [2025-04-19T08:40:30.188+0000] {dag.py:4180} INFO - Setting next_dagrun for example_bash_decorator to None, run_after=None
[2025-04-19T08:40:30.225+0000] {processor.py:208} INFO - Processing /home/airflow/.local/lib/python3.12/site-packages/airflow/example_dags/example_bash_decorator.py took 0.112 seconds
[2025-04-19T08:41:00.706+0000] {processor.py:186} INFO - Started process (PID=476) to work on /home/airflow/.local/lib/python3.12/site-packages/airflow/example_dags/example_bash_decorator.py
[2025-04-19T08:41:00.707+0000] {processor.py:914} INFO - Processing file /home/airflow/.local/lib/python3.12/site-packages/airflow/example_dags/example_bash_decorator.py for tasks to queue
[2025-04-19T08:41:00.709+0000] {logging_mixin.py:190} INFO - [2025-04-19T08:41:00.709+0000] {dagbag.py:588} INFO - Filling up the DagBag from /home/airflow/.local/lib/python3.12/site-packages/airflow/example_dags/example_bash_decorator.py
[2025-04-19T08:41:00.724+0000] {processor.py:925} INFO - DAG(s) 'example_bash_decorator' retrieved from /home/airflow/.local/lib/python3.12/site-packages/airflow/example_dags/example_bash_decorator.py
[2025-04-19T08:41:00.751+0000] {logging_mixin.py:190} INFO - [2025-04-19T08:41:00.751+0000] {dag.py:3239} INFO - Sync 1 DAGs
[2025-04-19T08:41:00.769+0000] {logging_mixin.py:190} INFO - [2025-04-19T08:41:00.768+0000] {dag.py:4180} INFO - Setting next_dagrun for example_bash_decorator to None, run_after=None
[2025-04-19T08:41:00.787+0000] {processor.py:208} INFO - Processing /home/airflow/.local/lib/python3.12/site-packages/airflow/example_dags/example_bash_decorator.py took 0.087 seconds
[2025-04-19T08:41:31.405+0000] {processor.py:186} INFO - Started process (PID=538) to work on /home/airflow/.local/lib/python3.12/site-packages/airflow/example_dags/example_bash_decorator.py
[2025-04-19T08:41:31.406+0000] {processor.py:914} INFO - Processing file /home/airflow/.local/lib/python3.12/site-packages/airflow/example_dags/example_bash_decorator.py for tasks to queue
[2025-04-19T08:41:31.408+0000] {logging_mixin.py:190} INFO - [2025-04-19T08:41:31.408+0000] {dagbag.py:588} INFO - Filling up the DagBag from /home/airflow/.local/lib/python3.12/site-packages/airflow/example_dags/example_bash_decorator.py
[2025-04-19T08:41:31.426+0000] {processor.py:925} INFO - DAG(s) 'example_bash_decorator' retrieved from /home/airflow/.local/lib/python3.12/site-packages/airflow/example_dags/example_bash_decorator.py
[2025-04-19T08:41:31.455+0000] {logging_mixin.py:190} INFO - [2025-04-19T08:41:31.455+0000] {dag.py:3239} INFO - Sync 1 DAGs
[2025-04-19T08:41:31.472+0000] {logging_mixin.py:190} INFO - [2025-04-19T08:41:31.472+0000] {dag.py:4180} INFO - Setting next_dagrun for example_bash_decorator to None, run_after=None
[2025-04-19T08:41:31.490+0000] {processor.py:208} INFO - Processing /home/airflow/.local/lib/python3.12/site-packages/airflow/example_dags/example_bash_decorator.py took 0.092 seconds
[2025-04-19T08:42:02.855+0000] {processor.py:186} INFO - Started process (PID=600) to work on /home/airflow/.local/lib/python3.12/site-packages/airflow/example_dags/example_bash_decorator.py
[2025-04-19T08:42:02.855+0000] {processor.py:914} INFO - Processing file /home/airflow/.local/lib/python3.12/site-packages/airflow/example_dags/example_bash_decorator.py for tasks to queue
[2025-04-19T08:42:02.858+0000] {logging_mixin.py:190} INFO - [2025-04-19T08:42:02.857+0000] {dagbag.py:588} INFO - Filling up the DagBag from /home/airflow/.local/lib/python3.12/site-packages/airflow/example_dags/example_bash_decorator.py
[2025-04-19T08:42:02.875+0000] {processor.py:925} INFO - DAG(s) 'example_bash_decorator' retrieved from /home/airflow/.local/lib/python3.12/site-packages/airflow/example_dags/example_bash_decorator.py
[2025-04-19T08:42:02.902+0000] {logging_mixin.py:190} INFO - [2025-04-19T08:42:02.902+0000] {dag.py:3239} INFO - Sync 1 DAGs
[2025-04-19T08:42:02.918+0000] {logging_mixin.py:190} INFO - [2025-04-19T08:42:02.918+0000] {dag.py:4180} INFO - Setting next_dagrun for example_bash_decorator to None, run_after=None
[2025-04-19T08:42:02.953+0000] {processor.py:208} INFO - Processing /home/airflow/.local/lib/python3.12/site-packages/airflow/example_dags/example_bash_decorator.py took 0.110 seconds
[2025-04-19T08:42:34.448+0000] {processor.py:186} INFO - Started process (PID=663) to work on /home/airflow/.local/lib/python3.12/site-packages/airflow/example_dags/example_bash_decorator.py
[2025-04-19T08:42:34.449+0000] {processor.py:914} INFO - Processing file /home/airflow/.local/lib/python3.12/site-packages/airflow/example_dags/example_bash_decorator.py for tasks to queue
[2025-04-19T08:42:34.453+0000] {logging_mixin.py:190} INFO - [2025-04-19T08:42:34.453+0000] {dagbag.py:588} INFO - Filling up the DagBag from /home/airflow/.local/lib/python3.12/site-packages/airflow/example_dags/example_bash_decorator.py
[2025-04-19T08:42:34.475+0000] {processor.py:925} INFO - DAG(s) 'example_bash_decorator' retrieved from /home/airflow/.local/lib/python3.12/site-packages/airflow/example_dags/example_bash_decorator.py
[2025-04-19T08:42:34.501+0000] {logging_mixin.py:190} INFO - [2025-04-19T08:42:34.501+0000] {dag.py:3239} INFO - Sync 1 DAGs
[2025-04-19T08:42:34.517+0000] {logging_mixin.py:190} INFO - [2025-04-19T08:42:34.516+0000] {dag.py:4180} INFO - Setting next_dagrun for example_bash_decorator to None, run_after=None
[2025-04-19T08:42:34.533+0000] {processor.py:208} INFO - Processing /home/airflow/.local/lib/python3.12/site-packages/airflow/example_dags/example_bash_decorator.py took 0.092 seconds
[2025-04-19T08:43:05.019+0000] {processor.py:186} INFO - Started process (PID=722) to work on /home/airflow/.local/lib/python3.12/site-packages/airflow/example_dags/example_bash_decorator.py
[2025-04-19T08:43:05.019+0000] {processor.py:914} INFO - Processing file /home/airflow/.local/lib/python3.12/site-packages/airflow/example_dags/example_bash_decorator.py for tasks to queue
[2025-04-19T08:43:05.022+0000] {logging_mixin.py:190} INFO - [2025-04-19T08:43:05.021+0000] {dagbag.py:588} INFO - Filling up the DagBag from /home/airflow/.local/lib/python3.12/site-packages/airflow/example_dags/example_bash_decorator.py
[2025-04-19T08:43:05.039+0000] {processor.py:925} INFO - DAG(s) 'example_bash_decorator' retrieved from /home/airflow/.local/lib/python3.12/site-packages/airflow/example_dags/example_bash_decorator.py
[2025-04-19T08:43:05.069+0000] {logging_mixin.py:190} INFO - [2025-04-19T08:43:05.069+0000] {dag.py:3239} INFO - Sync 1 DAGs
[2025-04-19T08:43:05.087+0000] {logging_mixin.py:190} INFO - [2025-04-19T08:43:05.087+0000] {dag.py:4180} INFO - Setting next_dagrun for example_bash_decorator to None, run_after=None
[2025-04-19T08:43:05.104+0000] {processor.py:208} INFO - Processing /home/airflow/.local/lib/python3.12/site-packages/airflow/example_dags/example_bash_decorator.py took 0.092 seconds
