[2025-04-19T08:38:14.330+0000] {processor.py:186} INFO - Started process (PID=126) to work on /home/airflow/.local/lib/python3.12/site-packages/airflow/example_dags/example_kubernetes_executor.py
[2025-04-19T08:38:14.331+0000] {processor.py:914} INFO - Processing file /home/airflow/.local/lib/python3.12/site-packages/airflow/example_dags/example_kubernetes_executor.py for tasks to queue
[2025-04-19T08:38:14.343+0000] {logging_mixin.py:190} INFO - [2025-04-19T08:38:14.336+0000] {dagbag.py:588} INFO - Filling up the DagBag from /home/airflow/.local/lib/python3.12/site-packages/airflow/example_dags/example_kubernetes_executor.py
[2025-04-19T08:38:14.386+0000] {processor.py:925} INFO - DAG(s) 'example_kubernetes_executor' retrieved from /home/airflow/.local/lib/python3.12/site-packages/airflow/example_dags/example_kubernetes_executor.py
[2025-04-19T08:38:14.837+0000] {logging_mixin.py:190} INFO - [2025-04-19T08:38:14.832+0000] {override.py:1911} INFO - Created Permission View: can delete on DAG:example_kubernetes_executor
[2025-04-19T08:38:14.874+0000] {logging_mixin.py:190} INFO - [2025-04-19T08:38:14.870+0000] {override.py:1911} INFO - Created Permission View: can read on DAG:example_kubernetes_executor
[2025-04-19T08:38:14.906+0000] {logging_mixin.py:190} INFO - [2025-04-19T08:38:14.906+0000] {override.py:1911} INFO - Created Permission View: can edit on DAG:example_kubernetes_executor
[2025-04-19T08:38:14.953+0000] {logging_mixin.py:190} INFO - [2025-04-19T08:38:14.953+0000] {override.py:1911} INFO - Created Permission View: can delete on DAG Run:example_kubernetes_executor
[2025-04-19T08:38:14.994+0000] {logging_mixin.py:190} INFO - [2025-04-19T08:38:14.993+0000] {override.py:1911} INFO - Created Permission View: can read on DAG Run:example_kubernetes_executor
[2025-04-19T08:38:15.032+0000] {logging_mixin.py:190} INFO - [2025-04-19T08:38:15.031+0000] {override.py:1911} INFO - Created Permission View: can create on DAG Run:example_kubernetes_executor
[2025-04-19T08:38:15.067+0000] {logging_mixin.py:190} INFO - [2025-04-19T08:38:15.067+0000] {override.py:1911} INFO - Created Permission View: menu access on DAG Run:example_kubernetes_executor
[2025-04-19T08:38:15.071+0000] {logging_mixin.py:190} INFO - [2025-04-19T08:38:15.071+0000] {dag.py:3239} INFO - Sync 1 DAGs
[2025-04-19T08:38:15.161+0000] {logging_mixin.py:190} INFO - [2025-04-19T08:38:15.160+0000] {dag.py:3262} INFO - Creating ORM DAG for example_kubernetes_executor
[2025-04-19T08:38:15.162+0000] {logging_mixin.py:190} INFO - [2025-04-19T08:38:15.162+0000] {dag.py:4180} INFO - Setting next_dagrun for example_kubernetes_executor to None, run_after=None
[2025-04-19T08:38:15.447+0000] {processor.py:208} INFO - Processing /home/airflow/.local/lib/python3.12/site-packages/airflow/example_dags/example_kubernetes_executor.py took 1.126 seconds
[2025-04-19T08:38:45.978+0000] {processor.py:186} INFO - Started process (PID=189) to work on /home/airflow/.local/lib/python3.12/site-packages/airflow/example_dags/example_kubernetes_executor.py
[2025-04-19T08:38:45.979+0000] {processor.py:914} INFO - Processing file /home/airflow/.local/lib/python3.12/site-packages/airflow/example_dags/example_kubernetes_executor.py for tasks to queue
[2025-04-19T08:38:45.981+0000] {logging_mixin.py:190} INFO - [2025-04-19T08:38:45.981+0000] {dagbag.py:588} INFO - Filling up the DagBag from /home/airflow/.local/lib/python3.12/site-packages/airflow/example_dags/example_kubernetes_executor.py
[2025-04-19T08:38:45.999+0000] {processor.py:925} INFO - DAG(s) 'example_kubernetes_executor' retrieved from /home/airflow/.local/lib/python3.12/site-packages/airflow/example_dags/example_kubernetes_executor.py
[2025-04-19T08:38:46.041+0000] {logging_mixin.py:190} INFO - [2025-04-19T08:38:46.041+0000] {dag.py:3239} INFO - Sync 1 DAGs
[2025-04-19T08:38:46.058+0000] {logging_mixin.py:190} INFO - [2025-04-19T08:38:46.057+0000] {dag.py:4180} INFO - Setting next_dagrun for example_kubernetes_executor to None, run_after=None
[2025-04-19T08:38:46.076+0000] {processor.py:208} INFO - Processing /home/airflow/.local/lib/python3.12/site-packages/airflow/example_dags/example_kubernetes_executor.py took 0.103 seconds
[2025-04-19T08:39:16.663+0000] {processor.py:186} INFO - Started process (PID=252) to work on /home/airflow/.local/lib/python3.12/site-packages/airflow/example_dags/example_kubernetes_executor.py
[2025-04-19T08:39:16.664+0000] {processor.py:914} INFO - Processing file /home/airflow/.local/lib/python3.12/site-packages/airflow/example_dags/example_kubernetes_executor.py for tasks to queue
[2025-04-19T08:39:16.667+0000] {logging_mixin.py:190} INFO - [2025-04-19T08:39:16.666+0000] {dagbag.py:588} INFO - Filling up the DagBag from /home/airflow/.local/lib/python3.12/site-packages/airflow/example_dags/example_kubernetes_executor.py
[2025-04-19T08:39:16.684+0000] {processor.py:925} INFO - DAG(s) 'example_kubernetes_executor' retrieved from /home/airflow/.local/lib/python3.12/site-packages/airflow/example_dags/example_kubernetes_executor.py
[2025-04-19T08:39:16.726+0000] {logging_mixin.py:190} INFO - [2025-04-19T08:39:16.726+0000] {dag.py:3239} INFO - Sync 1 DAGs
[2025-04-19T08:39:16.752+0000] {logging_mixin.py:190} INFO - [2025-04-19T08:39:16.751+0000] {dag.py:4180} INFO - Setting next_dagrun for example_kubernetes_executor to None, run_after=None
[2025-04-19T08:39:16.769+0000] {processor.py:208} INFO - Processing /home/airflow/.local/lib/python3.12/site-packages/airflow/example_dags/example_kubernetes_executor.py took 0.111 seconds
[2025-04-19T08:39:47.113+0000] {processor.py:186} INFO - Started process (PID=315) to work on /home/airflow/.local/lib/python3.12/site-packages/airflow/example_dags/example_kubernetes_executor.py
[2025-04-19T08:39:47.114+0000] {processor.py:914} INFO - Processing file /home/airflow/.local/lib/python3.12/site-packages/airflow/example_dags/example_kubernetes_executor.py for tasks to queue
[2025-04-19T08:39:47.116+0000] {logging_mixin.py:190} INFO - [2025-04-19T08:39:47.116+0000] {dagbag.py:588} INFO - Filling up the DagBag from /home/airflow/.local/lib/python3.12/site-packages/airflow/example_dags/example_kubernetes_executor.py
[2025-04-19T08:39:47.132+0000] {processor.py:925} INFO - DAG(s) 'example_kubernetes_executor' retrieved from /home/airflow/.local/lib/python3.12/site-packages/airflow/example_dags/example_kubernetes_executor.py
[2025-04-19T08:39:47.176+0000] {logging_mixin.py:190} INFO - [2025-04-19T08:39:47.176+0000] {dag.py:3239} INFO - Sync 1 DAGs
[2025-04-19T08:39:47.193+0000] {logging_mixin.py:190} INFO - [2025-04-19T08:39:47.193+0000] {dag.py:4180} INFO - Setting next_dagrun for example_kubernetes_executor to None, run_after=None
[2025-04-19T08:39:47.210+0000] {processor.py:208} INFO - Processing /home/airflow/.local/lib/python3.12/site-packages/airflow/example_dags/example_kubernetes_executor.py took 0.104 seconds
[2025-04-19T08:40:17.747+0000] {processor.py:186} INFO - Started process (PID=377) to work on /home/airflow/.local/lib/python3.12/site-packages/airflow/example_dags/example_kubernetes_executor.py
[2025-04-19T08:40:17.747+0000] {processor.py:914} INFO - Processing file /home/airflow/.local/lib/python3.12/site-packages/airflow/example_dags/example_kubernetes_executor.py for tasks to queue
[2025-04-19T08:40:17.750+0000] {logging_mixin.py:190} INFO - [2025-04-19T08:40:17.749+0000] {dagbag.py:588} INFO - Filling up the DagBag from /home/airflow/.local/lib/python3.12/site-packages/airflow/example_dags/example_kubernetes_executor.py
[2025-04-19T08:40:17.766+0000] {processor.py:925} INFO - DAG(s) 'example_kubernetes_executor' retrieved from /home/airflow/.local/lib/python3.12/site-packages/airflow/example_dags/example_kubernetes_executor.py
[2025-04-19T08:40:17.824+0000] {logging_mixin.py:190} INFO - [2025-04-19T08:40:17.823+0000] {dag.py:3239} INFO - Sync 1 DAGs
[2025-04-19T08:40:17.840+0000] {logging_mixin.py:190} INFO - [2025-04-19T08:40:17.840+0000] {dag.py:4180} INFO - Setting next_dagrun for example_kubernetes_executor to None, run_after=None
[2025-04-19T08:40:17.857+0000] {processor.py:208} INFO - Processing /home/airflow/.local/lib/python3.12/site-packages/airflow/example_dags/example_kubernetes_executor.py took 0.116 seconds
[2025-04-19T08:40:48.420+0000] {processor.py:186} INFO - Started process (PID=440) to work on /home/airflow/.local/lib/python3.12/site-packages/airflow/example_dags/example_kubernetes_executor.py
[2025-04-19T08:40:48.421+0000] {processor.py:914} INFO - Processing file /home/airflow/.local/lib/python3.12/site-packages/airflow/example_dags/example_kubernetes_executor.py for tasks to queue
[2025-04-19T08:40:48.423+0000] {logging_mixin.py:190} INFO - [2025-04-19T08:40:48.422+0000] {dagbag.py:588} INFO - Filling up the DagBag from /home/airflow/.local/lib/python3.12/site-packages/airflow/example_dags/example_kubernetes_executor.py
[2025-04-19T08:40:48.439+0000] {processor.py:925} INFO - DAG(s) 'example_kubernetes_executor' retrieved from /home/airflow/.local/lib/python3.12/site-packages/airflow/example_dags/example_kubernetes_executor.py
[2025-04-19T08:40:48.481+0000] {logging_mixin.py:190} INFO - [2025-04-19T08:40:48.481+0000] {dag.py:3239} INFO - Sync 1 DAGs
[2025-04-19T08:40:48.499+0000] {logging_mixin.py:190} INFO - [2025-04-19T08:40:48.498+0000] {dag.py:4180} INFO - Setting next_dagrun for example_kubernetes_executor to None, run_after=None
[2025-04-19T08:40:48.517+0000] {processor.py:208} INFO - Processing /home/airflow/.local/lib/python3.12/site-packages/airflow/example_dags/example_kubernetes_executor.py took 0.104 seconds
[2025-04-19T08:41:18.893+0000] {processor.py:186} INFO - Started process (PID=502) to work on /home/airflow/.local/lib/python3.12/site-packages/airflow/example_dags/example_kubernetes_executor.py
[2025-04-19T08:41:18.898+0000] {processor.py:914} INFO - Processing file /home/airflow/.local/lib/python3.12/site-packages/airflow/example_dags/example_kubernetes_executor.py for tasks to queue
[2025-04-19T08:41:18.905+0000] {logging_mixin.py:190} INFO - [2025-04-19T08:41:18.904+0000] {dagbag.py:588} INFO - Filling up the DagBag from /home/airflow/.local/lib/python3.12/site-packages/airflow/example_dags/example_kubernetes_executor.py
[2025-04-19T08:41:18.951+0000] {processor.py:925} INFO - DAG(s) 'example_kubernetes_executor' retrieved from /home/airflow/.local/lib/python3.12/site-packages/airflow/example_dags/example_kubernetes_executor.py
[2025-04-19T08:41:19.034+0000] {logging_mixin.py:190} INFO - [2025-04-19T08:41:19.034+0000] {dag.py:3239} INFO - Sync 1 DAGs
[2025-04-19T08:41:19.078+0000] {logging_mixin.py:190} INFO - [2025-04-19T08:41:19.078+0000] {dag.py:4180} INFO - Setting next_dagrun for example_kubernetes_executor to None, run_after=None
[2025-04-19T08:41:19.141+0000] {processor.py:208} INFO - Processing /home/airflow/.local/lib/python3.12/site-packages/airflow/example_dags/example_kubernetes_executor.py took 0.272 seconds
[2025-04-19T08:41:49.453+0000] {processor.py:186} INFO - Started process (PID=564) to work on /home/airflow/.local/lib/python3.12/site-packages/airflow/example_dags/example_kubernetes_executor.py
[2025-04-19T08:41:49.454+0000] {processor.py:914} INFO - Processing file /home/airflow/.local/lib/python3.12/site-packages/airflow/example_dags/example_kubernetes_executor.py for tasks to queue
[2025-04-19T08:41:49.463+0000] {logging_mixin.py:190} INFO - [2025-04-19T08:41:49.463+0000] {dagbag.py:588} INFO - Filling up the DagBag from /home/airflow/.local/lib/python3.12/site-packages/airflow/example_dags/example_kubernetes_executor.py
[2025-04-19T08:41:49.542+0000] {processor.py:925} INFO - DAG(s) 'example_kubernetes_executor' retrieved from /home/airflow/.local/lib/python3.12/site-packages/airflow/example_dags/example_kubernetes_executor.py
[2025-04-19T08:41:49.720+0000] {logging_mixin.py:190} INFO - [2025-04-19T08:41:49.720+0000] {dag.py:3239} INFO - Sync 1 DAGs
[2025-04-19T08:41:49.786+0000] {logging_mixin.py:190} INFO - [2025-04-19T08:41:49.786+0000] {dag.py:4180} INFO - Setting next_dagrun for example_kubernetes_executor to None, run_after=None
[2025-04-19T08:41:49.856+0000] {processor.py:208} INFO - Processing /home/airflow/.local/lib/python3.12/site-packages/airflow/example_dags/example_kubernetes_executor.py took 0.444 seconds
[2025-04-19T08:42:20.701+0000] {processor.py:186} INFO - Started process (PID=626) to work on /home/airflow/.local/lib/python3.12/site-packages/airflow/example_dags/example_kubernetes_executor.py
[2025-04-19T08:42:20.701+0000] {processor.py:914} INFO - Processing file /home/airflow/.local/lib/python3.12/site-packages/airflow/example_dags/example_kubernetes_executor.py for tasks to queue
[2025-04-19T08:42:20.703+0000] {logging_mixin.py:190} INFO - [2025-04-19T08:42:20.703+0000] {dagbag.py:588} INFO - Filling up the DagBag from /home/airflow/.local/lib/python3.12/site-packages/airflow/example_dags/example_kubernetes_executor.py
[2025-04-19T08:42:20.719+0000] {processor.py:925} INFO - DAG(s) 'example_kubernetes_executor' retrieved from /home/airflow/.local/lib/python3.12/site-packages/airflow/example_dags/example_kubernetes_executor.py
[2025-04-19T08:42:20.760+0000] {logging_mixin.py:190} INFO - [2025-04-19T08:42:20.760+0000] {dag.py:3239} INFO - Sync 1 DAGs
[2025-04-19T08:42:20.778+0000] {logging_mixin.py:190} INFO - [2025-04-19T08:42:20.778+0000] {dag.py:4180} INFO - Setting next_dagrun for example_kubernetes_executor to None, run_after=None
[2025-04-19T08:42:20.796+0000] {processor.py:208} INFO - Processing /home/airflow/.local/lib/python3.12/site-packages/airflow/example_dags/example_kubernetes_executor.py took 0.101 seconds
[2025-04-19T08:42:50.921+0000] {processor.py:186} INFO - Started process (PID=690) to work on /home/airflow/.local/lib/python3.12/site-packages/airflow/example_dags/example_kubernetes_executor.py
[2025-04-19T08:42:50.922+0000] {processor.py:914} INFO - Processing file /home/airflow/.local/lib/python3.12/site-packages/airflow/example_dags/example_kubernetes_executor.py for tasks to queue
[2025-04-19T08:42:50.924+0000] {logging_mixin.py:190} INFO - [2025-04-19T08:42:50.924+0000] {dagbag.py:588} INFO - Filling up the DagBag from /home/airflow/.local/lib/python3.12/site-packages/airflow/example_dags/example_kubernetes_executor.py
[2025-04-19T08:42:50.940+0000] {processor.py:925} INFO - DAG(s) 'example_kubernetes_executor' retrieved from /home/airflow/.local/lib/python3.12/site-packages/airflow/example_dags/example_kubernetes_executor.py
[2025-04-19T08:42:50.981+0000] {logging_mixin.py:190} INFO - [2025-04-19T08:42:50.981+0000] {dag.py:3239} INFO - Sync 1 DAGs
[2025-04-19T08:42:50.999+0000] {logging_mixin.py:190} INFO - [2025-04-19T08:42:50.999+0000] {dag.py:4180} INFO - Setting next_dagrun for example_kubernetes_executor to None, run_after=None
[2025-04-19T08:42:51.018+0000] {processor.py:208} INFO - Processing /home/airflow/.local/lib/python3.12/site-packages/airflow/example_dags/example_kubernetes_executor.py took 0.102 seconds
