[2025-04-19T08:38:00.347+0000] {processor.py:186} INFO - Started process (PID=110) to work on /home/airflow/.local/lib/python3.12/site-packages/airflow/example_dags/example_dag_decorator.py
[2025-04-19T08:38:00.349+0000] {processor.py:914} INFO - Processing file /home/airflow/.local/lib/python3.12/site-packages/airflow/example_dags/example_dag_decorator.py for tasks to queue
[2025-04-19T08:38:00.357+0000] {logging_mixin.py:190} INFO - [2025-04-19T08:38:00.354+0000] {dagbag.py:588} INFO - Filling up the DagBag from /home/airflow/.local/lib/python3.12/site-packages/airflow/example_dags/example_dag_decorator.py
[2025-04-19T08:38:00.400+0000] {processor.py:925} INFO - DAG(s) 'example_dag_decorator' retrieved from /home/airflow/.local/lib/python3.12/site-packages/airflow/example_dags/example_dag_decorator.py
[2025-04-19T08:38:00.931+0000] {logging_mixin.py:190} INFO - [2025-04-19T08:38:00.931+0000] {override.py:1911} INFO - Created Permission View: can delete on DAG:example_dag_decorator
[2025-04-19T08:38:00.969+0000] {logging_mixin.py:190} INFO - [2025-04-19T08:38:00.968+0000] {override.py:1911} INFO - Created Permission View: can read on DAG:example_dag_decorator
[2025-04-19T08:38:00.984+0000] {logging_mixin.py:190} INFO - [2025-04-19T08:38:00.983+0000] {override.py:1911} INFO - Created Permission View: can edit on DAG:example_dag_decorator
[2025-04-19T08:38:01.006+0000] {logging_mixin.py:190} INFO - [2025-04-19T08:38:01.005+0000] {override.py:1911} INFO - Created Permission View: can delete on DAG Run:example_dag_decorator
[2025-04-19T08:38:01.037+0000] {logging_mixin.py:190} INFO - [2025-04-19T08:38:01.037+0000] {override.py:1911} INFO - Created Permission View: can read on DAG Run:example_dag_decorator
[2025-04-19T08:38:01.071+0000] {logging_mixin.py:190} INFO - [2025-04-19T08:38:01.071+0000] {override.py:1911} INFO - Created Permission View: can create on DAG Run:example_dag_decorator
[2025-04-19T08:38:01.104+0000] {logging_mixin.py:190} INFO - [2025-04-19T08:38:01.104+0000] {override.py:1911} INFO - Created Permission View: menu access on DAG Run:example_dag_decorator
[2025-04-19T08:38:01.104+0000] {logging_mixin.py:190} INFO - [2025-04-19T08:38:01.104+0000] {dag.py:3239} INFO - Sync 1 DAGs
[2025-04-19T08:38:01.164+0000] {logging_mixin.py:190} INFO - [2025-04-19T08:38:01.164+0000] {dag.py:3262} INFO - Creating ORM DAG for example_dag_decorator
[2025-04-19T08:38:01.173+0000] {logging_mixin.py:190} INFO - [2025-04-19T08:38:01.172+0000] {dag.py:4180} INFO - Setting next_dagrun for example_dag_decorator to None, run_after=None
[2025-04-19T08:38:01.219+0000] {processor.py:208} INFO - Processing /home/airflow/.local/lib/python3.12/site-packages/airflow/example_dags/example_dag_decorator.py took 0.887 seconds
[2025-04-19T08:38:31.962+0000] {processor.py:186} INFO - Started process (PID=173) to work on /home/airflow/.local/lib/python3.12/site-packages/airflow/example_dags/example_dag_decorator.py
[2025-04-19T08:38:31.964+0000] {processor.py:914} INFO - Processing file /home/airflow/.local/lib/python3.12/site-packages/airflow/example_dags/example_dag_decorator.py for tasks to queue
[2025-04-19T08:38:31.968+0000] {logging_mixin.py:190} INFO - [2025-04-19T08:38:31.967+0000] {dagbag.py:588} INFO - Filling up the DagBag from /home/airflow/.local/lib/python3.12/site-packages/airflow/example_dags/example_dag_decorator.py
[2025-04-19T08:38:31.985+0000] {processor.py:925} INFO - DAG(s) 'example_dag_decorator' retrieved from /home/airflow/.local/lib/python3.12/site-packages/airflow/example_dags/example_dag_decorator.py
[2025-04-19T08:38:32.151+0000] {logging_mixin.py:190} INFO - [2025-04-19T08:38:32.151+0000] {dag.py:3239} INFO - Sync 1 DAGs
[2025-04-19T08:38:32.166+0000] {logging_mixin.py:190} INFO - [2025-04-19T08:38:32.166+0000] {dag.py:4180} INFO - Setting next_dagrun for example_dag_decorator to None, run_after=None
[2025-04-19T08:38:32.188+0000] {processor.py:208} INFO - Processing /home/airflow/.local/lib/python3.12/site-packages/airflow/example_dags/example_dag_decorator.py took 0.238 seconds
[2025-04-19T08:39:02.321+0000] {processor.py:186} INFO - Started process (PID=236) to work on /home/airflow/.local/lib/python3.12/site-packages/airflow/example_dags/example_dag_decorator.py
[2025-04-19T08:39:02.322+0000] {processor.py:914} INFO - Processing file /home/airflow/.local/lib/python3.12/site-packages/airflow/example_dags/example_dag_decorator.py for tasks to queue
[2025-04-19T08:39:02.324+0000] {logging_mixin.py:190} INFO - [2025-04-19T08:39:02.324+0000] {dagbag.py:588} INFO - Filling up the DagBag from /home/airflow/.local/lib/python3.12/site-packages/airflow/example_dags/example_dag_decorator.py
[2025-04-19T08:39:02.336+0000] {processor.py:925} INFO - DAG(s) 'example_dag_decorator' retrieved from /home/airflow/.local/lib/python3.12/site-packages/airflow/example_dags/example_dag_decorator.py
[2025-04-19T08:39:02.470+0000] {logging_mixin.py:190} INFO - [2025-04-19T08:39:02.470+0000] {dag.py:3239} INFO - Sync 1 DAGs
[2025-04-19T08:39:02.485+0000] {logging_mixin.py:190} INFO - [2025-04-19T08:39:02.485+0000] {dag.py:4180} INFO - Setting next_dagrun for example_dag_decorator to None, run_after=None
[2025-04-19T08:39:02.503+0000] {processor.py:208} INFO - Processing /home/airflow/.local/lib/python3.12/site-packages/airflow/example_dags/example_dag_decorator.py took 0.188 seconds
[2025-04-19T08:39:33.097+0000] {processor.py:186} INFO - Started process (PID=299) to work on /home/airflow/.local/lib/python3.12/site-packages/airflow/example_dags/example_dag_decorator.py
[2025-04-19T08:39:33.098+0000] {processor.py:914} INFO - Processing file /home/airflow/.local/lib/python3.12/site-packages/airflow/example_dags/example_dag_decorator.py for tasks to queue
[2025-04-19T08:39:33.104+0000] {logging_mixin.py:190} INFO - [2025-04-19T08:39:33.103+0000] {dagbag.py:588} INFO - Filling up the DagBag from /home/airflow/.local/lib/python3.12/site-packages/airflow/example_dags/example_dag_decorator.py
[2025-04-19T08:39:33.118+0000] {processor.py:925} INFO - DAG(s) 'example_dag_decorator' retrieved from /home/airflow/.local/lib/python3.12/site-packages/airflow/example_dags/example_dag_decorator.py
[2025-04-19T08:39:33.331+0000] {logging_mixin.py:190} INFO - [2025-04-19T08:39:33.330+0000] {dag.py:3239} INFO - Sync 1 DAGs
[2025-04-19T08:39:33.345+0000] {logging_mixin.py:190} INFO - [2025-04-19T08:39:33.345+0000] {dag.py:4180} INFO - Setting next_dagrun for example_dag_decorator to None, run_after=None
[2025-04-19T08:39:33.364+0000] {processor.py:208} INFO - Processing /home/airflow/.local/lib/python3.12/site-packages/airflow/example_dags/example_dag_decorator.py took 0.277 seconds
[2025-04-19T08:40:03.456+0000] {processor.py:186} INFO - Started process (PID=361) to work on /home/airflow/.local/lib/python3.12/site-packages/airflow/example_dags/example_dag_decorator.py
[2025-04-19T08:40:03.459+0000] {processor.py:914} INFO - Processing file /home/airflow/.local/lib/python3.12/site-packages/airflow/example_dags/example_dag_decorator.py for tasks to queue
[2025-04-19T08:40:03.465+0000] {logging_mixin.py:190} INFO - [2025-04-19T08:40:03.464+0000] {dagbag.py:588} INFO - Filling up the DagBag from /home/airflow/.local/lib/python3.12/site-packages/airflow/example_dags/example_dag_decorator.py
[2025-04-19T08:40:03.496+0000] {processor.py:925} INFO - DAG(s) 'example_dag_decorator' retrieved from /home/airflow/.local/lib/python3.12/site-packages/airflow/example_dags/example_dag_decorator.py
[2025-04-19T08:40:03.658+0000] {logging_mixin.py:190} INFO - [2025-04-19T08:40:03.658+0000] {dag.py:3239} INFO - Sync 1 DAGs
[2025-04-19T08:40:03.678+0000] {logging_mixin.py:190} INFO - [2025-04-19T08:40:03.678+0000] {dag.py:4180} INFO - Setting next_dagrun for example_dag_decorator to None, run_after=None
[2025-04-19T08:40:03.707+0000] {processor.py:208} INFO - Processing /home/airflow/.local/lib/python3.12/site-packages/airflow/example_dags/example_dag_decorator.py took 0.270 seconds
[2025-04-19T08:40:34.037+0000] {processor.py:186} INFO - Started process (PID=424) to work on /home/airflow/.local/lib/python3.12/site-packages/airflow/example_dags/example_dag_decorator.py
[2025-04-19T08:40:34.037+0000] {processor.py:914} INFO - Processing file /home/airflow/.local/lib/python3.12/site-packages/airflow/example_dags/example_dag_decorator.py for tasks to queue
[2025-04-19T08:40:34.040+0000] {logging_mixin.py:190} INFO - [2025-04-19T08:40:34.039+0000] {dagbag.py:588} INFO - Filling up the DagBag from /home/airflow/.local/lib/python3.12/site-packages/airflow/example_dags/example_dag_decorator.py
[2025-04-19T08:40:34.050+0000] {processor.py:925} INFO - DAG(s) 'example_dag_decorator' retrieved from /home/airflow/.local/lib/python3.12/site-packages/airflow/example_dags/example_dag_decorator.py
[2025-04-19T08:40:34.144+0000] {logging_mixin.py:190} INFO - [2025-04-19T08:40:34.143+0000] {dag.py:3239} INFO - Sync 1 DAGs
[2025-04-19T08:40:34.154+0000] {logging_mixin.py:190} INFO - [2025-04-19T08:40:34.154+0000] {dag.py:4180} INFO - Setting next_dagrun for example_dag_decorator to None, run_after=None
[2025-04-19T08:40:34.174+0000] {processor.py:208} INFO - Processing /home/airflow/.local/lib/python3.12/site-packages/airflow/example_dags/example_dag_decorator.py took 0.142 seconds
[2025-04-19T08:41:04.387+0000] {processor.py:186} INFO - Started process (PID=486) to work on /home/airflow/.local/lib/python3.12/site-packages/airflow/example_dags/example_dag_decorator.py
[2025-04-19T08:41:04.388+0000] {processor.py:914} INFO - Processing file /home/airflow/.local/lib/python3.12/site-packages/airflow/example_dags/example_dag_decorator.py for tasks to queue
[2025-04-19T08:41:04.392+0000] {logging_mixin.py:190} INFO - [2025-04-19T08:41:04.392+0000] {dagbag.py:588} INFO - Filling up the DagBag from /home/airflow/.local/lib/python3.12/site-packages/airflow/example_dags/example_dag_decorator.py
[2025-04-19T08:41:04.409+0000] {processor.py:925} INFO - DAG(s) 'example_dag_decorator' retrieved from /home/airflow/.local/lib/python3.12/site-packages/airflow/example_dags/example_dag_decorator.py
[2025-04-19T08:41:04.524+0000] {logging_mixin.py:190} INFO - [2025-04-19T08:41:04.524+0000] {dag.py:3239} INFO - Sync 1 DAGs
[2025-04-19T08:41:04.534+0000] {logging_mixin.py:190} INFO - [2025-04-19T08:41:04.534+0000] {dag.py:4180} INFO - Setting next_dagrun for example_dag_decorator to None, run_after=None
[2025-04-19T08:41:04.548+0000] {processor.py:208} INFO - Processing /home/airflow/.local/lib/python3.12/site-packages/airflow/example_dags/example_dag_decorator.py took 0.170 seconds
[2025-04-19T08:41:35.264+0000] {processor.py:186} INFO - Started process (PID=548) to work on /home/airflow/.local/lib/python3.12/site-packages/airflow/example_dags/example_dag_decorator.py
[2025-04-19T08:41:35.264+0000] {processor.py:914} INFO - Processing file /home/airflow/.local/lib/python3.12/site-packages/airflow/example_dags/example_dag_decorator.py for tasks to queue
[2025-04-19T08:41:35.266+0000] {logging_mixin.py:190} INFO - [2025-04-19T08:41:35.266+0000] {dagbag.py:588} INFO - Filling up the DagBag from /home/airflow/.local/lib/python3.12/site-packages/airflow/example_dags/example_dag_decorator.py
[2025-04-19T08:41:35.277+0000] {processor.py:925} INFO - DAG(s) 'example_dag_decorator' retrieved from /home/airflow/.local/lib/python3.12/site-packages/airflow/example_dags/example_dag_decorator.py
[2025-04-19T08:41:35.371+0000] {logging_mixin.py:190} INFO - [2025-04-19T08:41:35.371+0000] {dag.py:3239} INFO - Sync 1 DAGs
[2025-04-19T08:41:35.381+0000] {logging_mixin.py:190} INFO - [2025-04-19T08:41:35.381+0000] {dag.py:4180} INFO - Setting next_dagrun for example_dag_decorator to None, run_after=None
[2025-04-19T08:41:35.396+0000] {processor.py:208} INFO - Processing /home/airflow/.local/lib/python3.12/site-packages/airflow/example_dags/example_dag_decorator.py took 0.137 seconds
[2025-04-19T08:42:05.946+0000] {processor.py:186} INFO - Started process (PID=611) to work on /home/airflow/.local/lib/python3.12/site-packages/airflow/example_dags/example_dag_decorator.py
[2025-04-19T08:42:05.946+0000] {processor.py:914} INFO - Processing file /home/airflow/.local/lib/python3.12/site-packages/airflow/example_dags/example_dag_decorator.py for tasks to queue
[2025-04-19T08:42:05.949+0000] {logging_mixin.py:190} INFO - [2025-04-19T08:42:05.949+0000] {dagbag.py:588} INFO - Filling up the DagBag from /home/airflow/.local/lib/python3.12/site-packages/airflow/example_dags/example_dag_decorator.py
[2025-04-19T08:42:05.960+0000] {processor.py:925} INFO - DAG(s) 'example_dag_decorator' retrieved from /home/airflow/.local/lib/python3.12/site-packages/airflow/example_dags/example_dag_decorator.py
[2025-04-19T08:42:06.061+0000] {logging_mixin.py:190} INFO - [2025-04-19T08:42:06.060+0000] {dag.py:3239} INFO - Sync 1 DAGs
[2025-04-19T08:42:06.071+0000] {logging_mixin.py:190} INFO - [2025-04-19T08:42:06.071+0000] {dag.py:4180} INFO - Setting next_dagrun for example_dag_decorator to None, run_after=None
[2025-04-19T08:42:06.085+0000] {processor.py:208} INFO - Processing /home/airflow/.local/lib/python3.12/site-packages/airflow/example_dags/example_dag_decorator.py took 0.144 seconds
[2025-04-19T08:42:36.285+0000] {processor.py:186} INFO - Started process (PID=675) to work on /home/airflow/.local/lib/python3.12/site-packages/airflow/example_dags/example_dag_decorator.py
[2025-04-19T08:42:36.285+0000] {processor.py:914} INFO - Processing file /home/airflow/.local/lib/python3.12/site-packages/airflow/example_dags/example_dag_decorator.py for tasks to queue
[2025-04-19T08:42:36.287+0000] {logging_mixin.py:190} INFO - [2025-04-19T08:42:36.287+0000] {dagbag.py:588} INFO - Filling up the DagBag from /home/airflow/.local/lib/python3.12/site-packages/airflow/example_dags/example_dag_decorator.py
[2025-04-19T08:42:36.296+0000] {processor.py:925} INFO - DAG(s) 'example_dag_decorator' retrieved from /home/airflow/.local/lib/python3.12/site-packages/airflow/example_dags/example_dag_decorator.py
[2025-04-19T08:42:36.391+0000] {logging_mixin.py:190} INFO - [2025-04-19T08:42:36.390+0000] {dag.py:3239} INFO - Sync 1 DAGs
[2025-04-19T08:42:36.400+0000] {logging_mixin.py:190} INFO - [2025-04-19T08:42:36.400+0000] {dag.py:4180} INFO - Setting next_dagrun for example_dag_decorator to None, run_after=None
[2025-04-19T08:42:36.415+0000] {processor.py:208} INFO - Processing /home/airflow/.local/lib/python3.12/site-packages/airflow/example_dags/example_dag_decorator.py took 0.135 seconds
[2025-04-19T08:43:07.162+0000] {processor.py:186} INFO - Started process (PID=738) to work on /home/airflow/.local/lib/python3.12/site-packages/airflow/example_dags/example_dag_decorator.py
[2025-04-19T08:43:07.163+0000] {processor.py:914} INFO - Processing file /home/airflow/.local/lib/python3.12/site-packages/airflow/example_dags/example_dag_decorator.py for tasks to queue
[2025-04-19T08:43:07.166+0000] {logging_mixin.py:190} INFO - [2025-04-19T08:43:07.165+0000] {dagbag.py:588} INFO - Filling up the DagBag from /home/airflow/.local/lib/python3.12/site-packages/airflow/example_dags/example_dag_decorator.py
[2025-04-19T08:43:07.179+0000] {processor.py:925} INFO - DAG(s) 'example_dag_decorator' retrieved from /home/airflow/.local/lib/python3.12/site-packages/airflow/example_dags/example_dag_decorator.py
[2025-04-19T08:43:07.282+0000] {logging_mixin.py:190} INFO - [2025-04-19T08:43:07.281+0000] {dag.py:3239} INFO - Sync 1 DAGs
[2025-04-19T08:43:07.292+0000] {logging_mixin.py:190} INFO - [2025-04-19T08:43:07.292+0000] {dag.py:4180} INFO - Setting next_dagrun for example_dag_decorator to None, run_after=None
[2025-04-19T08:43:07.306+0000] {processor.py:208} INFO - Processing /home/airflow/.local/lib/python3.12/site-packages/airflow/example_dags/example_dag_decorator.py took 0.150 seconds
