[2025-04-19T08:37:37.929+0000] {processor.py:186} INFO - Started process (PID=75) to work on /home/airflow/.local/lib/python3.12/site-packages/airflow/example_dags/example_python_operator.py
[2025-04-19T08:37:37.937+0000] {processor.py:914} INFO - Processing file /home/airflow/.local/lib/python3.12/site-packages/airflow/example_dags/example_python_operator.py for tasks to queue
[2025-04-19T08:37:37.946+0000] {logging_mixin.py:190} INFO - [2025-04-19T08:37:37.946+0000] {dagbag.py:588} INFO - Filling up the DagBag from /home/airflow/.local/lib/python3.12/site-packages/airflow/example_dags/example_python_operator.py
[2025-04-19T08:37:38.082+0000] {processor.py:925} INFO - DAG(s) 'example_python_operator' retrieved from /home/airflow/.local/lib/python3.12/site-packages/airflow/example_dags/example_python_operator.py
[2025-04-19T08:37:38.634+0000] {logging_mixin.py:190} INFO - [2025-04-19T08:37:38.633+0000] {override.py:1911} INFO - Created Permission View: can delete on DAG:example_python_operator
[2025-04-19T08:37:38.676+0000] {logging_mixin.py:190} INFO - [2025-04-19T08:37:38.675+0000] {override.py:1911} INFO - Created Permission View: can read on DAG:example_python_operator
[2025-04-19T08:37:38.711+0000] {logging_mixin.py:190} INFO - [2025-04-19T08:37:38.708+0000] {override.py:1911} INFO - Created Permission View: can edit on DAG:example_python_operator
[2025-04-19T08:37:38.741+0000] {logging_mixin.py:190} INFO - [2025-04-19T08:37:38.740+0000] {override.py:1911} INFO - Created Permission View: can delete on DAG Run:example_python_operator
[2025-04-19T08:37:38.794+0000] {logging_mixin.py:190} INFO - [2025-04-19T08:37:38.793+0000] {override.py:1911} INFO - Created Permission View: can read on DAG Run:example_python_operator
[2025-04-19T08:37:38.860+0000] {logging_mixin.py:190} INFO - [2025-04-19T08:37:38.859+0000] {override.py:1911} INFO - Created Permission View: can create on DAG Run:example_python_operator
[2025-04-19T08:37:38.921+0000] {logging_mixin.py:190} INFO - [2025-04-19T08:37:38.919+0000] {override.py:1911} INFO - Created Permission View: menu access on DAG Run:example_python_operator
[2025-04-19T08:37:38.921+0000] {logging_mixin.py:190} INFO - [2025-04-19T08:37:38.921+0000] {dag.py:3239} INFO - Sync 1 DAGs
[2025-04-19T08:37:38.977+0000] {logging_mixin.py:190} INFO - [2025-04-19T08:37:38.976+0000] {dag.py:3262} INFO - Creating ORM DAG for example_python_operator
[2025-04-19T08:37:38.977+0000] {logging_mixin.py:190} INFO - [2025-04-19T08:37:38.977+0000] {dag.py:4180} INFO - Setting next_dagrun for example_python_operator to None, run_after=None
[2025-04-19T08:37:39.026+0000] {processor.py:208} INFO - Processing /home/airflow/.local/lib/python3.12/site-packages/airflow/example_dags/example_python_operator.py took 1.143 seconds
[2025-04-19T08:38:20.202+0000] {processor.py:186} INFO - Started process (PID=138) to work on /home/airflow/.local/lib/python3.12/site-packages/airflow/example_dags/example_python_operator.py
[2025-04-19T08:38:20.203+0000] {processor.py:914} INFO - Processing file /home/airflow/.local/lib/python3.12/site-packages/airflow/example_dags/example_python_operator.py for tasks to queue
[2025-04-19T08:38:20.205+0000] {logging_mixin.py:190} INFO - [2025-04-19T08:38:20.205+0000] {dagbag.py:588} INFO - Filling up the DagBag from /home/airflow/.local/lib/python3.12/site-packages/airflow/example_dags/example_python_operator.py
[2025-04-19T08:38:20.218+0000] {processor.py:925} INFO - DAG(s) 'example_python_operator' retrieved from /home/airflow/.local/lib/python3.12/site-packages/airflow/example_dags/example_python_operator.py
[2025-04-19T08:38:20.243+0000] {logging_mixin.py:190} INFO - [2025-04-19T08:38:20.242+0000] {dag.py:3239} INFO - Sync 1 DAGs
[2025-04-19T08:38:20.274+0000] {logging_mixin.py:190} INFO - [2025-04-19T08:38:20.274+0000] {dag.py:4180} INFO - Setting next_dagrun for example_python_operator to None, run_after=None
[2025-04-19T08:38:20.299+0000] {processor.py:208} INFO - Processing /home/airflow/.local/lib/python3.12/site-packages/airflow/example_dags/example_python_operator.py took 0.104 seconds
[2025-04-19T08:38:53.680+0000] {processor.py:186} INFO - Started process (PID=201) to work on /home/airflow/.local/lib/python3.12/site-packages/airflow/example_dags/example_python_operator.py
[2025-04-19T08:38:53.682+0000] {processor.py:914} INFO - Processing file /home/airflow/.local/lib/python3.12/site-packages/airflow/example_dags/example_python_operator.py for tasks to queue
[2025-04-19T08:38:53.687+0000] {logging_mixin.py:190} INFO - [2025-04-19T08:38:53.687+0000] {dagbag.py:588} INFO - Filling up the DagBag from /home/airflow/.local/lib/python3.12/site-packages/airflow/example_dags/example_python_operator.py
[2025-04-19T08:38:53.737+0000] {processor.py:925} INFO - DAG(s) 'example_python_operator' retrieved from /home/airflow/.local/lib/python3.12/site-packages/airflow/example_dags/example_python_operator.py
[2025-04-19T08:38:53.848+0000] {logging_mixin.py:190} INFO - [2025-04-19T08:38:53.846+0000] {dag.py:3239} INFO - Sync 1 DAGs
[2025-04-19T08:38:53.911+0000] {logging_mixin.py:190} INFO - [2025-04-19T08:38:53.906+0000] {dag.py:4180} INFO - Setting next_dagrun for example_python_operator to None, run_after=None
[2025-04-19T08:38:53.974+0000] {processor.py:208} INFO - Processing /home/airflow/.local/lib/python3.12/site-packages/airflow/example_dags/example_python_operator.py took 0.322 seconds
[2025-04-19T08:39:24.110+0000] {processor.py:186} INFO - Started process (PID=264) to work on /home/airflow/.local/lib/python3.12/site-packages/airflow/example_dags/example_python_operator.py
[2025-04-19T08:39:24.111+0000] {processor.py:914} INFO - Processing file /home/airflow/.local/lib/python3.12/site-packages/airflow/example_dags/example_python_operator.py for tasks to queue
[2025-04-19T08:39:24.115+0000] {logging_mixin.py:190} INFO - [2025-04-19T08:39:24.114+0000] {dagbag.py:588} INFO - Filling up the DagBag from /home/airflow/.local/lib/python3.12/site-packages/airflow/example_dags/example_python_operator.py
[2025-04-19T08:39:24.145+0000] {processor.py:925} INFO - DAG(s) 'example_python_operator' retrieved from /home/airflow/.local/lib/python3.12/site-packages/airflow/example_dags/example_python_operator.py
[2025-04-19T08:39:24.212+0000] {logging_mixin.py:190} INFO - [2025-04-19T08:39:24.211+0000] {dag.py:3239} INFO - Sync 1 DAGs
[2025-04-19T08:39:24.245+0000] {logging_mixin.py:190} INFO - [2025-04-19T08:39:24.244+0000] {dag.py:4180} INFO - Setting next_dagrun for example_python_operator to None, run_after=None
[2025-04-19T08:39:24.286+0000] {processor.py:208} INFO - Processing /home/airflow/.local/lib/python3.12/site-packages/airflow/example_dags/example_python_operator.py took 0.183 seconds
[2025-04-19T08:39:55.376+0000] {processor.py:186} INFO - Started process (PID=324) to work on /home/airflow/.local/lib/python3.12/site-packages/airflow/example_dags/example_python_operator.py
[2025-04-19T08:39:55.377+0000] {processor.py:914} INFO - Processing file /home/airflow/.local/lib/python3.12/site-packages/airflow/example_dags/example_python_operator.py for tasks to queue
[2025-04-19T08:39:55.379+0000] {logging_mixin.py:190} INFO - [2025-04-19T08:39:55.379+0000] {dagbag.py:588} INFO - Filling up the DagBag from /home/airflow/.local/lib/python3.12/site-packages/airflow/example_dags/example_python_operator.py
[2025-04-19T08:39:55.393+0000] {processor.py:925} INFO - DAG(s) 'example_python_operator' retrieved from /home/airflow/.local/lib/python3.12/site-packages/airflow/example_dags/example_python_operator.py
[2025-04-19T08:39:55.440+0000] {logging_mixin.py:190} INFO - [2025-04-19T08:39:55.440+0000] {dag.py:3239} INFO - Sync 1 DAGs
[2025-04-19T08:39:55.457+0000] {logging_mixin.py:190} INFO - [2025-04-19T08:39:55.457+0000] {dag.py:4180} INFO - Setting next_dagrun for example_python_operator to None, run_after=None
[2025-04-19T08:39:55.473+0000] {processor.py:208} INFO - Processing /home/airflow/.local/lib/python3.12/site-packages/airflow/example_dags/example_python_operator.py took 0.102 seconds
[2025-04-19T08:40:25.640+0000] {processor.py:186} INFO - Started process (PID=384) to work on /home/airflow/.local/lib/python3.12/site-packages/airflow/example_dags/example_python_operator.py
[2025-04-19T08:40:25.641+0000] {processor.py:914} INFO - Processing file /home/airflow/.local/lib/python3.12/site-packages/airflow/example_dags/example_python_operator.py for tasks to queue
[2025-04-19T08:40:25.644+0000] {logging_mixin.py:190} INFO - [2025-04-19T08:40:25.643+0000] {dagbag.py:588} INFO - Filling up the DagBag from /home/airflow/.local/lib/python3.12/site-packages/airflow/example_dags/example_python_operator.py
[2025-04-19T08:40:25.663+0000] {processor.py:925} INFO - DAG(s) 'example_python_operator' retrieved from /home/airflow/.local/lib/python3.12/site-packages/airflow/example_dags/example_python_operator.py
[2025-04-19T08:40:25.688+0000] {logging_mixin.py:190} INFO - [2025-04-19T08:40:25.688+0000] {dag.py:3239} INFO - Sync 1 DAGs
[2025-04-19T08:40:25.705+0000] {logging_mixin.py:190} INFO - [2025-04-19T08:40:25.704+0000] {dag.py:4180} INFO - Setting next_dagrun for example_python_operator to None, run_after=None
[2025-04-19T08:40:25.723+0000] {processor.py:208} INFO - Processing /home/airflow/.local/lib/python3.12/site-packages/airflow/example_dags/example_python_operator.py took 0.089 seconds
[2025-04-19T08:40:56.331+0000] {processor.py:186} INFO - Started process (PID=447) to work on /home/airflow/.local/lib/python3.12/site-packages/airflow/example_dags/example_python_operator.py
[2025-04-19T08:40:56.334+0000] {processor.py:914} INFO - Processing file /home/airflow/.local/lib/python3.12/site-packages/airflow/example_dags/example_python_operator.py for tasks to queue
[2025-04-19T08:40:56.346+0000] {logging_mixin.py:190} INFO - [2025-04-19T08:40:56.345+0000] {dagbag.py:588} INFO - Filling up the DagBag from /home/airflow/.local/lib/python3.12/site-packages/airflow/example_dags/example_python_operator.py
[2025-04-19T08:40:56.371+0000] {processor.py:925} INFO - DAG(s) 'example_python_operator' retrieved from /home/airflow/.local/lib/python3.12/site-packages/airflow/example_dags/example_python_operator.py
[2025-04-19T08:40:56.411+0000] {logging_mixin.py:190} INFO - [2025-04-19T08:40:56.411+0000] {dag.py:3239} INFO - Sync 1 DAGs
[2025-04-19T08:40:56.432+0000] {logging_mixin.py:190} INFO - [2025-04-19T08:40:56.432+0000] {dag.py:4180} INFO - Setting next_dagrun for example_python_operator to None, run_after=None
[2025-04-19T08:40:56.455+0000] {processor.py:208} INFO - Processing /home/airflow/.local/lib/python3.12/site-packages/airflow/example_dags/example_python_operator.py took 0.135 seconds
[2025-04-19T08:41:26.905+0000] {processor.py:186} INFO - Started process (PID=509) to work on /home/airflow/.local/lib/python3.12/site-packages/airflow/example_dags/example_python_operator.py
[2025-04-19T08:41:26.906+0000] {processor.py:914} INFO - Processing file /home/airflow/.local/lib/python3.12/site-packages/airflow/example_dags/example_python_operator.py for tasks to queue
[2025-04-19T08:41:26.908+0000] {logging_mixin.py:190} INFO - [2025-04-19T08:41:26.908+0000] {dagbag.py:588} INFO - Filling up the DagBag from /home/airflow/.local/lib/python3.12/site-packages/airflow/example_dags/example_python_operator.py
[2025-04-19T08:41:26.924+0000] {processor.py:925} INFO - DAG(s) 'example_python_operator' retrieved from /home/airflow/.local/lib/python3.12/site-packages/airflow/example_dags/example_python_operator.py
[2025-04-19T08:41:26.952+0000] {logging_mixin.py:190} INFO - [2025-04-19T08:41:26.951+0000] {dag.py:3239} INFO - Sync 1 DAGs
[2025-04-19T08:41:26.967+0000] {logging_mixin.py:190} INFO - [2025-04-19T08:41:26.967+0000] {dag.py:4180} INFO - Setting next_dagrun for example_python_operator to None, run_after=None
[2025-04-19T08:41:26.990+0000] {processor.py:208} INFO - Processing /home/airflow/.local/lib/python3.12/site-packages/airflow/example_dags/example_python_operator.py took 0.091 seconds
[2025-04-19T08:41:57.478+0000] {processor.py:186} INFO - Started process (PID=571) to work on /home/airflow/.local/lib/python3.12/site-packages/airflow/example_dags/example_python_operator.py
[2025-04-19T08:41:57.479+0000] {processor.py:914} INFO - Processing file /home/airflow/.local/lib/python3.12/site-packages/airflow/example_dags/example_python_operator.py for tasks to queue
[2025-04-19T08:41:57.482+0000] {logging_mixin.py:190} INFO - [2025-04-19T08:41:57.482+0000] {dagbag.py:588} INFO - Filling up the DagBag from /home/airflow/.local/lib/python3.12/site-packages/airflow/example_dags/example_python_operator.py
[2025-04-19T08:41:57.497+0000] {processor.py:925} INFO - DAG(s) 'example_python_operator' retrieved from /home/airflow/.local/lib/python3.12/site-packages/airflow/example_dags/example_python_operator.py
[2025-04-19T08:41:57.523+0000] {logging_mixin.py:190} INFO - [2025-04-19T08:41:57.523+0000] {dag.py:3239} INFO - Sync 1 DAGs
[2025-04-19T08:41:57.540+0000] {logging_mixin.py:190} INFO - [2025-04-19T08:41:57.540+0000] {dag.py:4180} INFO - Setting next_dagrun for example_python_operator to None, run_after=None
[2025-04-19T08:41:57.557+0000] {processor.py:208} INFO - Processing /home/airflow/.local/lib/python3.12/site-packages/airflow/example_dags/example_python_operator.py took 0.085 seconds
[2025-04-19T08:42:27.922+0000] {processor.py:186} INFO - Started process (PID=634) to work on /home/airflow/.local/lib/python3.12/site-packages/airflow/example_dags/example_python_operator.py
[2025-04-19T08:42:27.927+0000] {processor.py:914} INFO - Processing file /home/airflow/.local/lib/python3.12/site-packages/airflow/example_dags/example_python_operator.py for tasks to queue
[2025-04-19T08:42:27.930+0000] {logging_mixin.py:190} INFO - [2025-04-19T08:42:27.930+0000] {dagbag.py:588} INFO - Filling up the DagBag from /home/airflow/.local/lib/python3.12/site-packages/airflow/example_dags/example_python_operator.py
[2025-04-19T08:42:27.944+0000] {processor.py:925} INFO - DAG(s) 'example_python_operator' retrieved from /home/airflow/.local/lib/python3.12/site-packages/airflow/example_dags/example_python_operator.py
[2025-04-19T08:42:27.977+0000] {logging_mixin.py:190} INFO - [2025-04-19T08:42:27.977+0000] {dag.py:3239} INFO - Sync 1 DAGs
[2025-04-19T08:42:28.000+0000] {logging_mixin.py:190} INFO - [2025-04-19T08:42:27.999+0000] {dag.py:4180} INFO - Setting next_dagrun for example_python_operator to None, run_after=None
[2025-04-19T08:42:28.034+0000] {processor.py:208} INFO - Processing /home/airflow/.local/lib/python3.12/site-packages/airflow/example_dags/example_python_operator.py took 0.138 seconds
[2025-04-19T08:42:58.519+0000] {processor.py:186} INFO - Started process (PID=698) to work on /home/airflow/.local/lib/python3.12/site-packages/airflow/example_dags/example_python_operator.py
[2025-04-19T08:42:58.520+0000] {processor.py:914} INFO - Processing file /home/airflow/.local/lib/python3.12/site-packages/airflow/example_dags/example_python_operator.py for tasks to queue
[2025-04-19T08:42:58.522+0000] {logging_mixin.py:190} INFO - [2025-04-19T08:42:58.522+0000] {dagbag.py:588} INFO - Filling up the DagBag from /home/airflow/.local/lib/python3.12/site-packages/airflow/example_dags/example_python_operator.py
[2025-04-19T08:42:58.538+0000] {processor.py:925} INFO - DAG(s) 'example_python_operator' retrieved from /home/airflow/.local/lib/python3.12/site-packages/airflow/example_dags/example_python_operator.py
[2025-04-19T08:42:58.564+0000] {logging_mixin.py:190} INFO - [2025-04-19T08:42:58.563+0000] {dag.py:3239} INFO - Sync 1 DAGs
[2025-04-19T08:42:58.584+0000] {logging_mixin.py:190} INFO - [2025-04-19T08:42:58.583+0000] {dag.py:4180} INFO - Setting next_dagrun for example_python_operator to None, run_after=None
[2025-04-19T08:42:58.629+0000] {processor.py:208} INFO - Processing /home/airflow/.local/lib/python3.12/site-packages/airflow/example_dags/example_python_operator.py took 0.117 seconds
