[2025-04-19T08:37:47.569+0000] {processor.py:186} INFO - Started process (PID=89) to work on /home/airflow/.local/lib/python3.12/site-packages/airflow/example_dags/example_xcom.py
[2025-04-19T08:37:47.570+0000] {processor.py:914} INFO - Processing file /home/airflow/.local/lib/python3.12/site-packages/airflow/example_dags/example_xcom.py for tasks to queue
[2025-04-19T08:37:47.592+0000] {logging_mixin.py:190} INFO - [2025-04-19T08:37:47.588+0000] {dagbag.py:588} INFO - Filling up the DagBag from /home/airflow/.local/lib/python3.12/site-packages/airflow/example_dags/example_xcom.py
[2025-04-19T08:37:47.643+0000] {processor.py:925} INFO - DAG(s) 'example_xcom' retrieved from /home/airflow/.local/lib/python3.12/site-packages/airflow/example_dags/example_xcom.py
[2025-04-19T08:37:48.228+0000] {logging_mixin.py:190} INFO - [2025-04-19T08:37:48.227+0000] {override.py:1911} INFO - Created Permission View: can delete on DAG:example_xcom
[2025-04-19T08:37:48.269+0000] {logging_mixin.py:190} INFO - [2025-04-19T08:37:48.269+0000] {override.py:1911} INFO - Created Permission View: can read on DAG:example_xcom
[2025-04-19T08:37:48.298+0000] {logging_mixin.py:190} INFO - [2025-04-19T08:37:48.296+0000] {override.py:1911} INFO - Created Permission View: can edit on DAG:example_xcom
[2025-04-19T08:37:48.327+0000] {logging_mixin.py:190} INFO - [2025-04-19T08:37:48.327+0000] {override.py:1911} INFO - Created Permission View: can delete on DAG Run:example_xcom
[2025-04-19T08:37:48.355+0000] {logging_mixin.py:190} INFO - [2025-04-19T08:37:48.354+0000] {override.py:1911} INFO - Created Permission View: can read on DAG Run:example_xcom
[2025-04-19T08:37:48.385+0000] {logging_mixin.py:190} INFO - [2025-04-19T08:37:48.385+0000] {override.py:1911} INFO - Created Permission View: can create on DAG Run:example_xcom
[2025-04-19T08:37:48.415+0000] {logging_mixin.py:190} INFO - [2025-04-19T08:37:48.415+0000] {override.py:1911} INFO - Created Permission View: menu access on DAG Run:example_xcom
[2025-04-19T08:37:48.416+0000] {logging_mixin.py:190} INFO - [2025-04-19T08:37:48.415+0000] {dag.py:3239} INFO - Sync 1 DAGs
[2025-04-19T08:37:48.466+0000] {logging_mixin.py:190} INFO - [2025-04-19T08:37:48.466+0000] {dag.py:3262} INFO - Creating ORM DAG for example_xcom
[2025-04-19T08:37:48.505+0000] {logging_mixin.py:190} INFO - [2025-04-19T08:37:48.505+0000] {dag.py:4180} INFO - Setting next_dagrun for example_xcom to 2021-01-01 00:00:00+00:00, run_after=2021-01-01 00:00:00+00:00
[2025-04-19T08:37:48.553+0000] {processor.py:208} INFO - Processing /home/airflow/.local/lib/python3.12/site-packages/airflow/example_dags/example_xcom.py took 1.019 seconds
[2025-04-19T08:38:21.064+0000] {processor.py:186} INFO - Started process (PID=152) to work on /home/airflow/.local/lib/python3.12/site-packages/airflow/example_dags/example_xcom.py
[2025-04-19T08:38:21.064+0000] {processor.py:914} INFO - Processing file /home/airflow/.local/lib/python3.12/site-packages/airflow/example_dags/example_xcom.py for tasks to queue
[2025-04-19T08:38:21.067+0000] {logging_mixin.py:190} INFO - [2025-04-19T08:38:21.066+0000] {dagbag.py:588} INFO - Filling up the DagBag from /home/airflow/.local/lib/python3.12/site-packages/airflow/example_dags/example_xcom.py
[2025-04-19T08:38:21.077+0000] {processor.py:925} INFO - DAG(s) 'example_xcom' retrieved from /home/airflow/.local/lib/python3.12/site-packages/airflow/example_dags/example_xcom.py
[2025-04-19T08:38:21.099+0000] {logging_mixin.py:190} INFO - [2025-04-19T08:38:21.099+0000] {dag.py:3239} INFO - Sync 1 DAGs
[2025-04-19T08:38:21.124+0000] {logging_mixin.py:190} INFO - [2025-04-19T08:38:21.123+0000] {dag.py:4180} INFO - Setting next_dagrun for example_xcom to 2021-01-01 00:00:00+00:00, run_after=2021-01-01 00:00:00+00:00
[2025-04-19T08:38:21.142+0000] {processor.py:208} INFO - Processing /home/airflow/.local/lib/python3.12/site-packages/airflow/example_dags/example_xcom.py took 0.085 seconds
[2025-04-19T08:38:55.834+0000] {processor.py:186} INFO - Started process (PID=215) to work on /home/airflow/.local/lib/python3.12/site-packages/airflow/example_dags/example_xcom.py
[2025-04-19T08:38:55.835+0000] {processor.py:914} INFO - Processing file /home/airflow/.local/lib/python3.12/site-packages/airflow/example_dags/example_xcom.py for tasks to queue
[2025-04-19T08:38:55.837+0000] {logging_mixin.py:190} INFO - [2025-04-19T08:38:55.836+0000] {dagbag.py:588} INFO - Filling up the DagBag from /home/airflow/.local/lib/python3.12/site-packages/airflow/example_dags/example_xcom.py
[2025-04-19T08:38:55.847+0000] {processor.py:925} INFO - DAG(s) 'example_xcom' retrieved from /home/airflow/.local/lib/python3.12/site-packages/airflow/example_dags/example_xcom.py
[2025-04-19T08:38:55.870+0000] {logging_mixin.py:190} INFO - [2025-04-19T08:38:55.870+0000] {dag.py:3239} INFO - Sync 1 DAGs
[2025-04-19T08:38:55.893+0000] {logging_mixin.py:190} INFO - [2025-04-19T08:38:55.893+0000] {dag.py:4180} INFO - Setting next_dagrun for example_xcom to 2021-01-01 00:00:00+00:00, run_after=2021-01-01 00:00:00+00:00
[2025-04-19T08:38:55.911+0000] {processor.py:208} INFO - Processing /home/airflow/.local/lib/python3.12/site-packages/airflow/example_dags/example_xcom.py took 0.084 seconds
[2025-04-19T08:39:27.581+0000] {processor.py:186} INFO - Started process (PID=278) to work on /home/airflow/.local/lib/python3.12/site-packages/airflow/example_dags/example_xcom.py
[2025-04-19T08:39:27.584+0000] {processor.py:914} INFO - Processing file /home/airflow/.local/lib/python3.12/site-packages/airflow/example_dags/example_xcom.py for tasks to queue
[2025-04-19T08:39:27.588+0000] {logging_mixin.py:190} INFO - [2025-04-19T08:39:27.588+0000] {dagbag.py:588} INFO - Filling up the DagBag from /home/airflow/.local/lib/python3.12/site-packages/airflow/example_dags/example_xcom.py
[2025-04-19T08:39:27.619+0000] {processor.py:925} INFO - DAG(s) 'example_xcom' retrieved from /home/airflow/.local/lib/python3.12/site-packages/airflow/example_dags/example_xcom.py
[2025-04-19T08:39:27.702+0000] {logging_mixin.py:190} INFO - [2025-04-19T08:39:27.701+0000] {dag.py:3239} INFO - Sync 1 DAGs
[2025-04-19T08:39:27.790+0000] {logging_mixin.py:190} INFO - [2025-04-19T08:39:27.790+0000] {dag.py:4180} INFO - Setting next_dagrun for example_xcom to 2021-01-01 00:00:00+00:00, run_after=2021-01-01 00:00:00+00:00
[2025-04-19T08:39:27.849+0000] {processor.py:208} INFO - Processing /home/airflow/.local/lib/python3.12/site-packages/airflow/example_dags/example_xcom.py took 0.286 seconds
[2025-04-19T08:39:58.262+0000] {processor.py:186} INFO - Started process (PID=341) to work on /home/airflow/.local/lib/python3.12/site-packages/airflow/example_dags/example_xcom.py
[2025-04-19T08:39:58.263+0000] {processor.py:914} INFO - Processing file /home/airflow/.local/lib/python3.12/site-packages/airflow/example_dags/example_xcom.py for tasks to queue
[2025-04-19T08:39:58.265+0000] {logging_mixin.py:190} INFO - [2025-04-19T08:39:58.265+0000] {dagbag.py:588} INFO - Filling up the DagBag from /home/airflow/.local/lib/python3.12/site-packages/airflow/example_dags/example_xcom.py
[2025-04-19T08:39:58.276+0000] {processor.py:925} INFO - DAG(s) 'example_xcom' retrieved from /home/airflow/.local/lib/python3.12/site-packages/airflow/example_dags/example_xcom.py
[2025-04-19T08:39:58.299+0000] {logging_mixin.py:190} INFO - [2025-04-19T08:39:58.299+0000] {dag.py:3239} INFO - Sync 1 DAGs
[2025-04-19T08:39:58.329+0000] {logging_mixin.py:190} INFO - [2025-04-19T08:39:58.328+0000] {dag.py:4180} INFO - Setting next_dagrun for example_xcom to 2021-01-01 00:00:00+00:00, run_after=2021-01-01 00:00:00+00:00
[2025-04-19T08:39:58.346+0000] {processor.py:208} INFO - Processing /home/airflow/.local/lib/python3.12/site-packages/airflow/example_dags/example_xcom.py took 0.090 seconds
[2025-04-19T08:40:28.845+0000] {processor.py:186} INFO - Started process (PID=404) to work on /home/airflow/.local/lib/python3.12/site-packages/airflow/example_dags/example_xcom.py
[2025-04-19T08:40:28.846+0000] {processor.py:914} INFO - Processing file /home/airflow/.local/lib/python3.12/site-packages/airflow/example_dags/example_xcom.py for tasks to queue
[2025-04-19T08:40:28.848+0000] {logging_mixin.py:190} INFO - [2025-04-19T08:40:28.848+0000] {dagbag.py:588} INFO - Filling up the DagBag from /home/airflow/.local/lib/python3.12/site-packages/airflow/example_dags/example_xcom.py
[2025-04-19T08:40:28.859+0000] {processor.py:925} INFO - DAG(s) 'example_xcom' retrieved from /home/airflow/.local/lib/python3.12/site-packages/airflow/example_dags/example_xcom.py
[2025-04-19T08:40:28.883+0000] {logging_mixin.py:190} INFO - [2025-04-19T08:40:28.882+0000] {dag.py:3239} INFO - Sync 1 DAGs
[2025-04-19T08:40:28.910+0000] {logging_mixin.py:190} INFO - [2025-04-19T08:40:28.910+0000] {dag.py:4180} INFO - Setting next_dagrun for example_xcom to 2021-01-01 00:00:00+00:00, run_after=2021-01-01 00:00:00+00:00
[2025-04-19T08:40:28.944+0000] {processor.py:208} INFO - Processing /home/airflow/.local/lib/python3.12/site-packages/airflow/example_dags/example_xcom.py took 0.105 seconds
[2025-04-19T08:41:00.188+0000] {processor.py:186} INFO - Started process (PID=467) to work on /home/airflow/.local/lib/python3.12/site-packages/airflow/example_dags/example_xcom.py
[2025-04-19T08:41:00.198+0000] {processor.py:914} INFO - Processing file /home/airflow/.local/lib/python3.12/site-packages/airflow/example_dags/example_xcom.py for tasks to queue
[2025-04-19T08:41:00.200+0000] {logging_mixin.py:190} INFO - [2025-04-19T08:41:00.200+0000] {dagbag.py:588} INFO - Filling up the DagBag from /home/airflow/.local/lib/python3.12/site-packages/airflow/example_dags/example_xcom.py
[2025-04-19T08:41:00.216+0000] {processor.py:925} INFO - DAG(s) 'example_xcom' retrieved from /home/airflow/.local/lib/python3.12/site-packages/airflow/example_dags/example_xcom.py
[2025-04-19T08:41:00.264+0000] {logging_mixin.py:190} INFO - [2025-04-19T08:41:00.264+0000] {dag.py:3239} INFO - Sync 1 DAGs
[2025-04-19T08:41:00.293+0000] {logging_mixin.py:190} INFO - [2025-04-19T08:41:00.292+0000] {dag.py:4180} INFO - Setting next_dagrun for example_xcom to 2021-01-01 00:00:00+00:00, run_after=2021-01-01 00:00:00+00:00
[2025-04-19T08:41:00.322+0000] {processor.py:208} INFO - Processing /home/airflow/.local/lib/python3.12/site-packages/airflow/example_dags/example_xcom.py took 0.156 seconds
[2025-04-19T08:41:30.992+0000] {processor.py:186} INFO - Started process (PID=533) to work on /home/airflow/.local/lib/python3.12/site-packages/airflow/example_dags/example_xcom.py
[2025-04-19T08:41:30.993+0000] {processor.py:914} INFO - Processing file /home/airflow/.local/lib/python3.12/site-packages/airflow/example_dags/example_xcom.py for tasks to queue
[2025-04-19T08:41:30.995+0000] {logging_mixin.py:190} INFO - [2025-04-19T08:41:30.995+0000] {dagbag.py:588} INFO - Filling up the DagBag from /home/airflow/.local/lib/python3.12/site-packages/airflow/example_dags/example_xcom.py
[2025-04-19T08:41:31.006+0000] {processor.py:925} INFO - DAG(s) 'example_xcom' retrieved from /home/airflow/.local/lib/python3.12/site-packages/airflow/example_dags/example_xcom.py
[2025-04-19T08:41:31.031+0000] {logging_mixin.py:190} INFO - [2025-04-19T08:41:31.031+0000] {dag.py:3239} INFO - Sync 1 DAGs
[2025-04-19T08:41:31.058+0000] {logging_mixin.py:190} INFO - [2025-04-19T08:41:31.057+0000] {dag.py:4180} INFO - Setting next_dagrun for example_xcom to 2021-01-01 00:00:00+00:00, run_after=2021-01-01 00:00:00+00:00
[2025-04-19T08:41:31.076+0000] {processor.py:208} INFO - Processing /home/airflow/.local/lib/python3.12/site-packages/airflow/example_dags/example_xcom.py took 0.090 seconds
[2025-04-19T08:42:02.578+0000] {processor.py:186} INFO - Started process (PID=596) to work on /home/airflow/.local/lib/python3.12/site-packages/airflow/example_dags/example_xcom.py
[2025-04-19T08:42:02.579+0000] {processor.py:914} INFO - Processing file /home/airflow/.local/lib/python3.12/site-packages/airflow/example_dags/example_xcom.py for tasks to queue
[2025-04-19T08:42:02.581+0000] {logging_mixin.py:190} INFO - [2025-04-19T08:42:02.581+0000] {dagbag.py:588} INFO - Filling up the DagBag from /home/airflow/.local/lib/python3.12/site-packages/airflow/example_dags/example_xcom.py
[2025-04-19T08:42:02.592+0000] {processor.py:925} INFO - DAG(s) 'example_xcom' retrieved from /home/airflow/.local/lib/python3.12/site-packages/airflow/example_dags/example_xcom.py
[2025-04-19T08:42:02.617+0000] {logging_mixin.py:190} INFO - [2025-04-19T08:42:02.616+0000] {dag.py:3239} INFO - Sync 1 DAGs
[2025-04-19T08:42:02.642+0000] {logging_mixin.py:190} INFO - [2025-04-19T08:42:02.642+0000] {dag.py:4180} INFO - Setting next_dagrun for example_xcom to 2021-01-01 00:00:00+00:00, run_after=2021-01-01 00:00:00+00:00
[2025-04-19T08:42:02.659+0000] {processor.py:208} INFO - Processing /home/airflow/.local/lib/python3.12/site-packages/airflow/example_dags/example_xcom.py took 0.088 seconds
[2025-04-19T08:42:33.174+0000] {processor.py:186} INFO - Started process (PID=654) to work on /home/airflow/.local/lib/python3.12/site-packages/airflow/example_dags/example_xcom.py
[2025-04-19T08:42:33.177+0000] {processor.py:914} INFO - Processing file /home/airflow/.local/lib/python3.12/site-packages/airflow/example_dags/example_xcom.py for tasks to queue
[2025-04-19T08:42:33.180+0000] {logging_mixin.py:190} INFO - [2025-04-19T08:42:33.180+0000] {dagbag.py:588} INFO - Filling up the DagBag from /home/airflow/.local/lib/python3.12/site-packages/airflow/example_dags/example_xcom.py
[2025-04-19T08:42:33.192+0000] {processor.py:925} INFO - DAG(s) 'example_xcom' retrieved from /home/airflow/.local/lib/python3.12/site-packages/airflow/example_dags/example_xcom.py
[2025-04-19T08:42:33.235+0000] {logging_mixin.py:190} INFO - [2025-04-19T08:42:33.234+0000] {dag.py:3239} INFO - Sync 1 DAGs
[2025-04-19T08:42:33.274+0000] {logging_mixin.py:190} INFO - [2025-04-19T08:42:33.274+0000] {dag.py:4180} INFO - Setting next_dagrun for example_xcom to 2021-01-01 00:00:00+00:00, run_after=2021-01-01 00:00:00+00:00
[2025-04-19T08:42:33.298+0000] {processor.py:208} INFO - Processing /home/airflow/.local/lib/python3.12/site-packages/airflow/example_dags/example_xcom.py took 0.133 seconds
[2025-04-19T08:43:03.673+0000] {processor.py:186} INFO - Started process (PID=718) to work on /home/airflow/.local/lib/python3.12/site-packages/airflow/example_dags/example_xcom.py
[2025-04-19T08:43:03.675+0000] {processor.py:914} INFO - Processing file /home/airflow/.local/lib/python3.12/site-packages/airflow/example_dags/example_xcom.py for tasks to queue
[2025-04-19T08:43:03.679+0000] {logging_mixin.py:190} INFO - [2025-04-19T08:43:03.678+0000] {dagbag.py:588} INFO - Filling up the DagBag from /home/airflow/.local/lib/python3.12/site-packages/airflow/example_dags/example_xcom.py
[2025-04-19T08:43:03.699+0000] {processor.py:925} INFO - DAG(s) 'example_xcom' retrieved from /home/airflow/.local/lib/python3.12/site-packages/airflow/example_dags/example_xcom.py
[2025-04-19T08:43:03.746+0000] {logging_mixin.py:190} INFO - [2025-04-19T08:43:03.746+0000] {dag.py:3239} INFO - Sync 1 DAGs
[2025-04-19T08:43:03.792+0000] {logging_mixin.py:190} INFO - [2025-04-19T08:43:03.791+0000] {dag.py:4180} INFO - Setting next_dagrun for example_xcom to 2021-01-01 00:00:00+00:00, run_after=2021-01-01 00:00:00+00:00
[2025-04-19T08:43:03.810+0000] {processor.py:208} INFO - Processing /home/airflow/.local/lib/python3.12/site-packages/airflow/example_dags/example_xcom.py took 0.160 seconds
