[2025-04-19T08:37:46.346+0000] {processor.py:186} INFO - Started process (PID=87) to work on /home/airflow/.local/lib/python3.12/site-packages/airflow/example_dags/example_task_group.py
[2025-04-19T08:37:46.346+0000] {processor.py:914} INFO - Processing file /home/airflow/.local/lib/python3.12/site-packages/airflow/example_dags/example_task_group.py for tasks to queue
[2025-04-19T08:37:46.349+0000] {logging_mixin.py:190} INFO - [2025-04-19T08:37:46.348+0000] {dagbag.py:588} INFO - Filling up the DagBag from /home/airflow/.local/lib/python3.12/site-packages/airflow/example_dags/example_task_group.py
[2025-04-19T08:37:46.360+0000] {processor.py:925} INFO - DAG(s) 'example_task_group' retrieved from /home/airflow/.local/lib/python3.12/site-packages/airflow/example_dags/example_task_group.py
[2025-04-19T08:37:47.035+0000] {logging_mixin.py:190} INFO - [2025-04-19T08:37:47.034+0000] {override.py:1911} INFO - Created Permission View: can delete on DAG:example_task_group
[2025-04-19T08:37:47.066+0000] {logging_mixin.py:190} INFO - [2025-04-19T08:37:47.066+0000] {override.py:1911} INFO - Created Permission View: can read on DAG:example_task_group
[2025-04-19T08:37:47.083+0000] {logging_mixin.py:190} INFO - [2025-04-19T08:37:47.083+0000] {override.py:1911} INFO - Created Permission View: can edit on DAG:example_task_group
[2025-04-19T08:37:47.101+0000] {logging_mixin.py:190} INFO - [2025-04-19T08:37:47.101+0000] {override.py:1911} INFO - Created Permission View: can delete on DAG Run:example_task_group
[2025-04-19T08:37:47.116+0000] {logging_mixin.py:190} INFO - [2025-04-19T08:37:47.116+0000] {override.py:1911} INFO - Created Permission View: can read on DAG Run:example_task_group
[2025-04-19T08:37:47.136+0000] {logging_mixin.py:190} INFO - [2025-04-19T08:37:47.136+0000] {override.py:1911} INFO - Created Permission View: can create on DAG Run:example_task_group
[2025-04-19T08:37:47.151+0000] {logging_mixin.py:190} INFO - [2025-04-19T08:37:47.151+0000] {override.py:1911} INFO - Created Permission View: menu access on DAG Run:example_task_group
[2025-04-19T08:37:47.153+0000] {logging_mixin.py:190} INFO - [2025-04-19T08:37:47.153+0000] {dag.py:3239} INFO - Sync 1 DAGs
[2025-04-19T08:37:47.211+0000] {logging_mixin.py:190} INFO - [2025-04-19T08:37:47.211+0000] {dag.py:3262} INFO - Creating ORM DAG for example_task_group
[2025-04-19T08:37:47.218+0000] {logging_mixin.py:190} INFO - [2025-04-19T08:37:47.218+0000] {dag.py:4180} INFO - Setting next_dagrun for example_task_group to None, run_after=None
[2025-04-19T08:37:47.308+0000] {processor.py:208} INFO - Processing /home/airflow/.local/lib/python3.12/site-packages/airflow/example_dags/example_task_group.py took 0.974 seconds
[2025-04-19T08:38:20.973+0000] {processor.py:186} INFO - Started process (PID=150) to work on /home/airflow/.local/lib/python3.12/site-packages/airflow/example_dags/example_task_group.py
[2025-04-19T08:38:20.974+0000] {processor.py:914} INFO - Processing file /home/airflow/.local/lib/python3.12/site-packages/airflow/example_dags/example_task_group.py for tasks to queue
[2025-04-19T08:38:20.976+0000] {logging_mixin.py:190} INFO - [2025-04-19T08:38:20.975+0000] {dagbag.py:588} INFO - Filling up the DagBag from /home/airflow/.local/lib/python3.12/site-packages/airflow/example_dags/example_task_group.py
[2025-04-19T08:38:20.985+0000] {processor.py:925} INFO - DAG(s) 'example_task_group' retrieved from /home/airflow/.local/lib/python3.12/site-packages/airflow/example_dags/example_task_group.py
[2025-04-19T08:38:21.001+0000] {logging_mixin.py:190} INFO - [2025-04-19T08:38:21.001+0000] {dag.py:3239} INFO - Sync 1 DAGs
[2025-04-19T08:38:21.012+0000] {logging_mixin.py:190} INFO - [2025-04-19T08:38:21.012+0000] {dag.py:4180} INFO - Setting next_dagrun for example_task_group to None, run_after=None
[2025-04-19T08:38:21.025+0000] {processor.py:208} INFO - Processing /home/airflow/.local/lib/python3.12/site-packages/airflow/example_dags/example_task_group.py took 0.057 seconds
[2025-04-19T08:38:55.722+0000] {processor.py:186} INFO - Started process (PID=213) to work on /home/airflow/.local/lib/python3.12/site-packages/airflow/example_dags/example_task_group.py
[2025-04-19T08:38:55.723+0000] {processor.py:914} INFO - Processing file /home/airflow/.local/lib/python3.12/site-packages/airflow/example_dags/example_task_group.py for tasks to queue
[2025-04-19T08:38:55.725+0000] {logging_mixin.py:190} INFO - [2025-04-19T08:38:55.725+0000] {dagbag.py:588} INFO - Filling up the DagBag from /home/airflow/.local/lib/python3.12/site-packages/airflow/example_dags/example_task_group.py
[2025-04-19T08:38:55.735+0000] {processor.py:925} INFO - DAG(s) 'example_task_group' retrieved from /home/airflow/.local/lib/python3.12/site-packages/airflow/example_dags/example_task_group.py
[2025-04-19T08:38:55.760+0000] {logging_mixin.py:190} INFO - [2025-04-19T08:38:55.759+0000] {dag.py:3239} INFO - Sync 1 DAGs
[2025-04-19T08:38:55.775+0000] {logging_mixin.py:190} INFO - [2025-04-19T08:38:55.774+0000] {dag.py:4180} INFO - Setting next_dagrun for example_task_group to None, run_after=None
[2025-04-19T08:38:55.791+0000] {processor.py:208} INFO - Processing /home/airflow/.local/lib/python3.12/site-packages/airflow/example_dags/example_task_group.py took 0.075 seconds
[2025-04-19T08:39:27.214+0000] {processor.py:186} INFO - Started process (PID=276) to work on /home/airflow/.local/lib/python3.12/site-packages/airflow/example_dags/example_task_group.py
[2025-04-19T08:39:27.214+0000] {processor.py:914} INFO - Processing file /home/airflow/.local/lib/python3.12/site-packages/airflow/example_dags/example_task_group.py for tasks to queue
[2025-04-19T08:39:27.221+0000] {logging_mixin.py:190} INFO - [2025-04-19T08:39:27.220+0000] {dagbag.py:588} INFO - Filling up the DagBag from /home/airflow/.local/lib/python3.12/site-packages/airflow/example_dags/example_task_group.py
[2025-04-19T08:39:27.250+0000] {processor.py:925} INFO - DAG(s) 'example_task_group' retrieved from /home/airflow/.local/lib/python3.12/site-packages/airflow/example_dags/example_task_group.py
[2025-04-19T08:39:27.326+0000] {logging_mixin.py:190} INFO - [2025-04-19T08:39:27.326+0000] {dag.py:3239} INFO - Sync 1 DAGs
[2025-04-19T08:39:27.381+0000] {logging_mixin.py:190} INFO - [2025-04-19T08:39:27.380+0000] {dag.py:4180} INFO - Setting next_dagrun for example_task_group to None, run_after=None
[2025-04-19T08:39:27.456+0000] {processor.py:208} INFO - Processing /home/airflow/.local/lib/python3.12/site-packages/airflow/example_dags/example_task_group.py took 0.263 seconds
[2025-04-19T08:39:58.151+0000] {processor.py:186} INFO - Started process (PID=339) to work on /home/airflow/.local/lib/python3.12/site-packages/airflow/example_dags/example_task_group.py
[2025-04-19T08:39:58.152+0000] {processor.py:914} INFO - Processing file /home/airflow/.local/lib/python3.12/site-packages/airflow/example_dags/example_task_group.py for tasks to queue
[2025-04-19T08:39:58.154+0000] {logging_mixin.py:190} INFO - [2025-04-19T08:39:58.154+0000] {dagbag.py:588} INFO - Filling up the DagBag from /home/airflow/.local/lib/python3.12/site-packages/airflow/example_dags/example_task_group.py
[2025-04-19T08:39:58.163+0000] {processor.py:925} INFO - DAG(s) 'example_task_group' retrieved from /home/airflow/.local/lib/python3.12/site-packages/airflow/example_dags/example_task_group.py
[2025-04-19T08:39:58.186+0000] {logging_mixin.py:190} INFO - [2025-04-19T08:39:58.186+0000] {dag.py:3239} INFO - Sync 1 DAGs
[2025-04-19T08:39:58.203+0000] {logging_mixin.py:190} INFO - [2025-04-19T08:39:58.202+0000] {dag.py:4180} INFO - Setting next_dagrun for example_task_group to None, run_after=None
[2025-04-19T08:39:58.221+0000] {processor.py:208} INFO - Processing /home/airflow/.local/lib/python3.12/site-packages/airflow/example_dags/example_task_group.py took 0.077 seconds
[2025-04-19T08:40:28.675+0000] {processor.py:186} INFO - Started process (PID=402) to work on /home/airflow/.local/lib/python3.12/site-packages/airflow/example_dags/example_task_group.py
[2025-04-19T08:40:28.677+0000] {processor.py:914} INFO - Processing file /home/airflow/.local/lib/python3.12/site-packages/airflow/example_dags/example_task_group.py for tasks to queue
[2025-04-19T08:40:28.680+0000] {logging_mixin.py:190} INFO - [2025-04-19T08:40:28.679+0000] {dagbag.py:588} INFO - Filling up the DagBag from /home/airflow/.local/lib/python3.12/site-packages/airflow/example_dags/example_task_group.py
[2025-04-19T08:40:28.689+0000] {processor.py:925} INFO - DAG(s) 'example_task_group' retrieved from /home/airflow/.local/lib/python3.12/site-packages/airflow/example_dags/example_task_group.py
[2025-04-19T08:40:28.712+0000] {logging_mixin.py:190} INFO - [2025-04-19T08:40:28.712+0000] {dag.py:3239} INFO - Sync 1 DAGs
[2025-04-19T08:40:28.729+0000] {logging_mixin.py:190} INFO - [2025-04-19T08:40:28.729+0000] {dag.py:4180} INFO - Setting next_dagrun for example_task_group to None, run_after=None
[2025-04-19T08:40:28.747+0000] {processor.py:208} INFO - Processing /home/airflow/.local/lib/python3.12/site-packages/airflow/example_dags/example_task_group.py took 0.081 seconds
[2025-04-19T08:40:59.959+0000] {processor.py:186} INFO - Started process (PID=465) to work on /home/airflow/.local/lib/python3.12/site-packages/airflow/example_dags/example_task_group.py
[2025-04-19T08:40:59.960+0000] {processor.py:914} INFO - Processing file /home/airflow/.local/lib/python3.12/site-packages/airflow/example_dags/example_task_group.py for tasks to queue
[2025-04-19T08:40:59.962+0000] {logging_mixin.py:190} INFO - [2025-04-19T08:40:59.962+0000] {dagbag.py:588} INFO - Filling up the DagBag from /home/airflow/.local/lib/python3.12/site-packages/airflow/example_dags/example_task_group.py
[2025-04-19T08:40:59.972+0000] {processor.py:925} INFO - DAG(s) 'example_task_group' retrieved from /home/airflow/.local/lib/python3.12/site-packages/airflow/example_dags/example_task_group.py
[2025-04-19T08:40:59.997+0000] {logging_mixin.py:190} INFO - [2025-04-19T08:40:59.996+0000] {dag.py:3239} INFO - Sync 1 DAGs
[2025-04-19T08:41:00.022+0000] {logging_mixin.py:190} INFO - [2025-04-19T08:41:00.021+0000] {dag.py:4180} INFO - Setting next_dagrun for example_task_group to None, run_after=None
[2025-04-19T08:41:00.054+0000] {processor.py:208} INFO - Processing /home/airflow/.local/lib/python3.12/site-packages/airflow/example_dags/example_task_group.py took 0.103 seconds
[2025-04-19T08:41:30.899+0000] {processor.py:186} INFO - Started process (PID=531) to work on /home/airflow/.local/lib/python3.12/site-packages/airflow/example_dags/example_task_group.py
[2025-04-19T08:41:30.900+0000] {processor.py:914} INFO - Processing file /home/airflow/.local/lib/python3.12/site-packages/airflow/example_dags/example_task_group.py for tasks to queue
[2025-04-19T08:41:30.902+0000] {logging_mixin.py:190} INFO - [2025-04-19T08:41:30.901+0000] {dagbag.py:588} INFO - Filling up the DagBag from /home/airflow/.local/lib/python3.12/site-packages/airflow/example_dags/example_task_group.py
[2025-04-19T08:41:30.908+0000] {processor.py:925} INFO - DAG(s) 'example_task_group' retrieved from /home/airflow/.local/lib/python3.12/site-packages/airflow/example_dags/example_task_group.py
[2025-04-19T08:41:30.926+0000] {logging_mixin.py:190} INFO - [2025-04-19T08:41:30.925+0000] {dag.py:3239} INFO - Sync 1 DAGs
[2025-04-19T08:41:30.937+0000] {logging_mixin.py:190} INFO - [2025-04-19T08:41:30.937+0000] {dag.py:4180} INFO - Setting next_dagrun for example_task_group to None, run_after=None
[2025-04-19T08:41:30.950+0000] {processor.py:208} INFO - Processing /home/airflow/.local/lib/python3.12/site-packages/airflow/example_dags/example_task_group.py took 0.056 seconds
[2025-04-19T08:42:02.468+0000] {processor.py:186} INFO - Started process (PID=594) to work on /home/airflow/.local/lib/python3.12/site-packages/airflow/example_dags/example_task_group.py
[2025-04-19T08:42:02.469+0000] {processor.py:914} INFO - Processing file /home/airflow/.local/lib/python3.12/site-packages/airflow/example_dags/example_task_group.py for tasks to queue
[2025-04-19T08:42:02.471+0000] {logging_mixin.py:190} INFO - [2025-04-19T08:42:02.471+0000] {dagbag.py:588} INFO - Filling up the DagBag from /home/airflow/.local/lib/python3.12/site-packages/airflow/example_dags/example_task_group.py
[2025-04-19T08:42:02.482+0000] {processor.py:925} INFO - DAG(s) 'example_task_group' retrieved from /home/airflow/.local/lib/python3.12/site-packages/airflow/example_dags/example_task_group.py
[2025-04-19T08:42:02.509+0000] {logging_mixin.py:190} INFO - [2025-04-19T08:42:02.509+0000] {dag.py:3239} INFO - Sync 1 DAGs
[2025-04-19T08:42:02.523+0000] {logging_mixin.py:190} INFO - [2025-04-19T08:42:02.523+0000] {dag.py:4180} INFO - Setting next_dagrun for example_task_group to None, run_after=None
[2025-04-19T08:42:02.537+0000] {processor.py:208} INFO - Processing /home/airflow/.local/lib/python3.12/site-packages/airflow/example_dags/example_task_group.py took 0.076 seconds
[2025-04-19T08:42:33.057+0000] {processor.py:186} INFO - Started process (PID=652) to work on /home/airflow/.local/lib/python3.12/site-packages/airflow/example_dags/example_task_group.py
[2025-04-19T08:42:33.058+0000] {processor.py:914} INFO - Processing file /home/airflow/.local/lib/python3.12/site-packages/airflow/example_dags/example_task_group.py for tasks to queue
[2025-04-19T08:42:33.060+0000] {logging_mixin.py:190} INFO - [2025-04-19T08:42:33.059+0000] {dagbag.py:588} INFO - Filling up the DagBag from /home/airflow/.local/lib/python3.12/site-packages/airflow/example_dags/example_task_group.py
[2025-04-19T08:42:33.069+0000] {processor.py:925} INFO - DAG(s) 'example_task_group' retrieved from /home/airflow/.local/lib/python3.12/site-packages/airflow/example_dags/example_task_group.py
[2025-04-19T08:42:33.094+0000] {logging_mixin.py:190} INFO - [2025-04-19T08:42:33.093+0000] {dag.py:3239} INFO - Sync 1 DAGs
[2025-04-19T08:42:33.111+0000] {logging_mixin.py:190} INFO - [2025-04-19T08:42:33.111+0000] {dag.py:4180} INFO - Setting next_dagrun for example_task_group to None, run_after=None
[2025-04-19T08:42:33.125+0000] {processor.py:208} INFO - Processing /home/airflow/.local/lib/python3.12/site-packages/airflow/example_dags/example_task_group.py took 0.073 seconds
[2025-04-19T08:43:03.320+0000] {processor.py:186} INFO - Started process (PID=716) to work on /home/airflow/.local/lib/python3.12/site-packages/airflow/example_dags/example_task_group.py
[2025-04-19T08:43:03.322+0000] {processor.py:914} INFO - Processing file /home/airflow/.local/lib/python3.12/site-packages/airflow/example_dags/example_task_group.py for tasks to queue
[2025-04-19T08:43:03.327+0000] {logging_mixin.py:190} INFO - [2025-04-19T08:43:03.327+0000] {dagbag.py:588} INFO - Filling up the DagBag from /home/airflow/.local/lib/python3.12/site-packages/airflow/example_dags/example_task_group.py
[2025-04-19T08:43:03.349+0000] {processor.py:925} INFO - DAG(s) 'example_task_group' retrieved from /home/airflow/.local/lib/python3.12/site-packages/airflow/example_dags/example_task_group.py
[2025-04-19T08:43:03.385+0000] {logging_mixin.py:190} INFO - [2025-04-19T08:43:03.385+0000] {dag.py:3239} INFO - Sync 1 DAGs
[2025-04-19T08:43:03.414+0000] {logging_mixin.py:190} INFO - [2025-04-19T08:43:03.413+0000] {dag.py:4180} INFO - Setting next_dagrun for example_task_group to None, run_after=None
[2025-04-19T08:43:03.474+0000] {processor.py:208} INFO - Processing /home/airflow/.local/lib/python3.12/site-packages/airflow/example_dags/example_task_group.py took 0.170 seconds
