[2025-04-19T08:37:56.494+0000] {processor.py:186} INFO - Started process (PID=99) to work on /home/airflow/.local/lib/python3.12/site-packages/airflow/example_dags/example_setup_teardown.py
[2025-04-19T08:37:56.501+0000] {processor.py:914} INFO - Processing file /home/airflow/.local/lib/python3.12/site-packages/airflow/example_dags/example_setup_teardown.py for tasks to queue
[2025-04-19T08:37:56.507+0000] {logging_mixin.py:190} INFO - [2025-04-19T08:37:56.506+0000] {dagbag.py:588} INFO - Filling up the DagBag from /home/airflow/.local/lib/python3.12/site-packages/airflow/example_dags/example_setup_teardown.py
[2025-04-19T08:37:56.545+0000] {processor.py:925} INFO - DAG(s) 'example_setup_teardown' retrieved from /home/airflow/.local/lib/python3.12/site-packages/airflow/example_dags/example_setup_teardown.py
[2025-04-19T08:37:56.892+0000] {logging_mixin.py:190} INFO - [2025-04-19T08:37:56.891+0000] {override.py:1911} INFO - Created Permission View: can delete on DAG:example_setup_teardown
[2025-04-19T08:37:56.931+0000] {logging_mixin.py:190} INFO - [2025-04-19T08:37:56.931+0000] {override.py:1911} INFO - Created Permission View: can read on DAG:example_setup_teardown
[2025-04-19T08:37:56.961+0000] {logging_mixin.py:190} INFO - [2025-04-19T08:37:56.958+0000] {override.py:1911} INFO - Created Permission View: can edit on DAG:example_setup_teardown
[2025-04-19T08:37:56.981+0000] {logging_mixin.py:190} INFO - [2025-04-19T08:37:56.981+0000] {override.py:1911} INFO - Created Permission View: can delete on DAG Run:example_setup_teardown
[2025-04-19T08:37:57.003+0000] {logging_mixin.py:190} INFO - [2025-04-19T08:37:57.002+0000] {override.py:1911} INFO - Created Permission View: can read on DAG Run:example_setup_teardown
[2025-04-19T08:37:57.028+0000] {logging_mixin.py:190} INFO - [2025-04-19T08:37:57.027+0000] {override.py:1911} INFO - Created Permission View: can create on DAG Run:example_setup_teardown
[2025-04-19T08:37:57.104+0000] {logging_mixin.py:190} INFO - [2025-04-19T08:37:57.100+0000] {override.py:1911} INFO - Created Permission View: menu access on DAG Run:example_setup_teardown
[2025-04-19T08:37:57.110+0000] {logging_mixin.py:190} INFO - [2025-04-19T08:37:57.104+0000] {dag.py:3239} INFO - Sync 1 DAGs
[2025-04-19T08:37:57.180+0000] {logging_mixin.py:190} INFO - [2025-04-19T08:37:57.180+0000] {dag.py:3262} INFO - Creating ORM DAG for example_setup_teardown
[2025-04-19T08:37:57.197+0000] {logging_mixin.py:190} INFO - [2025-04-19T08:37:57.189+0000] {dag.py:4180} INFO - Setting next_dagrun for example_setup_teardown to None, run_after=None
[2025-04-19T08:37:57.406+0000] {processor.py:208} INFO - Processing /home/airflow/.local/lib/python3.12/site-packages/airflow/example_dags/example_setup_teardown.py took 0.930 seconds
[2025-04-19T08:38:27.987+0000] {processor.py:186} INFO - Started process (PID=161) to work on /home/airflow/.local/lib/python3.12/site-packages/airflow/example_dags/example_setup_teardown.py
[2025-04-19T08:38:27.988+0000] {processor.py:914} INFO - Processing file /home/airflow/.local/lib/python3.12/site-packages/airflow/example_dags/example_setup_teardown.py for tasks to queue
[2025-04-19T08:38:27.991+0000] {logging_mixin.py:190} INFO - [2025-04-19T08:38:27.990+0000] {dagbag.py:588} INFO - Filling up the DagBag from /home/airflow/.local/lib/python3.12/site-packages/airflow/example_dags/example_setup_teardown.py
[2025-04-19T08:38:28.000+0000] {processor.py:925} INFO - DAG(s) 'example_setup_teardown' retrieved from /home/airflow/.local/lib/python3.12/site-packages/airflow/example_dags/example_setup_teardown.py
[2025-04-19T08:38:28.023+0000] {logging_mixin.py:190} INFO - [2025-04-19T08:38:28.022+0000] {dag.py:3239} INFO - Sync 1 DAGs
[2025-04-19T08:38:28.039+0000] {logging_mixin.py:190} INFO - [2025-04-19T08:38:28.039+0000] {dag.py:4180} INFO - Setting next_dagrun for example_setup_teardown to None, run_after=None
[2025-04-19T08:38:28.059+0000] {processor.py:208} INFO - Processing /home/airflow/.local/lib/python3.12/site-packages/airflow/example_dags/example_setup_teardown.py took 0.080 seconds
[2025-04-19T08:38:58.364+0000] {processor.py:186} INFO - Started process (PID=224) to work on /home/airflow/.local/lib/python3.12/site-packages/airflow/example_dags/example_setup_teardown.py
[2025-04-19T08:38:58.364+0000] {processor.py:914} INFO - Processing file /home/airflow/.local/lib/python3.12/site-packages/airflow/example_dags/example_setup_teardown.py for tasks to queue
[2025-04-19T08:38:58.366+0000] {logging_mixin.py:190} INFO - [2025-04-19T08:38:58.366+0000] {dagbag.py:588} INFO - Filling up the DagBag from /home/airflow/.local/lib/python3.12/site-packages/airflow/example_dags/example_setup_teardown.py
[2025-04-19T08:38:58.373+0000] {processor.py:925} INFO - DAG(s) 'example_setup_teardown' retrieved from /home/airflow/.local/lib/python3.12/site-packages/airflow/example_dags/example_setup_teardown.py
[2025-04-19T08:38:58.388+0000] {logging_mixin.py:190} INFO - [2025-04-19T08:38:58.388+0000] {dag.py:3239} INFO - Sync 1 DAGs
[2025-04-19T08:38:58.400+0000] {logging_mixin.py:190} INFO - [2025-04-19T08:38:58.400+0000] {dag.py:4180} INFO - Setting next_dagrun for example_setup_teardown to None, run_after=None
[2025-04-19T08:38:58.414+0000] {processor.py:208} INFO - Processing /home/airflow/.local/lib/python3.12/site-packages/airflow/example_dags/example_setup_teardown.py took 0.055 seconds
[2025-04-19T08:39:29.548+0000] {processor.py:186} INFO - Started process (PID=287) to work on /home/airflow/.local/lib/python3.12/site-packages/airflow/example_dags/example_setup_teardown.py
[2025-04-19T08:39:29.552+0000] {processor.py:914} INFO - Processing file /home/airflow/.local/lib/python3.12/site-packages/airflow/example_dags/example_setup_teardown.py for tasks to queue
[2025-04-19T08:39:29.563+0000] {logging_mixin.py:190} INFO - [2025-04-19T08:39:29.562+0000] {dagbag.py:588} INFO - Filling up the DagBag from /home/airflow/.local/lib/python3.12/site-packages/airflow/example_dags/example_setup_teardown.py
[2025-04-19T08:39:29.616+0000] {processor.py:925} INFO - DAG(s) 'example_setup_teardown' retrieved from /home/airflow/.local/lib/python3.12/site-packages/airflow/example_dags/example_setup_teardown.py
[2025-04-19T08:39:29.669+0000] {logging_mixin.py:190} INFO - [2025-04-19T08:39:29.669+0000] {dag.py:3239} INFO - Sync 1 DAGs
[2025-04-19T08:39:29.702+0000] {logging_mixin.py:190} INFO - [2025-04-19T08:39:29.702+0000] {dag.py:4180} INFO - Setting next_dagrun for example_setup_teardown to None, run_after=None
[2025-04-19T08:39:29.748+0000] {processor.py:208} INFO - Processing /home/airflow/.local/lib/python3.12/site-packages/airflow/example_dags/example_setup_teardown.py took 0.235 seconds
[2025-04-19T08:40:00.016+0000] {processor.py:186} INFO - Started process (PID=350) to work on /home/airflow/.local/lib/python3.12/site-packages/airflow/example_dags/example_setup_teardown.py
[2025-04-19T08:40:00.017+0000] {processor.py:914} INFO - Processing file /home/airflow/.local/lib/python3.12/site-packages/airflow/example_dags/example_setup_teardown.py for tasks to queue
[2025-04-19T08:40:00.020+0000] {logging_mixin.py:190} INFO - [2025-04-19T08:40:00.020+0000] {dagbag.py:588} INFO - Filling up the DagBag from /home/airflow/.local/lib/python3.12/site-packages/airflow/example_dags/example_setup_teardown.py
[2025-04-19T08:40:00.041+0000] {processor.py:925} INFO - DAG(s) 'example_setup_teardown' retrieved from /home/airflow/.local/lib/python3.12/site-packages/airflow/example_dags/example_setup_teardown.py
[2025-04-19T08:40:00.096+0000] {logging_mixin.py:190} INFO - [2025-04-19T08:40:00.095+0000] {dag.py:3239} INFO - Sync 1 DAGs
[2025-04-19T08:40:00.118+0000] {logging_mixin.py:190} INFO - [2025-04-19T08:40:00.118+0000] {dag.py:4180} INFO - Setting next_dagrun for example_setup_teardown to None, run_after=None
[2025-04-19T08:40:00.151+0000] {processor.py:208} INFO - Processing /home/airflow/.local/lib/python3.12/site-packages/airflow/example_dags/example_setup_teardown.py took 0.149 seconds
[2025-04-19T08:40:30.717+0000] {processor.py:186} INFO - Started process (PID=419) to work on /home/airflow/.local/lib/python3.12/site-packages/airflow/example_dags/example_setup_teardown.py
[2025-04-19T08:40:30.719+0000] {processor.py:914} INFO - Processing file /home/airflow/.local/lib/python3.12/site-packages/airflow/example_dags/example_setup_teardown.py for tasks to queue
[2025-04-19T08:40:30.724+0000] {logging_mixin.py:190} INFO - [2025-04-19T08:40:30.723+0000] {dagbag.py:588} INFO - Filling up the DagBag from /home/airflow/.local/lib/python3.12/site-packages/airflow/example_dags/example_setup_teardown.py
[2025-04-19T08:40:30.739+0000] {processor.py:925} INFO - DAG(s) 'example_setup_teardown' retrieved from /home/airflow/.local/lib/python3.12/site-packages/airflow/example_dags/example_setup_teardown.py
[2025-04-19T08:40:30.770+0000] {logging_mixin.py:190} INFO - [2025-04-19T08:40:30.770+0000] {dag.py:3239} INFO - Sync 1 DAGs
[2025-04-19T08:40:30.790+0000] {logging_mixin.py:190} INFO - [2025-04-19T08:40:30.790+0000] {dag.py:4180} INFO - Setting next_dagrun for example_setup_teardown to None, run_after=None
[2025-04-19T08:40:30.807+0000] {processor.py:208} INFO - Processing /home/airflow/.local/lib/python3.12/site-packages/airflow/example_dags/example_setup_teardown.py took 0.100 seconds
[2025-04-19T08:41:01.079+0000] {processor.py:186} INFO - Started process (PID=481) to work on /home/airflow/.local/lib/python3.12/site-packages/airflow/example_dags/example_setup_teardown.py
[2025-04-19T08:41:01.080+0000] {processor.py:914} INFO - Processing file /home/airflow/.local/lib/python3.12/site-packages/airflow/example_dags/example_setup_teardown.py for tasks to queue
[2025-04-19T08:41:01.083+0000] {logging_mixin.py:190} INFO - [2025-04-19T08:41:01.082+0000] {dagbag.py:588} INFO - Filling up the DagBag from /home/airflow/.local/lib/python3.12/site-packages/airflow/example_dags/example_setup_teardown.py
[2025-04-19T08:41:01.092+0000] {processor.py:925} INFO - DAG(s) 'example_setup_teardown' retrieved from /home/airflow/.local/lib/python3.12/site-packages/airflow/example_dags/example_setup_teardown.py
[2025-04-19T08:41:01.115+0000] {logging_mixin.py:190} INFO - [2025-04-19T08:41:01.115+0000] {dag.py:3239} INFO - Sync 1 DAGs
[2025-04-19T08:41:01.132+0000] {logging_mixin.py:190} INFO - [2025-04-19T08:41:01.132+0000] {dag.py:4180} INFO - Setting next_dagrun for example_setup_teardown to None, run_after=None
[2025-04-19T08:41:01.148+0000] {processor.py:208} INFO - Processing /home/airflow/.local/lib/python3.12/site-packages/airflow/example_dags/example_setup_teardown.py took 0.076 seconds
[2025-04-19T08:41:31.891+0000] {processor.py:186} INFO - Started process (PID=543) to work on /home/airflow/.local/lib/python3.12/site-packages/airflow/example_dags/example_setup_teardown.py
[2025-04-19T08:41:31.894+0000] {processor.py:914} INFO - Processing file /home/airflow/.local/lib/python3.12/site-packages/airflow/example_dags/example_setup_teardown.py for tasks to queue
[2025-04-19T08:41:31.905+0000] {logging_mixin.py:190} INFO - [2025-04-19T08:41:31.905+0000] {dagbag.py:588} INFO - Filling up the DagBag from /home/airflow/.local/lib/python3.12/site-packages/airflow/example_dags/example_setup_teardown.py
[2025-04-19T08:41:31.923+0000] {processor.py:925} INFO - DAG(s) 'example_setup_teardown' retrieved from /home/airflow/.local/lib/python3.12/site-packages/airflow/example_dags/example_setup_teardown.py
[2025-04-19T08:41:31.968+0000] {logging_mixin.py:190} INFO - [2025-04-19T08:41:31.967+0000] {dag.py:3239} INFO - Sync 1 DAGs
[2025-04-19T08:41:31.988+0000] {logging_mixin.py:190} INFO - [2025-04-19T08:41:31.988+0000] {dag.py:4180} INFO - Setting next_dagrun for example_setup_teardown to None, run_after=None
[2025-04-19T08:41:32.020+0000] {processor.py:208} INFO - Processing /home/airflow/.local/lib/python3.12/site-packages/airflow/example_dags/example_setup_teardown.py took 0.162 seconds
[2025-04-19T08:42:03.538+0000] {processor.py:186} INFO - Started process (PID=605) to work on /home/airflow/.local/lib/python3.12/site-packages/airflow/example_dags/example_setup_teardown.py
[2025-04-19T08:42:03.539+0000] {processor.py:914} INFO - Processing file /home/airflow/.local/lib/python3.12/site-packages/airflow/example_dags/example_setup_teardown.py for tasks to queue
[2025-04-19T08:42:03.542+0000] {logging_mixin.py:190} INFO - [2025-04-19T08:42:03.541+0000] {dagbag.py:588} INFO - Filling up the DagBag from /home/airflow/.local/lib/python3.12/site-packages/airflow/example_dags/example_setup_teardown.py
[2025-04-19T08:42:03.552+0000] {processor.py:925} INFO - DAG(s) 'example_setup_teardown' retrieved from /home/airflow/.local/lib/python3.12/site-packages/airflow/example_dags/example_setup_teardown.py
[2025-04-19T08:42:03.592+0000] {logging_mixin.py:190} INFO - [2025-04-19T08:42:03.592+0000] {dag.py:3239} INFO - Sync 1 DAGs
[2025-04-19T08:42:03.627+0000] {logging_mixin.py:190} INFO - [2025-04-19T08:42:03.627+0000] {dag.py:4180} INFO - Setting next_dagrun for example_setup_teardown to None, run_after=None
[2025-04-19T08:42:03.666+0000] {processor.py:208} INFO - Processing /home/airflow/.local/lib/python3.12/site-packages/airflow/example_dags/example_setup_teardown.py took 0.135 seconds
[2025-04-19T08:42:34.861+0000] {processor.py:186} INFO - Started process (PID=668) to work on /home/airflow/.local/lib/python3.12/site-packages/airflow/example_dags/example_setup_teardown.py
[2025-04-19T08:42:34.862+0000] {processor.py:914} INFO - Processing file /home/airflow/.local/lib/python3.12/site-packages/airflow/example_dags/example_setup_teardown.py for tasks to queue
[2025-04-19T08:42:34.865+0000] {logging_mixin.py:190} INFO - [2025-04-19T08:42:34.864+0000] {dagbag.py:588} INFO - Filling up the DagBag from /home/airflow/.local/lib/python3.12/site-packages/airflow/example_dags/example_setup_teardown.py
[2025-04-19T08:42:34.874+0000] {processor.py:925} INFO - DAG(s) 'example_setup_teardown' retrieved from /home/airflow/.local/lib/python3.12/site-packages/airflow/example_dags/example_setup_teardown.py
[2025-04-19T08:42:34.895+0000] {logging_mixin.py:190} INFO - [2025-04-19T08:42:34.895+0000] {dag.py:3239} INFO - Sync 1 DAGs
[2025-04-19T08:42:34.911+0000] {logging_mixin.py:190} INFO - [2025-04-19T08:42:34.910+0000] {dag.py:4180} INFO - Setting next_dagrun for example_setup_teardown to None, run_after=None
[2025-04-19T08:42:34.928+0000] {processor.py:208} INFO - Processing /home/airflow/.local/lib/python3.12/site-packages/airflow/example_dags/example_setup_teardown.py took 0.073 seconds
[2025-04-19T08:43:05.491+0000] {processor.py:186} INFO - Started process (PID=727) to work on /home/airflow/.local/lib/python3.12/site-packages/airflow/example_dags/example_setup_teardown.py
[2025-04-19T08:43:05.492+0000] {processor.py:914} INFO - Processing file /home/airflow/.local/lib/python3.12/site-packages/airflow/example_dags/example_setup_teardown.py for tasks to queue
[2025-04-19T08:43:05.494+0000] {logging_mixin.py:190} INFO - [2025-04-19T08:43:05.494+0000] {dagbag.py:588} INFO - Filling up the DagBag from /home/airflow/.local/lib/python3.12/site-packages/airflow/example_dags/example_setup_teardown.py
[2025-04-19T08:43:05.503+0000] {processor.py:925} INFO - DAG(s) 'example_setup_teardown' retrieved from /home/airflow/.local/lib/python3.12/site-packages/airflow/example_dags/example_setup_teardown.py
[2025-04-19T08:43:05.529+0000] {logging_mixin.py:190} INFO - [2025-04-19T08:43:05.528+0000] {dag.py:3239} INFO - Sync 1 DAGs
[2025-04-19T08:43:05.546+0000] {logging_mixin.py:190} INFO - [2025-04-19T08:43:05.546+0000] {dag.py:4180} INFO - Setting next_dagrun for example_setup_teardown to None, run_after=None
[2025-04-19T08:43:05.589+0000] {processor.py:208} INFO - Processing /home/airflow/.local/lib/python3.12/site-packages/airflow/example_dags/example_setup_teardown.py took 0.103 seconds
