[2025-04-19T08:37:43.954+0000] {processor.py:186} INFO - Started process (PID=83) to work on /home/airflow/.local/lib/python3.12/site-packages/airflow/example_dags/example_external_task_marker_dag.py
[2025-04-19T08:37:43.958+0000] {processor.py:914} INFO - Processing file /home/airflow/.local/lib/python3.12/site-packages/airflow/example_dags/example_external_task_marker_dag.py for tasks to queue
[2025-04-19T08:37:43.969+0000] {logging_mixin.py:190} INFO - [2025-04-19T08:37:43.969+0000] {dagbag.py:588} INFO - Filling up the DagBag from /home/airflow/.local/lib/python3.12/site-packages/airflow/example_dags/example_external_task_marker_dag.py
[2025-04-19T08:37:44.007+0000] {processor.py:925} INFO - DAG(s) 'example_external_task_marker_child', 'example_external_task_marker_parent' retrieved from /home/airflow/.local/lib/python3.12/site-packages/airflow/example_dags/example_external_task_marker_dag.py
[2025-04-19T08:37:44.620+0000] {logging_mixin.py:190} INFO - [2025-04-19T08:37:44.620+0000] {override.py:1911} INFO - Created Permission View: can delete on DAG:example_external_task_marker_child
[2025-04-19T08:37:44.683+0000] {logging_mixin.py:190} INFO - [2025-04-19T08:37:44.682+0000] {override.py:1911} INFO - Created Permission View: can read on DAG:example_external_task_marker_child
[2025-04-19T08:37:44.720+0000] {logging_mixin.py:190} INFO - [2025-04-19T08:37:44.719+0000] {override.py:1911} INFO - Created Permission View: can edit on DAG:example_external_task_marker_child
[2025-04-19T08:37:44.755+0000] {logging_mixin.py:190} INFO - [2025-04-19T08:37:44.754+0000] {override.py:1911} INFO - Created Permission View: can delete on DAG Run:example_external_task_marker_child
[2025-04-19T08:37:44.779+0000] {logging_mixin.py:190} INFO - [2025-04-19T08:37:44.779+0000] {override.py:1911} INFO - Created Permission View: can read on DAG Run:example_external_task_marker_child
[2025-04-19T08:37:44.794+0000] {logging_mixin.py:190} INFO - [2025-04-19T08:37:44.793+0000] {override.py:1911} INFO - Created Permission View: can create on DAG Run:example_external_task_marker_child
[2025-04-19T08:37:44.799+0000] {logging_mixin.py:190} INFO - [2025-04-19T08:37:44.799+0000] {override.py:1911} INFO - Created Permission View: menu access on DAG Run:example_external_task_marker_child
[2025-04-19T08:37:44.810+0000] {logging_mixin.py:190} INFO - [2025-04-19T08:37:44.810+0000] {override.py:1911} INFO - Created Permission View: can delete on DAG:example_external_task_marker_parent
[2025-04-19T08:37:44.816+0000] {logging_mixin.py:190} INFO - [2025-04-19T08:37:44.816+0000] {override.py:1911} INFO - Created Permission View: can read on DAG:example_external_task_marker_parent
[2025-04-19T08:37:44.822+0000] {logging_mixin.py:190} INFO - [2025-04-19T08:37:44.821+0000] {override.py:1911} INFO - Created Permission View: can edit on DAG:example_external_task_marker_parent
[2025-04-19T08:37:44.827+0000] {logging_mixin.py:190} INFO - [2025-04-19T08:37:44.827+0000] {override.py:1911} INFO - Created Permission View: can delete on DAG Run:example_external_task_marker_parent
[2025-04-19T08:37:44.832+0000] {logging_mixin.py:190} INFO - [2025-04-19T08:37:44.832+0000] {override.py:1911} INFO - Created Permission View: can read on DAG Run:example_external_task_marker_parent
[2025-04-19T08:37:44.838+0000] {logging_mixin.py:190} INFO - [2025-04-19T08:37:44.838+0000] {override.py:1911} INFO - Created Permission View: can create on DAG Run:example_external_task_marker_parent
[2025-04-19T08:37:44.843+0000] {logging_mixin.py:190} INFO - [2025-04-19T08:37:44.843+0000] {override.py:1911} INFO - Created Permission View: menu access on DAG Run:example_external_task_marker_parent
[2025-04-19T08:37:44.844+0000] {logging_mixin.py:190} INFO - [2025-04-19T08:37:44.843+0000] {dag.py:3239} INFO - Sync 2 DAGs
[2025-04-19T08:37:44.862+0000] {logging_mixin.py:190} INFO - [2025-04-19T08:37:44.861+0000] {dag.py:3262} INFO - Creating ORM DAG for example_external_task_marker_parent
[2025-04-19T08:37:44.862+0000] {logging_mixin.py:190} INFO - [2025-04-19T08:37:44.862+0000] {dag.py:3262} INFO - Creating ORM DAG for example_external_task_marker_child
[2025-04-19T08:37:44.863+0000] {logging_mixin.py:190} INFO - [2025-04-19T08:37:44.863+0000] {dag.py:4180} INFO - Setting next_dagrun for example_external_task_marker_child to None, run_after=None
[2025-04-19T08:37:44.864+0000] {logging_mixin.py:190} INFO - [2025-04-19T08:37:44.863+0000] {dag.py:4180} INFO - Setting next_dagrun for example_external_task_marker_parent to None, run_after=None
[2025-04-19T08:37:44.881+0000] {processor.py:208} INFO - Processing /home/airflow/.local/lib/python3.12/site-packages/airflow/example_dags/example_external_task_marker_dag.py took 0.967 seconds
[2025-04-19T08:38:20.645+0000] {processor.py:186} INFO - Started process (PID=146) to work on /home/airflow/.local/lib/python3.12/site-packages/airflow/example_dags/example_external_task_marker_dag.py
[2025-04-19T08:38:20.646+0000] {processor.py:914} INFO - Processing file /home/airflow/.local/lib/python3.12/site-packages/airflow/example_dags/example_external_task_marker_dag.py for tasks to queue
[2025-04-19T08:38:20.649+0000] {logging_mixin.py:190} INFO - [2025-04-19T08:38:20.649+0000] {dagbag.py:588} INFO - Filling up the DagBag from /home/airflow/.local/lib/python3.12/site-packages/airflow/example_dags/example_external_task_marker_dag.py
[2025-04-19T08:38:20.657+0000] {processor.py:925} INFO - DAG(s) 'example_external_task_marker_parent', 'example_external_task_marker_child' retrieved from /home/airflow/.local/lib/python3.12/site-packages/airflow/example_dags/example_external_task_marker_dag.py
[2025-04-19T08:38:20.685+0000] {logging_mixin.py:190} INFO - [2025-04-19T08:38:20.684+0000] {dag.py:3239} INFO - Sync 2 DAGs
[2025-04-19T08:38:20.703+0000] {logging_mixin.py:190} INFO - [2025-04-19T08:38:20.702+0000] {dag.py:4180} INFO - Setting next_dagrun for example_external_task_marker_child to None, run_after=None
[2025-04-19T08:38:20.707+0000] {logging_mixin.py:190} INFO - [2025-04-19T08:38:20.707+0000] {dag.py:4180} INFO - Setting next_dagrun for example_external_task_marker_parent to None, run_after=None
[2025-04-19T08:38:20.726+0000] {processor.py:208} INFO - Processing /home/airflow/.local/lib/python3.12/site-packages/airflow/example_dags/example_external_task_marker_dag.py took 0.087 seconds
[2025-04-19T08:38:55.438+0000] {processor.py:186} INFO - Started process (PID=209) to work on /home/airflow/.local/lib/python3.12/site-packages/airflow/example_dags/example_external_task_marker_dag.py
[2025-04-19T08:38:55.440+0000] {processor.py:914} INFO - Processing file /home/airflow/.local/lib/python3.12/site-packages/airflow/example_dags/example_external_task_marker_dag.py for tasks to queue
[2025-04-19T08:38:55.445+0000] {logging_mixin.py:190} INFO - [2025-04-19T08:38:55.444+0000] {dagbag.py:588} INFO - Filling up the DagBag from /home/airflow/.local/lib/python3.12/site-packages/airflow/example_dags/example_external_task_marker_dag.py
[2025-04-19T08:38:55.456+0000] {processor.py:925} INFO - DAG(s) 'example_external_task_marker_child', 'example_external_task_marker_parent' retrieved from /home/airflow/.local/lib/python3.12/site-packages/airflow/example_dags/example_external_task_marker_dag.py
[2025-04-19T08:38:55.485+0000] {logging_mixin.py:190} INFO - [2025-04-19T08:38:55.484+0000] {dag.py:3239} INFO - Sync 2 DAGs
[2025-04-19T08:38:55.501+0000] {logging_mixin.py:190} INFO - [2025-04-19T08:38:55.501+0000] {dag.py:4180} INFO - Setting next_dagrun for example_external_task_marker_child to None, run_after=None
[2025-04-19T08:38:55.505+0000] {logging_mixin.py:190} INFO - [2025-04-19T08:38:55.505+0000] {dag.py:4180} INFO - Setting next_dagrun for example_external_task_marker_parent to None, run_after=None
[2025-04-19T08:38:55.528+0000] {processor.py:208} INFO - Processing /home/airflow/.local/lib/python3.12/site-packages/airflow/example_dags/example_external_task_marker_dag.py took 0.099 seconds
[2025-04-19T08:39:26.548+0000] {processor.py:186} INFO - Started process (PID=272) to work on /home/airflow/.local/lib/python3.12/site-packages/airflow/example_dags/example_external_task_marker_dag.py
[2025-04-19T08:39:26.549+0000] {processor.py:914} INFO - Processing file /home/airflow/.local/lib/python3.12/site-packages/airflow/example_dags/example_external_task_marker_dag.py for tasks to queue
[2025-04-19T08:39:26.554+0000] {logging_mixin.py:190} INFO - [2025-04-19T08:39:26.554+0000] {dagbag.py:588} INFO - Filling up the DagBag from /home/airflow/.local/lib/python3.12/site-packages/airflow/example_dags/example_external_task_marker_dag.py
[2025-04-19T08:39:26.573+0000] {processor.py:925} INFO - DAG(s) 'example_external_task_marker_child', 'example_external_task_marker_parent' retrieved from /home/airflow/.local/lib/python3.12/site-packages/airflow/example_dags/example_external_task_marker_dag.py
[2025-04-19T08:39:26.619+0000] {logging_mixin.py:190} INFO - [2025-04-19T08:39:26.619+0000] {dag.py:3239} INFO - Sync 2 DAGs
[2025-04-19T08:39:26.661+0000] {logging_mixin.py:190} INFO - [2025-04-19T08:39:26.660+0000] {dag.py:4180} INFO - Setting next_dagrun for example_external_task_marker_child to None, run_after=None
[2025-04-19T08:39:26.672+0000] {logging_mixin.py:190} INFO - [2025-04-19T08:39:26.672+0000] {dag.py:4180} INFO - Setting next_dagrun for example_external_task_marker_parent to None, run_after=None
[2025-04-19T08:39:26.702+0000] {processor.py:208} INFO - Processing /home/airflow/.local/lib/python3.12/site-packages/airflow/example_dags/example_external_task_marker_dag.py took 0.172 seconds
[2025-04-19T08:39:56.956+0000] {processor.py:186} INFO - Started process (PID=335) to work on /home/airflow/.local/lib/python3.12/site-packages/airflow/example_dags/example_external_task_marker_dag.py
[2025-04-19T08:39:56.957+0000] {processor.py:914} INFO - Processing file /home/airflow/.local/lib/python3.12/site-packages/airflow/example_dags/example_external_task_marker_dag.py for tasks to queue
[2025-04-19T08:39:56.959+0000] {logging_mixin.py:190} INFO - [2025-04-19T08:39:56.959+0000] {dagbag.py:588} INFO - Filling up the DagBag from /home/airflow/.local/lib/python3.12/site-packages/airflow/example_dags/example_external_task_marker_dag.py
[2025-04-19T08:39:56.967+0000] {processor.py:925} INFO - DAG(s) 'example_external_task_marker_parent', 'example_external_task_marker_child' retrieved from /home/airflow/.local/lib/python3.12/site-packages/airflow/example_dags/example_external_task_marker_dag.py
[2025-04-19T08:39:56.984+0000] {logging_mixin.py:190} INFO - [2025-04-19T08:39:56.984+0000] {dag.py:3239} INFO - Sync 2 DAGs
[2025-04-19T08:39:56.996+0000] {logging_mixin.py:190} INFO - [2025-04-19T08:39:56.995+0000] {dag.py:4180} INFO - Setting next_dagrun for example_external_task_marker_child to None, run_after=None
[2025-04-19T08:39:56.998+0000] {logging_mixin.py:190} INFO - [2025-04-19T08:39:56.998+0000] {dag.py:4180} INFO - Setting next_dagrun for example_external_task_marker_parent to None, run_after=None
[2025-04-19T08:39:57.010+0000] {processor.py:208} INFO - Processing /home/airflow/.local/lib/python3.12/site-packages/airflow/example_dags/example_external_task_marker_dag.py took 0.059 seconds
[2025-04-19T08:40:27.461+0000] {processor.py:186} INFO - Started process (PID=398) to work on /home/airflow/.local/lib/python3.12/site-packages/airflow/example_dags/example_external_task_marker_dag.py
[2025-04-19T08:40:27.462+0000] {processor.py:914} INFO - Processing file /home/airflow/.local/lib/python3.12/site-packages/airflow/example_dags/example_external_task_marker_dag.py for tasks to queue
[2025-04-19T08:40:27.465+0000] {logging_mixin.py:190} INFO - [2025-04-19T08:40:27.464+0000] {dagbag.py:588} INFO - Filling up the DagBag from /home/airflow/.local/lib/python3.12/site-packages/airflow/example_dags/example_external_task_marker_dag.py
[2025-04-19T08:40:27.475+0000] {processor.py:925} INFO - DAG(s) 'example_external_task_marker_parent', 'example_external_task_marker_child' retrieved from /home/airflow/.local/lib/python3.12/site-packages/airflow/example_dags/example_external_task_marker_dag.py
[2025-04-19T08:40:27.499+0000] {logging_mixin.py:190} INFO - [2025-04-19T08:40:27.499+0000] {dag.py:3239} INFO - Sync 2 DAGs
[2025-04-19T08:40:27.515+0000] {logging_mixin.py:190} INFO - [2025-04-19T08:40:27.515+0000] {dag.py:4180} INFO - Setting next_dagrun for example_external_task_marker_child to None, run_after=None
[2025-04-19T08:40:27.519+0000] {logging_mixin.py:190} INFO - [2025-04-19T08:40:27.519+0000] {dag.py:4180} INFO - Setting next_dagrun for example_external_task_marker_parent to None, run_after=None
[2025-04-19T08:40:27.535+0000] {processor.py:208} INFO - Processing /home/airflow/.local/lib/python3.12/site-packages/airflow/example_dags/example_external_task_marker_dag.py took 0.080 seconds
[2025-04-19T08:40:59.402+0000] {processor.py:186} INFO - Started process (PID=461) to work on /home/airflow/.local/lib/python3.12/site-packages/airflow/example_dags/example_external_task_marker_dag.py
[2025-04-19T08:40:59.403+0000] {processor.py:914} INFO - Processing file /home/airflow/.local/lib/python3.12/site-packages/airflow/example_dags/example_external_task_marker_dag.py for tasks to queue
[2025-04-19T08:40:59.408+0000] {logging_mixin.py:190} INFO - [2025-04-19T08:40:59.408+0000] {dagbag.py:588} INFO - Filling up the DagBag from /home/airflow/.local/lib/python3.12/site-packages/airflow/example_dags/example_external_task_marker_dag.py
[2025-04-19T08:40:59.429+0000] {processor.py:925} INFO - DAG(s) 'example_external_task_marker_parent', 'example_external_task_marker_child' retrieved from /home/airflow/.local/lib/python3.12/site-packages/airflow/example_dags/example_external_task_marker_dag.py
[2025-04-19T08:40:59.502+0000] {logging_mixin.py:190} INFO - [2025-04-19T08:40:59.501+0000] {dag.py:3239} INFO - Sync 2 DAGs
[2025-04-19T08:40:59.558+0000] {logging_mixin.py:190} INFO - [2025-04-19T08:40:59.557+0000] {dag.py:4180} INFO - Setting next_dagrun for example_external_task_marker_child to None, run_after=None
[2025-04-19T08:40:59.569+0000] {logging_mixin.py:190} INFO - [2025-04-19T08:40:59.568+0000] {dag.py:4180} INFO - Setting next_dagrun for example_external_task_marker_parent to None, run_after=None
[2025-04-19T08:40:59.599+0000] {processor.py:208} INFO - Processing /home/airflow/.local/lib/python3.12/site-packages/airflow/example_dags/example_external_task_marker_dag.py took 0.215 seconds
[2025-04-19T08:41:30.456+0000] {processor.py:186} INFO - Started process (PID=522) to work on /home/airflow/.local/lib/python3.12/site-packages/airflow/example_dags/example_external_task_marker_dag.py
[2025-04-19T08:41:30.457+0000] {processor.py:914} INFO - Processing file /home/airflow/.local/lib/python3.12/site-packages/airflow/example_dags/example_external_task_marker_dag.py for tasks to queue
[2025-04-19T08:41:30.460+0000] {logging_mixin.py:190} INFO - [2025-04-19T08:41:30.459+0000] {dagbag.py:588} INFO - Filling up the DagBag from /home/airflow/.local/lib/python3.12/site-packages/airflow/example_dags/example_external_task_marker_dag.py
[2025-04-19T08:41:30.469+0000] {processor.py:925} INFO - DAG(s) 'example_external_task_marker_parent', 'example_external_task_marker_child' retrieved from /home/airflow/.local/lib/python3.12/site-packages/airflow/example_dags/example_external_task_marker_dag.py
[2025-04-19T08:41:30.497+0000] {logging_mixin.py:190} INFO - [2025-04-19T08:41:30.497+0000] {dag.py:3239} INFO - Sync 2 DAGs
[2025-04-19T08:41:30.517+0000] {logging_mixin.py:190} INFO - [2025-04-19T08:41:30.516+0000] {dag.py:4180} INFO - Setting next_dagrun for example_external_task_marker_child to None, run_after=None
[2025-04-19T08:41:30.521+0000] {logging_mixin.py:190} INFO - [2025-04-19T08:41:30.521+0000] {dag.py:4180} INFO - Setting next_dagrun for example_external_task_marker_parent to None, run_after=None
[2025-04-19T08:41:30.537+0000] {processor.py:208} INFO - Processing /home/airflow/.local/lib/python3.12/site-packages/airflow/example_dags/example_external_task_marker_dag.py took 0.087 seconds
[2025-04-19T08:42:00.887+0000] {processor.py:186} INFO - Started process (PID=579) to work on /home/airflow/.local/lib/python3.12/site-packages/airflow/example_dags/example_external_task_marker_dag.py
[2025-04-19T08:42:00.891+0000] {processor.py:914} INFO - Processing file /home/airflow/.local/lib/python3.12/site-packages/airflow/example_dags/example_external_task_marker_dag.py for tasks to queue
[2025-04-19T08:42:00.903+0000] {logging_mixin.py:190} INFO - [2025-04-19T08:42:00.902+0000] {dagbag.py:588} INFO - Filling up the DagBag from /home/airflow/.local/lib/python3.12/site-packages/airflow/example_dags/example_external_task_marker_dag.py
[2025-04-19T08:42:00.932+0000] {processor.py:925} INFO - DAG(s) 'example_external_task_marker_parent', 'example_external_task_marker_child' retrieved from /home/airflow/.local/lib/python3.12/site-packages/airflow/example_dags/example_external_task_marker_dag.py
[2025-04-19T08:42:01.009+0000] {logging_mixin.py:190} INFO - [2025-04-19T08:42:01.008+0000] {dag.py:3239} INFO - Sync 2 DAGs
[2025-04-19T08:42:01.053+0000] {logging_mixin.py:190} INFO - [2025-04-19T08:42:01.052+0000] {dag.py:4180} INFO - Setting next_dagrun for example_external_task_marker_child to None, run_after=None
[2025-04-19T08:42:01.057+0000] {logging_mixin.py:190} INFO - [2025-04-19T08:42:01.057+0000] {dag.py:4180} INFO - Setting next_dagrun for example_external_task_marker_parent to None, run_after=None
[2025-04-19T08:42:01.075+0000] {processor.py:208} INFO - Processing /home/airflow/.local/lib/python3.12/site-packages/airflow/example_dags/example_external_task_marker_dag.py took 0.205 seconds
[2025-04-19T08:42:31.767+0000] {processor.py:186} INFO - Started process (PID=648) to work on /home/airflow/.local/lib/python3.12/site-packages/airflow/example_dags/example_external_task_marker_dag.py
[2025-04-19T08:42:31.768+0000] {processor.py:914} INFO - Processing file /home/airflow/.local/lib/python3.12/site-packages/airflow/example_dags/example_external_task_marker_dag.py for tasks to queue
[2025-04-19T08:42:31.771+0000] {logging_mixin.py:190} INFO - [2025-04-19T08:42:31.771+0000] {dagbag.py:588} INFO - Filling up the DagBag from /home/airflow/.local/lib/python3.12/site-packages/airflow/example_dags/example_external_task_marker_dag.py
[2025-04-19T08:42:31.779+0000] {processor.py:925} INFO - DAG(s) 'example_external_task_marker_child', 'example_external_task_marker_parent' retrieved from /home/airflow/.local/lib/python3.12/site-packages/airflow/example_dags/example_external_task_marker_dag.py
[2025-04-19T08:42:31.802+0000] {logging_mixin.py:190} INFO - [2025-04-19T08:42:31.802+0000] {dag.py:3239} INFO - Sync 2 DAGs
[2025-04-19T08:42:31.819+0000] {logging_mixin.py:190} INFO - [2025-04-19T08:42:31.819+0000] {dag.py:4180} INFO - Setting next_dagrun for example_external_task_marker_child to None, run_after=None
[2025-04-19T08:42:31.823+0000] {logging_mixin.py:190} INFO - [2025-04-19T08:42:31.823+0000] {dag.py:4180} INFO - Setting next_dagrun for example_external_task_marker_parent to None, run_after=None
[2025-04-19T08:42:31.839+0000] {processor.py:208} INFO - Processing /home/airflow/.local/lib/python3.12/site-packages/airflow/example_dags/example_external_task_marker_dag.py took 0.083 seconds
[2025-04-19T08:43:02.661+0000] {processor.py:186} INFO - Started process (PID=712) to work on /home/airflow/.local/lib/python3.12/site-packages/airflow/example_dags/example_external_task_marker_dag.py
[2025-04-19T08:43:02.665+0000] {processor.py:914} INFO - Processing file /home/airflow/.local/lib/python3.12/site-packages/airflow/example_dags/example_external_task_marker_dag.py for tasks to queue
[2025-04-19T08:43:02.672+0000] {logging_mixin.py:190} INFO - [2025-04-19T08:43:02.672+0000] {dagbag.py:588} INFO - Filling up the DagBag from /home/airflow/.local/lib/python3.12/site-packages/airflow/example_dags/example_external_task_marker_dag.py
[2025-04-19T08:43:02.692+0000] {processor.py:925} INFO - DAG(s) 'example_external_task_marker_parent', 'example_external_task_marker_child' retrieved from /home/airflow/.local/lib/python3.12/site-packages/airflow/example_dags/example_external_task_marker_dag.py
[2025-04-19T08:43:02.738+0000] {logging_mixin.py:190} INFO - [2025-04-19T08:43:02.737+0000] {dag.py:3239} INFO - Sync 2 DAGs
[2025-04-19T08:43:02.804+0000] {logging_mixin.py:190} INFO - [2025-04-19T08:43:02.804+0000] {dag.py:4180} INFO - Setting next_dagrun for example_external_task_marker_child to None, run_after=None
[2025-04-19T08:43:02.828+0000] {logging_mixin.py:190} INFO - [2025-04-19T08:43:02.828+0000] {dag.py:4180} INFO - Setting next_dagrun for example_external_task_marker_parent to None, run_after=None
[2025-04-19T08:43:02.891+0000] {processor.py:208} INFO - Processing /home/airflow/.local/lib/python3.12/site-packages/airflow/example_dags/example_external_task_marker_dag.py took 0.258 seconds
