[2025-04-19T08:37:37.808+0000] {processor.py:186} INFO - Started process (PID=74) to work on /home/airflow/.local/lib/python3.12/site-packages/airflow/example_dags/example_branch_python_dop_operator_3.py
[2025-04-19T08:37:37.809+0000] {processor.py:914} INFO - Processing file /home/airflow/.local/lib/python3.12/site-packages/airflow/example_dags/example_branch_python_dop_operator_3.py for tasks to queue
[2025-04-19T08:37:37.815+0000] {logging_mixin.py:190} INFO - [2025-04-19T08:37:37.814+0000] {dagbag.py:588} INFO - Filling up the DagBag from /home/airflow/.local/lib/python3.12/site-packages/airflow/example_dags/example_branch_python_dop_operator_3.py
[2025-04-19T08:37:37.848+0000] {processor.py:925} INFO - DAG(s) 'example_branch_dop_operator_v3' retrieved from /home/airflow/.local/lib/python3.12/site-packages/airflow/example_dags/example_branch_python_dop_operator_3.py
[2025-04-19T08:37:38.355+0000] {logging_mixin.py:190} INFO - [2025-04-19T08:37:38.354+0000] {override.py:1911} INFO - Created Permission View: can delete on DAG:example_branch_dop_operator_v3
[2025-04-19T08:37:38.403+0000] {logging_mixin.py:190} INFO - [2025-04-19T08:37:38.403+0000] {override.py:1911} INFO - Created Permission View: can read on DAG:example_branch_dop_operator_v3
[2025-04-19T08:37:38.436+0000] {logging_mixin.py:190} INFO - [2025-04-19T08:37:38.435+0000] {override.py:1911} INFO - Created Permission View: can edit on DAG:example_branch_dop_operator_v3
[2025-04-19T08:37:38.458+0000] {logging_mixin.py:190} INFO - [2025-04-19T08:37:38.457+0000] {override.py:1911} INFO - Created Permission View: can delete on DAG Run:example_branch_dop_operator_v3
[2025-04-19T08:37:38.486+0000] {logging_mixin.py:190} INFO - [2025-04-19T08:37:38.485+0000] {override.py:1911} INFO - Created Permission View: can read on DAG Run:example_branch_dop_operator_v3
[2025-04-19T08:37:38.514+0000] {logging_mixin.py:190} INFO - [2025-04-19T08:37:38.513+0000] {override.py:1911} INFO - Created Permission View: can create on DAG Run:example_branch_dop_operator_v3
[2025-04-19T08:37:38.544+0000] {logging_mixin.py:190} INFO - [2025-04-19T08:37:38.544+0000] {override.py:1911} INFO - Created Permission View: menu access on DAG Run:example_branch_dop_operator_v3
[2025-04-19T08:37:38.549+0000] {logging_mixin.py:190} INFO - [2025-04-19T08:37:38.548+0000] {dag.py:3239} INFO - Sync 1 DAGs
[2025-04-19T08:37:38.611+0000] {logging_mixin.py:190} INFO - [2025-04-19T08:37:38.609+0000] {dag.py:3262} INFO - Creating ORM DAG for example_branch_dop_operator_v3
[2025-04-19T08:37:38.690+0000] {logging_mixin.py:190} INFO - [2025-04-19T08:37:38.690+0000] {dag.py:4180} INFO - Setting next_dagrun for example_branch_dop_operator_v3 to 2025-04-19 08:36:00+00:00, run_after=2025-04-19 08:37:00+00:00
[2025-04-19T08:37:38.788+0000] {processor.py:208} INFO - Processing /home/airflow/.local/lib/python3.12/site-packages/airflow/example_dags/example_branch_python_dop_operator_3.py took 0.994 seconds
[2025-04-19T08:38:20.092+0000] {processor.py:186} INFO - Started process (PID=137) to work on /home/airflow/.local/lib/python3.12/site-packages/airflow/example_dags/example_branch_python_dop_operator_3.py
[2025-04-19T08:38:20.093+0000] {processor.py:914} INFO - Processing file /home/airflow/.local/lib/python3.12/site-packages/airflow/example_dags/example_branch_python_dop_operator_3.py for tasks to queue
[2025-04-19T08:38:20.099+0000] {logging_mixin.py:190} INFO - [2025-04-19T08:38:20.098+0000] {dagbag.py:588} INFO - Filling up the DagBag from /home/airflow/.local/lib/python3.12/site-packages/airflow/example_dags/example_branch_python_dop_operator_3.py
[2025-04-19T08:38:20.112+0000] {processor.py:925} INFO - DAG(s) 'example_branch_dop_operator_v3' retrieved from /home/airflow/.local/lib/python3.12/site-packages/airflow/example_dags/example_branch_python_dop_operator_3.py
[2025-04-19T08:38:20.134+0000] {logging_mixin.py:190} INFO - [2025-04-19T08:38:20.134+0000] {dag.py:3239} INFO - Sync 1 DAGs
[2025-04-19T08:38:20.165+0000] {logging_mixin.py:190} INFO - [2025-04-19T08:38:20.165+0000] {dag.py:4180} INFO - Setting next_dagrun for example_branch_dop_operator_v3 to 2025-04-19 08:37:00+00:00, run_after=2025-04-19 08:38:00+00:00
[2025-04-19T08:38:20.182+0000] {processor.py:208} INFO - Processing /home/airflow/.local/lib/python3.12/site-packages/airflow/example_dags/example_branch_python_dop_operator_3.py took 0.100 seconds
[2025-04-19T08:38:53.619+0000] {processor.py:186} INFO - Started process (PID=200) to work on /home/airflow/.local/lib/python3.12/site-packages/airflow/example_dags/example_branch_python_dop_operator_3.py
[2025-04-19T08:38:53.621+0000] {processor.py:914} INFO - Processing file /home/airflow/.local/lib/python3.12/site-packages/airflow/example_dags/example_branch_python_dop_operator_3.py for tasks to queue
[2025-04-19T08:38:53.632+0000] {logging_mixin.py:190} INFO - [2025-04-19T08:38:53.632+0000] {dagbag.py:588} INFO - Filling up the DagBag from /home/airflow/.local/lib/python3.12/site-packages/airflow/example_dags/example_branch_python_dop_operator_3.py
[2025-04-19T08:38:53.668+0000] {processor.py:925} INFO - DAG(s) 'example_branch_dop_operator_v3' retrieved from /home/airflow/.local/lib/python3.12/site-packages/airflow/example_dags/example_branch_python_dop_operator_3.py
[2025-04-19T08:38:53.748+0000] {logging_mixin.py:190} INFO - [2025-04-19T08:38:53.747+0000] {dag.py:3239} INFO - Sync 1 DAGs
[2025-04-19T08:38:53.847+0000] {logging_mixin.py:190} INFO - [2025-04-19T08:38:53.847+0000] {dag.py:4180} INFO - Setting next_dagrun for example_branch_dop_operator_v3 to 2025-04-19 08:37:00+00:00, run_after=2025-04-19 08:38:00+00:00
[2025-04-19T08:38:53.929+0000] {processor.py:208} INFO - Processing /home/airflow/.local/lib/python3.12/site-packages/airflow/example_dags/example_branch_python_dop_operator_3.py took 0.330 seconds
[2025-04-19T08:39:24.095+0000] {processor.py:186} INFO - Started process (PID=263) to work on /home/airflow/.local/lib/python3.12/site-packages/airflow/example_dags/example_branch_python_dop_operator_3.py
[2025-04-19T08:39:24.095+0000] {processor.py:914} INFO - Processing file /home/airflow/.local/lib/python3.12/site-packages/airflow/example_dags/example_branch_python_dop_operator_3.py for tasks to queue
[2025-04-19T08:39:24.099+0000] {logging_mixin.py:190} INFO - [2025-04-19T08:39:24.099+0000] {dagbag.py:588} INFO - Filling up the DagBag from /home/airflow/.local/lib/python3.12/site-packages/airflow/example_dags/example_branch_python_dop_operator_3.py
[2025-04-19T08:39:24.136+0000] {processor.py:925} INFO - DAG(s) 'example_branch_dop_operator_v3' retrieved from /home/airflow/.local/lib/python3.12/site-packages/airflow/example_dags/example_branch_python_dop_operator_3.py
[2025-04-19T08:39:24.231+0000] {logging_mixin.py:190} INFO - [2025-04-19T08:39:24.231+0000] {dag.py:3239} INFO - Sync 1 DAGs
[2025-04-19T08:39:24.305+0000] {logging_mixin.py:190} INFO - [2025-04-19T08:39:24.304+0000] {dag.py:4180} INFO - Setting next_dagrun for example_branch_dop_operator_v3 to 2025-04-19 08:38:00+00:00, run_after=2025-04-19 08:39:00+00:00
[2025-04-19T08:39:24.342+0000] {processor.py:208} INFO - Processing /home/airflow/.local/lib/python3.12/site-packages/airflow/example_dags/example_branch_python_dop_operator_3.py took 0.261 seconds
[2025-04-19T08:39:55.284+0000] {processor.py:186} INFO - Started process (PID=323) to work on /home/airflow/.local/lib/python3.12/site-packages/airflow/example_dags/example_branch_python_dop_operator_3.py
[2025-04-19T08:39:55.284+0000] {processor.py:914} INFO - Processing file /home/airflow/.local/lib/python3.12/site-packages/airflow/example_dags/example_branch_python_dop_operator_3.py for tasks to queue
[2025-04-19T08:39:55.286+0000] {logging_mixin.py:190} INFO - [2025-04-19T08:39:55.286+0000] {dagbag.py:588} INFO - Filling up the DagBag from /home/airflow/.local/lib/python3.12/site-packages/airflow/example_dags/example_branch_python_dop_operator_3.py
[2025-04-19T08:39:55.294+0000] {processor.py:925} INFO - DAG(s) 'example_branch_dop_operator_v3' retrieved from /home/airflow/.local/lib/python3.12/site-packages/airflow/example_dags/example_branch_python_dop_operator_3.py
[2025-04-19T08:39:55.309+0000] {logging_mixin.py:190} INFO - [2025-04-19T08:39:55.309+0000] {dag.py:3239} INFO - Sync 1 DAGs
[2025-04-19T08:39:55.330+0000] {logging_mixin.py:190} INFO - [2025-04-19T08:39:55.330+0000] {dag.py:4180} INFO - Setting next_dagrun for example_branch_dop_operator_v3 to 2025-04-19 08:38:00+00:00, run_after=2025-04-19 08:39:00+00:00
[2025-04-19T08:39:55.344+0000] {processor.py:208} INFO - Processing /home/airflow/.local/lib/python3.12/site-packages/airflow/example_dags/example_branch_python_dop_operator_3.py took 0.065 seconds
[2025-04-19T08:40:25.625+0000] {processor.py:186} INFO - Started process (PID=383) to work on /home/airflow/.local/lib/python3.12/site-packages/airflow/example_dags/example_branch_python_dop_operator_3.py
[2025-04-19T08:40:25.626+0000] {processor.py:914} INFO - Processing file /home/airflow/.local/lib/python3.12/site-packages/airflow/example_dags/example_branch_python_dop_operator_3.py for tasks to queue
[2025-04-19T08:40:25.628+0000] {logging_mixin.py:190} INFO - [2025-04-19T08:40:25.628+0000] {dagbag.py:588} INFO - Filling up the DagBag from /home/airflow/.local/lib/python3.12/site-packages/airflow/example_dags/example_branch_python_dop_operator_3.py
[2025-04-19T08:40:25.640+0000] {processor.py:925} INFO - DAG(s) 'example_branch_dop_operator_v3' retrieved from /home/airflow/.local/lib/python3.12/site-packages/airflow/example_dags/example_branch_python_dop_operator_3.py
[2025-04-19T08:40:25.662+0000] {logging_mixin.py:190} INFO - [2025-04-19T08:40:25.662+0000] {dag.py:3239} INFO - Sync 1 DAGs
[2025-04-19T08:40:25.693+0000] {logging_mixin.py:190} INFO - [2025-04-19T08:40:25.693+0000] {dag.py:4180} INFO - Setting next_dagrun for example_branch_dop_operator_v3 to 2025-04-19 08:39:00+00:00, run_after=2025-04-19 08:40:00+00:00
[2025-04-19T08:40:25.712+0000] {processor.py:208} INFO - Processing /home/airflow/.local/lib/python3.12/site-packages/airflow/example_dags/example_branch_python_dop_operator_3.py took 0.092 seconds
[2025-04-19T08:40:56.307+0000] {processor.py:186} INFO - Started process (PID=446) to work on /home/airflow/.local/lib/python3.12/site-packages/airflow/example_dags/example_branch_python_dop_operator_3.py
[2025-04-19T08:40:56.308+0000] {processor.py:914} INFO - Processing file /home/airflow/.local/lib/python3.12/site-packages/airflow/example_dags/example_branch_python_dop_operator_3.py for tasks to queue
[2025-04-19T08:40:56.312+0000] {logging_mixin.py:190} INFO - [2025-04-19T08:40:56.311+0000] {dagbag.py:588} INFO - Filling up the DagBag from /home/airflow/.local/lib/python3.12/site-packages/airflow/example_dags/example_branch_python_dop_operator_3.py
[2025-04-19T08:40:56.350+0000] {processor.py:925} INFO - DAG(s) 'example_branch_dop_operator_v3' retrieved from /home/airflow/.local/lib/python3.12/site-packages/airflow/example_dags/example_branch_python_dop_operator_3.py
[2025-04-19T08:40:56.400+0000] {logging_mixin.py:190} INFO - [2025-04-19T08:40:56.399+0000] {dag.py:3239} INFO - Sync 1 DAGs
[2025-04-19T08:40:56.445+0000] {logging_mixin.py:190} INFO - [2025-04-19T08:40:56.445+0000] {dag.py:4180} INFO - Setting next_dagrun for example_branch_dop_operator_v3 to 2025-04-19 08:39:00+00:00, run_after=2025-04-19 08:40:00+00:00
[2025-04-19T08:40:56.470+0000] {processor.py:208} INFO - Processing /home/airflow/.local/lib/python3.12/site-packages/airflow/example_dags/example_branch_python_dop_operator_3.py took 0.169 seconds
[2025-04-19T08:41:26.892+0000] {processor.py:186} INFO - Started process (PID=508) to work on /home/airflow/.local/lib/python3.12/site-packages/airflow/example_dags/example_branch_python_dop_operator_3.py
[2025-04-19T08:41:26.893+0000] {processor.py:914} INFO - Processing file /home/airflow/.local/lib/python3.12/site-packages/airflow/example_dags/example_branch_python_dop_operator_3.py for tasks to queue
[2025-04-19T08:41:26.895+0000] {logging_mixin.py:190} INFO - [2025-04-19T08:41:26.895+0000] {dagbag.py:588} INFO - Filling up the DagBag from /home/airflow/.local/lib/python3.12/site-packages/airflow/example_dags/example_branch_python_dop_operator_3.py
[2025-04-19T08:41:26.906+0000] {processor.py:925} INFO - DAG(s) 'example_branch_dop_operator_v3' retrieved from /home/airflow/.local/lib/python3.12/site-packages/airflow/example_dags/example_branch_python_dop_operator_3.py
[2025-04-19T08:41:26.928+0000] {logging_mixin.py:190} INFO - [2025-04-19T08:41:26.927+0000] {dag.py:3239} INFO - Sync 1 DAGs
[2025-04-19T08:41:26.964+0000] {logging_mixin.py:190} INFO - [2025-04-19T08:41:26.964+0000] {dag.py:4180} INFO - Setting next_dagrun for example_branch_dop_operator_v3 to 2025-04-19 08:40:00+00:00, run_after=2025-04-19 08:41:00+00:00
[2025-04-19T08:41:27.009+0000] {processor.py:208} INFO - Processing /home/airflow/.local/lib/python3.12/site-packages/airflow/example_dags/example_branch_python_dop_operator_3.py took 0.122 seconds
[2025-04-19T08:41:57.465+0000] {processor.py:186} INFO - Started process (PID=570) to work on /home/airflow/.local/lib/python3.12/site-packages/airflow/example_dags/example_branch_python_dop_operator_3.py
[2025-04-19T08:41:57.466+0000] {processor.py:914} INFO - Processing file /home/airflow/.local/lib/python3.12/site-packages/airflow/example_dags/example_branch_python_dop_operator_3.py for tasks to queue
[2025-04-19T08:41:57.468+0000] {logging_mixin.py:190} INFO - [2025-04-19T08:41:57.468+0000] {dagbag.py:588} INFO - Filling up the DagBag from /home/airflow/.local/lib/python3.12/site-packages/airflow/example_dags/example_branch_python_dop_operator_3.py
[2025-04-19T08:41:57.480+0000] {processor.py:925} INFO - DAG(s) 'example_branch_dop_operator_v3' retrieved from /home/airflow/.local/lib/python3.12/site-packages/airflow/example_dags/example_branch_python_dop_operator_3.py
[2025-04-19T08:41:57.504+0000] {logging_mixin.py:190} INFO - [2025-04-19T08:41:57.504+0000] {dag.py:3239} INFO - Sync 1 DAGs
[2025-04-19T08:41:57.538+0000] {logging_mixin.py:190} INFO - [2025-04-19T08:41:57.538+0000] {dag.py:4180} INFO - Setting next_dagrun for example_branch_dop_operator_v3 to 2025-04-19 08:40:00+00:00, run_after=2025-04-19 08:41:00+00:00
[2025-04-19T08:41:57.557+0000] {processor.py:208} INFO - Processing /home/airflow/.local/lib/python3.12/site-packages/airflow/example_dags/example_branch_python_dop_operator_3.py took 0.098 seconds
[2025-04-19T08:42:27.849+0000] {processor.py:186} INFO - Started process (PID=633) to work on /home/airflow/.local/lib/python3.12/site-packages/airflow/example_dags/example_branch_python_dop_operator_3.py
[2025-04-19T08:42:27.851+0000] {processor.py:914} INFO - Processing file /home/airflow/.local/lib/python3.12/site-packages/airflow/example_dags/example_branch_python_dop_operator_3.py for tasks to queue
[2025-04-19T08:42:27.857+0000] {logging_mixin.py:190} INFO - [2025-04-19T08:42:27.857+0000] {dagbag.py:588} INFO - Filling up the DagBag from /home/airflow/.local/lib/python3.12/site-packages/airflow/example_dags/example_branch_python_dop_operator_3.py
[2025-04-19T08:42:27.891+0000] {processor.py:925} INFO - DAG(s) 'example_branch_dop_operator_v3' retrieved from /home/airflow/.local/lib/python3.12/site-packages/airflow/example_dags/example_branch_python_dop_operator_3.py
[2025-04-19T08:42:27.960+0000] {logging_mixin.py:190} INFO - [2025-04-19T08:42:27.960+0000] {dag.py:3239} INFO - Sync 1 DAGs
[2025-04-19T08:42:28.088+0000] {logging_mixin.py:190} INFO - [2025-04-19T08:42:28.088+0000] {dag.py:4180} INFO - Setting next_dagrun for example_branch_dop_operator_v3 to 2025-04-19 08:41:00+00:00, run_after=2025-04-19 08:42:00+00:00
[2025-04-19T08:42:28.132+0000] {processor.py:208} INFO - Processing /home/airflow/.local/lib/python3.12/site-packages/airflow/example_dags/example_branch_python_dop_operator_3.py took 0.301 seconds
[2025-04-19T08:42:58.502+0000] {processor.py:186} INFO - Started process (PID=697) to work on /home/airflow/.local/lib/python3.12/site-packages/airflow/example_dags/example_branch_python_dop_operator_3.py
[2025-04-19T08:42:58.507+0000] {processor.py:914} INFO - Processing file /home/airflow/.local/lib/python3.12/site-packages/airflow/example_dags/example_branch_python_dop_operator_3.py for tasks to queue
[2025-04-19T08:42:58.512+0000] {logging_mixin.py:190} INFO - [2025-04-19T08:42:58.511+0000] {dagbag.py:588} INFO - Filling up the DagBag from /home/airflow/.local/lib/python3.12/site-packages/airflow/example_dags/example_branch_python_dop_operator_3.py
[2025-04-19T08:42:58.556+0000] {processor.py:925} INFO - DAG(s) 'example_branch_dop_operator_v3' retrieved from /home/airflow/.local/lib/python3.12/site-packages/airflow/example_dags/example_branch_python_dop_operator_3.py
[2025-04-19T08:42:58.602+0000] {logging_mixin.py:190} INFO - [2025-04-19T08:42:58.602+0000] {dag.py:3239} INFO - Sync 1 DAGs
[2025-04-19T08:42:58.646+0000] {logging_mixin.py:190} INFO - [2025-04-19T08:42:58.646+0000] {dag.py:4180} INFO - Setting next_dagrun for example_branch_dop_operator_v3 to 2025-04-19 08:41:00+00:00, run_after=2025-04-19 08:42:00+00:00
[2025-04-19T08:42:58.664+0000] {processor.py:208} INFO - Processing /home/airflow/.local/lib/python3.12/site-packages/airflow/example_dags/example_branch_python_dop_operator_3.py took 0.173 seconds
