[2025-04-19T08:37:44.891+0000] {processor.py:186} INFO - Started process (PID=84) to work on /home/airflow/.local/lib/python3.12/site-packages/airflow/example_dags/example_complex.py
[2025-04-19T08:37:44.905+0000] {processor.py:914} INFO - Processing file /home/airflow/.local/lib/python3.12/site-packages/airflow/example_dags/example_complex.py for tasks to queue
[2025-04-19T08:37:44.913+0000] {logging_mixin.py:190} INFO - [2025-04-19T08:37:44.907+0000] {dagbag.py:588} INFO - Filling up the DagBag from /home/airflow/.local/lib/python3.12/site-packages/airflow/example_dags/example_complex.py
[2025-04-19T08:37:45.042+0000] {processor.py:925} INFO - DAG(s) 'example_complex' retrieved from /home/airflow/.local/lib/python3.12/site-packages/airflow/example_dags/example_complex.py
[2025-04-19T08:37:45.660+0000] {logging_mixin.py:190} INFO - [2025-04-19T08:37:45.659+0000] {override.py:1911} INFO - Created Permission View: can delete on DAG:example_complex
[2025-04-19T08:37:45.693+0000] {logging_mixin.py:190} INFO - [2025-04-19T08:37:45.693+0000] {override.py:1911} INFO - Created Permission View: can read on DAG:example_complex
[2025-04-19T08:37:45.721+0000] {logging_mixin.py:190} INFO - [2025-04-19T08:37:45.720+0000] {override.py:1911} INFO - Created Permission View: can edit on DAG:example_complex
[2025-04-19T08:37:45.747+0000] {logging_mixin.py:190} INFO - [2025-04-19T08:37:45.746+0000] {override.py:1911} INFO - Created Permission View: can delete on DAG Run:example_complex
[2025-04-19T08:37:45.779+0000] {logging_mixin.py:190} INFO - [2025-04-19T08:37:45.778+0000] {override.py:1911} INFO - Created Permission View: can read on DAG Run:example_complex
[2025-04-19T08:37:45.876+0000] {logging_mixin.py:190} INFO - [2025-04-19T08:37:45.875+0000] {override.py:1911} INFO - Created Permission View: can create on DAG Run:example_complex
[2025-04-19T08:37:45.907+0000] {logging_mixin.py:190} INFO - [2025-04-19T08:37:45.906+0000] {override.py:1911} INFO - Created Permission View: menu access on DAG Run:example_complex
[2025-04-19T08:37:45.908+0000] {logging_mixin.py:190} INFO - [2025-04-19T08:37:45.908+0000] {dag.py:3239} INFO - Sync 1 DAGs
[2025-04-19T08:37:45.987+0000] {logging_mixin.py:190} INFO - [2025-04-19T08:37:45.986+0000] {dag.py:3262} INFO - Creating ORM DAG for example_complex
[2025-04-19T08:37:45.987+0000] {logging_mixin.py:190} INFO - [2025-04-19T08:37:45.987+0000] {dag.py:4180} INFO - Setting next_dagrun for example_complex to None, run_after=None
[2025-04-19T08:37:46.143+0000] {processor.py:208} INFO - Processing /home/airflow/.local/lib/python3.12/site-packages/airflow/example_dags/example_complex.py took 1.311 seconds
[2025-04-19T08:38:20.762+0000] {processor.py:186} INFO - Started process (PID=147) to work on /home/airflow/.local/lib/python3.12/site-packages/airflow/example_dags/example_complex.py
[2025-04-19T08:38:20.763+0000] {processor.py:914} INFO - Processing file /home/airflow/.local/lib/python3.12/site-packages/airflow/example_dags/example_complex.py for tasks to queue
[2025-04-19T08:38:20.765+0000] {logging_mixin.py:190} INFO - [2025-04-19T08:38:20.764+0000] {dagbag.py:588} INFO - Filling up the DagBag from /home/airflow/.local/lib/python3.12/site-packages/airflow/example_dags/example_complex.py
[2025-04-19T08:38:20.775+0000] {processor.py:925} INFO - DAG(s) 'example_complex' retrieved from /home/airflow/.local/lib/python3.12/site-packages/airflow/example_dags/example_complex.py
[2025-04-19T08:38:20.800+0000] {logging_mixin.py:190} INFO - [2025-04-19T08:38:20.799+0000] {dag.py:3239} INFO - Sync 1 DAGs
[2025-04-19T08:38:20.810+0000] {logging_mixin.py:190} INFO - [2025-04-19T08:38:20.810+0000] {dag.py:4180} INFO - Setting next_dagrun for example_complex to None, run_after=None
[2025-04-19T08:38:20.824+0000] {processor.py:208} INFO - Processing /home/airflow/.local/lib/python3.12/site-packages/airflow/example_dags/example_complex.py took 0.066 seconds
[2025-04-19T08:38:55.541+0000] {processor.py:186} INFO - Started process (PID=210) to work on /home/airflow/.local/lib/python3.12/site-packages/airflow/example_dags/example_complex.py
[2025-04-19T08:38:55.542+0000] {processor.py:914} INFO - Processing file /home/airflow/.local/lib/python3.12/site-packages/airflow/example_dags/example_complex.py for tasks to queue
[2025-04-19T08:38:55.547+0000] {logging_mixin.py:190} INFO - [2025-04-19T08:38:55.547+0000] {dagbag.py:588} INFO - Filling up the DagBag from /home/airflow/.local/lib/python3.12/site-packages/airflow/example_dags/example_complex.py
[2025-04-19T08:38:55.566+0000] {processor.py:925} INFO - DAG(s) 'example_complex' retrieved from /home/airflow/.local/lib/python3.12/site-packages/airflow/example_dags/example_complex.py
[2025-04-19T08:38:55.609+0000] {logging_mixin.py:190} INFO - [2025-04-19T08:38:55.609+0000] {dag.py:3239} INFO - Sync 1 DAGs
[2025-04-19T08:38:55.626+0000] {logging_mixin.py:190} INFO - [2025-04-19T08:38:55.626+0000] {dag.py:4180} INFO - Setting next_dagrun for example_complex to None, run_after=None
[2025-04-19T08:38:55.643+0000] {processor.py:208} INFO - Processing /home/airflow/.local/lib/python3.12/site-packages/airflow/example_dags/example_complex.py took 0.111 seconds
[2025-04-19T08:39:26.737+0000] {processor.py:186} INFO - Started process (PID=273) to work on /home/airflow/.local/lib/python3.12/site-packages/airflow/example_dags/example_complex.py
[2025-04-19T08:39:26.738+0000] {processor.py:914} INFO - Processing file /home/airflow/.local/lib/python3.12/site-packages/airflow/example_dags/example_complex.py for tasks to queue
[2025-04-19T08:39:26.742+0000] {logging_mixin.py:190} INFO - [2025-04-19T08:39:26.741+0000] {dagbag.py:588} INFO - Filling up the DagBag from /home/airflow/.local/lib/python3.12/site-packages/airflow/example_dags/example_complex.py
[2025-04-19T08:39:26.774+0000] {processor.py:925} INFO - DAG(s) 'example_complex' retrieved from /home/airflow/.local/lib/python3.12/site-packages/airflow/example_dags/example_complex.py
[2025-04-19T08:39:26.843+0000] {logging_mixin.py:190} INFO - [2025-04-19T08:39:26.843+0000] {dag.py:3239} INFO - Sync 1 DAGs
[2025-04-19T08:39:26.886+0000] {logging_mixin.py:190} INFO - [2025-04-19T08:39:26.885+0000] {dag.py:4180} INFO - Setting next_dagrun for example_complex to None, run_after=None
[2025-04-19T08:39:26.937+0000] {processor.py:208} INFO - Processing /home/airflow/.local/lib/python3.12/site-packages/airflow/example_dags/example_complex.py took 0.213 seconds
[2025-04-19T08:39:57.035+0000] {processor.py:186} INFO - Started process (PID=336) to work on /home/airflow/.local/lib/python3.12/site-packages/airflow/example_dags/example_complex.py
[2025-04-19T08:39:57.036+0000] {processor.py:914} INFO - Processing file /home/airflow/.local/lib/python3.12/site-packages/airflow/example_dags/example_complex.py for tasks to queue
[2025-04-19T08:39:57.038+0000] {logging_mixin.py:190} INFO - [2025-04-19T08:39:57.037+0000] {dagbag.py:588} INFO - Filling up the DagBag from /home/airflow/.local/lib/python3.12/site-packages/airflow/example_dags/example_complex.py
[2025-04-19T08:39:57.047+0000] {processor.py:925} INFO - DAG(s) 'example_complex' retrieved from /home/airflow/.local/lib/python3.12/site-packages/airflow/example_dags/example_complex.py
[2025-04-19T08:39:57.073+0000] {logging_mixin.py:190} INFO - [2025-04-19T08:39:57.073+0000] {dag.py:3239} INFO - Sync 1 DAGs
[2025-04-19T08:39:57.084+0000] {logging_mixin.py:190} INFO - [2025-04-19T08:39:57.084+0000] {dag.py:4180} INFO - Setting next_dagrun for example_complex to None, run_after=None
[2025-04-19T08:39:57.099+0000] {processor.py:208} INFO - Processing /home/airflow/.local/lib/python3.12/site-packages/airflow/example_dags/example_complex.py took 0.068 seconds
[2025-04-19T08:40:27.528+0000] {processor.py:186} INFO - Started process (PID=399) to work on /home/airflow/.local/lib/python3.12/site-packages/airflow/example_dags/example_complex.py
[2025-04-19T08:40:27.529+0000] {processor.py:914} INFO - Processing file /home/airflow/.local/lib/python3.12/site-packages/airflow/example_dags/example_complex.py for tasks to queue
[2025-04-19T08:40:27.532+0000] {logging_mixin.py:190} INFO - [2025-04-19T08:40:27.532+0000] {dagbag.py:588} INFO - Filling up the DagBag from /home/airflow/.local/lib/python3.12/site-packages/airflow/example_dags/example_complex.py
[2025-04-19T08:40:27.546+0000] {processor.py:925} INFO - DAG(s) 'example_complex' retrieved from /home/airflow/.local/lib/python3.12/site-packages/airflow/example_dags/example_complex.py
[2025-04-19T08:40:27.583+0000] {logging_mixin.py:190} INFO - [2025-04-19T08:40:27.583+0000] {dag.py:3239} INFO - Sync 1 DAGs
[2025-04-19T08:40:27.600+0000] {logging_mixin.py:190} INFO - [2025-04-19T08:40:27.599+0000] {dag.py:4180} INFO - Setting next_dagrun for example_complex to None, run_after=None
[2025-04-19T08:40:27.617+0000] {processor.py:208} INFO - Processing /home/airflow/.local/lib/python3.12/site-packages/airflow/example_dags/example_complex.py took 0.096 seconds
[2025-04-19T08:40:59.661+0000] {processor.py:186} INFO - Started process (PID=462) to work on /home/airflow/.local/lib/python3.12/site-packages/airflow/example_dags/example_complex.py
[2025-04-19T08:40:59.662+0000] {processor.py:914} INFO - Processing file /home/airflow/.local/lib/python3.12/site-packages/airflow/example_dags/example_complex.py for tasks to queue
[2025-04-19T08:40:59.664+0000] {logging_mixin.py:190} INFO - [2025-04-19T08:40:59.664+0000] {dagbag.py:588} INFO - Filling up the DagBag from /home/airflow/.local/lib/python3.12/site-packages/airflow/example_dags/example_complex.py
[2025-04-19T08:40:59.682+0000] {processor.py:925} INFO - DAG(s) 'example_complex' retrieved from /home/airflow/.local/lib/python3.12/site-packages/airflow/example_dags/example_complex.py
[2025-04-19T08:40:59.732+0000] {logging_mixin.py:190} INFO - [2025-04-19T08:40:59.732+0000] {dag.py:3239} INFO - Sync 1 DAGs
[2025-04-19T08:40:59.753+0000] {logging_mixin.py:190} INFO - [2025-04-19T08:40:59.752+0000] {dag.py:4180} INFO - Setting next_dagrun for example_complex to None, run_after=None
[2025-04-19T08:40:59.775+0000] {processor.py:208} INFO - Processing /home/airflow/.local/lib/python3.12/site-packages/airflow/example_dags/example_complex.py took 0.121 seconds
[2025-04-19T08:41:30.560+0000] {processor.py:186} INFO - Started process (PID=523) to work on /home/airflow/.local/lib/python3.12/site-packages/airflow/example_dags/example_complex.py
[2025-04-19T08:41:30.561+0000] {processor.py:914} INFO - Processing file /home/airflow/.local/lib/python3.12/site-packages/airflow/example_dags/example_complex.py for tasks to queue
[2025-04-19T08:41:30.563+0000] {logging_mixin.py:190} INFO - [2025-04-19T08:41:30.563+0000] {dagbag.py:588} INFO - Filling up the DagBag from /home/airflow/.local/lib/python3.12/site-packages/airflow/example_dags/example_complex.py
[2025-04-19T08:41:30.573+0000] {processor.py:925} INFO - DAG(s) 'example_complex' retrieved from /home/airflow/.local/lib/python3.12/site-packages/airflow/example_dags/example_complex.py
[2025-04-19T08:41:30.601+0000] {logging_mixin.py:190} INFO - [2025-04-19T08:41:30.601+0000] {dag.py:3239} INFO - Sync 1 DAGs
[2025-04-19T08:41:30.613+0000] {logging_mixin.py:190} INFO - [2025-04-19T08:41:30.613+0000] {dag.py:4180} INFO - Setting next_dagrun for example_complex to None, run_after=None
[2025-04-19T08:41:30.627+0000] {processor.py:208} INFO - Processing /home/airflow/.local/lib/python3.12/site-packages/airflow/example_dags/example_complex.py took 0.071 seconds
[2025-04-19T08:42:01.119+0000] {processor.py:186} INFO - Started process (PID=586) to work on /home/airflow/.local/lib/python3.12/site-packages/airflow/example_dags/example_complex.py
[2025-04-19T08:42:01.120+0000] {processor.py:914} INFO - Processing file /home/airflow/.local/lib/python3.12/site-packages/airflow/example_dags/example_complex.py for tasks to queue
[2025-04-19T08:42:01.121+0000] {logging_mixin.py:190} INFO - [2025-04-19T08:42:01.121+0000] {dagbag.py:588} INFO - Filling up the DagBag from /home/airflow/.local/lib/python3.12/site-packages/airflow/example_dags/example_complex.py
[2025-04-19T08:42:01.131+0000] {processor.py:925} INFO - DAG(s) 'example_complex' retrieved from /home/airflow/.local/lib/python3.12/site-packages/airflow/example_dags/example_complex.py
[2025-04-19T08:42:01.157+0000] {logging_mixin.py:190} INFO - [2025-04-19T08:42:01.157+0000] {dag.py:3239} INFO - Sync 1 DAGs
[2025-04-19T08:42:01.168+0000] {logging_mixin.py:190} INFO - [2025-04-19T08:42:01.168+0000] {dag.py:4180} INFO - Setting next_dagrun for example_complex to None, run_after=None
[2025-04-19T08:42:01.182+0000] {processor.py:208} INFO - Processing /home/airflow/.local/lib/python3.12/site-packages/airflow/example_dags/example_complex.py took 0.068 seconds
[2025-04-19T08:42:31.873+0000] {processor.py:186} INFO - Started process (PID=649) to work on /home/airflow/.local/lib/python3.12/site-packages/airflow/example_dags/example_complex.py
[2025-04-19T08:42:31.874+0000] {processor.py:914} INFO - Processing file /home/airflow/.local/lib/python3.12/site-packages/airflow/example_dags/example_complex.py for tasks to queue
[2025-04-19T08:42:31.876+0000] {logging_mixin.py:190} INFO - [2025-04-19T08:42:31.875+0000] {dagbag.py:588} INFO - Filling up the DagBag from /home/airflow/.local/lib/python3.12/site-packages/airflow/example_dags/example_complex.py
[2025-04-19T08:42:31.885+0000] {processor.py:925} INFO - DAG(s) 'example_complex' retrieved from /home/airflow/.local/lib/python3.12/site-packages/airflow/example_dags/example_complex.py
[2025-04-19T08:42:31.910+0000] {logging_mixin.py:190} INFO - [2025-04-19T08:42:31.910+0000] {dag.py:3239} INFO - Sync 1 DAGs
[2025-04-19T08:42:31.921+0000] {logging_mixin.py:190} INFO - [2025-04-19T08:42:31.921+0000] {dag.py:4180} INFO - Setting next_dagrun for example_complex to None, run_after=None
[2025-04-19T08:42:31.934+0000] {processor.py:208} INFO - Processing /home/airflow/.local/lib/python3.12/site-packages/airflow/example_dags/example_complex.py took 0.066 seconds
[2025-04-19T08:43:02.938+0000] {processor.py:186} INFO - Started process (PID=713) to work on /home/airflow/.local/lib/python3.12/site-packages/airflow/example_dags/example_complex.py
[2025-04-19T08:43:02.939+0000] {processor.py:914} INFO - Processing file /home/airflow/.local/lib/python3.12/site-packages/airflow/example_dags/example_complex.py for tasks to queue
[2025-04-19T08:43:02.941+0000] {logging_mixin.py:190} INFO - [2025-04-19T08:43:02.941+0000] {dagbag.py:588} INFO - Filling up the DagBag from /home/airflow/.local/lib/python3.12/site-packages/airflow/example_dags/example_complex.py
[2025-04-19T08:43:02.957+0000] {processor.py:925} INFO - DAG(s) 'example_complex' retrieved from /home/airflow/.local/lib/python3.12/site-packages/airflow/example_dags/example_complex.py
[2025-04-19T08:43:02.998+0000] {logging_mixin.py:190} INFO - [2025-04-19T08:43:02.998+0000] {dag.py:3239} INFO - Sync 1 DAGs
[2025-04-19T08:43:03.017+0000] {logging_mixin.py:190} INFO - [2025-04-19T08:43:03.017+0000] {dag.py:4180} INFO - Setting next_dagrun for example_complex to None, run_after=None
[2025-04-19T08:43:03.034+0000] {processor.py:208} INFO - Processing /home/airflow/.local/lib/python3.12/site-packages/airflow/example_dags/example_complex.py took 0.103 seconds
