[2025-04-19T08:38:01.241+0000] {processor.py:186} INFO - Started process (PID=112) to work on /home/airflow/.local/lib/python3.12/site-packages/airflow/example_dags/example_trigger_target_dag.py
[2025-04-19T08:38:01.243+0000] {processor.py:914} INFO - Processing file /home/airflow/.local/lib/python3.12/site-packages/airflow/example_dags/example_trigger_target_dag.py for tasks to queue
[2025-04-19T08:38:01.246+0000] {logging_mixin.py:190} INFO - [2025-04-19T08:38:01.246+0000] {dagbag.py:588} INFO - Filling up the DagBag from /home/airflow/.local/lib/python3.12/site-packages/airflow/example_dags/example_trigger_target_dag.py
[2025-04-19T08:38:01.263+0000] {processor.py:925} INFO - DAG(s) 'example_trigger_target_dag' retrieved from /home/airflow/.local/lib/python3.12/site-packages/airflow/example_dags/example_trigger_target_dag.py
[2025-04-19T08:38:01.495+0000] {logging_mixin.py:190} INFO - [2025-04-19T08:38:01.494+0000] {override.py:1911} INFO - Created Permission View: can delete on DAG:example_trigger_target_dag
[2025-04-19T08:38:01.534+0000] {logging_mixin.py:190} INFO - [2025-04-19T08:38:01.533+0000] {override.py:1911} INFO - Created Permission View: can read on DAG:example_trigger_target_dag
[2025-04-19T08:38:01.567+0000] {logging_mixin.py:190} INFO - [2025-04-19T08:38:01.566+0000] {override.py:1911} INFO - Created Permission View: can edit on DAG:example_trigger_target_dag
[2025-04-19T08:38:01.592+0000] {logging_mixin.py:190} INFO - [2025-04-19T08:38:01.591+0000] {override.py:1911} INFO - Created Permission View: can delete on DAG Run:example_trigger_target_dag
[2025-04-19T08:38:01.618+0000] {logging_mixin.py:190} INFO - [2025-04-19T08:38:01.618+0000] {override.py:1911} INFO - Created Permission View: can read on DAG Run:example_trigger_target_dag
[2025-04-19T08:38:01.660+0000] {logging_mixin.py:190} INFO - [2025-04-19T08:38:01.660+0000] {override.py:1911} INFO - Created Permission View: can create on DAG Run:example_trigger_target_dag
[2025-04-19T08:38:01.684+0000] {logging_mixin.py:190} INFO - [2025-04-19T08:38:01.683+0000] {override.py:1911} INFO - Created Permission View: menu access on DAG Run:example_trigger_target_dag
[2025-04-19T08:38:01.685+0000] {logging_mixin.py:190} INFO - [2025-04-19T08:38:01.685+0000] {dag.py:3239} INFO - Sync 1 DAGs
[2025-04-19T08:38:01.726+0000] {logging_mixin.py:190} INFO - [2025-04-19T08:38:01.726+0000] {dag.py:3262} INFO - Creating ORM DAG for example_trigger_target_dag
[2025-04-19T08:38:01.732+0000] {logging_mixin.py:190} INFO - [2025-04-19T08:38:01.730+0000] {dag.py:4180} INFO - Setting next_dagrun for example_trigger_target_dag to None, run_after=None
[2025-04-19T08:38:01.765+0000] {processor.py:208} INFO - Processing /home/airflow/.local/lib/python3.12/site-packages/airflow/example_dags/example_trigger_target_dag.py took 0.536 seconds
[2025-04-19T08:38:32.125+0000] {processor.py:186} INFO - Started process (PID=175) to work on /home/airflow/.local/lib/python3.12/site-packages/airflow/example_dags/example_trigger_target_dag.py
[2025-04-19T08:38:32.126+0000] {processor.py:914} INFO - Processing file /home/airflow/.local/lib/python3.12/site-packages/airflow/example_dags/example_trigger_target_dag.py for tasks to queue
[2025-04-19T08:38:32.131+0000] {logging_mixin.py:190} INFO - [2025-04-19T08:38:32.131+0000] {dagbag.py:588} INFO - Filling up the DagBag from /home/airflow/.local/lib/python3.12/site-packages/airflow/example_dags/example_trigger_target_dag.py
[2025-04-19T08:38:32.144+0000] {processor.py:925} INFO - DAG(s) 'example_trigger_target_dag' retrieved from /home/airflow/.local/lib/python3.12/site-packages/airflow/example_dags/example_trigger_target_dag.py
[2025-04-19T08:38:32.165+0000] {logging_mixin.py:190} INFO - [2025-04-19T08:38:32.165+0000] {dag.py:3239} INFO - Sync 1 DAGs
[2025-04-19T08:38:32.184+0000] {logging_mixin.py:190} INFO - [2025-04-19T08:38:32.183+0000] {dag.py:4180} INFO - Setting next_dagrun for example_trigger_target_dag to None, run_after=None
[2025-04-19T08:38:32.201+0000] {processor.py:208} INFO - Processing /home/airflow/.local/lib/python3.12/site-packages/airflow/example_dags/example_trigger_target_dag.py took 0.084 seconds
[2025-04-19T08:39:02.493+0000] {processor.py:186} INFO - Started process (PID=238) to work on /home/airflow/.local/lib/python3.12/site-packages/airflow/example_dags/example_trigger_target_dag.py
[2025-04-19T08:39:02.497+0000] {processor.py:914} INFO - Processing file /home/airflow/.local/lib/python3.12/site-packages/airflow/example_dags/example_trigger_target_dag.py for tasks to queue
[2025-04-19T08:39:02.501+0000] {logging_mixin.py:190} INFO - [2025-04-19T08:39:02.501+0000] {dagbag.py:588} INFO - Filling up the DagBag from /home/airflow/.local/lib/python3.12/site-packages/airflow/example_dags/example_trigger_target_dag.py
[2025-04-19T08:39:02.511+0000] {processor.py:925} INFO - DAG(s) 'example_trigger_target_dag' retrieved from /home/airflow/.local/lib/python3.12/site-packages/airflow/example_dags/example_trigger_target_dag.py
[2025-04-19T08:39:02.531+0000] {logging_mixin.py:190} INFO - [2025-04-19T08:39:02.531+0000] {dag.py:3239} INFO - Sync 1 DAGs
[2025-04-19T08:39:02.542+0000] {logging_mixin.py:190} INFO - [2025-04-19T08:39:02.541+0000] {dag.py:4180} INFO - Setting next_dagrun for example_trigger_target_dag to None, run_after=None
[2025-04-19T08:39:02.555+0000] {processor.py:208} INFO - Processing /home/airflow/.local/lib/python3.12/site-packages/airflow/example_dags/example_trigger_target_dag.py took 0.075 seconds
[2025-04-19T08:39:33.549+0000] {processor.py:186} INFO - Started process (PID=301) to work on /home/airflow/.local/lib/python3.12/site-packages/airflow/example_dags/example_trigger_target_dag.py
[2025-04-19T08:39:33.550+0000] {processor.py:914} INFO - Processing file /home/airflow/.local/lib/python3.12/site-packages/airflow/example_dags/example_trigger_target_dag.py for tasks to queue
[2025-04-19T08:39:33.553+0000] {logging_mixin.py:190} INFO - [2025-04-19T08:39:33.552+0000] {dagbag.py:588} INFO - Filling up the DagBag from /home/airflow/.local/lib/python3.12/site-packages/airflow/example_dags/example_trigger_target_dag.py
[2025-04-19T08:39:33.561+0000] {processor.py:925} INFO - DAG(s) 'example_trigger_target_dag' retrieved from /home/airflow/.local/lib/python3.12/site-packages/airflow/example_dags/example_trigger_target_dag.py
[2025-04-19T08:39:33.583+0000] {logging_mixin.py:190} INFO - [2025-04-19T08:39:33.582+0000] {dag.py:3239} INFO - Sync 1 DAGs
[2025-04-19T08:39:33.601+0000] {logging_mixin.py:190} INFO - [2025-04-19T08:39:33.600+0000] {dag.py:4180} INFO - Setting next_dagrun for example_trigger_target_dag to None, run_after=None
[2025-04-19T08:39:33.618+0000] {processor.py:208} INFO - Processing /home/airflow/.local/lib/python3.12/site-packages/airflow/example_dags/example_trigger_target_dag.py took 0.076 seconds
[2025-04-19T08:40:03.856+0000] {processor.py:186} INFO - Started process (PID=363) to work on /home/airflow/.local/lib/python3.12/site-packages/airflow/example_dags/example_trigger_target_dag.py
[2025-04-19T08:40:03.859+0000] {processor.py:914} INFO - Processing file /home/airflow/.local/lib/python3.12/site-packages/airflow/example_dags/example_trigger_target_dag.py for tasks to queue
[2025-04-19T08:40:03.864+0000] {logging_mixin.py:190} INFO - [2025-04-19T08:40:03.864+0000] {dagbag.py:588} INFO - Filling up the DagBag from /home/airflow/.local/lib/python3.12/site-packages/airflow/example_dags/example_trigger_target_dag.py
[2025-04-19T08:40:03.898+0000] {processor.py:925} INFO - DAG(s) 'example_trigger_target_dag' retrieved from /home/airflow/.local/lib/python3.12/site-packages/airflow/example_dags/example_trigger_target_dag.py
[2025-04-19T08:40:03.980+0000] {logging_mixin.py:190} INFO - [2025-04-19T08:40:03.980+0000] {dag.py:3239} INFO - Sync 1 DAGs
[2025-04-19T08:40:04.040+0000] {logging_mixin.py:190} INFO - [2025-04-19T08:40:04.040+0000] {dag.py:4180} INFO - Setting next_dagrun for example_trigger_target_dag to None, run_after=None
[2025-04-19T08:40:04.158+0000] {processor.py:208} INFO - Processing /home/airflow/.local/lib/python3.12/site-packages/airflow/example_dags/example_trigger_target_dag.py took 0.339 seconds
[2025-04-19T08:40:35.088+0000] {processor.py:186} INFO - Started process (PID=426) to work on /home/airflow/.local/lib/python3.12/site-packages/airflow/example_dags/example_trigger_target_dag.py
[2025-04-19T08:40:35.089+0000] {processor.py:914} INFO - Processing file /home/airflow/.local/lib/python3.12/site-packages/airflow/example_dags/example_trigger_target_dag.py for tasks to queue
[2025-04-19T08:40:35.097+0000] {logging_mixin.py:190} INFO - [2025-04-19T08:40:35.097+0000] {dagbag.py:588} INFO - Filling up the DagBag from /home/airflow/.local/lib/python3.12/site-packages/airflow/example_dags/example_trigger_target_dag.py
[2025-04-19T08:40:35.107+0000] {processor.py:925} INFO - DAG(s) 'example_trigger_target_dag' retrieved from /home/airflow/.local/lib/python3.12/site-packages/airflow/example_dags/example_trigger_target_dag.py
[2025-04-19T08:40:35.136+0000] {logging_mixin.py:190} INFO - [2025-04-19T08:40:35.136+0000] {dag.py:3239} INFO - Sync 1 DAGs
[2025-04-19T08:40:35.154+0000] {logging_mixin.py:190} INFO - [2025-04-19T08:40:35.154+0000] {dag.py:4180} INFO - Setting next_dagrun for example_trigger_target_dag to None, run_after=None
[2025-04-19T08:40:35.173+0000] {processor.py:208} INFO - Processing /home/airflow/.local/lib/python3.12/site-packages/airflow/example_dags/example_trigger_target_dag.py took 0.098 seconds
[2025-04-19T08:41:05.431+0000] {processor.py:186} INFO - Started process (PID=488) to work on /home/airflow/.local/lib/python3.12/site-packages/airflow/example_dags/example_trigger_target_dag.py
[2025-04-19T08:41:05.432+0000] {processor.py:914} INFO - Processing file /home/airflow/.local/lib/python3.12/site-packages/airflow/example_dags/example_trigger_target_dag.py for tasks to queue
[2025-04-19T08:41:05.434+0000] {logging_mixin.py:190} INFO - [2025-04-19T08:41:05.434+0000] {dagbag.py:588} INFO - Filling up the DagBag from /home/airflow/.local/lib/python3.12/site-packages/airflow/example_dags/example_trigger_target_dag.py
[2025-04-19T08:41:05.442+0000] {processor.py:925} INFO - DAG(s) 'example_trigger_target_dag' retrieved from /home/airflow/.local/lib/python3.12/site-packages/airflow/example_dags/example_trigger_target_dag.py
[2025-04-19T08:41:05.462+0000] {logging_mixin.py:190} INFO - [2025-04-19T08:41:05.461+0000] {dag.py:3239} INFO - Sync 1 DAGs
[2025-04-19T08:41:05.479+0000] {logging_mixin.py:190} INFO - [2025-04-19T08:41:05.478+0000] {dag.py:4180} INFO - Setting next_dagrun for example_trigger_target_dag to None, run_after=None
[2025-04-19T08:41:05.499+0000] {processor.py:208} INFO - Processing /home/airflow/.local/lib/python3.12/site-packages/airflow/example_dags/example_trigger_target_dag.py took 0.074 seconds
[2025-04-19T08:41:36.310+0000] {processor.py:186} INFO - Started process (PID=550) to work on /home/airflow/.local/lib/python3.12/site-packages/airflow/example_dags/example_trigger_target_dag.py
[2025-04-19T08:41:36.311+0000] {processor.py:914} INFO - Processing file /home/airflow/.local/lib/python3.12/site-packages/airflow/example_dags/example_trigger_target_dag.py for tasks to queue
[2025-04-19T08:41:36.313+0000] {logging_mixin.py:190} INFO - [2025-04-19T08:41:36.313+0000] {dagbag.py:588} INFO - Filling up the DagBag from /home/airflow/.local/lib/python3.12/site-packages/airflow/example_dags/example_trigger_target_dag.py
[2025-04-19T08:41:36.322+0000] {processor.py:925} INFO - DAG(s) 'example_trigger_target_dag' retrieved from /home/airflow/.local/lib/python3.12/site-packages/airflow/example_dags/example_trigger_target_dag.py
[2025-04-19T08:41:36.354+0000] {logging_mixin.py:190} INFO - [2025-04-19T08:41:36.354+0000] {dag.py:3239} INFO - Sync 1 DAGs
[2025-04-19T08:41:36.372+0000] {logging_mixin.py:190} INFO - [2025-04-19T08:41:36.372+0000] {dag.py:4180} INFO - Setting next_dagrun for example_trigger_target_dag to None, run_after=None
[2025-04-19T08:41:36.391+0000] {processor.py:208} INFO - Processing /home/airflow/.local/lib/python3.12/site-packages/airflow/example_dags/example_trigger_target_dag.py took 0.088 seconds
[2025-04-19T08:42:06.987+0000] {processor.py:186} INFO - Started process (PID=613) to work on /home/airflow/.local/lib/python3.12/site-packages/airflow/example_dags/example_trigger_target_dag.py
[2025-04-19T08:42:06.988+0000] {processor.py:914} INFO - Processing file /home/airflow/.local/lib/python3.12/site-packages/airflow/example_dags/example_trigger_target_dag.py for tasks to queue
[2025-04-19T08:42:06.991+0000] {logging_mixin.py:190} INFO - [2025-04-19T08:42:06.990+0000] {dagbag.py:588} INFO - Filling up the DagBag from /home/airflow/.local/lib/python3.12/site-packages/airflow/example_dags/example_trigger_target_dag.py
[2025-04-19T08:42:07.000+0000] {processor.py:925} INFO - DAG(s) 'example_trigger_target_dag' retrieved from /home/airflow/.local/lib/python3.12/site-packages/airflow/example_dags/example_trigger_target_dag.py
[2025-04-19T08:42:07.025+0000] {logging_mixin.py:190} INFO - [2025-04-19T08:42:07.025+0000] {dag.py:3239} INFO - Sync 1 DAGs
[2025-04-19T08:42:07.063+0000] {logging_mixin.py:190} INFO - [2025-04-19T08:42:07.063+0000] {dag.py:4180} INFO - Setting next_dagrun for example_trigger_target_dag to None, run_after=None
[2025-04-19T08:42:07.094+0000] {processor.py:208} INFO - Processing /home/airflow/.local/lib/python3.12/site-packages/airflow/example_dags/example_trigger_target_dag.py took 0.117 seconds
[2025-04-19T08:42:37.372+0000] {processor.py:186} INFO - Started process (PID=677) to work on /home/airflow/.local/lib/python3.12/site-packages/airflow/example_dags/example_trigger_target_dag.py
[2025-04-19T08:42:37.374+0000] {processor.py:914} INFO - Processing file /home/airflow/.local/lib/python3.12/site-packages/airflow/example_dags/example_trigger_target_dag.py for tasks to queue
[2025-04-19T08:42:37.378+0000] {logging_mixin.py:190} INFO - [2025-04-19T08:42:37.378+0000] {dagbag.py:588} INFO - Filling up the DagBag from /home/airflow/.local/lib/python3.12/site-packages/airflow/example_dags/example_trigger_target_dag.py
[2025-04-19T08:42:37.388+0000] {processor.py:925} INFO - DAG(s) 'example_trigger_target_dag' retrieved from /home/airflow/.local/lib/python3.12/site-packages/airflow/example_dags/example_trigger_target_dag.py
[2025-04-19T08:42:37.442+0000] {logging_mixin.py:190} INFO - [2025-04-19T08:42:37.442+0000] {dag.py:3239} INFO - Sync 1 DAGs
[2025-04-19T08:42:37.460+0000] {logging_mixin.py:190} INFO - [2025-04-19T08:42:37.460+0000] {dag.py:4180} INFO - Setting next_dagrun for example_trigger_target_dag to None, run_after=None
[2025-04-19T08:42:37.483+0000] {processor.py:208} INFO - Processing /home/airflow/.local/lib/python3.12/site-packages/airflow/example_dags/example_trigger_target_dag.py took 0.123 seconds
[2025-04-19T08:43:08.252+0000] {processor.py:186} INFO - Started process (PID=741) to work on /home/airflow/.local/lib/python3.12/site-packages/airflow/example_dags/example_trigger_target_dag.py
[2025-04-19T08:43:08.252+0000] {processor.py:914} INFO - Processing file /home/airflow/.local/lib/python3.12/site-packages/airflow/example_dags/example_trigger_target_dag.py for tasks to queue
[2025-04-19T08:43:08.255+0000] {logging_mixin.py:190} INFO - [2025-04-19T08:43:08.255+0000] {dagbag.py:588} INFO - Filling up the DagBag from /home/airflow/.local/lib/python3.12/site-packages/airflow/example_dags/example_trigger_target_dag.py
[2025-04-19T08:43:08.264+0000] {processor.py:925} INFO - DAG(s) 'example_trigger_target_dag' retrieved from /home/airflow/.local/lib/python3.12/site-packages/airflow/example_dags/example_trigger_target_dag.py
[2025-04-19T08:43:08.286+0000] {logging_mixin.py:190} INFO - [2025-04-19T08:43:08.286+0000] {dag.py:3239} INFO - Sync 1 DAGs
[2025-04-19T08:43:08.304+0000] {logging_mixin.py:190} INFO - [2025-04-19T08:43:08.304+0000] {dag.py:4180} INFO - Setting next_dagrun for example_trigger_target_dag to None, run_after=None
[2025-04-19T08:43:08.323+0000] {processor.py:208} INFO - Processing /home/airflow/.local/lib/python3.12/site-packages/airflow/example_dags/example_trigger_target_dag.py took 0.078 seconds
[2025-04-19T08:43:39.786+0000] {processor.py:186} INFO - Started process (PID=804) to work on /home/airflow/.local/lib/python3.12/site-packages/airflow/example_dags/example_trigger_target_dag.py
[2025-04-19T08:43:39.787+0000] {processor.py:914} INFO - Processing file /home/airflow/.local/lib/python3.12/site-packages/airflow/example_dags/example_trigger_target_dag.py for tasks to queue
[2025-04-19T08:43:39.789+0000] {logging_mixin.py:190} INFO - [2025-04-19T08:43:39.788+0000] {dagbag.py:588} INFO - Filling up the DagBag from /home/airflow/.local/lib/python3.12/site-packages/airflow/example_dags/example_trigger_target_dag.py
[2025-04-19T08:43:39.797+0000] {processor.py:925} INFO - DAG(s) 'example_trigger_target_dag' retrieved from /home/airflow/.local/lib/python3.12/site-packages/airflow/example_dags/example_trigger_target_dag.py
[2025-04-19T08:43:39.816+0000] {logging_mixin.py:190} INFO - [2025-04-19T08:43:39.816+0000] {dag.py:3239} INFO - Sync 1 DAGs
[2025-04-19T08:43:39.834+0000] {logging_mixin.py:190} INFO - [2025-04-19T08:43:39.833+0000] {dag.py:4180} INFO - Setting next_dagrun for example_trigger_target_dag to None, run_after=None
[2025-04-19T08:43:39.852+0000] {processor.py:208} INFO - Processing /home/airflow/.local/lib/python3.12/site-packages/airflow/example_dags/example_trigger_target_dag.py took 0.073 seconds
[2025-04-19T08:44:12.221+0000] {processor.py:186} INFO - Started process (PID=867) to work on /home/airflow/.local/lib/python3.12/site-packages/airflow/example_dags/example_trigger_target_dag.py
[2025-04-19T08:44:12.225+0000] {processor.py:914} INFO - Processing file /home/airflow/.local/lib/python3.12/site-packages/airflow/example_dags/example_trigger_target_dag.py for tasks to queue
[2025-04-19T08:44:12.228+0000] {logging_mixin.py:190} INFO - [2025-04-19T08:44:12.227+0000] {dagbag.py:588} INFO - Filling up the DagBag from /home/airflow/.local/lib/python3.12/site-packages/airflow/example_dags/example_trigger_target_dag.py
[2025-04-19T08:44:12.247+0000] {processor.py:925} INFO - DAG(s) 'example_trigger_target_dag' retrieved from /home/airflow/.local/lib/python3.12/site-packages/airflow/example_dags/example_trigger_target_dag.py
[2025-04-19T08:44:12.287+0000] {logging_mixin.py:190} INFO - [2025-04-19T08:44:12.287+0000] {dag.py:3239} INFO - Sync 1 DAGs
[2025-04-19T08:44:12.325+0000] {logging_mixin.py:190} INFO - [2025-04-19T08:44:12.325+0000] {dag.py:4180} INFO - Setting next_dagrun for example_trigger_target_dag to None, run_after=None
[2025-04-19T08:44:12.376+0000] {processor.py:208} INFO - Processing /home/airflow/.local/lib/python3.12/site-packages/airflow/example_dags/example_trigger_target_dag.py took 0.174 seconds
[2025-04-19T08:44:43.416+0000] {processor.py:186} INFO - Started process (PID=930) to work on /home/airflow/.local/lib/python3.12/site-packages/airflow/example_dags/example_trigger_target_dag.py
[2025-04-19T08:44:43.417+0000] {processor.py:914} INFO - Processing file /home/airflow/.local/lib/python3.12/site-packages/airflow/example_dags/example_trigger_target_dag.py for tasks to queue
[2025-04-19T08:44:43.424+0000] {logging_mixin.py:190} INFO - [2025-04-19T08:44:43.424+0000] {dagbag.py:588} INFO - Filling up the DagBag from /home/airflow/.local/lib/python3.12/site-packages/airflow/example_dags/example_trigger_target_dag.py
[2025-04-19T08:44:43.433+0000] {processor.py:925} INFO - DAG(s) 'example_trigger_target_dag' retrieved from /home/airflow/.local/lib/python3.12/site-packages/airflow/example_dags/example_trigger_target_dag.py
[2025-04-19T08:44:43.461+0000] {logging_mixin.py:190} INFO - [2025-04-19T08:44:43.461+0000] {dag.py:3239} INFO - Sync 1 DAGs
[2025-04-19T08:44:43.480+0000] {logging_mixin.py:190} INFO - [2025-04-19T08:44:43.480+0000] {dag.py:4180} INFO - Setting next_dagrun for example_trigger_target_dag to None, run_after=None
[2025-04-19T08:44:43.500+0000] {processor.py:208} INFO - Processing /home/airflow/.local/lib/python3.12/site-packages/airflow/example_dags/example_trigger_target_dag.py took 0.090 seconds
[2025-04-19T08:45:13.976+0000] {processor.py:186} INFO - Started process (PID=992) to work on /home/airflow/.local/lib/python3.12/site-packages/airflow/example_dags/example_trigger_target_dag.py
[2025-04-19T08:45:13.979+0000] {processor.py:914} INFO - Processing file /home/airflow/.local/lib/python3.12/site-packages/airflow/example_dags/example_trigger_target_dag.py for tasks to queue
[2025-04-19T08:45:13.983+0000] {logging_mixin.py:190} INFO - [2025-04-19T08:45:13.983+0000] {dagbag.py:588} INFO - Filling up the DagBag from /home/airflow/.local/lib/python3.12/site-packages/airflow/example_dags/example_trigger_target_dag.py
[2025-04-19T08:45:14.001+0000] {processor.py:925} INFO - DAG(s) 'example_trigger_target_dag' retrieved from /home/airflow/.local/lib/python3.12/site-packages/airflow/example_dags/example_trigger_target_dag.py
[2025-04-19T08:45:14.043+0000] {logging_mixin.py:190} INFO - [2025-04-19T08:45:14.043+0000] {dag.py:3239} INFO - Sync 1 DAGs
[2025-04-19T08:45:14.079+0000] {logging_mixin.py:190} INFO - [2025-04-19T08:45:14.078+0000] {dag.py:4180} INFO - Setting next_dagrun for example_trigger_target_dag to None, run_after=None
[2025-04-19T08:45:14.119+0000] {processor.py:208} INFO - Processing /home/airflow/.local/lib/python3.12/site-packages/airflow/example_dags/example_trigger_target_dag.py took 0.156 seconds
[2025-04-19T08:45:44.853+0000] {processor.py:186} INFO - Started process (PID=1055) to work on /home/airflow/.local/lib/python3.12/site-packages/airflow/example_dags/example_trigger_target_dag.py
[2025-04-19T08:45:44.854+0000] {processor.py:914} INFO - Processing file /home/airflow/.local/lib/python3.12/site-packages/airflow/example_dags/example_trigger_target_dag.py for tasks to queue
[2025-04-19T08:45:44.857+0000] {logging_mixin.py:190} INFO - [2025-04-19T08:45:44.856+0000] {dagbag.py:588} INFO - Filling up the DagBag from /home/airflow/.local/lib/python3.12/site-packages/airflow/example_dags/example_trigger_target_dag.py
[2025-04-19T08:45:44.864+0000] {processor.py:925} INFO - DAG(s) 'example_trigger_target_dag' retrieved from /home/airflow/.local/lib/python3.12/site-packages/airflow/example_dags/example_trigger_target_dag.py
[2025-04-19T08:45:44.886+0000] {logging_mixin.py:190} INFO - [2025-04-19T08:45:44.885+0000] {dag.py:3239} INFO - Sync 1 DAGs
[2025-04-19T08:45:44.906+0000] {logging_mixin.py:190} INFO - [2025-04-19T08:45:44.906+0000] {dag.py:4180} INFO - Setting next_dagrun for example_trigger_target_dag to None, run_after=None
[2025-04-19T08:45:44.933+0000] {processor.py:208} INFO - Processing /home/airflow/.local/lib/python3.12/site-packages/airflow/example_dags/example_trigger_target_dag.py took 0.086 seconds
[2025-04-19T08:46:15.171+0000] {processor.py:186} INFO - Started process (PID=1119) to work on /home/airflow/.local/lib/python3.12/site-packages/airflow/example_dags/example_trigger_target_dag.py
[2025-04-19T08:46:15.172+0000] {processor.py:914} INFO - Processing file /home/airflow/.local/lib/python3.12/site-packages/airflow/example_dags/example_trigger_target_dag.py for tasks to queue
[2025-04-19T08:46:15.177+0000] {logging_mixin.py:190} INFO - [2025-04-19T08:46:15.176+0000] {dagbag.py:588} INFO - Filling up the DagBag from /home/airflow/.local/lib/python3.12/site-packages/airflow/example_dags/example_trigger_target_dag.py
[2025-04-19T08:46:15.188+0000] {processor.py:925} INFO - DAG(s) 'example_trigger_target_dag' retrieved from /home/airflow/.local/lib/python3.12/site-packages/airflow/example_dags/example_trigger_target_dag.py
[2025-04-19T08:46:15.210+0000] {logging_mixin.py:190} INFO - [2025-04-19T08:46:15.210+0000] {dag.py:3239} INFO - Sync 1 DAGs
[2025-04-19T08:46:15.228+0000] {logging_mixin.py:190} INFO - [2025-04-19T08:46:15.228+0000] {dag.py:4180} INFO - Setting next_dagrun for example_trigger_target_dag to None, run_after=None
[2025-04-19T08:46:15.246+0000] {processor.py:208} INFO - Processing /home/airflow/.local/lib/python3.12/site-packages/airflow/example_dags/example_trigger_target_dag.py took 0.081 seconds
[2025-04-19T08:46:45.316+0000] {processor.py:186} INFO - Started process (PID=1182) to work on /home/airflow/.local/lib/python3.12/site-packages/airflow/example_dags/example_trigger_target_dag.py
[2025-04-19T08:46:45.318+0000] {processor.py:914} INFO - Processing file /home/airflow/.local/lib/python3.12/site-packages/airflow/example_dags/example_trigger_target_dag.py for tasks to queue
[2025-04-19T08:46:45.320+0000] {logging_mixin.py:190} INFO - [2025-04-19T08:46:45.320+0000] {dagbag.py:588} INFO - Filling up the DagBag from /home/airflow/.local/lib/python3.12/site-packages/airflow/example_dags/example_trigger_target_dag.py
[2025-04-19T08:46:45.342+0000] {processor.py:925} INFO - DAG(s) 'example_trigger_target_dag' retrieved from /home/airflow/.local/lib/python3.12/site-packages/airflow/example_dags/example_trigger_target_dag.py
[2025-04-19T08:46:45.397+0000] {logging_mixin.py:190} INFO - [2025-04-19T08:46:45.395+0000] {dag.py:3239} INFO - Sync 1 DAGs
[2025-04-19T08:46:45.458+0000] {logging_mixin.py:190} INFO - [2025-04-19T08:46:45.457+0000] {dag.py:4180} INFO - Setting next_dagrun for example_trigger_target_dag to None, run_after=None
[2025-04-19T08:46:45.491+0000] {processor.py:208} INFO - Processing /home/airflow/.local/lib/python3.12/site-packages/airflow/example_dags/example_trigger_target_dag.py took 0.191 seconds
[2025-04-19T08:47:15.806+0000] {processor.py:186} INFO - Started process (PID=1247) to work on /home/airflow/.local/lib/python3.12/site-packages/airflow/example_dags/example_trigger_target_dag.py
[2025-04-19T08:47:15.807+0000] {processor.py:914} INFO - Processing file /home/airflow/.local/lib/python3.12/site-packages/airflow/example_dags/example_trigger_target_dag.py for tasks to queue
[2025-04-19T08:47:15.812+0000] {logging_mixin.py:190} INFO - [2025-04-19T08:47:15.812+0000] {dagbag.py:588} INFO - Filling up the DagBag from /home/airflow/.local/lib/python3.12/site-packages/airflow/example_dags/example_trigger_target_dag.py
[2025-04-19T08:47:15.830+0000] {processor.py:925} INFO - DAG(s) 'example_trigger_target_dag' retrieved from /home/airflow/.local/lib/python3.12/site-packages/airflow/example_dags/example_trigger_target_dag.py
[2025-04-19T08:47:15.862+0000] {logging_mixin.py:190} INFO - [2025-04-19T08:47:15.862+0000] {dag.py:3239} INFO - Sync 1 DAGs
[2025-04-19T08:47:15.879+0000] {logging_mixin.py:190} INFO - [2025-04-19T08:47:15.879+0000] {dag.py:4180} INFO - Setting next_dagrun for example_trigger_target_dag to None, run_after=None
[2025-04-19T08:47:15.897+0000] {processor.py:208} INFO - Processing /home/airflow/.local/lib/python3.12/site-packages/airflow/example_dags/example_trigger_target_dag.py took 0.104 seconds
[2025-04-19T08:47:46.393+0000] {processor.py:186} INFO - Started process (PID=1311) to work on /home/airflow/.local/lib/python3.12/site-packages/airflow/example_dags/example_trigger_target_dag.py
[2025-04-19T08:47:46.394+0000] {processor.py:914} INFO - Processing file /home/airflow/.local/lib/python3.12/site-packages/airflow/example_dags/example_trigger_target_dag.py for tasks to queue
[2025-04-19T08:47:46.396+0000] {logging_mixin.py:190} INFO - [2025-04-19T08:47:46.396+0000] {dagbag.py:588} INFO - Filling up the DagBag from /home/airflow/.local/lib/python3.12/site-packages/airflow/example_dags/example_trigger_target_dag.py
[2025-04-19T08:47:46.407+0000] {processor.py:925} INFO - DAG(s) 'example_trigger_target_dag' retrieved from /home/airflow/.local/lib/python3.12/site-packages/airflow/example_dags/example_trigger_target_dag.py
[2025-04-19T08:47:46.430+0000] {logging_mixin.py:190} INFO - [2025-04-19T08:47:46.430+0000] {dag.py:3239} INFO - Sync 1 DAGs
[2025-04-19T08:47:46.448+0000] {logging_mixin.py:190} INFO - [2025-04-19T08:47:46.448+0000] {dag.py:4180} INFO - Setting next_dagrun for example_trigger_target_dag to None, run_after=None
[2025-04-19T08:47:46.474+0000] {processor.py:208} INFO - Processing /home/airflow/.local/lib/python3.12/site-packages/airflow/example_dags/example_trigger_target_dag.py took 0.088 seconds
[2025-04-19T08:48:16.674+0000] {processor.py:186} INFO - Started process (PID=1376) to work on /home/airflow/.local/lib/python3.12/site-packages/airflow/example_dags/example_trigger_target_dag.py
[2025-04-19T08:48:16.675+0000] {processor.py:914} INFO - Processing file /home/airflow/.local/lib/python3.12/site-packages/airflow/example_dags/example_trigger_target_dag.py for tasks to queue
[2025-04-19T08:48:16.677+0000] {logging_mixin.py:190} INFO - [2025-04-19T08:48:16.677+0000] {dagbag.py:588} INFO - Filling up the DagBag from /home/airflow/.local/lib/python3.12/site-packages/airflow/example_dags/example_trigger_target_dag.py
[2025-04-19T08:48:16.685+0000] {processor.py:925} INFO - DAG(s) 'example_trigger_target_dag' retrieved from /home/airflow/.local/lib/python3.12/site-packages/airflow/example_dags/example_trigger_target_dag.py
[2025-04-19T08:48:16.707+0000] {logging_mixin.py:190} INFO - [2025-04-19T08:48:16.706+0000] {dag.py:3239} INFO - Sync 1 DAGs
[2025-04-19T08:48:16.724+0000] {logging_mixin.py:190} INFO - [2025-04-19T08:48:16.724+0000] {dag.py:4180} INFO - Setting next_dagrun for example_trigger_target_dag to None, run_after=None
[2025-04-19T08:48:16.743+0000] {processor.py:208} INFO - Processing /home/airflow/.local/lib/python3.12/site-packages/airflow/example_dags/example_trigger_target_dag.py took 0.078 seconds
[2025-04-19T08:48:47.527+0000] {processor.py:186} INFO - Started process (PID=1440) to work on /home/airflow/.local/lib/python3.12/site-packages/airflow/example_dags/example_trigger_target_dag.py
[2025-04-19T08:48:47.528+0000] {processor.py:914} INFO - Processing file /home/airflow/.local/lib/python3.12/site-packages/airflow/example_dags/example_trigger_target_dag.py for tasks to queue
[2025-04-19T08:48:47.530+0000] {logging_mixin.py:190} INFO - [2025-04-19T08:48:47.530+0000] {dagbag.py:588} INFO - Filling up the DagBag from /home/airflow/.local/lib/python3.12/site-packages/airflow/example_dags/example_trigger_target_dag.py
[2025-04-19T08:48:47.538+0000] {processor.py:925} INFO - DAG(s) 'example_trigger_target_dag' retrieved from /home/airflow/.local/lib/python3.12/site-packages/airflow/example_dags/example_trigger_target_dag.py
[2025-04-19T08:48:47.562+0000] {logging_mixin.py:190} INFO - [2025-04-19T08:48:47.562+0000] {dag.py:3239} INFO - Sync 1 DAGs
[2025-04-19T08:48:47.599+0000] {logging_mixin.py:190} INFO - [2025-04-19T08:48:47.599+0000] {dag.py:4180} INFO - Setting next_dagrun for example_trigger_target_dag to None, run_after=None
[2025-04-19T08:48:47.619+0000] {processor.py:208} INFO - Processing /home/airflow/.local/lib/python3.12/site-packages/airflow/example_dags/example_trigger_target_dag.py took 0.099 seconds
[2025-04-19T08:49:18.339+0000] {processor.py:186} INFO - Started process (PID=1504) to work on /home/airflow/.local/lib/python3.12/site-packages/airflow/example_dags/example_trigger_target_dag.py
[2025-04-19T08:49:18.339+0000] {processor.py:914} INFO - Processing file /home/airflow/.local/lib/python3.12/site-packages/airflow/example_dags/example_trigger_target_dag.py for tasks to queue
[2025-04-19T08:49:18.342+0000] {logging_mixin.py:190} INFO - [2025-04-19T08:49:18.342+0000] {dagbag.py:588} INFO - Filling up the DagBag from /home/airflow/.local/lib/python3.12/site-packages/airflow/example_dags/example_trigger_target_dag.py
[2025-04-19T08:49:18.351+0000] {processor.py:925} INFO - DAG(s) 'example_trigger_target_dag' retrieved from /home/airflow/.local/lib/python3.12/site-packages/airflow/example_dags/example_trigger_target_dag.py
[2025-04-19T08:49:18.374+0000] {logging_mixin.py:190} INFO - [2025-04-19T08:49:18.374+0000] {dag.py:3239} INFO - Sync 1 DAGs
[2025-04-19T08:49:18.391+0000] {logging_mixin.py:190} INFO - [2025-04-19T08:49:18.391+0000] {dag.py:4180} INFO - Setting next_dagrun for example_trigger_target_dag to None, run_after=None
[2025-04-19T08:49:18.409+0000] {processor.py:208} INFO - Processing /home/airflow/.local/lib/python3.12/site-packages/airflow/example_dags/example_trigger_target_dag.py took 0.077 seconds
[2025-04-19T08:49:49.242+0000] {processor.py:186} INFO - Started process (PID=1568) to work on /home/airflow/.local/lib/python3.12/site-packages/airflow/example_dags/example_trigger_target_dag.py
[2025-04-19T08:49:49.243+0000] {processor.py:914} INFO - Processing file /home/airflow/.local/lib/python3.12/site-packages/airflow/example_dags/example_trigger_target_dag.py for tasks to queue
[2025-04-19T08:49:49.246+0000] {logging_mixin.py:190} INFO - [2025-04-19T08:49:49.245+0000] {dagbag.py:588} INFO - Filling up the DagBag from /home/airflow/.local/lib/python3.12/site-packages/airflow/example_dags/example_trigger_target_dag.py
[2025-04-19T08:49:49.254+0000] {processor.py:925} INFO - DAG(s) 'example_trigger_target_dag' retrieved from /home/airflow/.local/lib/python3.12/site-packages/airflow/example_dags/example_trigger_target_dag.py
[2025-04-19T08:49:49.275+0000] {logging_mixin.py:190} INFO - [2025-04-19T08:49:49.275+0000] {dag.py:3239} INFO - Sync 1 DAGs
[2025-04-19T08:49:49.292+0000] {logging_mixin.py:190} INFO - [2025-04-19T08:49:49.292+0000] {dag.py:4180} INFO - Setting next_dagrun for example_trigger_target_dag to None, run_after=None
[2025-04-19T08:49:49.311+0000] {processor.py:208} INFO - Processing /home/airflow/.local/lib/python3.12/site-packages/airflow/example_dags/example_trigger_target_dag.py took 0.079 seconds
[2025-04-19T08:50:19.420+0000] {processor.py:186} INFO - Started process (PID=1632) to work on /home/airflow/.local/lib/python3.12/site-packages/airflow/example_dags/example_trigger_target_dag.py
[2025-04-19T08:50:19.423+0000] {processor.py:914} INFO - Processing file /home/airflow/.local/lib/python3.12/site-packages/airflow/example_dags/example_trigger_target_dag.py for tasks to queue
[2025-04-19T08:50:19.428+0000] {logging_mixin.py:190} INFO - [2025-04-19T08:50:19.427+0000] {dagbag.py:588} INFO - Filling up the DagBag from /home/airflow/.local/lib/python3.12/site-packages/airflow/example_dags/example_trigger_target_dag.py
[2025-04-19T08:50:19.461+0000] {processor.py:925} INFO - DAG(s) 'example_trigger_target_dag' retrieved from /home/airflow/.local/lib/python3.12/site-packages/airflow/example_dags/example_trigger_target_dag.py
[2025-04-19T08:50:19.501+0000] {logging_mixin.py:190} INFO - [2025-04-19T08:50:19.501+0000] {dag.py:3239} INFO - Sync 1 DAGs
[2025-04-19T08:50:19.543+0000] {logging_mixin.py:190} INFO - [2025-04-19T08:50:19.543+0000] {dag.py:4180} INFO - Setting next_dagrun for example_trigger_target_dag to None, run_after=None
[2025-04-19T08:50:19.585+0000] {processor.py:208} INFO - Processing /home/airflow/.local/lib/python3.12/site-packages/airflow/example_dags/example_trigger_target_dag.py took 0.188 seconds
[2025-04-19T08:50:49.674+0000] {processor.py:186} INFO - Started process (PID=1695) to work on /home/airflow/.local/lib/python3.12/site-packages/airflow/example_dags/example_trigger_target_dag.py
[2025-04-19T08:50:49.675+0000] {processor.py:914} INFO - Processing file /home/airflow/.local/lib/python3.12/site-packages/airflow/example_dags/example_trigger_target_dag.py for tasks to queue
[2025-04-19T08:50:49.678+0000] {logging_mixin.py:190} INFO - [2025-04-19T08:50:49.678+0000] {dagbag.py:588} INFO - Filling up the DagBag from /home/airflow/.local/lib/python3.12/site-packages/airflow/example_dags/example_trigger_target_dag.py
[2025-04-19T08:50:49.693+0000] {processor.py:925} INFO - DAG(s) 'example_trigger_target_dag' retrieved from /home/airflow/.local/lib/python3.12/site-packages/airflow/example_dags/example_trigger_target_dag.py
[2025-04-19T08:50:49.734+0000] {logging_mixin.py:190} INFO - [2025-04-19T08:50:49.734+0000] {dag.py:3239} INFO - Sync 1 DAGs
[2025-04-19T08:50:49.767+0000] {logging_mixin.py:190} INFO - [2025-04-19T08:50:49.767+0000] {dag.py:4180} INFO - Setting next_dagrun for example_trigger_target_dag to None, run_after=None
[2025-04-19T08:50:49.799+0000] {processor.py:208} INFO - Processing /home/airflow/.local/lib/python3.12/site-packages/airflow/example_dags/example_trigger_target_dag.py took 0.132 seconds
[2025-04-19T08:51:19.919+0000] {processor.py:186} INFO - Started process (PID=1758) to work on /home/airflow/.local/lib/python3.12/site-packages/airflow/example_dags/example_trigger_target_dag.py
[2025-04-19T08:51:19.921+0000] {processor.py:914} INFO - Processing file /home/airflow/.local/lib/python3.12/site-packages/airflow/example_dags/example_trigger_target_dag.py for tasks to queue
[2025-04-19T08:51:19.926+0000] {logging_mixin.py:190} INFO - [2025-04-19T08:51:19.925+0000] {dagbag.py:588} INFO - Filling up the DagBag from /home/airflow/.local/lib/python3.12/site-packages/airflow/example_dags/example_trigger_target_dag.py
[2025-04-19T08:51:19.937+0000] {processor.py:925} INFO - DAG(s) 'example_trigger_target_dag' retrieved from /home/airflow/.local/lib/python3.12/site-packages/airflow/example_dags/example_trigger_target_dag.py
[2025-04-19T08:51:19.975+0000] {logging_mixin.py:190} INFO - [2025-04-19T08:51:19.975+0000] {dag.py:3239} INFO - Sync 1 DAGs
[2025-04-19T08:51:20.008+0000] {logging_mixin.py:190} INFO - [2025-04-19T08:51:20.008+0000] {dag.py:4180} INFO - Setting next_dagrun for example_trigger_target_dag to None, run_after=None
[2025-04-19T08:51:20.056+0000] {processor.py:208} INFO - Processing /home/airflow/.local/lib/python3.12/site-packages/airflow/example_dags/example_trigger_target_dag.py took 0.145 seconds
[2025-04-19T08:51:50.302+0000] {processor.py:186} INFO - Started process (PID=1823) to work on /home/airflow/.local/lib/python3.12/site-packages/airflow/example_dags/example_trigger_target_dag.py
[2025-04-19T08:51:50.303+0000] {processor.py:914} INFO - Processing file /home/airflow/.local/lib/python3.12/site-packages/airflow/example_dags/example_trigger_target_dag.py for tasks to queue
[2025-04-19T08:51:50.305+0000] {logging_mixin.py:190} INFO - [2025-04-19T08:51:50.305+0000] {dagbag.py:588} INFO - Filling up the DagBag from /home/airflow/.local/lib/python3.12/site-packages/airflow/example_dags/example_trigger_target_dag.py
[2025-04-19T08:51:50.314+0000] {processor.py:925} INFO - DAG(s) 'example_trigger_target_dag' retrieved from /home/airflow/.local/lib/python3.12/site-packages/airflow/example_dags/example_trigger_target_dag.py
[2025-04-19T08:51:50.336+0000] {logging_mixin.py:190} INFO - [2025-04-19T08:51:50.336+0000] {dag.py:3239} INFO - Sync 1 DAGs
[2025-04-19T08:51:50.354+0000] {logging_mixin.py:190} INFO - [2025-04-19T08:51:50.354+0000] {dag.py:4180} INFO - Setting next_dagrun for example_trigger_target_dag to None, run_after=None
[2025-04-19T08:51:50.374+0000] {processor.py:208} INFO - Processing /home/airflow/.local/lib/python3.12/site-packages/airflow/example_dags/example_trigger_target_dag.py took 0.082 seconds
[2025-04-19T08:52:20.656+0000] {processor.py:186} INFO - Started process (PID=1886) to work on /home/airflow/.local/lib/python3.12/site-packages/airflow/example_dags/example_trigger_target_dag.py
[2025-04-19T08:52:20.657+0000] {processor.py:914} INFO - Processing file /home/airflow/.local/lib/python3.12/site-packages/airflow/example_dags/example_trigger_target_dag.py for tasks to queue
[2025-04-19T08:52:20.661+0000] {logging_mixin.py:190} INFO - [2025-04-19T08:52:20.660+0000] {dagbag.py:588} INFO - Filling up the DagBag from /home/airflow/.local/lib/python3.12/site-packages/airflow/example_dags/example_trigger_target_dag.py
[2025-04-19T08:52:20.672+0000] {processor.py:925} INFO - DAG(s) 'example_trigger_target_dag' retrieved from /home/airflow/.local/lib/python3.12/site-packages/airflow/example_dags/example_trigger_target_dag.py
[2025-04-19T08:52:20.691+0000] {logging_mixin.py:190} INFO - [2025-04-19T08:52:20.690+0000] {dag.py:3239} INFO - Sync 1 DAGs
[2025-04-19T08:52:20.708+0000] {logging_mixin.py:190} INFO - [2025-04-19T08:52:20.708+0000] {dag.py:4180} INFO - Setting next_dagrun for example_trigger_target_dag to None, run_after=None
[2025-04-19T08:52:20.728+0000] {processor.py:208} INFO - Processing /home/airflow/.local/lib/python3.12/site-packages/airflow/example_dags/example_trigger_target_dag.py took 0.078 seconds
[2025-04-19T08:52:51.148+0000] {processor.py:186} INFO - Started process (PID=1950) to work on /home/airflow/.local/lib/python3.12/site-packages/airflow/example_dags/example_trigger_target_dag.py
[2025-04-19T08:52:51.149+0000] {processor.py:914} INFO - Processing file /home/airflow/.local/lib/python3.12/site-packages/airflow/example_dags/example_trigger_target_dag.py for tasks to queue
[2025-04-19T08:52:51.152+0000] {logging_mixin.py:190} INFO - [2025-04-19T08:52:51.151+0000] {dagbag.py:588} INFO - Filling up the DagBag from /home/airflow/.local/lib/python3.12/site-packages/airflow/example_dags/example_trigger_target_dag.py
[2025-04-19T08:52:51.160+0000] {processor.py:925} INFO - DAG(s) 'example_trigger_target_dag' retrieved from /home/airflow/.local/lib/python3.12/site-packages/airflow/example_dags/example_trigger_target_dag.py
[2025-04-19T08:52:51.181+0000] {logging_mixin.py:190} INFO - [2025-04-19T08:52:51.181+0000] {dag.py:3239} INFO - Sync 1 DAGs
[2025-04-19T08:52:51.197+0000] {logging_mixin.py:190} INFO - [2025-04-19T08:52:51.197+0000] {dag.py:4180} INFO - Setting next_dagrun for example_trigger_target_dag to None, run_after=None
[2025-04-19T08:52:51.216+0000] {processor.py:208} INFO - Processing /home/airflow/.local/lib/python3.12/site-packages/airflow/example_dags/example_trigger_target_dag.py took 0.074 seconds
[2025-04-19T08:53:22.329+0000] {processor.py:186} INFO - Started process (PID=2014) to work on /home/airflow/.local/lib/python3.12/site-packages/airflow/example_dags/example_trigger_target_dag.py
[2025-04-19T08:53:22.330+0000] {processor.py:914} INFO - Processing file /home/airflow/.local/lib/python3.12/site-packages/airflow/example_dags/example_trigger_target_dag.py for tasks to queue
[2025-04-19T08:53:22.333+0000] {logging_mixin.py:190} INFO - [2025-04-19T08:53:22.332+0000] {dagbag.py:588} INFO - Filling up the DagBag from /home/airflow/.local/lib/python3.12/site-packages/airflow/example_dags/example_trigger_target_dag.py
[2025-04-19T08:53:22.341+0000] {processor.py:925} INFO - DAG(s) 'example_trigger_target_dag' retrieved from /home/airflow/.local/lib/python3.12/site-packages/airflow/example_dags/example_trigger_target_dag.py
[2025-04-19T08:53:22.365+0000] {logging_mixin.py:190} INFO - [2025-04-19T08:53:22.364+0000] {dag.py:3239} INFO - Sync 1 DAGs
[2025-04-19T08:53:22.381+0000] {logging_mixin.py:190} INFO - [2025-04-19T08:53:22.381+0000] {dag.py:4180} INFO - Setting next_dagrun for example_trigger_target_dag to None, run_after=None
[2025-04-19T08:53:22.406+0000] {processor.py:208} INFO - Processing /home/airflow/.local/lib/python3.12/site-packages/airflow/example_dags/example_trigger_target_dag.py took 0.083 seconds
[2025-04-19T08:53:52.936+0000] {processor.py:186} INFO - Started process (PID=2075) to work on /home/airflow/.local/lib/python3.12/site-packages/airflow/example_dags/example_trigger_target_dag.py
[2025-04-19T08:53:52.937+0000] {processor.py:914} INFO - Processing file /home/airflow/.local/lib/python3.12/site-packages/airflow/example_dags/example_trigger_target_dag.py for tasks to queue
[2025-04-19T08:53:52.939+0000] {logging_mixin.py:190} INFO - [2025-04-19T08:53:52.939+0000] {dagbag.py:588} INFO - Filling up the DagBag from /home/airflow/.local/lib/python3.12/site-packages/airflow/example_dags/example_trigger_target_dag.py
[2025-04-19T08:53:52.947+0000] {processor.py:925} INFO - DAG(s) 'example_trigger_target_dag' retrieved from /home/airflow/.local/lib/python3.12/site-packages/airflow/example_dags/example_trigger_target_dag.py
[2025-04-19T08:53:52.968+0000] {logging_mixin.py:190} INFO - [2025-04-19T08:53:52.968+0000] {dag.py:3239} INFO - Sync 1 DAGs
[2025-04-19T08:53:52.985+0000] {logging_mixin.py:190} INFO - [2025-04-19T08:53:52.985+0000] {dag.py:4180} INFO - Setting next_dagrun for example_trigger_target_dag to None, run_after=None
[2025-04-19T08:53:53.036+0000] {processor.py:208} INFO - Processing /home/airflow/.local/lib/python3.12/site-packages/airflow/example_dags/example_trigger_target_dag.py took 0.107 seconds
[2025-04-19T08:54:23.301+0000] {processor.py:186} INFO - Started process (PID=2139) to work on /home/airflow/.local/lib/python3.12/site-packages/airflow/example_dags/example_trigger_target_dag.py
[2025-04-19T08:54:23.301+0000] {processor.py:914} INFO - Processing file /home/airflow/.local/lib/python3.12/site-packages/airflow/example_dags/example_trigger_target_dag.py for tasks to queue
[2025-04-19T08:54:23.304+0000] {logging_mixin.py:190} INFO - [2025-04-19T08:54:23.303+0000] {dagbag.py:588} INFO - Filling up the DagBag from /home/airflow/.local/lib/python3.12/site-packages/airflow/example_dags/example_trigger_target_dag.py
[2025-04-19T08:54:23.311+0000] {processor.py:925} INFO - DAG(s) 'example_trigger_target_dag' retrieved from /home/airflow/.local/lib/python3.12/site-packages/airflow/example_dags/example_trigger_target_dag.py
[2025-04-19T08:54:23.331+0000] {logging_mixin.py:190} INFO - [2025-04-19T08:54:23.330+0000] {dag.py:3239} INFO - Sync 1 DAGs
[2025-04-19T08:54:23.347+0000] {logging_mixin.py:190} INFO - [2025-04-19T08:54:23.347+0000] {dag.py:4180} INFO - Setting next_dagrun for example_trigger_target_dag to None, run_after=None
[2025-04-19T08:54:23.364+0000] {processor.py:208} INFO - Processing /home/airflow/.local/lib/python3.12/site-packages/airflow/example_dags/example_trigger_target_dag.py took 0.071 seconds
[2025-04-19T08:54:53.674+0000] {processor.py:186} INFO - Started process (PID=2202) to work on /home/airflow/.local/lib/python3.12/site-packages/airflow/example_dags/example_trigger_target_dag.py
[2025-04-19T08:54:53.675+0000] {processor.py:914} INFO - Processing file /home/airflow/.local/lib/python3.12/site-packages/airflow/example_dags/example_trigger_target_dag.py for tasks to queue
[2025-04-19T08:54:53.677+0000] {logging_mixin.py:190} INFO - [2025-04-19T08:54:53.677+0000] {dagbag.py:588} INFO - Filling up the DagBag from /home/airflow/.local/lib/python3.12/site-packages/airflow/example_dags/example_trigger_target_dag.py
[2025-04-19T08:54:53.687+0000] {processor.py:925} INFO - DAG(s) 'example_trigger_target_dag' retrieved from /home/airflow/.local/lib/python3.12/site-packages/airflow/example_dags/example_trigger_target_dag.py
[2025-04-19T08:54:53.707+0000] {logging_mixin.py:190} INFO - [2025-04-19T08:54:53.707+0000] {dag.py:3239} INFO - Sync 1 DAGs
[2025-04-19T08:54:53.724+0000] {logging_mixin.py:190} INFO - [2025-04-19T08:54:53.724+0000] {dag.py:4180} INFO - Setting next_dagrun for example_trigger_target_dag to None, run_after=None
[2025-04-19T08:54:53.744+0000] {processor.py:208} INFO - Processing /home/airflow/.local/lib/python3.12/site-packages/airflow/example_dags/example_trigger_target_dag.py took 0.076 seconds
[2025-04-19T08:55:24.113+0000] {processor.py:186} INFO - Started process (PID=2266) to work on /home/airflow/.local/lib/python3.12/site-packages/airflow/example_dags/example_trigger_target_dag.py
[2025-04-19T08:55:24.115+0000] {processor.py:914} INFO - Processing file /home/airflow/.local/lib/python3.12/site-packages/airflow/example_dags/example_trigger_target_dag.py for tasks to queue
[2025-04-19T08:55:24.117+0000] {logging_mixin.py:190} INFO - [2025-04-19T08:55:24.116+0000] {dagbag.py:588} INFO - Filling up the DagBag from /home/airflow/.local/lib/python3.12/site-packages/airflow/example_dags/example_trigger_target_dag.py
[2025-04-19T08:55:24.125+0000] {processor.py:925} INFO - DAG(s) 'example_trigger_target_dag' retrieved from /home/airflow/.local/lib/python3.12/site-packages/airflow/example_dags/example_trigger_target_dag.py
[2025-04-19T08:55:24.145+0000] {logging_mixin.py:190} INFO - [2025-04-19T08:55:24.145+0000] {dag.py:3239} INFO - Sync 1 DAGs
[2025-04-19T08:55:24.162+0000] {logging_mixin.py:190} INFO - [2025-04-19T08:55:24.162+0000] {dag.py:4180} INFO - Setting next_dagrun for example_trigger_target_dag to None, run_after=None
[2025-04-19T08:55:24.180+0000] {processor.py:208} INFO - Processing /home/airflow/.local/lib/python3.12/site-packages/airflow/example_dags/example_trigger_target_dag.py took 0.073 seconds
[2025-04-19T08:55:54.464+0000] {processor.py:186} INFO - Started process (PID=2330) to work on /home/airflow/.local/lib/python3.12/site-packages/airflow/example_dags/example_trigger_target_dag.py
[2025-04-19T08:55:54.468+0000] {processor.py:914} INFO - Processing file /home/airflow/.local/lib/python3.12/site-packages/airflow/example_dags/example_trigger_target_dag.py for tasks to queue
[2025-04-19T08:55:54.473+0000] {logging_mixin.py:190} INFO - [2025-04-19T08:55:54.472+0000] {dagbag.py:588} INFO - Filling up the DagBag from /home/airflow/.local/lib/python3.12/site-packages/airflow/example_dags/example_trigger_target_dag.py
[2025-04-19T08:55:54.489+0000] {processor.py:925} INFO - DAG(s) 'example_trigger_target_dag' retrieved from /home/airflow/.local/lib/python3.12/site-packages/airflow/example_dags/example_trigger_target_dag.py
[2025-04-19T08:55:54.518+0000] {logging_mixin.py:190} INFO - [2025-04-19T08:55:54.518+0000] {dag.py:3239} INFO - Sync 1 DAGs
[2025-04-19T08:55:54.535+0000] {logging_mixin.py:190} INFO - [2025-04-19T08:55:54.535+0000] {dag.py:4180} INFO - Setting next_dagrun for example_trigger_target_dag to None, run_after=None
[2025-04-19T08:55:54.559+0000] {processor.py:208} INFO - Processing /home/airflow/.local/lib/python3.12/site-packages/airflow/example_dags/example_trigger_target_dag.py took 0.114 seconds
[2025-04-19T08:56:25.365+0000] {processor.py:186} INFO - Started process (PID=2394) to work on /home/airflow/.local/lib/python3.12/site-packages/airflow/example_dags/example_trigger_target_dag.py
[2025-04-19T08:56:25.366+0000] {processor.py:914} INFO - Processing file /home/airflow/.local/lib/python3.12/site-packages/airflow/example_dags/example_trigger_target_dag.py for tasks to queue
[2025-04-19T08:56:25.369+0000] {logging_mixin.py:190} INFO - [2025-04-19T08:56:25.368+0000] {dagbag.py:588} INFO - Filling up the DagBag from /home/airflow/.local/lib/python3.12/site-packages/airflow/example_dags/example_trigger_target_dag.py
[2025-04-19T08:56:25.377+0000] {processor.py:925} INFO - DAG(s) 'example_trigger_target_dag' retrieved from /home/airflow/.local/lib/python3.12/site-packages/airflow/example_dags/example_trigger_target_dag.py
[2025-04-19T08:56:25.400+0000] {logging_mixin.py:190} INFO - [2025-04-19T08:56:25.399+0000] {dag.py:3239} INFO - Sync 1 DAGs
[2025-04-19T08:56:25.419+0000] {logging_mixin.py:190} INFO - [2025-04-19T08:56:25.419+0000] {dag.py:4180} INFO - Setting next_dagrun for example_trigger_target_dag to None, run_after=None
[2025-04-19T08:56:25.448+0000] {processor.py:208} INFO - Processing /home/airflow/.local/lib/python3.12/site-packages/airflow/example_dags/example_trigger_target_dag.py took 0.089 seconds
[2025-04-19T08:56:55.570+0000] {processor.py:186} INFO - Started process (PID=2458) to work on /home/airflow/.local/lib/python3.12/site-packages/airflow/example_dags/example_trigger_target_dag.py
[2025-04-19T08:56:55.571+0000] {processor.py:914} INFO - Processing file /home/airflow/.local/lib/python3.12/site-packages/airflow/example_dags/example_trigger_target_dag.py for tasks to queue
[2025-04-19T08:56:55.573+0000] {logging_mixin.py:190} INFO - [2025-04-19T08:56:55.573+0000] {dagbag.py:588} INFO - Filling up the DagBag from /home/airflow/.local/lib/python3.12/site-packages/airflow/example_dags/example_trigger_target_dag.py
[2025-04-19T08:56:55.582+0000] {processor.py:925} INFO - DAG(s) 'example_trigger_target_dag' retrieved from /home/airflow/.local/lib/python3.12/site-packages/airflow/example_dags/example_trigger_target_dag.py
[2025-04-19T08:56:55.603+0000] {logging_mixin.py:190} INFO - [2025-04-19T08:56:55.603+0000] {dag.py:3239} INFO - Sync 1 DAGs
[2025-04-19T08:56:55.620+0000] {logging_mixin.py:190} INFO - [2025-04-19T08:56:55.620+0000] {dag.py:4180} INFO - Setting next_dagrun for example_trigger_target_dag to None, run_after=None
[2025-04-19T08:56:55.639+0000] {processor.py:208} INFO - Processing /home/airflow/.local/lib/python3.12/site-packages/airflow/example_dags/example_trigger_target_dag.py took 0.075 seconds
[2025-04-19T08:57:26.080+0000] {processor.py:186} INFO - Started process (PID=2521) to work on /home/airflow/.local/lib/python3.12/site-packages/airflow/example_dags/example_trigger_target_dag.py
[2025-04-19T08:57:26.085+0000] {processor.py:914} INFO - Processing file /home/airflow/.local/lib/python3.12/site-packages/airflow/example_dags/example_trigger_target_dag.py for tasks to queue
[2025-04-19T08:57:26.089+0000] {logging_mixin.py:190} INFO - [2025-04-19T08:57:26.089+0000] {dagbag.py:588} INFO - Filling up the DagBag from /home/airflow/.local/lib/python3.12/site-packages/airflow/example_dags/example_trigger_target_dag.py
[2025-04-19T08:57:26.112+0000] {processor.py:925} INFO - DAG(s) 'example_trigger_target_dag' retrieved from /home/airflow/.local/lib/python3.12/site-packages/airflow/example_dags/example_trigger_target_dag.py
[2025-04-19T08:57:26.165+0000] {logging_mixin.py:190} INFO - [2025-04-19T08:57:26.165+0000] {dag.py:3239} INFO - Sync 1 DAGs
[2025-04-19T08:57:26.215+0000] {logging_mixin.py:190} INFO - [2025-04-19T08:57:26.211+0000] {dag.py:4180} INFO - Setting next_dagrun for example_trigger_target_dag to None, run_after=None
[2025-04-19T08:57:26.262+0000] {processor.py:208} INFO - Processing /home/airflow/.local/lib/python3.12/site-packages/airflow/example_dags/example_trigger_target_dag.py took 0.193 seconds
[2025-04-19T08:57:56.415+0000] {processor.py:186} INFO - Started process (PID=2585) to work on /home/airflow/.local/lib/python3.12/site-packages/airflow/example_dags/example_trigger_target_dag.py
[2025-04-19T08:57:56.416+0000] {processor.py:914} INFO - Processing file /home/airflow/.local/lib/python3.12/site-packages/airflow/example_dags/example_trigger_target_dag.py for tasks to queue
[2025-04-19T08:57:56.419+0000] {logging_mixin.py:190} INFO - [2025-04-19T08:57:56.419+0000] {dagbag.py:588} INFO - Filling up the DagBag from /home/airflow/.local/lib/python3.12/site-packages/airflow/example_dags/example_trigger_target_dag.py
[2025-04-19T08:57:56.428+0000] {processor.py:925} INFO - DAG(s) 'example_trigger_target_dag' retrieved from /home/airflow/.local/lib/python3.12/site-packages/airflow/example_dags/example_trigger_target_dag.py
[2025-04-19T08:57:56.447+0000] {logging_mixin.py:190} INFO - [2025-04-19T08:57:56.447+0000] {dag.py:3239} INFO - Sync 1 DAGs
[2025-04-19T08:57:56.465+0000] {logging_mixin.py:190} INFO - [2025-04-19T08:57:56.465+0000] {dag.py:4180} INFO - Setting next_dagrun for example_trigger_target_dag to None, run_after=None
[2025-04-19T08:57:56.483+0000] {processor.py:208} INFO - Processing /home/airflow/.local/lib/python3.12/site-packages/airflow/example_dags/example_trigger_target_dag.py took 0.074 seconds
[2025-04-19T08:58:27.634+0000] {processor.py:186} INFO - Started process (PID=2649) to work on /home/airflow/.local/lib/python3.12/site-packages/airflow/example_dags/example_trigger_target_dag.py
[2025-04-19T08:58:27.635+0000] {processor.py:914} INFO - Processing file /home/airflow/.local/lib/python3.12/site-packages/airflow/example_dags/example_trigger_target_dag.py for tasks to queue
[2025-04-19T08:58:27.638+0000] {logging_mixin.py:190} INFO - [2025-04-19T08:58:27.638+0000] {dagbag.py:588} INFO - Filling up the DagBag from /home/airflow/.local/lib/python3.12/site-packages/airflow/example_dags/example_trigger_target_dag.py
[2025-04-19T08:58:27.647+0000] {processor.py:925} INFO - DAG(s) 'example_trigger_target_dag' retrieved from /home/airflow/.local/lib/python3.12/site-packages/airflow/example_dags/example_trigger_target_dag.py
[2025-04-19T08:58:27.669+0000] {logging_mixin.py:190} INFO - [2025-04-19T08:58:27.668+0000] {dag.py:3239} INFO - Sync 1 DAGs
[2025-04-19T08:58:27.686+0000] {logging_mixin.py:190} INFO - [2025-04-19T08:58:27.686+0000] {dag.py:4180} INFO - Setting next_dagrun for example_trigger_target_dag to None, run_after=None
[2025-04-19T08:58:27.704+0000] {processor.py:208} INFO - Processing /home/airflow/.local/lib/python3.12/site-packages/airflow/example_dags/example_trigger_target_dag.py took 0.077 seconds
[2025-04-19T08:58:58.473+0000] {processor.py:186} INFO - Started process (PID=2712) to work on /home/airflow/.local/lib/python3.12/site-packages/airflow/example_dags/example_trigger_target_dag.py
[2025-04-19T08:58:58.473+0000] {processor.py:914} INFO - Processing file /home/airflow/.local/lib/python3.12/site-packages/airflow/example_dags/example_trigger_target_dag.py for tasks to queue
[2025-04-19T08:58:58.476+0000] {logging_mixin.py:190} INFO - [2025-04-19T08:58:58.475+0000] {dagbag.py:588} INFO - Filling up the DagBag from /home/airflow/.local/lib/python3.12/site-packages/airflow/example_dags/example_trigger_target_dag.py
[2025-04-19T08:58:58.484+0000] {processor.py:925} INFO - DAG(s) 'example_trigger_target_dag' retrieved from /home/airflow/.local/lib/python3.12/site-packages/airflow/example_dags/example_trigger_target_dag.py
[2025-04-19T08:58:58.505+0000] {logging_mixin.py:190} INFO - [2025-04-19T08:58:58.505+0000] {dag.py:3239} INFO - Sync 1 DAGs
[2025-04-19T08:58:58.523+0000] {logging_mixin.py:190} INFO - [2025-04-19T08:58:58.522+0000] {dag.py:4180} INFO - Setting next_dagrun for example_trigger_target_dag to None, run_after=None
[2025-04-19T08:58:58.540+0000] {processor.py:208} INFO - Processing /home/airflow/.local/lib/python3.12/site-packages/airflow/example_dags/example_trigger_target_dag.py took 0.074 seconds
[2025-04-19T08:59:28.971+0000] {processor.py:186} INFO - Started process (PID=2775) to work on /home/airflow/.local/lib/python3.12/site-packages/airflow/example_dags/example_trigger_target_dag.py
[2025-04-19T08:59:28.972+0000] {processor.py:914} INFO - Processing file /home/airflow/.local/lib/python3.12/site-packages/airflow/example_dags/example_trigger_target_dag.py for tasks to queue
[2025-04-19T08:59:28.974+0000] {logging_mixin.py:190} INFO - [2025-04-19T08:59:28.974+0000] {dagbag.py:588} INFO - Filling up the DagBag from /home/airflow/.local/lib/python3.12/site-packages/airflow/example_dags/example_trigger_target_dag.py
[2025-04-19T08:59:28.982+0000] {processor.py:925} INFO - DAG(s) 'example_trigger_target_dag' retrieved from /home/airflow/.local/lib/python3.12/site-packages/airflow/example_dags/example_trigger_target_dag.py
[2025-04-19T08:59:29.002+0000] {logging_mixin.py:190} INFO - [2025-04-19T08:59:29.002+0000] {dag.py:3239} INFO - Sync 1 DAGs
[2025-04-19T08:59:29.019+0000] {logging_mixin.py:190} INFO - [2025-04-19T08:59:29.019+0000] {dag.py:4180} INFO - Setting next_dagrun for example_trigger_target_dag to None, run_after=None
[2025-04-19T08:59:29.036+0000] {processor.py:208} INFO - Processing /home/airflow/.local/lib/python3.12/site-packages/airflow/example_dags/example_trigger_target_dag.py took 0.072 seconds
[2025-04-19T08:59:59.594+0000] {processor.py:186} INFO - Started process (PID=2836) to work on /home/airflow/.local/lib/python3.12/site-packages/airflow/example_dags/example_trigger_target_dag.py
[2025-04-19T08:59:59.595+0000] {processor.py:914} INFO - Processing file /home/airflow/.local/lib/python3.12/site-packages/airflow/example_dags/example_trigger_target_dag.py for tasks to queue
[2025-04-19T08:59:59.597+0000] {logging_mixin.py:190} INFO - [2025-04-19T08:59:59.597+0000] {dagbag.py:588} INFO - Filling up the DagBag from /home/airflow/.local/lib/python3.12/site-packages/airflow/example_dags/example_trigger_target_dag.py
[2025-04-19T08:59:59.606+0000] {processor.py:925} INFO - DAG(s) 'example_trigger_target_dag' retrieved from /home/airflow/.local/lib/python3.12/site-packages/airflow/example_dags/example_trigger_target_dag.py
[2025-04-19T08:59:59.627+0000] {logging_mixin.py:190} INFO - [2025-04-19T08:59:59.627+0000] {dag.py:3239} INFO - Sync 1 DAGs
[2025-04-19T08:59:59.644+0000] {logging_mixin.py:190} INFO - [2025-04-19T08:59:59.644+0000] {dag.py:4180} INFO - Setting next_dagrun for example_trigger_target_dag to None, run_after=None
[2025-04-19T08:59:59.662+0000] {processor.py:208} INFO - Processing /home/airflow/.local/lib/python3.12/site-packages/airflow/example_dags/example_trigger_target_dag.py took 0.075 seconds
[2025-04-19T09:00:30.027+0000] {processor.py:186} INFO - Started process (PID=2900) to work on /home/airflow/.local/lib/python3.12/site-packages/airflow/example_dags/example_trigger_target_dag.py
[2025-04-19T09:00:30.027+0000] {processor.py:914} INFO - Processing file /home/airflow/.local/lib/python3.12/site-packages/airflow/example_dags/example_trigger_target_dag.py for tasks to queue
[2025-04-19T09:00:30.030+0000] {logging_mixin.py:190} INFO - [2025-04-19T09:00:30.029+0000] {dagbag.py:588} INFO - Filling up the DagBag from /home/airflow/.local/lib/python3.12/site-packages/airflow/example_dags/example_trigger_target_dag.py
[2025-04-19T09:00:30.038+0000] {processor.py:925} INFO - DAG(s) 'example_trigger_target_dag' retrieved from /home/airflow/.local/lib/python3.12/site-packages/airflow/example_dags/example_trigger_target_dag.py
[2025-04-19T09:00:30.058+0000] {logging_mixin.py:190} INFO - [2025-04-19T09:00:30.058+0000] {dag.py:3239} INFO - Sync 1 DAGs
[2025-04-19T09:00:30.076+0000] {logging_mixin.py:190} INFO - [2025-04-19T09:00:30.076+0000] {dag.py:4180} INFO - Setting next_dagrun for example_trigger_target_dag to None, run_after=None
[2025-04-19T09:00:30.103+0000] {processor.py:208} INFO - Processing /home/airflow/.local/lib/python3.12/site-packages/airflow/example_dags/example_trigger_target_dag.py took 0.083 seconds
