[2025-04-19T08:38:02.475+0000] {processor.py:186} INFO - Started process (PID=115) to work on /home/airflow/.local/lib/python3.12/site-packages/airflow/example_dags/example_latest_only.py
[2025-04-19T08:38:02.479+0000] {processor.py:914} INFO - Processing file /home/airflow/.local/lib/python3.12/site-packages/airflow/example_dags/example_latest_only.py for tasks to queue
[2025-04-19T08:38:02.488+0000] {logging_mixin.py:190} INFO - [2025-04-19T08:38:02.487+0000] {dagbag.py:588} INFO - Filling up the DagBag from /home/airflow/.local/lib/python3.12/site-packages/airflow/example_dags/example_latest_only.py
[2025-04-19T08:38:02.512+0000] {processor.py:925} INFO - DAG(s) 'latest_only' retrieved from /home/airflow/.local/lib/python3.12/site-packages/airflow/example_dags/example_latest_only.py
[2025-04-19T08:38:02.990+0000] {logging_mixin.py:190} INFO - [2025-04-19T08:38:02.989+0000] {override.py:1911} INFO - Created Permission View: can delete on DAG:latest_only
[2025-04-19T08:38:03.013+0000] {logging_mixin.py:190} INFO - [2025-04-19T08:38:03.013+0000] {override.py:1911} INFO - Created Permission View: can read on DAG:latest_only
[2025-04-19T08:38:03.035+0000] {logging_mixin.py:190} INFO - [2025-04-19T08:38:03.035+0000] {override.py:1911} INFO - Created Permission View: can edit on DAG:latest_only
[2025-04-19T08:38:03.065+0000] {logging_mixin.py:190} INFO - [2025-04-19T08:38:03.064+0000] {override.py:1911} INFO - Created Permission View: can delete on DAG Run:latest_only
[2025-04-19T08:38:03.098+0000] {logging_mixin.py:190} INFO - [2025-04-19T08:38:03.097+0000] {override.py:1911} INFO - Created Permission View: can read on DAG Run:latest_only
[2025-04-19T08:38:03.123+0000] {logging_mixin.py:190} INFO - [2025-04-19T08:38:03.123+0000] {override.py:1911} INFO - Created Permission View: can create on DAG Run:latest_only
[2025-04-19T08:38:03.148+0000] {logging_mixin.py:190} INFO - [2025-04-19T08:38:03.147+0000] {override.py:1911} INFO - Created Permission View: menu access on DAG Run:latest_only
[2025-04-19T08:38:03.148+0000] {logging_mixin.py:190} INFO - [2025-04-19T08:38:03.148+0000] {dag.py:3239} INFO - Sync 1 DAGs
[2025-04-19T08:38:03.236+0000] {logging_mixin.py:190} INFO - [2025-04-19T08:38:03.234+0000] {dag.py:3262} INFO - Creating ORM DAG for latest_only
[2025-04-19T08:38:03.266+0000] {logging_mixin.py:190} INFO - [2025-04-19T08:38:03.266+0000] {dag.py:4180} INFO - Setting next_dagrun for latest_only to 2025-04-19 04:00:00+00:00, run_after=2025-04-19 08:00:00+00:00
[2025-04-19T08:38:03.363+0000] {processor.py:208} INFO - Processing /home/airflow/.local/lib/python3.12/site-packages/airflow/example_dags/example_latest_only.py took 0.936 seconds
[2025-04-19T08:38:34.264+0000] {processor.py:186} INFO - Started process (PID=178) to work on /home/airflow/.local/lib/python3.12/site-packages/airflow/example_dags/example_latest_only.py
[2025-04-19T08:38:34.265+0000] {processor.py:914} INFO - Processing file /home/airflow/.local/lib/python3.12/site-packages/airflow/example_dags/example_latest_only.py for tasks to queue
[2025-04-19T08:38:34.266+0000] {logging_mixin.py:190} INFO - [2025-04-19T08:38:34.266+0000] {dagbag.py:588} INFO - Filling up the DagBag from /home/airflow/.local/lib/python3.12/site-packages/airflow/example_dags/example_latest_only.py
[2025-04-19T08:38:34.272+0000] {processor.py:925} INFO - DAG(s) 'latest_only' retrieved from /home/airflow/.local/lib/python3.12/site-packages/airflow/example_dags/example_latest_only.py
[2025-04-19T08:38:34.286+0000] {logging_mixin.py:190} INFO - [2025-04-19T08:38:34.286+0000] {dag.py:3239} INFO - Sync 1 DAGs
[2025-04-19T08:38:34.304+0000] {logging_mixin.py:190} INFO - [2025-04-19T08:38:34.304+0000] {dag.py:4180} INFO - Setting next_dagrun for latest_only to 2025-04-19 04:00:00+00:00, run_after=2025-04-19 08:00:00+00:00
[2025-04-19T08:38:34.317+0000] {processor.py:208} INFO - Processing /home/airflow/.local/lib/python3.12/site-packages/airflow/example_dags/example_latest_only.py took 0.057 seconds
[2025-04-19T08:39:04.806+0000] {processor.py:186} INFO - Started process (PID=241) to work on /home/airflow/.local/lib/python3.12/site-packages/airflow/example_dags/example_latest_only.py
[2025-04-19T08:39:04.807+0000] {processor.py:914} INFO - Processing file /home/airflow/.local/lib/python3.12/site-packages/airflow/example_dags/example_latest_only.py for tasks to queue
[2025-04-19T08:39:04.809+0000] {logging_mixin.py:190} INFO - [2025-04-19T08:39:04.809+0000] {dagbag.py:588} INFO - Filling up the DagBag from /home/airflow/.local/lib/python3.12/site-packages/airflow/example_dags/example_latest_only.py
[2025-04-19T08:39:04.815+0000] {processor.py:925} INFO - DAG(s) 'latest_only' retrieved from /home/airflow/.local/lib/python3.12/site-packages/airflow/example_dags/example_latest_only.py
[2025-04-19T08:39:04.838+0000] {logging_mixin.py:190} INFO - [2025-04-19T08:39:04.838+0000] {dag.py:3239} INFO - Sync 1 DAGs
[2025-04-19T08:39:04.856+0000] {logging_mixin.py:190} INFO - [2025-04-19T08:39:04.856+0000] {dag.py:4180} INFO - Setting next_dagrun for latest_only to 2025-04-19 04:00:00+00:00, run_after=2025-04-19 08:00:00+00:00
[2025-04-19T08:39:04.869+0000] {processor.py:208} INFO - Processing /home/airflow/.local/lib/python3.12/site-packages/airflow/example_dags/example_latest_only.py took 0.068 seconds
[2025-04-19T08:39:35.002+0000] {processor.py:186} INFO - Started process (PID=304) to work on /home/airflow/.local/lib/python3.12/site-packages/airflow/example_dags/example_latest_only.py
[2025-04-19T08:39:35.002+0000] {processor.py:914} INFO - Processing file /home/airflow/.local/lib/python3.12/site-packages/airflow/example_dags/example_latest_only.py for tasks to queue
[2025-04-19T08:39:35.004+0000] {logging_mixin.py:190} INFO - [2025-04-19T08:39:35.004+0000] {dagbag.py:588} INFO - Filling up the DagBag from /home/airflow/.local/lib/python3.12/site-packages/airflow/example_dags/example_latest_only.py
[2025-04-19T08:39:35.010+0000] {processor.py:925} INFO - DAG(s) 'latest_only' retrieved from /home/airflow/.local/lib/python3.12/site-packages/airflow/example_dags/example_latest_only.py
[2025-04-19T08:39:35.025+0000] {logging_mixin.py:190} INFO - [2025-04-19T08:39:35.024+0000] {dag.py:3239} INFO - Sync 1 DAGs
[2025-04-19T08:39:35.048+0000] {logging_mixin.py:190} INFO - [2025-04-19T08:39:35.048+0000] {dag.py:4180} INFO - Setting next_dagrun for latest_only to 2025-04-19 04:00:00+00:00, run_after=2025-04-19 08:00:00+00:00
[2025-04-19T08:39:35.063+0000] {processor.py:208} INFO - Processing /home/airflow/.local/lib/python3.12/site-packages/airflow/example_dags/example_latest_only.py took 0.066 seconds
[2025-04-19T08:40:05.374+0000] {processor.py:186} INFO - Started process (PID=367) to work on /home/airflow/.local/lib/python3.12/site-packages/airflow/example_dags/example_latest_only.py
[2025-04-19T08:40:05.388+0000] {processor.py:914} INFO - Processing file /home/airflow/.local/lib/python3.12/site-packages/airflow/example_dags/example_latest_only.py for tasks to queue
[2025-04-19T08:40:05.416+0000] {logging_mixin.py:190} INFO - [2025-04-19T08:40:05.416+0000] {dagbag.py:588} INFO - Filling up the DagBag from /home/airflow/.local/lib/python3.12/site-packages/airflow/example_dags/example_latest_only.py
[2025-04-19T08:40:05.439+0000] {processor.py:925} INFO - DAG(s) 'latest_only' retrieved from /home/airflow/.local/lib/python3.12/site-packages/airflow/example_dags/example_latest_only.py
[2025-04-19T08:40:05.531+0000] {logging_mixin.py:190} INFO - [2025-04-19T08:40:05.531+0000] {dag.py:3239} INFO - Sync 1 DAGs
[2025-04-19T08:40:05.608+0000] {logging_mixin.py:190} INFO - [2025-04-19T08:40:05.608+0000] {dag.py:4180} INFO - Setting next_dagrun for latest_only to 2025-04-19 04:00:00+00:00, run_after=2025-04-19 08:00:00+00:00
[2025-04-19T08:40:05.699+0000] {processor.py:208} INFO - Processing /home/airflow/.local/lib/python3.12/site-packages/airflow/example_dags/example_latest_only.py took 0.434 seconds
[2025-04-19T08:40:36.213+0000] {processor.py:186} INFO - Started process (PID=429) to work on /home/airflow/.local/lib/python3.12/site-packages/airflow/example_dags/example_latest_only.py
[2025-04-19T08:40:36.215+0000] {processor.py:914} INFO - Processing file /home/airflow/.local/lib/python3.12/site-packages/airflow/example_dags/example_latest_only.py for tasks to queue
[2025-04-19T08:40:36.218+0000] {logging_mixin.py:190} INFO - [2025-04-19T08:40:36.218+0000] {dagbag.py:588} INFO - Filling up the DagBag from /home/airflow/.local/lib/python3.12/site-packages/airflow/example_dags/example_latest_only.py
[2025-04-19T08:40:36.227+0000] {processor.py:925} INFO - DAG(s) 'latest_only' retrieved from /home/airflow/.local/lib/python3.12/site-packages/airflow/example_dags/example_latest_only.py
[2025-04-19T08:40:36.280+0000] {logging_mixin.py:190} INFO - [2025-04-19T08:40:36.280+0000] {dag.py:3239} INFO - Sync 1 DAGs
[2025-04-19T08:40:36.328+0000] {logging_mixin.py:190} INFO - [2025-04-19T08:40:36.327+0000] {dag.py:4180} INFO - Setting next_dagrun for latest_only to 2025-04-19 04:00:00+00:00, run_after=2025-04-19 08:00:00+00:00
[2025-04-19T08:40:36.360+0000] {processor.py:208} INFO - Processing /home/airflow/.local/lib/python3.12/site-packages/airflow/example_dags/example_latest_only.py took 0.156 seconds
[2025-04-19T08:41:06.682+0000] {processor.py:186} INFO - Started process (PID=491) to work on /home/airflow/.local/lib/python3.12/site-packages/airflow/example_dags/example_latest_only.py
[2025-04-19T08:41:06.683+0000] {processor.py:914} INFO - Processing file /home/airflow/.local/lib/python3.12/site-packages/airflow/example_dags/example_latest_only.py for tasks to queue
[2025-04-19T08:41:06.684+0000] {logging_mixin.py:190} INFO - [2025-04-19T08:41:06.684+0000] {dagbag.py:588} INFO - Filling up the DagBag from /home/airflow/.local/lib/python3.12/site-packages/airflow/example_dags/example_latest_only.py
[2025-04-19T08:41:06.691+0000] {processor.py:925} INFO - DAG(s) 'latest_only' retrieved from /home/airflow/.local/lib/python3.12/site-packages/airflow/example_dags/example_latest_only.py
[2025-04-19T08:41:06.706+0000] {logging_mixin.py:190} INFO - [2025-04-19T08:41:06.706+0000] {dag.py:3239} INFO - Sync 1 DAGs
[2025-04-19T08:41:06.725+0000] {logging_mixin.py:190} INFO - [2025-04-19T08:41:06.724+0000] {dag.py:4180} INFO - Setting next_dagrun for latest_only to 2025-04-19 04:00:00+00:00, run_after=2025-04-19 08:00:00+00:00
[2025-04-19T08:41:06.737+0000] {processor.py:208} INFO - Processing /home/airflow/.local/lib/python3.12/site-packages/airflow/example_dags/example_latest_only.py took 0.061 seconds
[2025-04-19T08:41:37.651+0000] {processor.py:186} INFO - Started process (PID=553) to work on /home/airflow/.local/lib/python3.12/site-packages/airflow/example_dags/example_latest_only.py
[2025-04-19T08:41:37.652+0000] {processor.py:914} INFO - Processing file /home/airflow/.local/lib/python3.12/site-packages/airflow/example_dags/example_latest_only.py for tasks to queue
[2025-04-19T08:41:37.655+0000] {logging_mixin.py:190} INFO - [2025-04-19T08:41:37.655+0000] {dagbag.py:588} INFO - Filling up the DagBag from /home/airflow/.local/lib/python3.12/site-packages/airflow/example_dags/example_latest_only.py
[2025-04-19T08:41:37.664+0000] {processor.py:925} INFO - DAG(s) 'latest_only' retrieved from /home/airflow/.local/lib/python3.12/site-packages/airflow/example_dags/example_latest_only.py
[2025-04-19T08:41:37.689+0000] {logging_mixin.py:190} INFO - [2025-04-19T08:41:37.689+0000] {dag.py:3239} INFO - Sync 1 DAGs
[2025-04-19T08:41:37.722+0000] {logging_mixin.py:190} INFO - [2025-04-19T08:41:37.722+0000] {dag.py:4180} INFO - Setting next_dagrun for latest_only to 2025-04-19 04:00:00+00:00, run_after=2025-04-19 08:00:00+00:00
[2025-04-19T08:41:37.760+0000] {processor.py:208} INFO - Processing /home/airflow/.local/lib/python3.12/site-packages/airflow/example_dags/example_latest_only.py took 0.116 seconds
[2025-04-19T08:42:08.410+0000] {processor.py:186} INFO - Started process (PID=616) to work on /home/airflow/.local/lib/python3.12/site-packages/airflow/example_dags/example_latest_only.py
[2025-04-19T08:42:08.411+0000] {processor.py:914} INFO - Processing file /home/airflow/.local/lib/python3.12/site-packages/airflow/example_dags/example_latest_only.py for tasks to queue
[2025-04-19T08:42:08.415+0000] {logging_mixin.py:190} INFO - [2025-04-19T08:42:08.415+0000] {dagbag.py:588} INFO - Filling up the DagBag from /home/airflow/.local/lib/python3.12/site-packages/airflow/example_dags/example_latest_only.py
[2025-04-19T08:42:08.425+0000] {processor.py:925} INFO - DAG(s) 'latest_only' retrieved from /home/airflow/.local/lib/python3.12/site-packages/airflow/example_dags/example_latest_only.py
[2025-04-19T08:42:08.466+0000] {logging_mixin.py:190} INFO - [2025-04-19T08:42:08.464+0000] {dag.py:3239} INFO - Sync 1 DAGs
[2025-04-19T08:42:08.512+0000] {logging_mixin.py:190} INFO - [2025-04-19T08:42:08.510+0000] {dag.py:4180} INFO - Setting next_dagrun for latest_only to 2025-04-19 04:00:00+00:00, run_after=2025-04-19 08:00:00+00:00
[2025-04-19T08:42:08.551+0000] {processor.py:208} INFO - Processing /home/airflow/.local/lib/python3.12/site-packages/airflow/example_dags/example_latest_only.py took 0.147 seconds
[2025-04-19T08:42:38.598+0000] {processor.py:186} INFO - Started process (PID=680) to work on /home/airflow/.local/lib/python3.12/site-packages/airflow/example_dags/example_latest_only.py
[2025-04-19T08:42:38.598+0000] {processor.py:914} INFO - Processing file /home/airflow/.local/lib/python3.12/site-packages/airflow/example_dags/example_latest_only.py for tasks to queue
[2025-04-19T08:42:38.600+0000] {logging_mixin.py:190} INFO - [2025-04-19T08:42:38.600+0000] {dagbag.py:588} INFO - Filling up the DagBag from /home/airflow/.local/lib/python3.12/site-packages/airflow/example_dags/example_latest_only.py
[2025-04-19T08:42:38.606+0000] {processor.py:925} INFO - DAG(s) 'latest_only' retrieved from /home/airflow/.local/lib/python3.12/site-packages/airflow/example_dags/example_latest_only.py
[2025-04-19T08:42:38.621+0000] {logging_mixin.py:190} INFO - [2025-04-19T08:42:38.620+0000] {dag.py:3239} INFO - Sync 1 DAGs
[2025-04-19T08:42:38.639+0000] {logging_mixin.py:190} INFO - [2025-04-19T08:42:38.639+0000] {dag.py:4180} INFO - Setting next_dagrun for latest_only to 2025-04-19 04:00:00+00:00, run_after=2025-04-19 08:00:00+00:00
[2025-04-19T08:42:38.653+0000] {processor.py:208} INFO - Processing /home/airflow/.local/lib/python3.12/site-packages/airflow/example_dags/example_latest_only.py took 0.060 seconds
[2025-04-19T08:43:09.500+0000] {processor.py:186} INFO - Started process (PID=744) to work on /home/airflow/.local/lib/python3.12/site-packages/airflow/example_dags/example_latest_only.py
[2025-04-19T08:43:09.504+0000] {processor.py:914} INFO - Processing file /home/airflow/.local/lib/python3.12/site-packages/airflow/example_dags/example_latest_only.py for tasks to queue
[2025-04-19T08:43:09.508+0000] {logging_mixin.py:190} INFO - [2025-04-19T08:43:09.508+0000] {dagbag.py:588} INFO - Filling up the DagBag from /home/airflow/.local/lib/python3.12/site-packages/airflow/example_dags/example_latest_only.py
[2025-04-19T08:43:09.516+0000] {processor.py:925} INFO - DAG(s) 'latest_only' retrieved from /home/airflow/.local/lib/python3.12/site-packages/airflow/example_dags/example_latest_only.py
[2025-04-19T08:43:09.538+0000] {logging_mixin.py:190} INFO - [2025-04-19T08:43:09.538+0000] {dag.py:3239} INFO - Sync 1 DAGs
[2025-04-19T08:43:09.566+0000] {logging_mixin.py:190} INFO - [2025-04-19T08:43:09.566+0000] {dag.py:4180} INFO - Setting next_dagrun for latest_only to 2025-04-19 04:00:00+00:00, run_after=2025-04-19 08:00:00+00:00
[2025-04-19T08:43:09.585+0000] {processor.py:208} INFO - Processing /home/airflow/.local/lib/python3.12/site-packages/airflow/example_dags/example_latest_only.py took 0.092 seconds
