[2025-04-19T08:38:15.628+0000] {processor.py:186} INFO - Started process (PID=128) to work on /home/airflow/.local/lib/python3.12/site-packages/airflow/example_dags/example_outlet_event_extra.py
[2025-04-19T08:38:15.634+0000] {processor.py:914} INFO - Processing file /home/airflow/.local/lib/python3.12/site-packages/airflow/example_dags/example_outlet_event_extra.py for tasks to queue
[2025-04-19T08:38:15.643+0000] {logging_mixin.py:190} INFO - [2025-04-19T08:38:15.642+0000] {dagbag.py:588} INFO - Filling up the DagBag from /home/airflow/.local/lib/python3.12/site-packages/airflow/example_dags/example_outlet_event_extra.py
[2025-04-19T08:38:17.998+0000] {processor.py:925} INFO - DAG(s) 'dataset_with_extra_by_yield', 'dataset_with_extra_by_context', 'dataset_with_extra_from_classic_operator' retrieved from /home/airflow/.local/lib/python3.12/site-packages/airflow/example_dags/example_outlet_event_extra.py
[2025-04-19T08:38:18.478+0000] {logging_mixin.py:190} INFO - [2025-04-19T08:38:18.477+0000] {override.py:1911} INFO - Created Permission View: can delete on DAG:dataset_with_extra_by_yield
[2025-04-19T08:38:18.534+0000] {logging_mixin.py:190} INFO - [2025-04-19T08:38:18.534+0000] {override.py:1911} INFO - Created Permission View: can read on DAG:dataset_with_extra_by_yield
[2025-04-19T08:38:18.556+0000] {logging_mixin.py:190} INFO - [2025-04-19T08:38:18.556+0000] {override.py:1911} INFO - Created Permission View: can edit on DAG:dataset_with_extra_by_yield
[2025-04-19T08:38:18.572+0000] {logging_mixin.py:190} INFO - [2025-04-19T08:38:18.571+0000] {override.py:1911} INFO - Created Permission View: can delete on DAG Run:dataset_with_extra_by_yield
[2025-04-19T08:38:18.589+0000] {logging_mixin.py:190} INFO - [2025-04-19T08:38:18.589+0000] {override.py:1911} INFO - Created Permission View: can read on DAG Run:dataset_with_extra_by_yield
[2025-04-19T08:38:18.621+0000] {logging_mixin.py:190} INFO - [2025-04-19T08:38:18.620+0000] {override.py:1911} INFO - Created Permission View: can create on DAG Run:dataset_with_extra_by_yield
[2025-04-19T08:38:18.652+0000] {logging_mixin.py:190} INFO - [2025-04-19T08:38:18.651+0000] {override.py:1911} INFO - Created Permission View: menu access on DAG Run:dataset_with_extra_by_yield
[2025-04-19T08:38:18.686+0000] {logging_mixin.py:190} INFO - [2025-04-19T08:38:18.686+0000] {override.py:1911} INFO - Created Permission View: can delete on DAG:dataset_with_extra_by_context
[2025-04-19T08:38:18.720+0000] {logging_mixin.py:190} INFO - [2025-04-19T08:38:18.719+0000] {override.py:1911} INFO - Created Permission View: can read on DAG:dataset_with_extra_by_context
[2025-04-19T08:38:18.768+0000] {logging_mixin.py:190} INFO - [2025-04-19T08:38:18.766+0000] {override.py:1911} INFO - Created Permission View: can edit on DAG:dataset_with_extra_by_context
[2025-04-19T08:38:18.810+0000] {logging_mixin.py:190} INFO - [2025-04-19T08:38:18.809+0000] {override.py:1911} INFO - Created Permission View: can delete on DAG Run:dataset_with_extra_by_context
[2025-04-19T08:38:18.835+0000] {logging_mixin.py:190} INFO - [2025-04-19T08:38:18.834+0000] {override.py:1911} INFO - Created Permission View: can read on DAG Run:dataset_with_extra_by_context
[2025-04-19T08:38:18.858+0000] {logging_mixin.py:190} INFO - [2025-04-19T08:38:18.858+0000] {override.py:1911} INFO - Created Permission View: can create on DAG Run:dataset_with_extra_by_context
[2025-04-19T08:38:18.872+0000] {logging_mixin.py:190} INFO - [2025-04-19T08:38:18.872+0000] {override.py:1911} INFO - Created Permission View: menu access on DAG Run:dataset_with_extra_by_context
[2025-04-19T08:38:18.906+0000] {logging_mixin.py:190} INFO - [2025-04-19T08:38:18.905+0000] {override.py:1911} INFO - Created Permission View: can delete on DAG:dataset_with_extra_from_classic_operator
[2025-04-19T08:38:18.921+0000] {logging_mixin.py:190} INFO - [2025-04-19T08:38:18.920+0000] {override.py:1911} INFO - Created Permission View: can read on DAG:dataset_with_extra_from_classic_operator
[2025-04-19T08:38:18.935+0000] {logging_mixin.py:190} INFO - [2025-04-19T08:38:18.935+0000] {override.py:1911} INFO - Created Permission View: can edit on DAG:dataset_with_extra_from_classic_operator
[2025-04-19T08:38:18.951+0000] {logging_mixin.py:190} INFO - [2025-04-19T08:38:18.951+0000] {override.py:1911} INFO - Created Permission View: can delete on DAG Run:dataset_with_extra_from_classic_operator
[2025-04-19T08:38:18.969+0000] {logging_mixin.py:190} INFO - [2025-04-19T08:38:18.968+0000] {override.py:1911} INFO - Created Permission View: can read on DAG Run:dataset_with_extra_from_classic_operator
[2025-04-19T08:38:19.001+0000] {logging_mixin.py:190} INFO - [2025-04-19T08:38:19.001+0000] {override.py:1911} INFO - Created Permission View: can create on DAG Run:dataset_with_extra_from_classic_operator
[2025-04-19T08:38:19.034+0000] {logging_mixin.py:190} INFO - [2025-04-19T08:38:19.034+0000] {override.py:1911} INFO - Created Permission View: menu access on DAG Run:dataset_with_extra_from_classic_operator
[2025-04-19T08:38:19.035+0000] {logging_mixin.py:190} INFO - [2025-04-19T08:38:19.035+0000] {dag.py:3239} INFO - Sync 3 DAGs
[2025-04-19T08:38:19.123+0000] {logging_mixin.py:190} INFO - [2025-04-19T08:38:19.118+0000] {dag.py:3262} INFO - Creating ORM DAG for dataset_with_extra_by_yield
[2025-04-19T08:38:19.128+0000] {logging_mixin.py:190} INFO - [2025-04-19T08:38:19.127+0000] {dag.py:3262} INFO - Creating ORM DAG for dataset_with_extra_by_context
[2025-04-19T08:38:19.131+0000] {logging_mixin.py:190} INFO - [2025-04-19T08:38:19.131+0000] {dag.py:3262} INFO - Creating ORM DAG for dataset_with_extra_from_classic_operator
[2025-04-19T08:38:19.187+0000] {logging_mixin.py:190} INFO - [2025-04-19T08:38:19.187+0000] {dag.py:4180} INFO - Setting next_dagrun for dataset_with_extra_by_context to 2025-04-18 00:00:00+00:00, run_after=2025-04-19 00:00:00+00:00
[2025-04-19T08:38:19.195+0000] {logging_mixin.py:190} INFO - [2025-04-19T08:38:19.194+0000] {dag.py:4180} INFO - Setting next_dagrun for dataset_with_extra_by_yield to 2025-04-18 00:00:00+00:00, run_after=2025-04-19 00:00:00+00:00
[2025-04-19T08:38:19.200+0000] {logging_mixin.py:190} INFO - [2025-04-19T08:38:19.200+0000] {dag.py:4180} INFO - Setting next_dagrun for dataset_with_extra_from_classic_operator to 2025-04-18 00:00:00+00:00, run_after=2025-04-19 00:00:00+00:00
[2025-04-19T08:38:19.310+0000] {processor.py:208} INFO - Processing /home/airflow/.local/lib/python3.12/site-packages/airflow/example_dags/example_outlet_event_extra.py took 3.702 seconds
[2025-04-19T08:38:50.193+0000] {processor.py:186} INFO - Started process (PID=192) to work on /home/airflow/.local/lib/python3.12/site-packages/airflow/example_dags/example_outlet_event_extra.py
[2025-04-19T08:38:50.200+0000] {processor.py:914} INFO - Processing file /home/airflow/.local/lib/python3.12/site-packages/airflow/example_dags/example_outlet_event_extra.py for tasks to queue
[2025-04-19T08:38:50.207+0000] {logging_mixin.py:190} INFO - [2025-04-19T08:38:50.207+0000] {dagbag.py:588} INFO - Filling up the DagBag from /home/airflow/.local/lib/python3.12/site-packages/airflow/example_dags/example_outlet_event_extra.py
[2025-04-19T08:38:52.278+0000] {processor.py:925} INFO - DAG(s) 'dataset_with_extra_by_yield', 'dataset_with_extra_by_context', 'dataset_with_extra_from_classic_operator' retrieved from /home/airflow/.local/lib/python3.12/site-packages/airflow/example_dags/example_outlet_event_extra.py
[2025-04-19T08:38:52.373+0000] {logging_mixin.py:190} INFO - [2025-04-19T08:38:52.373+0000] {dag.py:3239} INFO - Sync 3 DAGs
[2025-04-19T08:38:52.497+0000] {logging_mixin.py:190} INFO - [2025-04-19T08:38:52.497+0000] {dag.py:4180} INFO - Setting next_dagrun for dataset_with_extra_by_context to 2025-04-18 00:00:00+00:00, run_after=2025-04-19 00:00:00+00:00
[2025-04-19T08:38:52.517+0000] {logging_mixin.py:190} INFO - [2025-04-19T08:38:52.515+0000] {dag.py:4180} INFO - Setting next_dagrun for dataset_with_extra_by_yield to 2025-04-18 00:00:00+00:00, run_after=2025-04-19 00:00:00+00:00
[2025-04-19T08:38:52.523+0000] {logging_mixin.py:190} INFO - [2025-04-19T08:38:52.523+0000] {dag.py:4180} INFO - Setting next_dagrun for dataset_with_extra_from_classic_operator to 2025-04-18 00:00:00+00:00, run_after=2025-04-19 00:00:00+00:00
[2025-04-19T08:38:52.568+0000] {processor.py:208} INFO - Processing /home/airflow/.local/lib/python3.12/site-packages/airflow/example_dags/example_outlet_event_extra.py took 2.394 seconds
[2025-04-19T08:39:22.854+0000] {processor.py:186} INFO - Started process (PID=255) to work on /home/airflow/.local/lib/python3.12/site-packages/airflow/example_dags/example_outlet_event_extra.py
[2025-04-19T08:39:22.855+0000] {processor.py:914} INFO - Processing file /home/airflow/.local/lib/python3.12/site-packages/airflow/example_dags/example_outlet_event_extra.py for tasks to queue
[2025-04-19T08:39:22.857+0000] {logging_mixin.py:190} INFO - [2025-04-19T08:39:22.857+0000] {dagbag.py:588} INFO - Filling up the DagBag from /home/airflow/.local/lib/python3.12/site-packages/airflow/example_dags/example_outlet_event_extra.py
[2025-04-19T08:39:23.675+0000] {processor.py:925} INFO - DAG(s) 'dataset_with_extra_from_classic_operator', 'dataset_with_extra_by_context', 'dataset_with_extra_by_yield' retrieved from /home/airflow/.local/lib/python3.12/site-packages/airflow/example_dags/example_outlet_event_extra.py
[2025-04-19T08:39:23.701+0000] {logging_mixin.py:190} INFO - [2025-04-19T08:39:23.700+0000] {dag.py:3239} INFO - Sync 3 DAGs
[2025-04-19T08:39:23.727+0000] {logging_mixin.py:190} INFO - [2025-04-19T08:39:23.727+0000] {dag.py:4180} INFO - Setting next_dagrun for dataset_with_extra_by_context to 2025-04-18 00:00:00+00:00, run_after=2025-04-19 00:00:00+00:00
[2025-04-19T08:39:23.734+0000] {logging_mixin.py:190} INFO - [2025-04-19T08:39:23.733+0000] {dag.py:4180} INFO - Setting next_dagrun for dataset_with_extra_by_yield to 2025-04-18 00:00:00+00:00, run_after=2025-04-19 00:00:00+00:00
[2025-04-19T08:39:23.737+0000] {logging_mixin.py:190} INFO - [2025-04-19T08:39:23.737+0000] {dag.py:4180} INFO - Setting next_dagrun for dataset_with_extra_from_classic_operator to 2025-04-18 00:00:00+00:00, run_after=2025-04-19 00:00:00+00:00
[2025-04-19T08:39:23.760+0000] {processor.py:208} INFO - Processing /home/airflow/.local/lib/python3.12/site-packages/airflow/example_dags/example_outlet_event_extra.py took 0.912 seconds
[2025-04-19T08:39:54.025+0000] {processor.py:186} INFO - Started process (PID=320) to work on /home/airflow/.local/lib/python3.12/site-packages/airflow/example_dags/example_outlet_event_extra.py
[2025-04-19T08:39:54.026+0000] {processor.py:914} INFO - Processing file /home/airflow/.local/lib/python3.12/site-packages/airflow/example_dags/example_outlet_event_extra.py for tasks to queue
[2025-04-19T08:39:54.028+0000] {logging_mixin.py:190} INFO - [2025-04-19T08:39:54.027+0000] {dagbag.py:588} INFO - Filling up the DagBag from /home/airflow/.local/lib/python3.12/site-packages/airflow/example_dags/example_outlet_event_extra.py
[2025-04-19T08:39:54.826+0000] {processor.py:925} INFO - DAG(s) 'dataset_with_extra_by_context', 'dataset_with_extra_from_classic_operator', 'dataset_with_extra_by_yield' retrieved from /home/airflow/.local/lib/python3.12/site-packages/airflow/example_dags/example_outlet_event_extra.py
[2025-04-19T08:39:54.932+0000] {logging_mixin.py:190} INFO - [2025-04-19T08:39:54.932+0000] {dag.py:3239} INFO - Sync 3 DAGs
[2025-04-19T08:39:54.995+0000] {logging_mixin.py:190} INFO - [2025-04-19T08:39:54.995+0000] {dag.py:4180} INFO - Setting next_dagrun for dataset_with_extra_by_context to 2025-04-18 00:00:00+00:00, run_after=2025-04-19 00:00:00+00:00
[2025-04-19T08:39:55.017+0000] {logging_mixin.py:190} INFO - [2025-04-19T08:39:55.017+0000] {dag.py:4180} INFO - Setting next_dagrun for dataset_with_extra_by_yield to 2025-04-18 00:00:00+00:00, run_after=2025-04-19 00:00:00+00:00
[2025-04-19T08:39:55.033+0000] {logging_mixin.py:190} INFO - [2025-04-19T08:39:55.033+0000] {dag.py:4180} INFO - Setting next_dagrun for dataset_with_extra_from_classic_operator to 2025-04-18 00:00:00+00:00, run_after=2025-04-19 00:00:00+00:00
[2025-04-19T08:39:55.113+0000] {processor.py:208} INFO - Processing /home/airflow/.local/lib/python3.12/site-packages/airflow/example_dags/example_outlet_event_extra.py took 1.094 seconds
[2025-04-19T08:40:25.908+0000] {processor.py:186} INFO - Started process (PID=386) to work on /home/airflow/.local/lib/python3.12/site-packages/airflow/example_dags/example_outlet_event_extra.py
[2025-04-19T08:40:25.910+0000] {processor.py:914} INFO - Processing file /home/airflow/.local/lib/python3.12/site-packages/airflow/example_dags/example_outlet_event_extra.py for tasks to queue
[2025-04-19T08:40:25.914+0000] {logging_mixin.py:190} INFO - [2025-04-19T08:40:25.914+0000] {dagbag.py:588} INFO - Filling up the DagBag from /home/airflow/.local/lib/python3.12/site-packages/airflow/example_dags/example_outlet_event_extra.py
[2025-04-19T08:40:26.829+0000] {processor.py:925} INFO - DAG(s) 'dataset_with_extra_from_classic_operator', 'dataset_with_extra_by_context', 'dataset_with_extra_by_yield' retrieved from /home/airflow/.local/lib/python3.12/site-packages/airflow/example_dags/example_outlet_event_extra.py
[2025-04-19T08:40:26.859+0000] {logging_mixin.py:190} INFO - [2025-04-19T08:40:26.859+0000] {dag.py:3239} INFO - Sync 3 DAGs
[2025-04-19T08:40:26.890+0000] {logging_mixin.py:190} INFO - [2025-04-19T08:40:26.890+0000] {dag.py:4180} INFO - Setting next_dagrun for dataset_with_extra_by_context to 2025-04-18 00:00:00+00:00, run_after=2025-04-19 00:00:00+00:00
[2025-04-19T08:40:26.899+0000] {logging_mixin.py:190} INFO - [2025-04-19T08:40:26.899+0000] {dag.py:4180} INFO - Setting next_dagrun for dataset_with_extra_by_yield to 2025-04-18 00:00:00+00:00, run_after=2025-04-19 00:00:00+00:00
[2025-04-19T08:40:26.903+0000] {logging_mixin.py:190} INFO - [2025-04-19T08:40:26.902+0000] {dag.py:4180} INFO - Setting next_dagrun for dataset_with_extra_from_classic_operator to 2025-04-18 00:00:00+00:00, run_after=2025-04-19 00:00:00+00:00
[2025-04-19T08:40:26.929+0000] {processor.py:208} INFO - Processing /home/airflow/.local/lib/python3.12/site-packages/airflow/example_dags/example_outlet_event_extra.py took 1.033 seconds
[2025-04-19T08:40:57.935+0000] {processor.py:186} INFO - Started process (PID=454) to work on /home/airflow/.local/lib/python3.12/site-packages/airflow/example_dags/example_outlet_event_extra.py
[2025-04-19T08:40:57.936+0000] {processor.py:914} INFO - Processing file /home/airflow/.local/lib/python3.12/site-packages/airflow/example_dags/example_outlet_event_extra.py for tasks to queue
[2025-04-19T08:40:57.938+0000] {logging_mixin.py:190} INFO - [2025-04-19T08:40:57.938+0000] {dagbag.py:588} INFO - Filling up the DagBag from /home/airflow/.local/lib/python3.12/site-packages/airflow/example_dags/example_outlet_event_extra.py
[2025-04-19T08:40:58.691+0000] {processor.py:925} INFO - DAG(s) 'dataset_with_extra_by_yield', 'dataset_with_extra_by_context', 'dataset_with_extra_from_classic_operator' retrieved from /home/airflow/.local/lib/python3.12/site-packages/airflow/example_dags/example_outlet_event_extra.py
[2025-04-19T08:40:58.781+0000] {logging_mixin.py:190} INFO - [2025-04-19T08:40:58.781+0000] {dag.py:3239} INFO - Sync 3 DAGs
[2025-04-19T08:40:58.843+0000] {logging_mixin.py:190} INFO - [2025-04-19T08:40:58.842+0000] {dag.py:4180} INFO - Setting next_dagrun for dataset_with_extra_by_context to 2025-04-18 00:00:00+00:00, run_after=2025-04-19 00:00:00+00:00
[2025-04-19T08:40:58.858+0000] {logging_mixin.py:190} INFO - [2025-04-19T08:40:58.858+0000] {dag.py:4180} INFO - Setting next_dagrun for dataset_with_extra_by_yield to 2025-04-18 00:00:00+00:00, run_after=2025-04-19 00:00:00+00:00
[2025-04-19T08:40:58.865+0000] {logging_mixin.py:190} INFO - [2025-04-19T08:40:58.864+0000] {dag.py:4180} INFO - Setting next_dagrun for dataset_with_extra_from_classic_operator to 2025-04-18 00:00:00+00:00, run_after=2025-04-19 00:00:00+00:00
[2025-04-19T08:40:58.910+0000] {processor.py:208} INFO - Processing /home/airflow/.local/lib/python3.12/site-packages/airflow/example_dags/example_outlet_event_extra.py took 0.982 seconds
[2025-04-19T08:41:29.312+0000] {processor.py:186} INFO - Started process (PID=516) to work on /home/airflow/.local/lib/python3.12/site-packages/airflow/example_dags/example_outlet_event_extra.py
[2025-04-19T08:41:29.313+0000] {processor.py:914} INFO - Processing file /home/airflow/.local/lib/python3.12/site-packages/airflow/example_dags/example_outlet_event_extra.py for tasks to queue
[2025-04-19T08:41:29.316+0000] {logging_mixin.py:190} INFO - [2025-04-19T08:41:29.315+0000] {dagbag.py:588} INFO - Filling up the DagBag from /home/airflow/.local/lib/python3.12/site-packages/airflow/example_dags/example_outlet_event_extra.py
[2025-04-19T08:41:30.214+0000] {processor.py:925} INFO - DAG(s) 'dataset_with_extra_by_yield', 'dataset_with_extra_by_context', 'dataset_with_extra_from_classic_operator' retrieved from /home/airflow/.local/lib/python3.12/site-packages/airflow/example_dags/example_outlet_event_extra.py
[2025-04-19T08:41:30.243+0000] {logging_mixin.py:190} INFO - [2025-04-19T08:41:30.243+0000] {dag.py:3239} INFO - Sync 3 DAGs
[2025-04-19T08:41:30.274+0000] {logging_mixin.py:190} INFO - [2025-04-19T08:41:30.274+0000] {dag.py:4180} INFO - Setting next_dagrun for dataset_with_extra_by_context to 2025-04-18 00:00:00+00:00, run_after=2025-04-19 00:00:00+00:00
[2025-04-19T08:41:30.281+0000] {logging_mixin.py:190} INFO - [2025-04-19T08:41:30.281+0000] {dag.py:4180} INFO - Setting next_dagrun for dataset_with_extra_by_yield to 2025-04-18 00:00:00+00:00, run_after=2025-04-19 00:00:00+00:00
[2025-04-19T08:41:30.284+0000] {logging_mixin.py:190} INFO - [2025-04-19T08:41:30.284+0000] {dag.py:4180} INFO - Setting next_dagrun for dataset_with_extra_from_classic_operator to 2025-04-18 00:00:00+00:00, run_after=2025-04-19 00:00:00+00:00
[2025-04-19T08:41:30.304+0000] {processor.py:208} INFO - Processing /home/airflow/.local/lib/python3.12/site-packages/airflow/example_dags/example_outlet_event_extra.py took 0.997 seconds
[2025-04-19T08:42:01.209+0000] {processor.py:186} INFO - Started process (PID=587) to work on /home/airflow/.local/lib/python3.12/site-packages/airflow/example_dags/example_outlet_event_extra.py
[2025-04-19T08:42:01.209+0000] {processor.py:914} INFO - Processing file /home/airflow/.local/lib/python3.12/site-packages/airflow/example_dags/example_outlet_event_extra.py for tasks to queue
[2025-04-19T08:42:01.212+0000] {logging_mixin.py:190} INFO - [2025-04-19T08:42:01.211+0000] {dagbag.py:588} INFO - Filling up the DagBag from /home/airflow/.local/lib/python3.12/site-packages/airflow/example_dags/example_outlet_event_extra.py
[2025-04-19T08:42:01.949+0000] {processor.py:925} INFO - DAG(s) 'dataset_with_extra_by_context', 'dataset_with_extra_by_yield', 'dataset_with_extra_from_classic_operator' retrieved from /home/airflow/.local/lib/python3.12/site-packages/airflow/example_dags/example_outlet_event_extra.py
[2025-04-19T08:42:02.012+0000] {logging_mixin.py:190} INFO - [2025-04-19T08:42:02.011+0000] {dag.py:3239} INFO - Sync 3 DAGs
[2025-04-19T08:42:02.086+0000] {logging_mixin.py:190} INFO - [2025-04-19T08:42:02.086+0000] {dag.py:4180} INFO - Setting next_dagrun for dataset_with_extra_by_context to 2025-04-18 00:00:00+00:00, run_after=2025-04-19 00:00:00+00:00
[2025-04-19T08:42:02.105+0000] {logging_mixin.py:190} INFO - [2025-04-19T08:42:02.105+0000] {dag.py:4180} INFO - Setting next_dagrun for dataset_with_extra_by_yield to 2025-04-18 00:00:00+00:00, run_after=2025-04-19 00:00:00+00:00
[2025-04-19T08:42:02.114+0000] {logging_mixin.py:190} INFO - [2025-04-19T08:42:02.113+0000] {dag.py:4180} INFO - Setting next_dagrun for dataset_with_extra_from_classic_operator to 2025-04-18 00:00:00+00:00, run_after=2025-04-19 00:00:00+00:00
[2025-04-19T08:42:02.163+0000] {processor.py:208} INFO - Processing /home/airflow/.local/lib/python3.12/site-packages/airflow/example_dags/example_outlet_event_extra.py took 0.960 seconds
[2025-04-19T08:42:33.411+0000] {processor.py:186} INFO - Started process (PID=657) to work on /home/airflow/.local/lib/python3.12/site-packages/airflow/example_dags/example_outlet_event_extra.py
[2025-04-19T08:42:33.412+0000] {processor.py:914} INFO - Processing file /home/airflow/.local/lib/python3.12/site-packages/airflow/example_dags/example_outlet_event_extra.py for tasks to queue
[2025-04-19T08:42:33.414+0000] {logging_mixin.py:190} INFO - [2025-04-19T08:42:33.414+0000] {dagbag.py:588} INFO - Filling up the DagBag from /home/airflow/.local/lib/python3.12/site-packages/airflow/example_dags/example_outlet_event_extra.py
[2025-04-19T08:42:34.177+0000] {processor.py:925} INFO - DAG(s) 'dataset_with_extra_from_classic_operator', 'dataset_with_extra_by_context', 'dataset_with_extra_by_yield' retrieved from /home/airflow/.local/lib/python3.12/site-packages/airflow/example_dags/example_outlet_event_extra.py
[2025-04-19T08:42:34.204+0000] {logging_mixin.py:190} INFO - [2025-04-19T08:42:34.203+0000] {dag.py:3239} INFO - Sync 3 DAGs
[2025-04-19T08:42:34.235+0000] {logging_mixin.py:190} INFO - [2025-04-19T08:42:34.235+0000] {dag.py:4180} INFO - Setting next_dagrun for dataset_with_extra_by_context to 2025-04-18 00:00:00+00:00, run_after=2025-04-19 00:00:00+00:00
[2025-04-19T08:42:34.241+0000] {logging_mixin.py:190} INFO - [2025-04-19T08:42:34.241+0000] {dag.py:4180} INFO - Setting next_dagrun for dataset_with_extra_by_yield to 2025-04-18 00:00:00+00:00, run_after=2025-04-19 00:00:00+00:00
[2025-04-19T08:42:34.245+0000] {logging_mixin.py:190} INFO - [2025-04-19T08:42:34.245+0000] {dag.py:4180} INFO - Setting next_dagrun for dataset_with_extra_from_classic_operator to 2025-04-18 00:00:00+00:00, run_after=2025-04-19 00:00:00+00:00
[2025-04-19T08:42:34.267+0000] {processor.py:208} INFO - Processing /home/airflow/.local/lib/python3.12/site-packages/airflow/example_dags/example_outlet_event_extra.py took 0.863 seconds
[2025-04-19T08:43:05.504+0000] {processor.py:186} INFO - Started process (PID=728) to work on /home/airflow/.local/lib/python3.12/site-packages/airflow/example_dags/example_outlet_event_extra.py
[2025-04-19T08:43:05.505+0000] {processor.py:914} INFO - Processing file /home/airflow/.local/lib/python3.12/site-packages/airflow/example_dags/example_outlet_event_extra.py for tasks to queue
[2025-04-19T08:43:05.508+0000] {logging_mixin.py:190} INFO - [2025-04-19T08:43:05.508+0000] {dagbag.py:588} INFO - Filling up the DagBag from /home/airflow/.local/lib/python3.12/site-packages/airflow/example_dags/example_outlet_event_extra.py
[2025-04-19T08:43:06.459+0000] {processor.py:925} INFO - DAG(s) 'dataset_with_extra_by_yield', 'dataset_with_extra_from_classic_operator', 'dataset_with_extra_by_context' retrieved from /home/airflow/.local/lib/python3.12/site-packages/airflow/example_dags/example_outlet_event_extra.py
[2025-04-19T08:43:06.505+0000] {logging_mixin.py:190} INFO - [2025-04-19T08:43:06.505+0000] {dag.py:3239} INFO - Sync 3 DAGs
[2025-04-19T08:43:06.537+0000] {logging_mixin.py:190} INFO - [2025-04-19T08:43:06.537+0000] {dag.py:4180} INFO - Setting next_dagrun for dataset_with_extra_by_context to 2025-04-18 00:00:00+00:00, run_after=2025-04-19 00:00:00+00:00
[2025-04-19T08:43:06.545+0000] {logging_mixin.py:190} INFO - [2025-04-19T08:43:06.545+0000] {dag.py:4180} INFO - Setting next_dagrun for dataset_with_extra_by_yield to 2025-04-18 00:00:00+00:00, run_after=2025-04-19 00:00:00+00:00
[2025-04-19T08:43:06.553+0000] {logging_mixin.py:190} INFO - [2025-04-19T08:43:06.552+0000] {dag.py:4180} INFO - Setting next_dagrun for dataset_with_extra_from_classic_operator to 2025-04-18 00:00:00+00:00, run_after=2025-04-19 00:00:00+00:00
[2025-04-19T08:43:06.583+0000] {processor.py:208} INFO - Processing /home/airflow/.local/lib/python3.12/site-packages/airflow/example_dags/example_outlet_event_extra.py took 1.085 seconds
