[2025-04-19T08:37:39.190+0000] {processor.py:186} INFO - Started process (PID=77) to work on /home/airflow/.local/lib/python3.12/site-packages/airflow/example_dags/tutorial_dag.py
[2025-04-19T08:37:39.192+0000] {processor.py:914} INFO - Processing file /home/airflow/.local/lib/python3.12/site-packages/airflow/example_dags/tutorial_dag.py for tasks to queue
[2025-04-19T08:37:39.203+0000] {logging_mixin.py:190} INFO - [2025-04-19T08:37:39.202+0000] {dagbag.py:588} INFO - Filling up the DagBag from /home/airflow/.local/lib/python3.12/site-packages/airflow/example_dags/tutorial_dag.py
[2025-04-19T08:37:39.249+0000] {processor.py:925} INFO - DAG(s) 'tutorial_dag' retrieved from /home/airflow/.local/lib/python3.12/site-packages/airflow/example_dags/tutorial_dag.py
[2025-04-19T08:37:40.042+0000] {logging_mixin.py:190} INFO - [2025-04-19T08:37:40.040+0000] {override.py:1911} INFO - Created Permission View: can delete on DAG:tutorial_dag
[2025-04-19T08:37:40.103+0000] {logging_mixin.py:190} INFO - [2025-04-19T08:37:40.102+0000] {override.py:1911} INFO - Created Permission View: can read on DAG:tutorial_dag
[2025-04-19T08:37:40.137+0000] {logging_mixin.py:190} INFO - [2025-04-19T08:37:40.136+0000] {override.py:1911} INFO - Created Permission View: can edit on DAG:tutorial_dag
[2025-04-19T08:37:40.210+0000] {logging_mixin.py:190} INFO - [2025-04-19T08:37:40.210+0000] {override.py:1911} INFO - Created Permission View: can delete on DAG Run:tutorial_dag
[2025-04-19T08:37:40.279+0000] {logging_mixin.py:190} INFO - [2025-04-19T08:37:40.279+0000] {override.py:1911} INFO - Created Permission View: can read on DAG Run:tutorial_dag
[2025-04-19T08:37:40.313+0000] {logging_mixin.py:190} INFO - [2025-04-19T08:37:40.312+0000] {override.py:1911} INFO - Created Permission View: can create on DAG Run:tutorial_dag
[2025-04-19T08:37:40.343+0000] {logging_mixin.py:190} INFO - [2025-04-19T08:37:40.342+0000] {override.py:1911} INFO - Created Permission View: menu access on DAG Run:tutorial_dag
[2025-04-19T08:37:40.345+0000] {logging_mixin.py:190} INFO - [2025-04-19T08:37:40.345+0000] {dag.py:3239} INFO - Sync 1 DAGs
[2025-04-19T08:37:40.472+0000] {logging_mixin.py:190} INFO - [2025-04-19T08:37:40.471+0000] {dag.py:3262} INFO - Creating ORM DAG for tutorial_dag
[2025-04-19T08:37:40.479+0000] {logging_mixin.py:190} INFO - [2025-04-19T08:37:40.472+0000] {dag.py:4180} INFO - Setting next_dagrun for tutorial_dag to None, run_after=None
[2025-04-19T08:37:40.543+0000] {processor.py:208} INFO - Processing /home/airflow/.local/lib/python3.12/site-packages/airflow/example_dags/tutorial_dag.py took 1.378 seconds
[2025-04-19T08:38:20.328+0000] {processor.py:186} INFO - Started process (PID=140) to work on /home/airflow/.local/lib/python3.12/site-packages/airflow/example_dags/tutorial_dag.py
[2025-04-19T08:38:20.328+0000] {processor.py:914} INFO - Processing file /home/airflow/.local/lib/python3.12/site-packages/airflow/example_dags/tutorial_dag.py for tasks to queue
[2025-04-19T08:38:20.330+0000] {logging_mixin.py:190} INFO - [2025-04-19T08:38:20.330+0000] {dagbag.py:588} INFO - Filling up the DagBag from /home/airflow/.local/lib/python3.12/site-packages/airflow/example_dags/tutorial_dag.py
[2025-04-19T08:38:20.336+0000] {processor.py:925} INFO - DAG(s) 'tutorial_dag' retrieved from /home/airflow/.local/lib/python3.12/site-packages/airflow/example_dags/tutorial_dag.py
[2025-04-19T08:38:20.352+0000] {logging_mixin.py:190} INFO - [2025-04-19T08:38:20.351+0000] {dag.py:3239} INFO - Sync 1 DAGs
[2025-04-19T08:38:20.363+0000] {logging_mixin.py:190} INFO - [2025-04-19T08:38:20.363+0000] {dag.py:4180} INFO - Setting next_dagrun for tutorial_dag to None, run_after=None
[2025-04-19T08:38:20.376+0000] {processor.py:208} INFO - Processing /home/airflow/.local/lib/python3.12/site-packages/airflow/example_dags/tutorial_dag.py took 0.053 seconds
[2025-04-19T08:38:54.269+0000] {processor.py:186} INFO - Started process (PID=203) to work on /home/airflow/.local/lib/python3.12/site-packages/airflow/example_dags/tutorial_dag.py
[2025-04-19T08:38:54.270+0000] {processor.py:914} INFO - Processing file /home/airflow/.local/lib/python3.12/site-packages/airflow/example_dags/tutorial_dag.py for tasks to queue
[2025-04-19T08:38:54.276+0000] {logging_mixin.py:190} INFO - [2025-04-19T08:38:54.276+0000] {dagbag.py:588} INFO - Filling up the DagBag from /home/airflow/.local/lib/python3.12/site-packages/airflow/example_dags/tutorial_dag.py
[2025-04-19T08:38:54.305+0000] {processor.py:925} INFO - DAG(s) 'tutorial_dag' retrieved from /home/airflow/.local/lib/python3.12/site-packages/airflow/example_dags/tutorial_dag.py
[2025-04-19T08:38:54.390+0000] {logging_mixin.py:190} INFO - [2025-04-19T08:38:54.389+0000] {dag.py:3239} INFO - Sync 1 DAGs
[2025-04-19T08:38:54.445+0000] {logging_mixin.py:190} INFO - [2025-04-19T08:38:54.437+0000] {dag.py:4180} INFO - Setting next_dagrun for tutorial_dag to None, run_after=None
[2025-04-19T08:38:54.554+0000] {processor.py:208} INFO - Processing /home/airflow/.local/lib/python3.12/site-packages/airflow/example_dags/tutorial_dag.py took 0.301 seconds
[2025-04-19T08:39:25.432+0000] {processor.py:186} INFO - Started process (PID=266) to work on /home/airflow/.local/lib/python3.12/site-packages/airflow/example_dags/tutorial_dag.py
[2025-04-19T08:39:25.434+0000] {processor.py:914} INFO - Processing file /home/airflow/.local/lib/python3.12/site-packages/airflow/example_dags/tutorial_dag.py for tasks to queue
[2025-04-19T08:39:25.438+0000] {logging_mixin.py:190} INFO - [2025-04-19T08:39:25.438+0000] {dagbag.py:588} INFO - Filling up the DagBag from /home/airflow/.local/lib/python3.12/site-packages/airflow/example_dags/tutorial_dag.py
[2025-04-19T08:39:25.451+0000] {processor.py:925} INFO - DAG(s) 'tutorial_dag' retrieved from /home/airflow/.local/lib/python3.12/site-packages/airflow/example_dags/tutorial_dag.py
[2025-04-19T08:39:25.496+0000] {logging_mixin.py:190} INFO - [2025-04-19T08:39:25.496+0000] {dag.py:3239} INFO - Sync 1 DAGs
[2025-04-19T08:39:25.550+0000] {logging_mixin.py:190} INFO - [2025-04-19T08:39:25.546+0000] {dag.py:4180} INFO - Setting next_dagrun for tutorial_dag to None, run_after=None
[2025-04-19T08:39:25.649+0000] {processor.py:208} INFO - Processing /home/airflow/.local/lib/python3.12/site-packages/airflow/example_dags/tutorial_dag.py took 0.233 seconds
[2025-04-19T08:39:56.597+0000] {processor.py:186} INFO - Started process (PID=329) to work on /home/airflow/.local/lib/python3.12/site-packages/airflow/example_dags/tutorial_dag.py
[2025-04-19T08:39:56.597+0000] {processor.py:914} INFO - Processing file /home/airflow/.local/lib/python3.12/site-packages/airflow/example_dags/tutorial_dag.py for tasks to queue
[2025-04-19T08:39:56.600+0000] {logging_mixin.py:190} INFO - [2025-04-19T08:39:56.599+0000] {dagbag.py:588} INFO - Filling up the DagBag from /home/airflow/.local/lib/python3.12/site-packages/airflow/example_dags/tutorial_dag.py
[2025-04-19T08:39:56.607+0000] {processor.py:925} INFO - DAG(s) 'tutorial_dag' retrieved from /home/airflow/.local/lib/python3.12/site-packages/airflow/example_dags/tutorial_dag.py
[2025-04-19T08:39:56.631+0000] {logging_mixin.py:190} INFO - [2025-04-19T08:39:56.631+0000] {dag.py:3239} INFO - Sync 1 DAGs
[2025-04-19T08:39:56.648+0000] {logging_mixin.py:190} INFO - [2025-04-19T08:39:56.648+0000] {dag.py:4180} INFO - Setting next_dagrun for tutorial_dag to None, run_after=None
[2025-04-19T08:39:56.665+0000] {processor.py:208} INFO - Processing /home/airflow/.local/lib/python3.12/site-packages/airflow/example_dags/tutorial_dag.py took 0.074 seconds
[2025-04-19T08:40:27.125+0000] {processor.py:186} INFO - Started process (PID=392) to work on /home/airflow/.local/lib/python3.12/site-packages/airflow/example_dags/tutorial_dag.py
[2025-04-19T08:40:27.126+0000] {processor.py:914} INFO - Processing file /home/airflow/.local/lib/python3.12/site-packages/airflow/example_dags/tutorial_dag.py for tasks to queue
[2025-04-19T08:40:27.129+0000] {logging_mixin.py:190} INFO - [2025-04-19T08:40:27.128+0000] {dagbag.py:588} INFO - Filling up the DagBag from /home/airflow/.local/lib/python3.12/site-packages/airflow/example_dags/tutorial_dag.py
[2025-04-19T08:40:27.142+0000] {processor.py:925} INFO - DAG(s) 'tutorial_dag' retrieved from /home/airflow/.local/lib/python3.12/site-packages/airflow/example_dags/tutorial_dag.py
[2025-04-19T08:40:27.163+0000] {logging_mixin.py:190} INFO - [2025-04-19T08:40:27.162+0000] {dag.py:3239} INFO - Sync 1 DAGs
[2025-04-19T08:40:27.180+0000] {logging_mixin.py:190} INFO - [2025-04-19T08:40:27.180+0000] {dag.py:4180} INFO - Setting next_dagrun for tutorial_dag to None, run_after=None
[2025-04-19T08:40:27.198+0000] {processor.py:208} INFO - Processing /home/airflow/.local/lib/python3.12/site-packages/airflow/example_dags/tutorial_dag.py took 0.079 seconds
[2025-04-19T08:40:57.526+0000] {processor.py:186} INFO - Started process (PID=449) to work on /home/airflow/.local/lib/python3.12/site-packages/airflow/example_dags/tutorial_dag.py
[2025-04-19T08:40:57.529+0000] {processor.py:914} INFO - Processing file /home/airflow/.local/lib/python3.12/site-packages/airflow/example_dags/tutorial_dag.py for tasks to queue
[2025-04-19T08:40:57.533+0000] {logging_mixin.py:190} INFO - [2025-04-19T08:40:57.532+0000] {dagbag.py:588} INFO - Filling up the DagBag from /home/airflow/.local/lib/python3.12/site-packages/airflow/example_dags/tutorial_dag.py
[2025-04-19T08:40:57.541+0000] {processor.py:925} INFO - DAG(s) 'tutorial_dag' retrieved from /home/airflow/.local/lib/python3.12/site-packages/airflow/example_dags/tutorial_dag.py
[2025-04-19T08:40:57.562+0000] {logging_mixin.py:190} INFO - [2025-04-19T08:40:57.562+0000] {dag.py:3239} INFO - Sync 1 DAGs
[2025-04-19T08:40:57.582+0000] {logging_mixin.py:190} INFO - [2025-04-19T08:40:57.581+0000] {dag.py:4180} INFO - Setting next_dagrun for tutorial_dag to None, run_after=None
[2025-04-19T08:40:57.602+0000] {processor.py:208} INFO - Processing /home/airflow/.local/lib/python3.12/site-packages/airflow/example_dags/tutorial_dag.py took 0.089 seconds
[2025-04-19T08:41:28.063+0000] {processor.py:186} INFO - Started process (PID=511) to work on /home/airflow/.local/lib/python3.12/site-packages/airflow/example_dags/tutorial_dag.py
[2025-04-19T08:41:28.063+0000] {processor.py:914} INFO - Processing file /home/airflow/.local/lib/python3.12/site-packages/airflow/example_dags/tutorial_dag.py for tasks to queue
[2025-04-19T08:41:28.065+0000] {logging_mixin.py:190} INFO - [2025-04-19T08:41:28.065+0000] {dagbag.py:588} INFO - Filling up the DagBag from /home/airflow/.local/lib/python3.12/site-packages/airflow/example_dags/tutorial_dag.py
[2025-04-19T08:41:28.073+0000] {processor.py:925} INFO - DAG(s) 'tutorial_dag' retrieved from /home/airflow/.local/lib/python3.12/site-packages/airflow/example_dags/tutorial_dag.py
[2025-04-19T08:41:28.095+0000] {logging_mixin.py:190} INFO - [2025-04-19T08:41:28.095+0000] {dag.py:3239} INFO - Sync 1 DAGs
[2025-04-19T08:41:28.113+0000] {logging_mixin.py:190} INFO - [2025-04-19T08:41:28.113+0000] {dag.py:4180} INFO - Setting next_dagrun for tutorial_dag to None, run_after=None
[2025-04-19T08:41:28.131+0000] {processor.py:208} INFO - Processing /home/airflow/.local/lib/python3.12/site-packages/airflow/example_dags/tutorial_dag.py took 0.074 seconds
[2025-04-19T08:41:58.602+0000] {processor.py:186} INFO - Started process (PID=573) to work on /home/airflow/.local/lib/python3.12/site-packages/airflow/example_dags/tutorial_dag.py
[2025-04-19T08:41:58.603+0000] {processor.py:914} INFO - Processing file /home/airflow/.local/lib/python3.12/site-packages/airflow/example_dags/tutorial_dag.py for tasks to queue
[2025-04-19T08:41:58.606+0000] {logging_mixin.py:190} INFO - [2025-04-19T08:41:58.605+0000] {dagbag.py:588} INFO - Filling up the DagBag from /home/airflow/.local/lib/python3.12/site-packages/airflow/example_dags/tutorial_dag.py
[2025-04-19T08:41:58.613+0000] {processor.py:925} INFO - DAG(s) 'tutorial_dag' retrieved from /home/airflow/.local/lib/python3.12/site-packages/airflow/example_dags/tutorial_dag.py
[2025-04-19T08:41:58.634+0000] {logging_mixin.py:190} INFO - [2025-04-19T08:41:58.634+0000] {dag.py:3239} INFO - Sync 1 DAGs
[2025-04-19T08:41:58.652+0000] {logging_mixin.py:190} INFO - [2025-04-19T08:41:58.652+0000] {dag.py:4180} INFO - Setting next_dagrun for tutorial_dag to None, run_after=None
[2025-04-19T08:41:58.675+0000] {processor.py:208} INFO - Processing /home/airflow/.local/lib/python3.12/site-packages/airflow/example_dags/tutorial_dag.py took 0.079 seconds
[2025-04-19T08:42:29.233+0000] {processor.py:186} INFO - Started process (PID=636) to work on /home/airflow/.local/lib/python3.12/site-packages/airflow/example_dags/tutorial_dag.py
[2025-04-19T08:42:29.237+0000] {processor.py:914} INFO - Processing file /home/airflow/.local/lib/python3.12/site-packages/airflow/example_dags/tutorial_dag.py for tasks to queue
[2025-04-19T08:42:29.239+0000] {logging_mixin.py:190} INFO - [2025-04-19T08:42:29.239+0000] {dagbag.py:588} INFO - Filling up the DagBag from /home/airflow/.local/lib/python3.12/site-packages/airflow/example_dags/tutorial_dag.py
[2025-04-19T08:42:29.253+0000] {processor.py:925} INFO - DAG(s) 'tutorial_dag' retrieved from /home/airflow/.local/lib/python3.12/site-packages/airflow/example_dags/tutorial_dag.py
[2025-04-19T08:42:29.317+0000] {logging_mixin.py:190} INFO - [2025-04-19T08:42:29.317+0000] {dag.py:3239} INFO - Sync 1 DAGs
[2025-04-19T08:42:29.367+0000] {logging_mixin.py:190} INFO - [2025-04-19T08:42:29.367+0000] {dag.py:4180} INFO - Setting next_dagrun for tutorial_dag to None, run_after=None
[2025-04-19T08:42:29.431+0000] {processor.py:208} INFO - Processing /home/airflow/.local/lib/python3.12/site-packages/airflow/example_dags/tutorial_dag.py took 0.209 seconds
[2025-04-19T08:42:59.787+0000] {processor.py:186} INFO - Started process (PID=700) to work on /home/airflow/.local/lib/python3.12/site-packages/airflow/example_dags/tutorial_dag.py
[2025-04-19T08:42:59.789+0000] {processor.py:914} INFO - Processing file /home/airflow/.local/lib/python3.12/site-packages/airflow/example_dags/tutorial_dag.py for tasks to queue
[2025-04-19T08:42:59.799+0000] {logging_mixin.py:190} INFO - [2025-04-19T08:42:59.797+0000] {dagbag.py:588} INFO - Filling up the DagBag from /home/airflow/.local/lib/python3.12/site-packages/airflow/example_dags/tutorial_dag.py
[2025-04-19T08:42:59.823+0000] {processor.py:925} INFO - DAG(s) 'tutorial_dag' retrieved from /home/airflow/.local/lib/python3.12/site-packages/airflow/example_dags/tutorial_dag.py
[2025-04-19T08:42:59.863+0000] {logging_mixin.py:190} INFO - [2025-04-19T08:42:59.863+0000] {dag.py:3239} INFO - Sync 1 DAGs
[2025-04-19T08:42:59.895+0000] {logging_mixin.py:190} INFO - [2025-04-19T08:42:59.894+0000] {dag.py:4180} INFO - Setting next_dagrun for tutorial_dag to None, run_after=None
[2025-04-19T08:42:59.939+0000] {processor.py:208} INFO - Processing /home/airflow/.local/lib/python3.12/site-packages/airflow/example_dags/tutorial_dag.py took 0.173 seconds
[2025-04-19T08:43:30.725+0000] {processor.py:186} INFO - Started process (PID=764) to work on /home/airflow/.local/lib/python3.12/site-packages/airflow/example_dags/tutorial_dag.py
[2025-04-19T08:43:30.726+0000] {processor.py:914} INFO - Processing file /home/airflow/.local/lib/python3.12/site-packages/airflow/example_dags/tutorial_dag.py for tasks to queue
[2025-04-19T08:43:30.728+0000] {logging_mixin.py:190} INFO - [2025-04-19T08:43:30.728+0000] {dagbag.py:588} INFO - Filling up the DagBag from /home/airflow/.local/lib/python3.12/site-packages/airflow/example_dags/tutorial_dag.py
[2025-04-19T08:43:30.736+0000] {processor.py:925} INFO - DAG(s) 'tutorial_dag' retrieved from /home/airflow/.local/lib/python3.12/site-packages/airflow/example_dags/tutorial_dag.py
[2025-04-19T08:43:30.757+0000] {logging_mixin.py:190} INFO - [2025-04-19T08:43:30.757+0000] {dag.py:3239} INFO - Sync 1 DAGs
[2025-04-19T08:43:30.775+0000] {logging_mixin.py:190} INFO - [2025-04-19T08:43:30.774+0000] {dag.py:4180} INFO - Setting next_dagrun for tutorial_dag to None, run_after=None
[2025-04-19T08:43:30.793+0000] {processor.py:208} INFO - Processing /home/airflow/.local/lib/python3.12/site-packages/airflow/example_dags/tutorial_dag.py took 0.073 seconds
[2025-04-19T08:44:00.999+0000] {processor.py:186} INFO - Started process (PID=827) to work on /home/airflow/.local/lib/python3.12/site-packages/airflow/example_dags/tutorial_dag.py
[2025-04-19T08:44:01.000+0000] {processor.py:914} INFO - Processing file /home/airflow/.local/lib/python3.12/site-packages/airflow/example_dags/tutorial_dag.py for tasks to queue
[2025-04-19T08:44:01.002+0000] {logging_mixin.py:190} INFO - [2025-04-19T08:44:01.002+0000] {dagbag.py:588} INFO - Filling up the DagBag from /home/airflow/.local/lib/python3.12/site-packages/airflow/example_dags/tutorial_dag.py
[2025-04-19T08:44:01.010+0000] {processor.py:925} INFO - DAG(s) 'tutorial_dag' retrieved from /home/airflow/.local/lib/python3.12/site-packages/airflow/example_dags/tutorial_dag.py
[2025-04-19T08:44:01.032+0000] {logging_mixin.py:190} INFO - [2025-04-19T08:44:01.032+0000] {dag.py:3239} INFO - Sync 1 DAGs
[2025-04-19T08:44:01.050+0000] {logging_mixin.py:190} INFO - [2025-04-19T08:44:01.050+0000] {dag.py:4180} INFO - Setting next_dagrun for tutorial_dag to None, run_after=None
[2025-04-19T08:44:01.072+0000] {processor.py:208} INFO - Processing /home/airflow/.local/lib/python3.12/site-packages/airflow/example_dags/tutorial_dag.py took 0.078 seconds
[2025-04-19T08:44:31.163+0000] {processor.py:186} INFO - Started process (PID=891) to work on /home/airflow/.local/lib/python3.12/site-packages/airflow/example_dags/tutorial_dag.py
[2025-04-19T08:44:31.164+0000] {processor.py:914} INFO - Processing file /home/airflow/.local/lib/python3.12/site-packages/airflow/example_dags/tutorial_dag.py for tasks to queue
[2025-04-19T08:44:31.166+0000] {logging_mixin.py:190} INFO - [2025-04-19T08:44:31.166+0000] {dagbag.py:588} INFO - Filling up the DagBag from /home/airflow/.local/lib/python3.12/site-packages/airflow/example_dags/tutorial_dag.py
[2025-04-19T08:44:31.174+0000] {processor.py:925} INFO - DAG(s) 'tutorial_dag' retrieved from /home/airflow/.local/lib/python3.12/site-packages/airflow/example_dags/tutorial_dag.py
[2025-04-19T08:44:31.196+0000] {logging_mixin.py:190} INFO - [2025-04-19T08:44:31.196+0000] {dag.py:3239} INFO - Sync 1 DAGs
[2025-04-19T08:44:31.212+0000] {logging_mixin.py:190} INFO - [2025-04-19T08:44:31.212+0000] {dag.py:4180} INFO - Setting next_dagrun for tutorial_dag to None, run_after=None
[2025-04-19T08:44:31.229+0000] {processor.py:208} INFO - Processing /home/airflow/.local/lib/python3.12/site-packages/airflow/example_dags/tutorial_dag.py took 0.072 seconds
[2025-04-19T08:45:01.417+0000] {processor.py:186} INFO - Started process (PID=954) to work on /home/airflow/.local/lib/python3.12/site-packages/airflow/example_dags/tutorial_dag.py
[2025-04-19T08:45:01.418+0000] {processor.py:914} INFO - Processing file /home/airflow/.local/lib/python3.12/site-packages/airflow/example_dags/tutorial_dag.py for tasks to queue
[2025-04-19T08:45:01.420+0000] {logging_mixin.py:190} INFO - [2025-04-19T08:45:01.420+0000] {dagbag.py:588} INFO - Filling up the DagBag from /home/airflow/.local/lib/python3.12/site-packages/airflow/example_dags/tutorial_dag.py
[2025-04-19T08:45:01.428+0000] {processor.py:925} INFO - DAG(s) 'tutorial_dag' retrieved from /home/airflow/.local/lib/python3.12/site-packages/airflow/example_dags/tutorial_dag.py
[2025-04-19T08:45:01.450+0000] {logging_mixin.py:190} INFO - [2025-04-19T08:45:01.450+0000] {dag.py:3239} INFO - Sync 1 DAGs
[2025-04-19T08:45:01.467+0000] {logging_mixin.py:190} INFO - [2025-04-19T08:45:01.467+0000] {dag.py:4180} INFO - Setting next_dagrun for tutorial_dag to None, run_after=None
[2025-04-19T08:45:01.488+0000] {processor.py:208} INFO - Processing /home/airflow/.local/lib/python3.12/site-packages/airflow/example_dags/tutorial_dag.py took 0.077 seconds
[2025-04-19T08:45:32.193+0000] {processor.py:186} INFO - Started process (PID=1024) to work on /home/airflow/.local/lib/python3.12/site-packages/airflow/example_dags/tutorial_dag.py
[2025-04-19T08:45:32.194+0000] {processor.py:914} INFO - Processing file /home/airflow/.local/lib/python3.12/site-packages/airflow/example_dags/tutorial_dag.py for tasks to queue
[2025-04-19T08:45:32.196+0000] {logging_mixin.py:190} INFO - [2025-04-19T08:45:32.196+0000] {dagbag.py:588} INFO - Filling up the DagBag from /home/airflow/.local/lib/python3.12/site-packages/airflow/example_dags/tutorial_dag.py
[2025-04-19T08:45:32.204+0000] {processor.py:925} INFO - DAG(s) 'tutorial_dag' retrieved from /home/airflow/.local/lib/python3.12/site-packages/airflow/example_dags/tutorial_dag.py
[2025-04-19T08:45:32.226+0000] {logging_mixin.py:190} INFO - [2025-04-19T08:45:32.226+0000] {dag.py:3239} INFO - Sync 1 DAGs
[2025-04-19T08:45:32.243+0000] {logging_mixin.py:190} INFO - [2025-04-19T08:45:32.243+0000] {dag.py:4180} INFO - Setting next_dagrun for tutorial_dag to None, run_after=None
[2025-04-19T08:45:32.262+0000] {processor.py:208} INFO - Processing /home/airflow/.local/lib/python3.12/site-packages/airflow/example_dags/tutorial_dag.py took 0.075 seconds
[2025-04-19T08:46:02.346+0000] {processor.py:186} INFO - Started process (PID=1088) to work on /home/airflow/.local/lib/python3.12/site-packages/airflow/example_dags/tutorial_dag.py
[2025-04-19T08:46:02.346+0000] {processor.py:914} INFO - Processing file /home/airflow/.local/lib/python3.12/site-packages/airflow/example_dags/tutorial_dag.py for tasks to queue
[2025-04-19T08:46:02.348+0000] {logging_mixin.py:190} INFO - [2025-04-19T08:46:02.348+0000] {dagbag.py:588} INFO - Filling up the DagBag from /home/airflow/.local/lib/python3.12/site-packages/airflow/example_dags/tutorial_dag.py
[2025-04-19T08:46:02.356+0000] {processor.py:925} INFO - DAG(s) 'tutorial_dag' retrieved from /home/airflow/.local/lib/python3.12/site-packages/airflow/example_dags/tutorial_dag.py
[2025-04-19T08:46:02.379+0000] {logging_mixin.py:190} INFO - [2025-04-19T08:46:02.378+0000] {dag.py:3239} INFO - Sync 1 DAGs
[2025-04-19T08:46:02.398+0000] {logging_mixin.py:190} INFO - [2025-04-19T08:46:02.397+0000] {dag.py:4180} INFO - Setting next_dagrun for tutorial_dag to None, run_after=None
[2025-04-19T08:46:02.415+0000] {processor.py:208} INFO - Processing /home/airflow/.local/lib/python3.12/site-packages/airflow/example_dags/tutorial_dag.py took 0.076 seconds
[2025-04-19T08:46:32.826+0000] {processor.py:186} INFO - Started process (PID=1151) to work on /home/airflow/.local/lib/python3.12/site-packages/airflow/example_dags/tutorial_dag.py
[2025-04-19T08:46:32.829+0000] {processor.py:914} INFO - Processing file /home/airflow/.local/lib/python3.12/site-packages/airflow/example_dags/tutorial_dag.py for tasks to queue
[2025-04-19T08:46:32.833+0000] {logging_mixin.py:190} INFO - [2025-04-19T08:46:32.833+0000] {dagbag.py:588} INFO - Filling up the DagBag from /home/airflow/.local/lib/python3.12/site-packages/airflow/example_dags/tutorial_dag.py
[2025-04-19T08:46:32.842+0000] {processor.py:925} INFO - DAG(s) 'tutorial_dag' retrieved from /home/airflow/.local/lib/python3.12/site-packages/airflow/example_dags/tutorial_dag.py
[2025-04-19T08:46:32.864+0000] {logging_mixin.py:190} INFO - [2025-04-19T08:46:32.864+0000] {dag.py:3239} INFO - Sync 1 DAGs
[2025-04-19T08:46:32.881+0000] {logging_mixin.py:190} INFO - [2025-04-19T08:46:32.880+0000] {dag.py:4180} INFO - Setting next_dagrun for tutorial_dag to None, run_after=None
[2025-04-19T08:46:32.900+0000] {processor.py:208} INFO - Processing /home/airflow/.local/lib/python3.12/site-packages/airflow/example_dags/tutorial_dag.py took 0.081 seconds
[2025-04-19T08:47:03.633+0000] {processor.py:186} INFO - Started process (PID=1214) to work on /home/airflow/.local/lib/python3.12/site-packages/airflow/example_dags/tutorial_dag.py
[2025-04-19T08:47:03.633+0000] {processor.py:914} INFO - Processing file /home/airflow/.local/lib/python3.12/site-packages/airflow/example_dags/tutorial_dag.py for tasks to queue
[2025-04-19T08:47:03.636+0000] {logging_mixin.py:190} INFO - [2025-04-19T08:47:03.636+0000] {dagbag.py:588} INFO - Filling up the DagBag from /home/airflow/.local/lib/python3.12/site-packages/airflow/example_dags/tutorial_dag.py
[2025-04-19T08:47:03.645+0000] {processor.py:925} INFO - DAG(s) 'tutorial_dag' retrieved from /home/airflow/.local/lib/python3.12/site-packages/airflow/example_dags/tutorial_dag.py
[2025-04-19T08:47:03.668+0000] {logging_mixin.py:190} INFO - [2025-04-19T08:47:03.667+0000] {dag.py:3239} INFO - Sync 1 DAGs
[2025-04-19T08:47:03.685+0000] {logging_mixin.py:190} INFO - [2025-04-19T08:47:03.685+0000] {dag.py:4180} INFO - Setting next_dagrun for tutorial_dag to None, run_after=None
[2025-04-19T08:47:03.715+0000] {processor.py:208} INFO - Processing /home/airflow/.local/lib/python3.12/site-packages/airflow/example_dags/tutorial_dag.py took 0.089 seconds
[2025-04-19T08:47:34.193+0000] {processor.py:186} INFO - Started process (PID=1278) to work on /home/airflow/.local/lib/python3.12/site-packages/airflow/example_dags/tutorial_dag.py
[2025-04-19T08:47:34.193+0000] {processor.py:914} INFO - Processing file /home/airflow/.local/lib/python3.12/site-packages/airflow/example_dags/tutorial_dag.py for tasks to queue
[2025-04-19T08:47:34.196+0000] {logging_mixin.py:190} INFO - [2025-04-19T08:47:34.196+0000] {dagbag.py:588} INFO - Filling up the DagBag from /home/airflow/.local/lib/python3.12/site-packages/airflow/example_dags/tutorial_dag.py
[2025-04-19T08:47:34.204+0000] {processor.py:925} INFO - DAG(s) 'tutorial_dag' retrieved from /home/airflow/.local/lib/python3.12/site-packages/airflow/example_dags/tutorial_dag.py
[2025-04-19T08:47:34.237+0000] {logging_mixin.py:190} INFO - [2025-04-19T08:47:34.237+0000] {dag.py:3239} INFO - Sync 1 DAGs
[2025-04-19T08:47:34.267+0000] {logging_mixin.py:190} INFO - [2025-04-19T08:47:34.267+0000] {dag.py:4180} INFO - Setting next_dagrun for tutorial_dag to None, run_after=None
[2025-04-19T08:47:34.286+0000] {processor.py:208} INFO - Processing /home/airflow/.local/lib/python3.12/site-packages/airflow/example_dags/tutorial_dag.py took 0.099 seconds
[2025-04-19T08:48:04.384+0000] {processor.py:186} INFO - Started process (PID=1343) to work on /home/airflow/.local/lib/python3.12/site-packages/airflow/example_dags/tutorial_dag.py
[2025-04-19T08:48:04.387+0000] {processor.py:914} INFO - Processing file /home/airflow/.local/lib/python3.12/site-packages/airflow/example_dags/tutorial_dag.py for tasks to queue
[2025-04-19T08:48:04.389+0000] {logging_mixin.py:190} INFO - [2025-04-19T08:48:04.389+0000] {dagbag.py:588} INFO - Filling up the DagBag from /home/airflow/.local/lib/python3.12/site-packages/airflow/example_dags/tutorial_dag.py
[2025-04-19T08:48:04.398+0000] {processor.py:925} INFO - DAG(s) 'tutorial_dag' retrieved from /home/airflow/.local/lib/python3.12/site-packages/airflow/example_dags/tutorial_dag.py
[2025-04-19T08:48:04.419+0000] {logging_mixin.py:190} INFO - [2025-04-19T08:48:04.419+0000] {dag.py:3239} INFO - Sync 1 DAGs
[2025-04-19T08:48:04.437+0000] {logging_mixin.py:190} INFO - [2025-04-19T08:48:04.436+0000] {dag.py:4180} INFO - Setting next_dagrun for tutorial_dag to None, run_after=None
[2025-04-19T08:48:04.474+0000] {processor.py:208} INFO - Processing /home/airflow/.local/lib/python3.12/site-packages/airflow/example_dags/tutorial_dag.py took 0.103 seconds
[2025-04-19T08:48:34.762+0000] {processor.py:186} INFO - Started process (PID=1407) to work on /home/airflow/.local/lib/python3.12/site-packages/airflow/example_dags/tutorial_dag.py
[2025-04-19T08:48:34.763+0000] {processor.py:914} INFO - Processing file /home/airflow/.local/lib/python3.12/site-packages/airflow/example_dags/tutorial_dag.py for tasks to queue
[2025-04-19T08:48:34.771+0000] {logging_mixin.py:190} INFO - [2025-04-19T08:48:34.769+0000] {dagbag.py:588} INFO - Filling up the DagBag from /home/airflow/.local/lib/python3.12/site-packages/airflow/example_dags/tutorial_dag.py
[2025-04-19T08:48:34.804+0000] {processor.py:925} INFO - DAG(s) 'tutorial_dag' retrieved from /home/airflow/.local/lib/python3.12/site-packages/airflow/example_dags/tutorial_dag.py
[2025-04-19T08:48:34.846+0000] {logging_mixin.py:190} INFO - [2025-04-19T08:48:34.846+0000] {dag.py:3239} INFO - Sync 1 DAGs
[2025-04-19T08:48:34.891+0000] {logging_mixin.py:190} INFO - [2025-04-19T08:48:34.890+0000] {dag.py:4180} INFO - Setting next_dagrun for tutorial_dag to None, run_after=None
[2025-04-19T08:48:34.943+0000] {processor.py:208} INFO - Processing /home/airflow/.local/lib/python3.12/site-packages/airflow/example_dags/tutorial_dag.py took 0.196 seconds
[2025-04-19T08:49:05.658+0000] {processor.py:186} INFO - Started process (PID=1471) to work on /home/airflow/.local/lib/python3.12/site-packages/airflow/example_dags/tutorial_dag.py
[2025-04-19T08:49:05.658+0000] {processor.py:914} INFO - Processing file /home/airflow/.local/lib/python3.12/site-packages/airflow/example_dags/tutorial_dag.py for tasks to queue
[2025-04-19T08:49:05.661+0000] {logging_mixin.py:190} INFO - [2025-04-19T08:49:05.660+0000] {dagbag.py:588} INFO - Filling up the DagBag from /home/airflow/.local/lib/python3.12/site-packages/airflow/example_dags/tutorial_dag.py
[2025-04-19T08:49:05.669+0000] {processor.py:925} INFO - DAG(s) 'tutorial_dag' retrieved from /home/airflow/.local/lib/python3.12/site-packages/airflow/example_dags/tutorial_dag.py
[2025-04-19T08:49:05.691+0000] {logging_mixin.py:190} INFO - [2025-04-19T08:49:05.690+0000] {dag.py:3239} INFO - Sync 1 DAGs
[2025-04-19T08:49:05.707+0000] {logging_mixin.py:190} INFO - [2025-04-19T08:49:05.707+0000] {dag.py:4180} INFO - Setting next_dagrun for tutorial_dag to None, run_after=None
[2025-04-19T08:49:05.728+0000] {processor.py:208} INFO - Processing /home/airflow/.local/lib/python3.12/site-packages/airflow/example_dags/tutorial_dag.py took 0.076 seconds
[2025-04-19T08:49:36.275+0000] {processor.py:186} INFO - Started process (PID=1535) to work on /home/airflow/.local/lib/python3.12/site-packages/airflow/example_dags/tutorial_dag.py
[2025-04-19T08:49:36.276+0000] {processor.py:914} INFO - Processing file /home/airflow/.local/lib/python3.12/site-packages/airflow/example_dags/tutorial_dag.py for tasks to queue
[2025-04-19T08:49:36.278+0000] {logging_mixin.py:190} INFO - [2025-04-19T08:49:36.278+0000] {dagbag.py:588} INFO - Filling up the DagBag from /home/airflow/.local/lib/python3.12/site-packages/airflow/example_dags/tutorial_dag.py
[2025-04-19T08:49:36.286+0000] {processor.py:925} INFO - DAG(s) 'tutorial_dag' retrieved from /home/airflow/.local/lib/python3.12/site-packages/airflow/example_dags/tutorial_dag.py
[2025-04-19T08:49:36.308+0000] {logging_mixin.py:190} INFO - [2025-04-19T08:49:36.307+0000] {dag.py:3239} INFO - Sync 1 DAGs
[2025-04-19T08:49:36.325+0000] {logging_mixin.py:190} INFO - [2025-04-19T08:49:36.324+0000] {dag.py:4180} INFO - Setting next_dagrun for tutorial_dag to None, run_after=None
[2025-04-19T08:49:36.342+0000] {processor.py:208} INFO - Processing /home/airflow/.local/lib/python3.12/site-packages/airflow/example_dags/tutorial_dag.py took 0.073 seconds
[2025-04-19T08:50:07.007+0000] {processor.py:186} INFO - Started process (PID=1599) to work on /home/airflow/.local/lib/python3.12/site-packages/airflow/example_dags/tutorial_dag.py
[2025-04-19T08:50:07.008+0000] {processor.py:914} INFO - Processing file /home/airflow/.local/lib/python3.12/site-packages/airflow/example_dags/tutorial_dag.py for tasks to queue
[2025-04-19T08:50:07.010+0000] {logging_mixin.py:190} INFO - [2025-04-19T08:50:07.009+0000] {dagbag.py:588} INFO - Filling up the DagBag from /home/airflow/.local/lib/python3.12/site-packages/airflow/example_dags/tutorial_dag.py
[2025-04-19T08:50:07.017+0000] {processor.py:925} INFO - DAG(s) 'tutorial_dag' retrieved from /home/airflow/.local/lib/python3.12/site-packages/airflow/example_dags/tutorial_dag.py
[2025-04-19T08:50:07.039+0000] {logging_mixin.py:190} INFO - [2025-04-19T08:50:07.039+0000] {dag.py:3239} INFO - Sync 1 DAGs
[2025-04-19T08:50:07.057+0000] {logging_mixin.py:190} INFO - [2025-04-19T08:50:07.056+0000] {dag.py:4180} INFO - Setting next_dagrun for tutorial_dag to None, run_after=None
[2025-04-19T08:50:07.078+0000] {processor.py:208} INFO - Processing /home/airflow/.local/lib/python3.12/site-packages/airflow/example_dags/tutorial_dag.py took 0.076 seconds
[2025-04-19T08:50:37.448+0000] {processor.py:186} INFO - Started process (PID=1663) to work on /home/airflow/.local/lib/python3.12/site-packages/airflow/example_dags/tutorial_dag.py
[2025-04-19T08:50:37.448+0000] {processor.py:914} INFO - Processing file /home/airflow/.local/lib/python3.12/site-packages/airflow/example_dags/tutorial_dag.py for tasks to queue
[2025-04-19T08:50:37.452+0000] {logging_mixin.py:190} INFO - [2025-04-19T08:50:37.452+0000] {dagbag.py:588} INFO - Filling up the DagBag from /home/airflow/.local/lib/python3.12/site-packages/airflow/example_dags/tutorial_dag.py
[2025-04-19T08:50:37.465+0000] {processor.py:925} INFO - DAG(s) 'tutorial_dag' retrieved from /home/airflow/.local/lib/python3.12/site-packages/airflow/example_dags/tutorial_dag.py
[2025-04-19T08:50:37.515+0000] {logging_mixin.py:190} INFO - [2025-04-19T08:50:37.514+0000] {dag.py:3239} INFO - Sync 1 DAGs
[2025-04-19T08:50:37.549+0000] {logging_mixin.py:190} INFO - [2025-04-19T08:50:37.548+0000] {dag.py:4180} INFO - Setting next_dagrun for tutorial_dag to None, run_after=None
[2025-04-19T08:50:37.566+0000] {processor.py:208} INFO - Processing /home/airflow/.local/lib/python3.12/site-packages/airflow/example_dags/tutorial_dag.py took 0.132 seconds
[2025-04-19T08:51:08.267+0000] {processor.py:186} INFO - Started process (PID=1726) to work on /home/airflow/.local/lib/python3.12/site-packages/airflow/example_dags/tutorial_dag.py
[2025-04-19T08:51:08.267+0000] {processor.py:914} INFO - Processing file /home/airflow/.local/lib/python3.12/site-packages/airflow/example_dags/tutorial_dag.py for tasks to queue
[2025-04-19T08:51:08.270+0000] {logging_mixin.py:190} INFO - [2025-04-19T08:51:08.269+0000] {dagbag.py:588} INFO - Filling up the DagBag from /home/airflow/.local/lib/python3.12/site-packages/airflow/example_dags/tutorial_dag.py
[2025-04-19T08:51:08.278+0000] {processor.py:925} INFO - DAG(s) 'tutorial_dag' retrieved from /home/airflow/.local/lib/python3.12/site-packages/airflow/example_dags/tutorial_dag.py
[2025-04-19T08:51:08.300+0000] {logging_mixin.py:190} INFO - [2025-04-19T08:51:08.300+0000] {dag.py:3239} INFO - Sync 1 DAGs
[2025-04-19T08:51:08.317+0000] {logging_mixin.py:190} INFO - [2025-04-19T08:51:08.317+0000] {dag.py:4180} INFO - Setting next_dagrun for tutorial_dag to None, run_after=None
[2025-04-19T08:51:08.338+0000] {processor.py:208} INFO - Processing /home/airflow/.local/lib/python3.12/site-packages/airflow/example_dags/tutorial_dag.py took 0.077 seconds
[2025-04-19T08:51:38.471+0000] {processor.py:186} INFO - Started process (PID=1790) to work on /home/airflow/.local/lib/python3.12/site-packages/airflow/example_dags/tutorial_dag.py
[2025-04-19T08:51:38.471+0000] {processor.py:914} INFO - Processing file /home/airflow/.local/lib/python3.12/site-packages/airflow/example_dags/tutorial_dag.py for tasks to queue
[2025-04-19T08:51:38.474+0000] {logging_mixin.py:190} INFO - [2025-04-19T08:51:38.473+0000] {dagbag.py:588} INFO - Filling up the DagBag from /home/airflow/.local/lib/python3.12/site-packages/airflow/example_dags/tutorial_dag.py
[2025-04-19T08:51:38.482+0000] {processor.py:925} INFO - DAG(s) 'tutorial_dag' retrieved from /home/airflow/.local/lib/python3.12/site-packages/airflow/example_dags/tutorial_dag.py
[2025-04-19T08:51:38.505+0000] {logging_mixin.py:190} INFO - [2025-04-19T08:51:38.504+0000] {dag.py:3239} INFO - Sync 1 DAGs
[2025-04-19T08:51:38.522+0000] {logging_mixin.py:190} INFO - [2025-04-19T08:51:38.522+0000] {dag.py:4180} INFO - Setting next_dagrun for tutorial_dag to None, run_after=None
[2025-04-19T08:51:38.539+0000] {processor.py:208} INFO - Processing /home/airflow/.local/lib/python3.12/site-packages/airflow/example_dags/tutorial_dag.py took 0.075 seconds
[2025-04-19T08:52:08.816+0000] {processor.py:186} INFO - Started process (PID=1853) to work on /home/airflow/.local/lib/python3.12/site-packages/airflow/example_dags/tutorial_dag.py
[2025-04-19T08:52:08.816+0000] {processor.py:914} INFO - Processing file /home/airflow/.local/lib/python3.12/site-packages/airflow/example_dags/tutorial_dag.py for tasks to queue
[2025-04-19T08:52:08.818+0000] {logging_mixin.py:190} INFO - [2025-04-19T08:52:08.818+0000] {dagbag.py:588} INFO - Filling up the DagBag from /home/airflow/.local/lib/python3.12/site-packages/airflow/example_dags/tutorial_dag.py
[2025-04-19T08:52:08.826+0000] {processor.py:925} INFO - DAG(s) 'tutorial_dag' retrieved from /home/airflow/.local/lib/python3.12/site-packages/airflow/example_dags/tutorial_dag.py
[2025-04-19T08:52:08.853+0000] {logging_mixin.py:190} INFO - [2025-04-19T08:52:08.852+0000] {dag.py:3239} INFO - Sync 1 DAGs
[2025-04-19T08:52:08.870+0000] {logging_mixin.py:190} INFO - [2025-04-19T08:52:08.869+0000] {dag.py:4180} INFO - Setting next_dagrun for tutorial_dag to None, run_after=None
[2025-04-19T08:52:08.887+0000] {processor.py:208} INFO - Processing /home/airflow/.local/lib/python3.12/site-packages/airflow/example_dags/tutorial_dag.py took 0.077 seconds
[2025-04-19T08:52:39.280+0000] {processor.py:186} INFO - Started process (PID=1917) to work on /home/airflow/.local/lib/python3.12/site-packages/airflow/example_dags/tutorial_dag.py
[2025-04-19T08:52:39.280+0000] {processor.py:914} INFO - Processing file /home/airflow/.local/lib/python3.12/site-packages/airflow/example_dags/tutorial_dag.py for tasks to queue
[2025-04-19T08:52:39.283+0000] {logging_mixin.py:190} INFO - [2025-04-19T08:52:39.282+0000] {dagbag.py:588} INFO - Filling up the DagBag from /home/airflow/.local/lib/python3.12/site-packages/airflow/example_dags/tutorial_dag.py
[2025-04-19T08:52:39.291+0000] {processor.py:925} INFO - DAG(s) 'tutorial_dag' retrieved from /home/airflow/.local/lib/python3.12/site-packages/airflow/example_dags/tutorial_dag.py
[2025-04-19T08:52:39.312+0000] {logging_mixin.py:190} INFO - [2025-04-19T08:52:39.312+0000] {dag.py:3239} INFO - Sync 1 DAGs
[2025-04-19T08:52:39.329+0000] {logging_mixin.py:190} INFO - [2025-04-19T08:52:39.329+0000] {dag.py:4180} INFO - Setting next_dagrun for tutorial_dag to None, run_after=None
[2025-04-19T08:52:39.350+0000] {processor.py:208} INFO - Processing /home/airflow/.local/lib/python3.12/site-packages/airflow/example_dags/tutorial_dag.py took 0.076 seconds
[2025-04-19T08:53:10.163+0000] {processor.py:186} INFO - Started process (PID=1981) to work on /home/airflow/.local/lib/python3.12/site-packages/airflow/example_dags/tutorial_dag.py
[2025-04-19T08:53:10.164+0000] {processor.py:914} INFO - Processing file /home/airflow/.local/lib/python3.12/site-packages/airflow/example_dags/tutorial_dag.py for tasks to queue
[2025-04-19T08:53:10.166+0000] {logging_mixin.py:190} INFO - [2025-04-19T08:53:10.166+0000] {dagbag.py:588} INFO - Filling up the DagBag from /home/airflow/.local/lib/python3.12/site-packages/airflow/example_dags/tutorial_dag.py
[2025-04-19T08:53:10.174+0000] {processor.py:925} INFO - DAG(s) 'tutorial_dag' retrieved from /home/airflow/.local/lib/python3.12/site-packages/airflow/example_dags/tutorial_dag.py
[2025-04-19T08:53:10.196+0000] {logging_mixin.py:190} INFO - [2025-04-19T08:53:10.196+0000] {dag.py:3239} INFO - Sync 1 DAGs
[2025-04-19T08:53:10.214+0000] {logging_mixin.py:190} INFO - [2025-04-19T08:53:10.214+0000] {dag.py:4180} INFO - Setting next_dagrun for tutorial_dag to None, run_after=None
[2025-04-19T08:53:10.235+0000] {processor.py:208} INFO - Processing /home/airflow/.local/lib/python3.12/site-packages/airflow/example_dags/tutorial_dag.py took 0.077 seconds
[2025-04-19T08:53:41.098+0000] {processor.py:186} INFO - Started process (PID=2044) to work on /home/airflow/.local/lib/python3.12/site-packages/airflow/example_dags/tutorial_dag.py
[2025-04-19T08:53:41.099+0000] {processor.py:914} INFO - Processing file /home/airflow/.local/lib/python3.12/site-packages/airflow/example_dags/tutorial_dag.py for tasks to queue
[2025-04-19T08:53:41.101+0000] {logging_mixin.py:190} INFO - [2025-04-19T08:53:41.101+0000] {dagbag.py:588} INFO - Filling up the DagBag from /home/airflow/.local/lib/python3.12/site-packages/airflow/example_dags/tutorial_dag.py
[2025-04-19T08:53:41.110+0000] {processor.py:925} INFO - DAG(s) 'tutorial_dag' retrieved from /home/airflow/.local/lib/python3.12/site-packages/airflow/example_dags/tutorial_dag.py
[2025-04-19T08:53:41.132+0000] {logging_mixin.py:190} INFO - [2025-04-19T08:53:41.132+0000] {dag.py:3239} INFO - Sync 1 DAGs
[2025-04-19T08:53:41.149+0000] {logging_mixin.py:190} INFO - [2025-04-19T08:53:41.149+0000] {dag.py:4180} INFO - Setting next_dagrun for tutorial_dag to None, run_after=None
[2025-04-19T08:53:41.173+0000] {processor.py:208} INFO - Processing /home/airflow/.local/lib/python3.12/site-packages/airflow/example_dags/tutorial_dag.py took 0.086 seconds
[2025-04-19T08:54:12.011+0000] {processor.py:186} INFO - Started process (PID=2108) to work on /home/airflow/.local/lib/python3.12/site-packages/airflow/example_dags/tutorial_dag.py
[2025-04-19T08:54:12.014+0000] {processor.py:914} INFO - Processing file /home/airflow/.local/lib/python3.12/site-packages/airflow/example_dags/tutorial_dag.py for tasks to queue
[2025-04-19T08:54:12.019+0000] {logging_mixin.py:190} INFO - [2025-04-19T08:54:12.017+0000] {dagbag.py:588} INFO - Filling up the DagBag from /home/airflow/.local/lib/python3.12/site-packages/airflow/example_dags/tutorial_dag.py
[2025-04-19T08:54:12.032+0000] {processor.py:925} INFO - DAG(s) 'tutorial_dag' retrieved from /home/airflow/.local/lib/python3.12/site-packages/airflow/example_dags/tutorial_dag.py
[2025-04-19T08:54:12.080+0000] {logging_mixin.py:190} INFO - [2025-04-19T08:54:12.080+0000] {dag.py:3239} INFO - Sync 1 DAGs
[2025-04-19T08:54:12.102+0000] {logging_mixin.py:190} INFO - [2025-04-19T08:54:12.102+0000] {dag.py:4180} INFO - Setting next_dagrun for tutorial_dag to None, run_after=None
[2025-04-19T08:54:12.121+0000] {processor.py:208} INFO - Processing /home/airflow/.local/lib/python3.12/site-packages/airflow/example_dags/tutorial_dag.py took 0.123 seconds
[2025-04-19T08:54:42.553+0000] {processor.py:186} INFO - Started process (PID=2169) to work on /home/airflow/.local/lib/python3.12/site-packages/airflow/example_dags/tutorial_dag.py
[2025-04-19T08:54:42.554+0000] {processor.py:914} INFO - Processing file /home/airflow/.local/lib/python3.12/site-packages/airflow/example_dags/tutorial_dag.py for tasks to queue
[2025-04-19T08:54:42.556+0000] {logging_mixin.py:190} INFO - [2025-04-19T08:54:42.556+0000] {dagbag.py:588} INFO - Filling up the DagBag from /home/airflow/.local/lib/python3.12/site-packages/airflow/example_dags/tutorial_dag.py
[2025-04-19T08:54:42.564+0000] {processor.py:925} INFO - DAG(s) 'tutorial_dag' retrieved from /home/airflow/.local/lib/python3.12/site-packages/airflow/example_dags/tutorial_dag.py
[2025-04-19T08:54:42.585+0000] {logging_mixin.py:190} INFO - [2025-04-19T08:54:42.585+0000] {dag.py:3239} INFO - Sync 1 DAGs
[2025-04-19T08:54:42.602+0000] {logging_mixin.py:190} INFO - [2025-04-19T08:54:42.602+0000] {dag.py:4180} INFO - Setting next_dagrun for tutorial_dag to None, run_after=None
[2025-04-19T08:54:42.619+0000] {processor.py:208} INFO - Processing /home/airflow/.local/lib/python3.12/site-packages/airflow/example_dags/tutorial_dag.py took 0.071 seconds
[2025-04-19T08:55:13.028+0000] {processor.py:186} INFO - Started process (PID=2233) to work on /home/airflow/.local/lib/python3.12/site-packages/airflow/example_dags/tutorial_dag.py
[2025-04-19T08:55:13.032+0000] {processor.py:914} INFO - Processing file /home/airflow/.local/lib/python3.12/site-packages/airflow/example_dags/tutorial_dag.py for tasks to queue
[2025-04-19T08:55:13.039+0000] {logging_mixin.py:190} INFO - [2025-04-19T08:55:13.034+0000] {dagbag.py:588} INFO - Filling up the DagBag from /home/airflow/.local/lib/python3.12/site-packages/airflow/example_dags/tutorial_dag.py
[2025-04-19T08:55:13.058+0000] {processor.py:925} INFO - DAG(s) 'tutorial_dag' retrieved from /home/airflow/.local/lib/python3.12/site-packages/airflow/example_dags/tutorial_dag.py
[2025-04-19T08:55:13.111+0000] {logging_mixin.py:190} INFO - [2025-04-19T08:55:13.111+0000] {dag.py:3239} INFO - Sync 1 DAGs
[2025-04-19T08:55:13.144+0000] {logging_mixin.py:190} INFO - [2025-04-19T08:55:13.144+0000] {dag.py:4180} INFO - Setting next_dagrun for tutorial_dag to None, run_after=None
[2025-04-19T08:55:13.182+0000] {processor.py:208} INFO - Processing /home/airflow/.local/lib/python3.12/site-packages/airflow/example_dags/tutorial_dag.py took 0.179 seconds
[2025-04-19T08:55:43.446+0000] {processor.py:186} INFO - Started process (PID=2297) to work on /home/airflow/.local/lib/python3.12/site-packages/airflow/example_dags/tutorial_dag.py
[2025-04-19T08:55:43.446+0000] {processor.py:914} INFO - Processing file /home/airflow/.local/lib/python3.12/site-packages/airflow/example_dags/tutorial_dag.py for tasks to queue
[2025-04-19T08:55:43.449+0000] {logging_mixin.py:190} INFO - [2025-04-19T08:55:43.449+0000] {dagbag.py:588} INFO - Filling up the DagBag from /home/airflow/.local/lib/python3.12/site-packages/airflow/example_dags/tutorial_dag.py
[2025-04-19T08:55:43.457+0000] {processor.py:925} INFO - DAG(s) 'tutorial_dag' retrieved from /home/airflow/.local/lib/python3.12/site-packages/airflow/example_dags/tutorial_dag.py
[2025-04-19T08:55:43.479+0000] {logging_mixin.py:190} INFO - [2025-04-19T08:55:43.479+0000] {dag.py:3239} INFO - Sync 1 DAGs
[2025-04-19T08:55:43.495+0000] {logging_mixin.py:190} INFO - [2025-04-19T08:55:43.495+0000] {dag.py:4180} INFO - Setting next_dagrun for tutorial_dag to None, run_after=None
[2025-04-19T08:55:43.512+0000] {processor.py:208} INFO - Processing /home/airflow/.local/lib/python3.12/site-packages/airflow/example_dags/tutorial_dag.py took 0.073 seconds
[2025-04-19T08:56:14.035+0000] {processor.py:186} INFO - Started process (PID=2361) to work on /home/airflow/.local/lib/python3.12/site-packages/airflow/example_dags/tutorial_dag.py
[2025-04-19T08:56:14.036+0000] {processor.py:914} INFO - Processing file /home/airflow/.local/lib/python3.12/site-packages/airflow/example_dags/tutorial_dag.py for tasks to queue
[2025-04-19T08:56:14.038+0000] {logging_mixin.py:190} INFO - [2025-04-19T08:56:14.038+0000] {dagbag.py:588} INFO - Filling up the DagBag from /home/airflow/.local/lib/python3.12/site-packages/airflow/example_dags/tutorial_dag.py
[2025-04-19T08:56:14.047+0000] {processor.py:925} INFO - DAG(s) 'tutorial_dag' retrieved from /home/airflow/.local/lib/python3.12/site-packages/airflow/example_dags/tutorial_dag.py
[2025-04-19T08:56:14.069+0000] {logging_mixin.py:190} INFO - [2025-04-19T08:56:14.069+0000] {dag.py:3239} INFO - Sync 1 DAGs
[2025-04-19T08:56:14.087+0000] {logging_mixin.py:190} INFO - [2025-04-19T08:56:14.087+0000] {dag.py:4180} INFO - Setting next_dagrun for tutorial_dag to None, run_after=None
[2025-04-19T08:56:14.104+0000] {processor.py:208} INFO - Processing /home/airflow/.local/lib/python3.12/site-packages/airflow/example_dags/tutorial_dag.py took 0.075 seconds
[2025-04-19T08:56:44.362+0000] {processor.py:186} INFO - Started process (PID=2425) to work on /home/airflow/.local/lib/python3.12/site-packages/airflow/example_dags/tutorial_dag.py
[2025-04-19T08:56:44.362+0000] {processor.py:914} INFO - Processing file /home/airflow/.local/lib/python3.12/site-packages/airflow/example_dags/tutorial_dag.py for tasks to queue
[2025-04-19T08:56:44.365+0000] {logging_mixin.py:190} INFO - [2025-04-19T08:56:44.364+0000] {dagbag.py:588} INFO - Filling up the DagBag from /home/airflow/.local/lib/python3.12/site-packages/airflow/example_dags/tutorial_dag.py
[2025-04-19T08:56:44.375+0000] {processor.py:925} INFO - DAG(s) 'tutorial_dag' retrieved from /home/airflow/.local/lib/python3.12/site-packages/airflow/example_dags/tutorial_dag.py
[2025-04-19T08:56:44.398+0000] {logging_mixin.py:190} INFO - [2025-04-19T08:56:44.398+0000] {dag.py:3239} INFO - Sync 1 DAGs
[2025-04-19T08:56:44.427+0000] {logging_mixin.py:190} INFO - [2025-04-19T08:56:44.427+0000] {dag.py:4180} INFO - Setting next_dagrun for tutorial_dag to None, run_after=None
[2025-04-19T08:56:44.446+0000] {processor.py:208} INFO - Processing /home/airflow/.local/lib/python3.12/site-packages/airflow/example_dags/tutorial_dag.py took 0.091 seconds
[2025-04-19T08:57:14.550+0000] {processor.py:186} INFO - Started process (PID=2488) to work on /home/airflow/.local/lib/python3.12/site-packages/airflow/example_dags/tutorial_dag.py
[2025-04-19T08:57:14.551+0000] {processor.py:914} INFO - Processing file /home/airflow/.local/lib/python3.12/site-packages/airflow/example_dags/tutorial_dag.py for tasks to queue
[2025-04-19T08:57:14.553+0000] {logging_mixin.py:190} INFO - [2025-04-19T08:57:14.553+0000] {dagbag.py:588} INFO - Filling up the DagBag from /home/airflow/.local/lib/python3.12/site-packages/airflow/example_dags/tutorial_dag.py
[2025-04-19T08:57:14.561+0000] {processor.py:925} INFO - DAG(s) 'tutorial_dag' retrieved from /home/airflow/.local/lib/python3.12/site-packages/airflow/example_dags/tutorial_dag.py
[2025-04-19T08:57:14.581+0000] {logging_mixin.py:190} INFO - [2025-04-19T08:57:14.581+0000] {dag.py:3239} INFO - Sync 1 DAGs
[2025-04-19T08:57:14.598+0000] {logging_mixin.py:190} INFO - [2025-04-19T08:57:14.598+0000] {dag.py:4180} INFO - Setting next_dagrun for tutorial_dag to None, run_after=None
[2025-04-19T08:57:14.617+0000] {processor.py:208} INFO - Processing /home/airflow/.local/lib/python3.12/site-packages/airflow/example_dags/tutorial_dag.py took 0.073 seconds
[2025-04-19T08:57:44.906+0000] {processor.py:186} INFO - Started process (PID=2552) to work on /home/airflow/.local/lib/python3.12/site-packages/airflow/example_dags/tutorial_dag.py
[2025-04-19T08:57:44.907+0000] {processor.py:914} INFO - Processing file /home/airflow/.local/lib/python3.12/site-packages/airflow/example_dags/tutorial_dag.py for tasks to queue
[2025-04-19T08:57:44.909+0000] {logging_mixin.py:190} INFO - [2025-04-19T08:57:44.909+0000] {dagbag.py:588} INFO - Filling up the DagBag from /home/airflow/.local/lib/python3.12/site-packages/airflow/example_dags/tutorial_dag.py
[2025-04-19T08:57:44.918+0000] {processor.py:925} INFO - DAG(s) 'tutorial_dag' retrieved from /home/airflow/.local/lib/python3.12/site-packages/airflow/example_dags/tutorial_dag.py
[2025-04-19T08:57:44.937+0000] {logging_mixin.py:190} INFO - [2025-04-19T08:57:44.937+0000] {dag.py:3239} INFO - Sync 1 DAGs
[2025-04-19T08:57:44.953+0000] {logging_mixin.py:190} INFO - [2025-04-19T08:57:44.953+0000] {dag.py:4180} INFO - Setting next_dagrun for tutorial_dag to None, run_after=None
[2025-04-19T08:57:44.970+0000] {processor.py:208} INFO - Processing /home/airflow/.local/lib/python3.12/site-packages/airflow/example_dags/tutorial_dag.py took 0.075 seconds
[2025-04-19T08:58:15.274+0000] {processor.py:186} INFO - Started process (PID=2616) to work on /home/airflow/.local/lib/python3.12/site-packages/airflow/example_dags/tutorial_dag.py
[2025-04-19T08:58:15.275+0000] {processor.py:914} INFO - Processing file /home/airflow/.local/lib/python3.12/site-packages/airflow/example_dags/tutorial_dag.py for tasks to queue
[2025-04-19T08:58:15.278+0000] {logging_mixin.py:190} INFO - [2025-04-19T08:58:15.278+0000] {dagbag.py:588} INFO - Filling up the DagBag from /home/airflow/.local/lib/python3.12/site-packages/airflow/example_dags/tutorial_dag.py
[2025-04-19T08:58:15.286+0000] {processor.py:925} INFO - DAG(s) 'tutorial_dag' retrieved from /home/airflow/.local/lib/python3.12/site-packages/airflow/example_dags/tutorial_dag.py
[2025-04-19T08:58:15.308+0000] {logging_mixin.py:190} INFO - [2025-04-19T08:58:15.307+0000] {dag.py:3239} INFO - Sync 1 DAGs
[2025-04-19T08:58:15.325+0000] {logging_mixin.py:190} INFO - [2025-04-19T08:58:15.324+0000] {dag.py:4180} INFO - Setting next_dagrun for tutorial_dag to None, run_after=None
[2025-04-19T08:58:15.342+0000] {processor.py:208} INFO - Processing /home/airflow/.local/lib/python3.12/site-packages/airflow/example_dags/tutorial_dag.py took 0.073 seconds
[2025-04-19T08:58:45.712+0000] {processor.py:186} INFO - Started process (PID=2679) to work on /home/airflow/.local/lib/python3.12/site-packages/airflow/example_dags/tutorial_dag.py
[2025-04-19T08:58:45.713+0000] {processor.py:914} INFO - Processing file /home/airflow/.local/lib/python3.12/site-packages/airflow/example_dags/tutorial_dag.py for tasks to queue
[2025-04-19T08:58:45.715+0000] {logging_mixin.py:190} INFO - [2025-04-19T08:58:45.714+0000] {dagbag.py:588} INFO - Filling up the DagBag from /home/airflow/.local/lib/python3.12/site-packages/airflow/example_dags/tutorial_dag.py
[2025-04-19T08:58:45.723+0000] {processor.py:925} INFO - DAG(s) 'tutorial_dag' retrieved from /home/airflow/.local/lib/python3.12/site-packages/airflow/example_dags/tutorial_dag.py
[2025-04-19T08:58:45.744+0000] {logging_mixin.py:190} INFO - [2025-04-19T08:58:45.744+0000] {dag.py:3239} INFO - Sync 1 DAGs
[2025-04-19T08:58:45.761+0000] {logging_mixin.py:190} INFO - [2025-04-19T08:58:45.761+0000] {dag.py:4180} INFO - Setting next_dagrun for tutorial_dag to None, run_after=None
[2025-04-19T08:58:45.779+0000] {processor.py:208} INFO - Processing /home/airflow/.local/lib/python3.12/site-packages/airflow/example_dags/tutorial_dag.py took 0.073 seconds
[2025-04-19T08:59:16.174+0000] {processor.py:186} INFO - Started process (PID=2743) to work on /home/airflow/.local/lib/python3.12/site-packages/airflow/example_dags/tutorial_dag.py
[2025-04-19T08:59:16.175+0000] {processor.py:914} INFO - Processing file /home/airflow/.local/lib/python3.12/site-packages/airflow/example_dags/tutorial_dag.py for tasks to queue
[2025-04-19T08:59:16.183+0000] {logging_mixin.py:190} INFO - [2025-04-19T08:59:16.181+0000] {dagbag.py:588} INFO - Filling up the DagBag from /home/airflow/.local/lib/python3.12/site-packages/airflow/example_dags/tutorial_dag.py
[2025-04-19T08:59:16.199+0000] {processor.py:925} INFO - DAG(s) 'tutorial_dag' retrieved from /home/airflow/.local/lib/python3.12/site-packages/airflow/example_dags/tutorial_dag.py
[2025-04-19T08:59:16.232+0000] {logging_mixin.py:190} INFO - [2025-04-19T08:59:16.231+0000] {dag.py:3239} INFO - Sync 1 DAGs
[2025-04-19T08:59:16.252+0000] {logging_mixin.py:190} INFO - [2025-04-19T08:59:16.251+0000] {dag.py:4180} INFO - Setting next_dagrun for tutorial_dag to None, run_after=None
[2025-04-19T08:59:16.270+0000] {processor.py:208} INFO - Processing /home/airflow/.local/lib/python3.12/site-packages/airflow/example_dags/tutorial_dag.py took 0.104 seconds
