[2025-04-19T08:42:35.275+0000] {processor.py:186} INFO - Started process (PID=674) to work on /opt/airflow/dags/hello.py
[2025-04-19T08:42:35.275+0000] {processor.py:914} INFO - Processing file /opt/airflow/dags/hello.py for tasks to queue
[2025-04-19T08:42:35.277+0000] {logging_mixin.py:190} INFO - [2025-04-19T08:42:35.277+0000] {dagbag.py:588} INFO - Filling up the DagBag from /opt/airflow/dags/hello.py
[2025-04-19T08:42:35.285+0000] {processor.py:925} INFO - DAG(s) 'Hello_World_Ulhaq' retrieved from /opt/airflow/dags/hello.py
[2025-04-19T08:42:35.371+0000] {logging_mixin.py:190} INFO - [2025-04-19T08:42:35.370+0000] {override.py:1911} INFO - Created Permission View: can delete on DAG:Hello_World_Ulhaq
[2025-04-19T08:42:35.378+0000] {logging_mixin.py:190} INFO - [2025-04-19T08:42:35.378+0000] {override.py:1911} INFO - Created Permission View: can read on DAG:Hello_World_Ulhaq
[2025-04-19T08:42:35.383+0000] {logging_mixin.py:190} INFO - [2025-04-19T08:42:35.382+0000] {override.py:1911} INFO - Created Permission View: can edit on DAG:Hello_World_Ulhaq
[2025-04-19T08:42:35.388+0000] {logging_mixin.py:190} INFO - [2025-04-19T08:42:35.388+0000] {override.py:1911} INFO - Created Permission View: can delete on DAG Run:Hello_World_Ulhaq
[2025-04-19T08:42:35.392+0000] {logging_mixin.py:190} INFO - [2025-04-19T08:42:35.392+0000] {override.py:1911} INFO - Created Permission View: can read on DAG Run:Hello_World_Ulhaq
[2025-04-19T08:42:35.397+0000] {logging_mixin.py:190} INFO - [2025-04-19T08:42:35.397+0000] {override.py:1911} INFO - Created Permission View: can create on DAG Run:Hello_World_Ulhaq
[2025-04-19T08:42:35.401+0000] {logging_mixin.py:190} INFO - [2025-04-19T08:42:35.401+0000] {override.py:1911} INFO - Created Permission View: menu access on DAG Run:Hello_World_Ulhaq
[2025-04-19T08:42:35.402+0000] {logging_mixin.py:190} INFO - [2025-04-19T08:42:35.401+0000] {dag.py:3239} INFO - Sync 1 DAGs
[2025-04-19T08:42:35.412+0000] {logging_mixin.py:190} INFO - [2025-04-19T08:42:35.412+0000] {dag.py:3262} INFO - Creating ORM DAG for Hello_World_Ulhaq
[2025-04-19T08:42:35.420+0000] {logging_mixin.py:190} INFO - [2025-04-19T08:42:35.420+0000] {dag.py:4180} INFO - Setting next_dagrun for Hello_World_Ulhaq to 2025-04-19 00:00:00+00:00, run_after=2025-04-20 00:00:00+00:00
[2025-04-19T08:42:35.434+0000] {processor.py:208} INFO - Processing /opt/airflow/dags/hello.py took 0.166 seconds
[2025-04-19T08:43:06.806+0000] {processor.py:186} INFO - Started process (PID=733) to work on /opt/airflow/dags/hello.py
[2025-04-19T08:43:06.807+0000] {processor.py:914} INFO - Processing file /opt/airflow/dags/hello.py for tasks to queue
[2025-04-19T08:43:06.810+0000] {logging_mixin.py:190} INFO - [2025-04-19T08:43:06.809+0000] {dagbag.py:588} INFO - Filling up the DagBag from /opt/airflow/dags/hello.py
[2025-04-19T08:43:06.818+0000] {processor.py:925} INFO - DAG(s) 'Hello_World_Ulhaq' retrieved from /opt/airflow/dags/hello.py
[2025-04-19T08:43:06.839+0000] {logging_mixin.py:190} INFO - [2025-04-19T08:43:06.839+0000] {dag.py:3239} INFO - Sync 1 DAGs
[2025-04-19T08:43:06.868+0000] {logging_mixin.py:190} INFO - [2025-04-19T08:43:06.868+0000] {dag.py:4180} INFO - Setting next_dagrun for Hello_World_Ulhaq to 2025-04-19 00:00:00+00:00, run_after=2025-04-20 00:00:00+00:00
[2025-04-19T08:43:06.887+0000] {processor.py:208} INFO - Processing /opt/airflow/dags/hello.py took 0.086 seconds
[2025-04-19T08:43:37.359+0000] {processor.py:186} INFO - Started process (PID=791) to work on /opt/airflow/dags/hello.py
[2025-04-19T08:43:37.360+0000] {processor.py:914} INFO - Processing file /opt/airflow/dags/hello.py for tasks to queue
[2025-04-19T08:43:37.363+0000] {logging_mixin.py:190} INFO - [2025-04-19T08:43:37.363+0000] {dagbag.py:588} INFO - Filling up the DagBag from /opt/airflow/dags/hello.py
[2025-04-19T08:43:37.373+0000] {processor.py:925} INFO - DAG(s) 'Hello_World_Ulhaq' retrieved from /opt/airflow/dags/hello.py
[2025-04-19T08:43:37.394+0000] {logging_mixin.py:190} INFO - [2025-04-19T08:43:37.394+0000] {dag.py:3239} INFO - Sync 1 DAGs
[2025-04-19T08:43:37.459+0000] {logging_mixin.py:190} INFO - [2025-04-19T08:43:37.459+0000] {dag.py:4180} INFO - Setting next_dagrun for Hello_World_Ulhaq to 2025-04-19 00:00:00+00:00, run_after=2025-04-20 00:00:00+00:00
[2025-04-19T08:43:37.477+0000] {processor.py:208} INFO - Processing /opt/airflow/dags/hello.py took 0.132 seconds
[2025-04-19T08:44:07.852+0000] {processor.py:186} INFO - Started process (PID=855) to work on /opt/airflow/dags/hello.py
[2025-04-19T08:44:07.857+0000] {processor.py:914} INFO - Processing file /opt/airflow/dags/hello.py for tasks to queue
[2025-04-19T08:44:07.862+0000] {logging_mixin.py:190} INFO - [2025-04-19T08:44:07.862+0000] {dagbag.py:588} INFO - Filling up the DagBag from /opt/airflow/dags/hello.py
[2025-04-19T08:44:07.906+0000] {processor.py:925} INFO - DAG(s) 'Hello_World_Ulhaq' retrieved from /opt/airflow/dags/hello.py
[2025-04-19T08:44:07.953+0000] {logging_mixin.py:190} INFO - [2025-04-19T08:44:07.953+0000] {dag.py:3239} INFO - Sync 1 DAGs
[2025-04-19T08:44:08.049+0000] {logging_mixin.py:190} INFO - [2025-04-19T08:44:08.049+0000] {dag.py:4180} INFO - Setting next_dagrun for Hello_World_Ulhaq to 2025-04-19 00:00:00+00:00, run_after=2025-04-20 00:00:00+00:00
[2025-04-19T08:44:08.077+0000] {processor.py:208} INFO - Processing /opt/airflow/dags/hello.py took 0.236 seconds
[2025-04-19T08:44:38.545+0000] {processor.py:186} INFO - Started process (PID=918) to work on /opt/airflow/dags/hello.py
[2025-04-19T08:44:38.546+0000] {processor.py:914} INFO - Processing file /opt/airflow/dags/hello.py for tasks to queue
[2025-04-19T08:44:38.548+0000] {logging_mixin.py:190} INFO - [2025-04-19T08:44:38.548+0000] {dagbag.py:588} INFO - Filling up the DagBag from /opt/airflow/dags/hello.py
[2025-04-19T08:44:38.557+0000] {processor.py:925} INFO - DAG(s) 'Hello_World_Ulhaq' retrieved from /opt/airflow/dags/hello.py
[2025-04-19T08:44:38.577+0000] {logging_mixin.py:190} INFO - [2025-04-19T08:44:38.577+0000] {dag.py:3239} INFO - Sync 1 DAGs
[2025-04-19T08:44:38.610+0000] {logging_mixin.py:190} INFO - [2025-04-19T08:44:38.609+0000] {dag.py:4180} INFO - Setting next_dagrun for Hello_World_Ulhaq to 2025-04-19 00:00:00+00:00, run_after=2025-04-20 00:00:00+00:00
[2025-04-19T08:44:38.630+0000] {processor.py:208} INFO - Processing /opt/airflow/dags/hello.py took 0.090 seconds
[2025-04-19T08:45:08.816+0000] {processor.py:186} INFO - Started process (PID=982) to work on /opt/airflow/dags/hello.py
[2025-04-19T08:45:08.816+0000] {processor.py:914} INFO - Processing file /opt/airflow/dags/hello.py for tasks to queue
[2025-04-19T08:45:08.818+0000] {logging_mixin.py:190} INFO - [2025-04-19T08:45:08.818+0000] {dagbag.py:588} INFO - Filling up the DagBag from /opt/airflow/dags/hello.py
[2025-04-19T08:45:08.828+0000] {processor.py:925} INFO - DAG(s) 'Hello_World_Ulhaq' retrieved from /opt/airflow/dags/hello.py
[2025-04-19T08:45:08.848+0000] {logging_mixin.py:190} INFO - [2025-04-19T08:45:08.848+0000] {dag.py:3239} INFO - Sync 1 DAGs
[2025-04-19T08:45:08.885+0000] {logging_mixin.py:190} INFO - [2025-04-19T08:45:08.882+0000] {dag.py:4180} INFO - Setting next_dagrun for Hello_World_Ulhaq to 2025-04-19 00:00:00+00:00, run_after=2025-04-20 00:00:00+00:00
[2025-04-19T08:45:08.903+0000] {processor.py:208} INFO - Processing /opt/airflow/dags/hello.py took 0.093 seconds
[2025-04-19T08:45:39.369+0000] {processor.py:186} INFO - Started process (PID=1046) to work on /opt/airflow/dags/hello.py
[2025-04-19T08:45:39.369+0000] {processor.py:914} INFO - Processing file /opt/airflow/dags/hello.py for tasks to queue
[2025-04-19T08:45:39.372+0000] {logging_mixin.py:190} INFO - [2025-04-19T08:45:39.371+0000] {dagbag.py:588} INFO - Filling up the DagBag from /opt/airflow/dags/hello.py
[2025-04-19T08:45:39.385+0000] {processor.py:925} INFO - DAG(s) 'Hello_World_Ulhaq' retrieved from /opt/airflow/dags/hello.py
[2025-04-19T08:45:39.411+0000] {logging_mixin.py:190} INFO - [2025-04-19T08:45:39.410+0000] {dag.py:3239} INFO - Sync 1 DAGs
[2025-04-19T08:45:39.443+0000] {logging_mixin.py:190} INFO - [2025-04-19T08:45:39.443+0000] {dag.py:4180} INFO - Setting next_dagrun for Hello_World_Ulhaq to 2025-04-19 00:00:00+00:00, run_after=2025-04-20 00:00:00+00:00
[2025-04-19T08:45:39.462+0000] {processor.py:208} INFO - Processing /opt/airflow/dags/hello.py took 0.099 seconds
[2025-04-19T08:46:09.657+0000] {processor.py:186} INFO - Started process (PID=1110) to work on /opt/airflow/dags/hello.py
[2025-04-19T08:46:09.658+0000] {processor.py:914} INFO - Processing file /opt/airflow/dags/hello.py for tasks to queue
[2025-04-19T08:46:09.660+0000] {logging_mixin.py:190} INFO - [2025-04-19T08:46:09.660+0000] {dagbag.py:588} INFO - Filling up the DagBag from /opt/airflow/dags/hello.py
[2025-04-19T08:46:09.670+0000] {processor.py:925} INFO - DAG(s) 'Hello_World_Ulhaq' retrieved from /opt/airflow/dags/hello.py
[2025-04-19T08:46:09.691+0000] {logging_mixin.py:190} INFO - [2025-04-19T08:46:09.690+0000] {dag.py:3239} INFO - Sync 1 DAGs
[2025-04-19T08:46:09.720+0000] {logging_mixin.py:190} INFO - [2025-04-19T08:46:09.720+0000] {dag.py:4180} INFO - Setting next_dagrun for Hello_World_Ulhaq to 2025-04-19 00:00:00+00:00, run_after=2025-04-20 00:00:00+00:00
[2025-04-19T08:46:09.741+0000] {processor.py:208} INFO - Processing /opt/airflow/dags/hello.py took 0.089 seconds
[2025-04-19T08:46:39.858+0000] {processor.py:186} INFO - Started process (PID=1174) to work on /opt/airflow/dags/hello.py
[2025-04-19T08:46:39.859+0000] {processor.py:914} INFO - Processing file /opt/airflow/dags/hello.py for tasks to queue
[2025-04-19T08:46:39.861+0000] {logging_mixin.py:190} INFO - [2025-04-19T08:46:39.861+0000] {dagbag.py:588} INFO - Filling up the DagBag from /opt/airflow/dags/hello.py
[2025-04-19T08:46:39.871+0000] {processor.py:925} INFO - DAG(s) 'Hello_World_Ulhaq' retrieved from /opt/airflow/dags/hello.py
[2025-04-19T08:46:39.891+0000] {logging_mixin.py:190} INFO - [2025-04-19T08:46:39.891+0000] {dag.py:3239} INFO - Sync 1 DAGs
[2025-04-19T08:46:39.935+0000] {logging_mixin.py:190} INFO - [2025-04-19T08:46:39.935+0000] {dag.py:4180} INFO - Setting next_dagrun for Hello_World_Ulhaq to 2025-04-19 00:00:00+00:00, run_after=2025-04-20 00:00:00+00:00
[2025-04-19T08:46:39.953+0000] {processor.py:208} INFO - Processing /opt/airflow/dags/hello.py took 0.100 seconds
[2025-04-19T08:47:10.269+0000] {processor.py:186} INFO - Started process (PID=1238) to work on /opt/airflow/dags/hello.py
[2025-04-19T08:47:10.269+0000] {processor.py:914} INFO - Processing file /opt/airflow/dags/hello.py for tasks to queue
[2025-04-19T08:47:10.271+0000] {logging_mixin.py:190} INFO - [2025-04-19T08:47:10.271+0000] {dagbag.py:588} INFO - Filling up the DagBag from /opt/airflow/dags/hello.py
[2025-04-19T08:47:10.280+0000] {processor.py:925} INFO - DAG(s) 'Hello_World_Ulhaq' retrieved from /opt/airflow/dags/hello.py
[2025-04-19T08:47:10.301+0000] {logging_mixin.py:190} INFO - [2025-04-19T08:47:10.300+0000] {dag.py:3239} INFO - Sync 1 DAGs
[2025-04-19T08:47:10.345+0000] {logging_mixin.py:190} INFO - [2025-04-19T08:47:10.345+0000] {dag.py:4180} INFO - Setting next_dagrun for Hello_World_Ulhaq to 2025-04-19 00:00:00+00:00, run_after=2025-04-20 00:00:00+00:00
[2025-04-19T08:47:10.362+0000] {processor.py:208} INFO - Processing /opt/airflow/dags/hello.py took 0.099 seconds
[2025-04-19T08:47:40.883+0000] {processor.py:186} INFO - Started process (PID=1302) to work on /opt/airflow/dags/hello.py
[2025-04-19T08:47:40.884+0000] {processor.py:914} INFO - Processing file /opt/airflow/dags/hello.py for tasks to queue
[2025-04-19T08:47:40.886+0000] {logging_mixin.py:190} INFO - [2025-04-19T08:47:40.886+0000] {dagbag.py:588} INFO - Filling up the DagBag from /opt/airflow/dags/hello.py
[2025-04-19T08:47:40.896+0000] {processor.py:925} INFO - DAG(s) 'Hello_World_Ulhaq' retrieved from /opt/airflow/dags/hello.py
[2025-04-19T08:47:40.920+0000] {logging_mixin.py:190} INFO - [2025-04-19T08:47:40.919+0000] {dag.py:3239} INFO - Sync 1 DAGs
[2025-04-19T08:47:40.966+0000] {logging_mixin.py:190} INFO - [2025-04-19T08:47:40.965+0000] {dag.py:4180} INFO - Setting next_dagrun for Hello_World_Ulhaq to 2025-04-19 00:00:00+00:00, run_after=2025-04-20 00:00:00+00:00
[2025-04-19T08:47:40.988+0000] {processor.py:208} INFO - Processing /opt/airflow/dags/hello.py took 0.111 seconds
[2025-04-19T08:48:11.162+0000] {processor.py:186} INFO - Started process (PID=1367) to work on /opt/airflow/dags/hello.py
[2025-04-19T08:48:11.162+0000] {processor.py:914} INFO - Processing file /opt/airflow/dags/hello.py for tasks to queue
[2025-04-19T08:48:11.164+0000] {logging_mixin.py:190} INFO - [2025-04-19T08:48:11.164+0000] {dagbag.py:588} INFO - Filling up the DagBag from /opt/airflow/dags/hello.py
[2025-04-19T08:48:11.174+0000] {processor.py:925} INFO - DAG(s) 'Hello_World_Ulhaq' retrieved from /opt/airflow/dags/hello.py
[2025-04-19T08:48:11.196+0000] {logging_mixin.py:190} INFO - [2025-04-19T08:48:11.196+0000] {dag.py:3239} INFO - Sync 1 DAGs
[2025-04-19T08:48:11.239+0000] {logging_mixin.py:190} INFO - [2025-04-19T08:48:11.239+0000] {dag.py:4180} INFO - Setting next_dagrun for Hello_World_Ulhaq to 2025-04-19 00:00:00+00:00, run_after=2025-04-20 00:00:00+00:00
[2025-04-19T08:48:11.266+0000] {processor.py:208} INFO - Processing /opt/airflow/dags/hello.py took 0.110 seconds
[2025-04-19T08:48:42.079+0000] {processor.py:186} INFO - Started process (PID=1431) to work on /opt/airflow/dags/hello.py
[2025-04-19T08:48:42.080+0000] {processor.py:914} INFO - Processing file /opt/airflow/dags/hello.py for tasks to queue
[2025-04-19T08:48:42.082+0000] {logging_mixin.py:190} INFO - [2025-04-19T08:48:42.082+0000] {dagbag.py:588} INFO - Filling up the DagBag from /opt/airflow/dags/hello.py
[2025-04-19T08:48:42.092+0000] {processor.py:925} INFO - DAG(s) 'Hello_World_Ulhaq' retrieved from /opt/airflow/dags/hello.py
[2025-04-19T08:48:42.113+0000] {logging_mixin.py:190} INFO - [2025-04-19T08:48:42.113+0000] {dag.py:3239} INFO - Sync 1 DAGs
[2025-04-19T08:48:42.142+0000] {logging_mixin.py:190} INFO - [2025-04-19T08:48:42.142+0000] {dag.py:4180} INFO - Setting next_dagrun for Hello_World_Ulhaq to 2025-04-19 00:00:00+00:00, run_after=2025-04-20 00:00:00+00:00
[2025-04-19T08:48:42.160+0000] {processor.py:208} INFO - Processing /opt/airflow/dags/hello.py took 0.087 seconds
[2025-04-19T08:49:12.433+0000] {processor.py:186} INFO - Started process (PID=1495) to work on /opt/airflow/dags/hello.py
[2025-04-19T08:49:12.435+0000] {processor.py:914} INFO - Processing file /opt/airflow/dags/hello.py for tasks to queue
[2025-04-19T08:49:12.440+0000] {logging_mixin.py:190} INFO - [2025-04-19T08:49:12.439+0000] {dagbag.py:588} INFO - Filling up the DagBag from /opt/airflow/dags/hello.py
[2025-04-19T08:49:12.453+0000] {processor.py:925} INFO - DAG(s) 'Hello_World_Ulhaq' retrieved from /opt/airflow/dags/hello.py
[2025-04-19T08:49:12.505+0000] {logging_mixin.py:190} INFO - [2025-04-19T08:49:12.505+0000] {dag.py:3239} INFO - Sync 1 DAGs
[2025-04-19T08:49:12.547+0000] {logging_mixin.py:190} INFO - [2025-04-19T08:49:12.547+0000] {dag.py:4180} INFO - Setting next_dagrun for Hello_World_Ulhaq to 2025-04-19 00:00:00+00:00, run_after=2025-04-20 00:00:00+00:00
[2025-04-19T08:49:12.583+0000] {processor.py:208} INFO - Processing /opt/airflow/dags/hello.py took 0.162 seconds
[2025-04-19T08:49:42.772+0000] {processor.py:186} INFO - Started process (PID=1556) to work on /opt/airflow/dags/hello.py
[2025-04-19T08:49:42.773+0000] {processor.py:914} INFO - Processing file /opt/airflow/dags/hello.py for tasks to queue
[2025-04-19T08:49:42.776+0000] {logging_mixin.py:190} INFO - [2025-04-19T08:49:42.775+0000] {dagbag.py:588} INFO - Filling up the DagBag from /opt/airflow/dags/hello.py
[2025-04-19T08:49:42.786+0000] {processor.py:925} INFO - DAG(s) 'Hello_World_Ulhaq' retrieved from /opt/airflow/dags/hello.py
[2025-04-19T08:49:42.807+0000] {logging_mixin.py:190} INFO - [2025-04-19T08:49:42.807+0000] {dag.py:3239} INFO - Sync 1 DAGs
[2025-04-19T08:49:42.837+0000] {logging_mixin.py:190} INFO - [2025-04-19T08:49:42.836+0000] {dag.py:4180} INFO - Setting next_dagrun for Hello_World_Ulhaq to 2025-04-19 00:00:00+00:00, run_after=2025-04-20 00:00:00+00:00
[2025-04-19T08:49:42.854+0000] {processor.py:208} INFO - Processing /opt/airflow/dags/hello.py took 0.088 seconds
[2025-04-19T08:50:12.959+0000] {processor.py:186} INFO - Started process (PID=1615) to work on /opt/airflow/dags/hello.py
[2025-04-19T08:50:12.959+0000] {processor.py:914} INFO - Processing file /opt/airflow/dags/hello.py for tasks to queue
[2025-04-19T08:50:12.962+0000] {logging_mixin.py:190} INFO - [2025-04-19T08:50:12.961+0000] {dagbag.py:588} INFO - Filling up the DagBag from /opt/airflow/dags/hello.py
[2025-04-19T08:50:12.970+0000] {processor.py:925} INFO - DAG(s) 'Hello_World_Ulhaq' retrieved from /opt/airflow/dags/hello.py
[2025-04-19T08:50:12.991+0000] {logging_mixin.py:190} INFO - [2025-04-19T08:50:12.991+0000] {dag.py:3239} INFO - Sync 1 DAGs
[2025-04-19T08:50:13.020+0000] {logging_mixin.py:190} INFO - [2025-04-19T08:50:13.020+0000] {dag.py:4180} INFO - Setting next_dagrun for Hello_World_Ulhaq to 2025-04-19 00:00:00+00:00, run_after=2025-04-20 00:00:00+00:00
[2025-04-19T08:50:13.040+0000] {processor.py:208} INFO - Processing /opt/airflow/dags/hello.py took 0.087 seconds
[2025-04-19T08:50:43.458+0000] {processor.py:186} INFO - Started process (PID=1679) to work on /opt/airflow/dags/hello.py
[2025-04-19T08:50:43.459+0000] {processor.py:914} INFO - Processing file /opt/airflow/dags/hello.py for tasks to queue
[2025-04-19T08:50:43.461+0000] {logging_mixin.py:190} INFO - [2025-04-19T08:50:43.461+0000] {dagbag.py:588} INFO - Filling up the DagBag from /opt/airflow/dags/hello.py
[2025-04-19T08:50:43.470+0000] {processor.py:925} INFO - DAG(s) 'Hello_World_Ulhaq' retrieved from /opt/airflow/dags/hello.py
[2025-04-19T08:50:43.491+0000] {logging_mixin.py:190} INFO - [2025-04-19T08:50:43.491+0000] {dag.py:3239} INFO - Sync 1 DAGs
[2025-04-19T08:50:43.521+0000] {logging_mixin.py:190} INFO - [2025-04-19T08:50:43.521+0000] {dag.py:4180} INFO - Setting next_dagrun for Hello_World_Ulhaq to 2025-04-19 00:00:00+00:00, run_after=2025-04-20 00:00:00+00:00
[2025-04-19T08:50:43.541+0000] {processor.py:208} INFO - Processing /opt/airflow/dags/hello.py took 0.093 seconds
[2025-04-19T08:51:14.148+0000] {processor.py:186} INFO - Started process (PID=1742) to work on /opt/airflow/dags/hello.py
[2025-04-19T08:51:14.148+0000] {processor.py:914} INFO - Processing file /opt/airflow/dags/hello.py for tasks to queue
[2025-04-19T08:51:14.152+0000] {logging_mixin.py:190} INFO - [2025-04-19T08:51:14.152+0000] {dagbag.py:588} INFO - Filling up the DagBag from /opt/airflow/dags/hello.py
[2025-04-19T08:51:14.161+0000] {processor.py:925} INFO - DAG(s) 'Hello_World_Ulhaq' retrieved from /opt/airflow/dags/hello.py
[2025-04-19T08:51:14.188+0000] {logging_mixin.py:190} INFO - [2025-04-19T08:51:14.187+0000] {dag.py:3239} INFO - Sync 1 DAGs
[2025-04-19T08:51:14.217+0000] {logging_mixin.py:190} INFO - [2025-04-19T08:51:14.217+0000] {dag.py:4180} INFO - Setting next_dagrun for Hello_World_Ulhaq to 2025-04-19 00:00:00+00:00, run_after=2025-04-20 00:00:00+00:00
[2025-04-19T08:51:14.248+0000] {processor.py:208} INFO - Processing /opt/airflow/dags/hello.py took 0.106 seconds
[2025-04-19T08:51:44.413+0000] {processor.py:186} INFO - Started process (PID=1806) to work on /opt/airflow/dags/hello.py
[2025-04-19T08:51:44.413+0000] {processor.py:914} INFO - Processing file /opt/airflow/dags/hello.py for tasks to queue
[2025-04-19T08:51:44.415+0000] {logging_mixin.py:190} INFO - [2025-04-19T08:51:44.415+0000] {dagbag.py:588} INFO - Filling up the DagBag from /opt/airflow/dags/hello.py
[2025-04-19T08:51:44.422+0000] {processor.py:925} INFO - DAG(s) 'Hello_World_Ulhaq' retrieved from /opt/airflow/dags/hello.py
[2025-04-19T08:51:44.438+0000] {logging_mixin.py:190} INFO - [2025-04-19T08:51:44.437+0000] {dag.py:3239} INFO - Sync 1 DAGs
[2025-04-19T08:51:44.457+0000] {logging_mixin.py:190} INFO - [2025-04-19T08:51:44.457+0000] {dag.py:4180} INFO - Setting next_dagrun for Hello_World_Ulhaq to 2025-04-19 00:00:00+00:00, run_after=2025-04-20 00:00:00+00:00
[2025-04-19T08:51:44.470+0000] {processor.py:208} INFO - Processing /opt/airflow/dags/hello.py took 0.062 seconds
[2025-04-19T08:52:14.871+0000] {processor.py:186} INFO - Started process (PID=1869) to work on /opt/airflow/dags/hello.py
[2025-04-19T08:52:14.871+0000] {processor.py:914} INFO - Processing file /opt/airflow/dags/hello.py for tasks to queue
[2025-04-19T08:52:14.874+0000] {logging_mixin.py:190} INFO - [2025-04-19T08:52:14.873+0000] {dagbag.py:588} INFO - Filling up the DagBag from /opt/airflow/dags/hello.py
[2025-04-19T08:52:14.883+0000] {processor.py:925} INFO - DAG(s) 'Hello_World_Ulhaq' retrieved from /opt/airflow/dags/hello.py
[2025-04-19T08:52:14.903+0000] {logging_mixin.py:190} INFO - [2025-04-19T08:52:14.903+0000] {dag.py:3239} INFO - Sync 1 DAGs
[2025-04-19T08:52:14.932+0000] {logging_mixin.py:190} INFO - [2025-04-19T08:52:14.931+0000] {dag.py:4180} INFO - Setting next_dagrun for Hello_World_Ulhaq to 2025-04-19 00:00:00+00:00, run_after=2025-04-20 00:00:00+00:00
[2025-04-19T08:52:14.949+0000] {processor.py:208} INFO - Processing /opt/airflow/dags/hello.py took 0.084 seconds
[2025-04-19T08:52:45.401+0000] {processor.py:186} INFO - Started process (PID=1933) to work on /opt/airflow/dags/hello.py
[2025-04-19T08:52:45.402+0000] {processor.py:914} INFO - Processing file /opt/airflow/dags/hello.py for tasks to queue
[2025-04-19T08:52:45.404+0000] {logging_mixin.py:190} INFO - [2025-04-19T08:52:45.403+0000] {dagbag.py:588} INFO - Filling up the DagBag from /opt/airflow/dags/hello.py
[2025-04-19T08:52:45.413+0000] {processor.py:925} INFO - DAG(s) 'Hello_World_Ulhaq' retrieved from /opt/airflow/dags/hello.py
[2025-04-19T08:52:45.435+0000] {logging_mixin.py:190} INFO - [2025-04-19T08:52:45.434+0000] {dag.py:3239} INFO - Sync 1 DAGs
[2025-04-19T08:52:45.463+0000] {logging_mixin.py:190} INFO - [2025-04-19T08:52:45.463+0000] {dag.py:4180} INFO - Setting next_dagrun for Hello_World_Ulhaq to 2025-04-19 00:00:00+00:00, run_after=2025-04-20 00:00:00+00:00
[2025-04-19T08:52:45.480+0000] {processor.py:208} INFO - Processing /opt/airflow/dags/hello.py took 0.085 seconds
[2025-04-19T08:53:16.109+0000] {processor.py:186} INFO - Started process (PID=1997) to work on /opt/airflow/dags/hello.py
[2025-04-19T08:53:16.110+0000] {processor.py:914} INFO - Processing file /opt/airflow/dags/hello.py for tasks to queue
[2025-04-19T08:53:16.116+0000] {logging_mixin.py:190} INFO - [2025-04-19T08:53:16.115+0000] {dagbag.py:588} INFO - Filling up the DagBag from /opt/airflow/dags/hello.py
[2025-04-19T08:53:16.137+0000] {processor.py:925} INFO - DAG(s) 'Hello_World_Ulhaq' retrieved from /opt/airflow/dags/hello.py
[2025-04-19T08:53:16.159+0000] {logging_mixin.py:190} INFO - [2025-04-19T08:53:16.159+0000] {dag.py:3239} INFO - Sync 1 DAGs
[2025-04-19T08:53:16.194+0000] {logging_mixin.py:190} INFO - [2025-04-19T08:53:16.193+0000] {dag.py:4180} INFO - Setting next_dagrun for Hello_World_Ulhaq to 2025-04-19 00:00:00+00:00, run_after=2025-04-20 00:00:00+00:00
[2025-04-19T08:53:16.225+0000] {processor.py:208} INFO - Processing /opt/airflow/dags/hello.py took 0.125 seconds
[2025-04-19T08:53:46.288+0000] {processor.py:186} INFO - Started process (PID=2061) to work on /opt/airflow/dags/hello.py
[2025-04-19T08:53:46.288+0000] {processor.py:914} INFO - Processing file /opt/airflow/dags/hello.py for tasks to queue
[2025-04-19T08:53:46.290+0000] {logging_mixin.py:190} INFO - [2025-04-19T08:53:46.290+0000] {dagbag.py:588} INFO - Filling up the DagBag from /opt/airflow/dags/hello.py
[2025-04-19T08:53:46.297+0000] {processor.py:925} INFO - DAG(s) 'Hello_World_Ulhaq' retrieved from /opt/airflow/dags/hello.py
[2025-04-19T08:53:46.312+0000] {logging_mixin.py:190} INFO - [2025-04-19T08:53:46.311+0000] {dag.py:3239} INFO - Sync 1 DAGs
[2025-04-19T08:53:46.334+0000] {logging_mixin.py:190} INFO - [2025-04-19T08:53:46.334+0000] {dag.py:4180} INFO - Setting next_dagrun for Hello_World_Ulhaq to 2025-04-19 00:00:00+00:00, run_after=2025-04-20 00:00:00+00:00
[2025-04-19T08:53:46.347+0000] {processor.py:208} INFO - Processing /opt/airflow/dags/hello.py took 0.064 seconds
[2025-04-19T08:54:17.298+0000] {processor.py:186} INFO - Started process (PID=2125) to work on /opt/airflow/dags/hello.py
[2025-04-19T08:54:17.299+0000] {processor.py:914} INFO - Processing file /opt/airflow/dags/hello.py for tasks to queue
[2025-04-19T08:54:17.301+0000] {logging_mixin.py:190} INFO - [2025-04-19T08:54:17.301+0000] {dagbag.py:588} INFO - Filling up the DagBag from /opt/airflow/dags/hello.py
[2025-04-19T08:54:17.310+0000] {processor.py:925} INFO - DAG(s) 'Hello_World_Ulhaq' retrieved from /opt/airflow/dags/hello.py
[2025-04-19T08:54:17.332+0000] {logging_mixin.py:190} INFO - [2025-04-19T08:54:17.332+0000] {dag.py:3239} INFO - Sync 1 DAGs
[2025-04-19T08:54:17.361+0000] {logging_mixin.py:190} INFO - [2025-04-19T08:54:17.361+0000] {dag.py:4180} INFO - Setting next_dagrun for Hello_World_Ulhaq to 2025-04-19 00:00:00+00:00, run_after=2025-04-20 00:00:00+00:00
[2025-04-19T08:54:17.379+0000] {processor.py:208} INFO - Processing /opt/airflow/dags/hello.py took 0.087 seconds
[2025-04-19T08:54:47.476+0000] {processor.py:186} INFO - Started process (PID=2189) to work on /opt/airflow/dags/hello.py
[2025-04-19T08:54:47.479+0000] {processor.py:914} INFO - Processing file /opt/airflow/dags/hello.py for tasks to queue
[2025-04-19T08:54:47.486+0000] {logging_mixin.py:190} INFO - [2025-04-19T08:54:47.486+0000] {dagbag.py:588} INFO - Filling up the DagBag from /opt/airflow/dags/hello.py
[2025-04-19T08:54:47.511+0000] {processor.py:925} INFO - DAG(s) 'Hello_World_Ulhaq' retrieved from /opt/airflow/dags/hello.py
[2025-04-19T08:54:47.567+0000] {logging_mixin.py:190} INFO - [2025-04-19T08:54:47.562+0000] {dag.py:3239} INFO - Sync 1 DAGs
[2025-04-19T08:54:47.639+0000] {logging_mixin.py:190} INFO - [2025-04-19T08:54:47.638+0000] {dag.py:4180} INFO - Setting next_dagrun for Hello_World_Ulhaq to 2025-04-19 00:00:00+00:00, run_after=2025-04-20 00:00:00+00:00
[2025-04-19T08:54:47.657+0000] {processor.py:208} INFO - Processing /opt/airflow/dags/hello.py took 0.199 seconds
[2025-04-19T08:55:17.812+0000] {processor.py:186} INFO - Started process (PID=2253) to work on /opt/airflow/dags/hello.py
[2025-04-19T08:55:17.813+0000] {processor.py:914} INFO - Processing file /opt/airflow/dags/hello.py for tasks to queue
[2025-04-19T08:55:17.816+0000] {logging_mixin.py:190} INFO - [2025-04-19T08:55:17.815+0000] {dagbag.py:588} INFO - Filling up the DagBag from /opt/airflow/dags/hello.py
[2025-04-19T08:55:17.823+0000] {processor.py:925} INFO - DAG(s) 'Hello_World_Ulhaq' retrieved from /opt/airflow/dags/hello.py
[2025-04-19T08:55:17.838+0000] {logging_mixin.py:190} INFO - [2025-04-19T08:55:17.838+0000] {dag.py:3239} INFO - Sync 1 DAGs
[2025-04-19T08:55:17.857+0000] {logging_mixin.py:190} INFO - [2025-04-19T08:55:17.857+0000] {dag.py:4180} INFO - Setting next_dagrun for Hello_World_Ulhaq to 2025-04-19 00:00:00+00:00, run_after=2025-04-20 00:00:00+00:00
[2025-04-19T08:55:17.871+0000] {processor.py:208} INFO - Processing /opt/airflow/dags/hello.py took 0.066 seconds
[2025-04-19T08:55:48.116+0000] {processor.py:186} INFO - Started process (PID=2315) to work on /opt/airflow/dags/hello.py
[2025-04-19T08:55:48.117+0000] {processor.py:914} INFO - Processing file /opt/airflow/dags/hello.py for tasks to queue
[2025-04-19T08:55:48.122+0000] {logging_mixin.py:190} INFO - [2025-04-19T08:55:48.122+0000] {dagbag.py:588} INFO - Filling up the DagBag from /opt/airflow/dags/hello.py
[2025-04-19T08:55:48.146+0000] {processor.py:925} INFO - DAG(s) 'Hello_World_Ulhaq' retrieved from /opt/airflow/dags/hello.py
[2025-04-19T08:55:48.179+0000] {logging_mixin.py:190} INFO - [2025-04-19T08:55:48.179+0000] {dag.py:3239} INFO - Sync 1 DAGs
[2025-04-19T08:55:48.280+0000] {logging_mixin.py:190} INFO - [2025-04-19T08:55:48.280+0000] {dag.py:4180} INFO - Setting next_dagrun for Hello_World_Ulhaq to 2025-04-19 00:00:00+00:00, run_after=2025-04-20 00:00:00+00:00
[2025-04-19T08:55:48.341+0000] {processor.py:208} INFO - Processing /opt/airflow/dags/hello.py took 0.231 seconds
[2025-04-19T08:56:19.265+0000] {processor.py:186} INFO - Started process (PID=2373) to work on /opt/airflow/dags/hello.py
[2025-04-19T08:56:19.266+0000] {processor.py:914} INFO - Processing file /opt/airflow/dags/hello.py for tasks to queue
[2025-04-19T08:56:19.268+0000] {logging_mixin.py:190} INFO - [2025-04-19T08:56:19.268+0000] {dagbag.py:588} INFO - Filling up the DagBag from /opt/airflow/dags/hello.py
[2025-04-19T08:56:19.287+0000] {processor.py:925} INFO - DAG(s) 'Hello_World_Ulhaq' retrieved from /opt/airflow/dags/hello.py
[2025-04-19T08:56:19.331+0000] {logging_mixin.py:190} INFO - [2025-04-19T08:56:19.331+0000] {dag.py:3239} INFO - Sync 1 DAGs
[2025-04-19T08:56:19.388+0000] {logging_mixin.py:190} INFO - [2025-04-19T08:56:19.388+0000] {dag.py:4180} INFO - Setting next_dagrun for Hello_World_Ulhaq to 2025-04-19 00:00:00+00:00, run_after=2025-04-20 00:00:00+00:00
[2025-04-19T08:56:19.429+0000] {processor.py:208} INFO - Processing /opt/airflow/dags/hello.py took 0.171 seconds
[2025-04-19T08:56:49.843+0000] {processor.py:186} INFO - Started process (PID=2435) to work on /opt/airflow/dags/hello.py
[2025-04-19T08:56:49.844+0000] {processor.py:914} INFO - Processing file /opt/airflow/dags/hello.py for tasks to queue
[2025-04-19T08:56:49.846+0000] {logging_mixin.py:190} INFO - [2025-04-19T08:56:49.846+0000] {dagbag.py:588} INFO - Filling up the DagBag from /opt/airflow/dags/hello.py
[2025-04-19T08:56:49.856+0000] {processor.py:925} INFO - DAG(s) 'Hello_World_Ulhaq' retrieved from /opt/airflow/dags/hello.py
[2025-04-19T08:56:49.877+0000] {logging_mixin.py:190} INFO - [2025-04-19T08:56:49.876+0000] {dag.py:3239} INFO - Sync 1 DAGs
[2025-04-19T08:56:49.905+0000] {logging_mixin.py:190} INFO - [2025-04-19T08:56:49.905+0000] {dag.py:4180} INFO - Setting next_dagrun for Hello_World_Ulhaq to 2025-04-19 00:00:00+00:00, run_after=2025-04-20 00:00:00+00:00
[2025-04-19T08:56:49.924+0000] {processor.py:208} INFO - Processing /opt/airflow/dags/hello.py took 0.086 seconds
[2025-04-19T08:57:20.071+0000] {processor.py:186} INFO - Started process (PID=2498) to work on /opt/airflow/dags/hello.py
[2025-04-19T08:57:20.072+0000] {processor.py:914} INFO - Processing file /opt/airflow/dags/hello.py for tasks to queue
[2025-04-19T08:57:20.074+0000] {logging_mixin.py:190} INFO - [2025-04-19T08:57:20.074+0000] {dagbag.py:588} INFO - Filling up the DagBag from /opt/airflow/dags/hello.py
[2025-04-19T08:57:20.084+0000] {processor.py:925} INFO - DAG(s) 'Hello_World_Ulhaq' retrieved from /opt/airflow/dags/hello.py
[2025-04-19T08:57:20.105+0000] {logging_mixin.py:190} INFO - [2025-04-19T08:57:20.105+0000] {dag.py:3239} INFO - Sync 1 DAGs
[2025-04-19T08:57:20.135+0000] {logging_mixin.py:190} INFO - [2025-04-19T08:57:20.135+0000] {dag.py:4180} INFO - Setting next_dagrun for Hello_World_Ulhaq to 2025-04-19 00:00:00+00:00, run_after=2025-04-20 00:00:00+00:00
[2025-04-19T08:57:20.153+0000] {processor.py:208} INFO - Processing /opt/airflow/dags/hello.py took 0.088 seconds
[2025-04-19T08:57:50.368+0000] {processor.py:186} INFO - Started process (PID=2562) to work on /opt/airflow/dags/hello.py
[2025-04-19T08:57:50.368+0000] {processor.py:914} INFO - Processing file /opt/airflow/dags/hello.py for tasks to queue
[2025-04-19T08:57:50.371+0000] {logging_mixin.py:190} INFO - [2025-04-19T08:57:50.370+0000] {dagbag.py:588} INFO - Filling up the DagBag from /opt/airflow/dags/hello.py
[2025-04-19T08:57:50.382+0000] {processor.py:925} INFO - DAG(s) 'Hello_World_Ulhaq' retrieved from /opt/airflow/dags/hello.py
[2025-04-19T08:57:50.405+0000] {logging_mixin.py:190} INFO - [2025-04-19T08:57:50.405+0000] {dag.py:3239} INFO - Sync 1 DAGs
[2025-04-19T08:57:50.435+0000] {logging_mixin.py:190} INFO - [2025-04-19T08:57:50.435+0000] {dag.py:4180} INFO - Setting next_dagrun for Hello_World_Ulhaq to 2025-04-19 00:00:00+00:00, run_after=2025-04-20 00:00:00+00:00
[2025-04-19T08:57:50.455+0000] {processor.py:208} INFO - Processing /opt/airflow/dags/hello.py took 0.093 seconds
[2025-04-19T08:58:20.757+0000] {processor.py:186} INFO - Started process (PID=2626) to work on /opt/airflow/dags/hello.py
[2025-04-19T08:58:20.758+0000] {processor.py:914} INFO - Processing file /opt/airflow/dags/hello.py for tasks to queue
[2025-04-19T08:58:20.761+0000] {logging_mixin.py:190} INFO - [2025-04-19T08:58:20.760+0000] {dagbag.py:588} INFO - Filling up the DagBag from /opt/airflow/dags/hello.py
[2025-04-19T08:58:20.770+0000] {processor.py:925} INFO - DAG(s) 'Hello_World_Ulhaq' retrieved from /opt/airflow/dags/hello.py
[2025-04-19T08:58:20.789+0000] {logging_mixin.py:190} INFO - [2025-04-19T08:58:20.789+0000] {dag.py:3239} INFO - Sync 1 DAGs
[2025-04-19T08:58:20.818+0000] {logging_mixin.py:190} INFO - [2025-04-19T08:58:20.818+0000] {dag.py:4180} INFO - Setting next_dagrun for Hello_World_Ulhaq to 2025-04-19 00:00:00+00:00, run_after=2025-04-20 00:00:00+00:00
[2025-04-19T08:58:20.835+0000] {processor.py:208} INFO - Processing /opt/airflow/dags/hello.py took 0.083 seconds
[2025-04-19T08:58:51.323+0000] {processor.py:186} INFO - Started process (PID=2689) to work on /opt/airflow/dags/hello.py
[2025-04-19T08:58:51.323+0000] {processor.py:914} INFO - Processing file /opt/airflow/dags/hello.py for tasks to queue
[2025-04-19T08:58:51.326+0000] {logging_mixin.py:190} INFO - [2025-04-19T08:58:51.325+0000] {dagbag.py:588} INFO - Filling up the DagBag from /opt/airflow/dags/hello.py
[2025-04-19T08:58:51.335+0000] {processor.py:925} INFO - DAG(s) 'Hello_World_Ulhaq' retrieved from /opt/airflow/dags/hello.py
[2025-04-19T08:58:51.355+0000] {logging_mixin.py:190} INFO - [2025-04-19T08:58:51.355+0000] {dag.py:3239} INFO - Sync 1 DAGs
[2025-04-19T08:58:51.383+0000] {logging_mixin.py:190} INFO - [2025-04-19T08:58:51.383+0000] {dag.py:4180} INFO - Setting next_dagrun for Hello_World_Ulhaq to 2025-04-19 00:00:00+00:00, run_after=2025-04-20 00:00:00+00:00
[2025-04-19T08:58:51.400+0000] {processor.py:208} INFO - Processing /opt/airflow/dags/hello.py took 0.083 seconds
[2025-04-19T08:59:21.721+0000] {processor.py:186} INFO - Started process (PID=2753) to work on /opt/airflow/dags/hello.py
[2025-04-19T08:59:21.724+0000] {processor.py:914} INFO - Processing file /opt/airflow/dags/hello.py for tasks to queue
[2025-04-19T08:59:21.727+0000] {logging_mixin.py:190} INFO - [2025-04-19T08:59:21.726+0000] {dagbag.py:588} INFO - Filling up the DagBag from /opt/airflow/dags/hello.py
[2025-04-19T08:59:21.749+0000] {processor.py:925} INFO - DAG(s) 'Hello_World_Ulhaq' retrieved from /opt/airflow/dags/hello.py
[2025-04-19T08:59:21.823+0000] {logging_mixin.py:190} INFO - [2025-04-19T08:59:21.823+0000] {dag.py:3239} INFO - Sync 1 DAGs
[2025-04-19T08:59:21.924+0000] {logging_mixin.py:190} INFO - [2025-04-19T08:59:21.924+0000] {dag.py:4180} INFO - Setting next_dagrun for Hello_World_Ulhaq to 2025-04-19 00:00:00+00:00, run_after=2025-04-20 00:00:00+00:00
[2025-04-19T08:59:21.948+0000] {processor.py:208} INFO - Processing /opt/airflow/dags/hello.py took 0.236 seconds
[2025-04-19T08:59:52.458+0000] {processor.py:186} INFO - Started process (PID=2817) to work on /opt/airflow/dags/hello.py
[2025-04-19T08:59:52.458+0000] {processor.py:914} INFO - Processing file /opt/airflow/dags/hello.py for tasks to queue
[2025-04-19T08:59:52.461+0000] {logging_mixin.py:190} INFO - [2025-04-19T08:59:52.460+0000] {dagbag.py:588} INFO - Filling up the DagBag from /opt/airflow/dags/hello.py
[2025-04-19T08:59:52.470+0000] {processor.py:925} INFO - DAG(s) 'Hello_World_Ulhaq' retrieved from /opt/airflow/dags/hello.py
[2025-04-19T08:59:52.490+0000] {logging_mixin.py:190} INFO - [2025-04-19T08:59:52.490+0000] {dag.py:3239} INFO - Sync 1 DAGs
[2025-04-19T08:59:52.519+0000] {logging_mixin.py:190} INFO - [2025-04-19T08:59:52.519+0000] {dag.py:4180} INFO - Setting next_dagrun for Hello_World_Ulhaq to 2025-04-19 00:00:00+00:00, run_after=2025-04-20 00:00:00+00:00
[2025-04-19T08:59:52.537+0000] {processor.py:208} INFO - Processing /opt/airflow/dags/hello.py took 0.085 seconds
[2025-04-19T09:00:22.884+0000] {processor.py:186} INFO - Started process (PID=2881) to work on /opt/airflow/dags/hello.py
[2025-04-19T09:00:22.888+0000] {processor.py:914} INFO - Processing file /opt/airflow/dags/hello.py for tasks to queue
[2025-04-19T09:00:22.892+0000] {logging_mixin.py:190} INFO - [2025-04-19T09:00:22.892+0000] {dagbag.py:588} INFO - Filling up the DagBag from /opt/airflow/dags/hello.py
[2025-04-19T09:00:22.907+0000] {processor.py:925} INFO - DAG(s) 'Hello_World_Ulhaq' retrieved from /opt/airflow/dags/hello.py
[2025-04-19T09:00:22.928+0000] {logging_mixin.py:190} INFO - [2025-04-19T09:00:22.927+0000] {dag.py:3239} INFO - Sync 1 DAGs
[2025-04-19T09:00:22.955+0000] {logging_mixin.py:190} INFO - [2025-04-19T09:00:22.955+0000] {dag.py:4180} INFO - Setting next_dagrun for Hello_World_Ulhaq to 2025-04-19 00:00:00+00:00, run_after=2025-04-20 00:00:00+00:00
[2025-04-19T09:00:22.973+0000] {processor.py:208} INFO - Processing /opt/airflow/dags/hello.py took 0.100 seconds
[2025-04-19T09:00:53.877+0000] {processor.py:186} INFO - Started process (PID=2945) to work on /opt/airflow/dags/hello.py
[2025-04-19T09:00:53.878+0000] {processor.py:914} INFO - Processing file /opt/airflow/dags/hello.py for tasks to queue
[2025-04-19T09:00:53.881+0000] {logging_mixin.py:190} INFO - [2025-04-19T09:00:53.880+0000] {dagbag.py:588} INFO - Filling up the DagBag from /opt/airflow/dags/hello.py
[2025-04-19T09:00:53.891+0000] {processor.py:925} INFO - DAG(s) 'Hello_World_Ulhaq' retrieved from /opt/airflow/dags/hello.py
[2025-04-19T09:00:53.913+0000] {logging_mixin.py:190} INFO - [2025-04-19T09:00:53.913+0000] {dag.py:3239} INFO - Sync 1 DAGs
[2025-04-19T09:00:53.948+0000] {logging_mixin.py:190} INFO - [2025-04-19T09:00:53.947+0000] {dag.py:4180} INFO - Setting next_dagrun for Hello_World_Ulhaq to 2025-04-19 00:00:00+00:00, run_after=2025-04-20 00:00:00+00:00
[2025-04-19T09:00:54.304+0000] {processor.py:208} INFO - Processing /opt/airflow/dags/hello.py took 0.441 seconds
